[0.164s] Invoking command in '/home/jang/2024_7Dof/build/culjaco': CMAKE_PREFIX_PATH=${CMAKE_PREFIX_PATH}:/home/jang/2024_7Dof/install/apf_nodes:/opt/ros/humble /usr/bin/cmake --build /home/jang/2024_7Dof/build/culjaco -- -j16 -l16
[0.213s] [35m[1mConsolidate compiler generated dependencies of target jaco_node[0m
[0.216s] [ 20%] Built target forward
[0.220s] [ 40%] Built target listener
[0.225s] [ 60%] Built target forward_node
[0.226s] [ 80%] Built target talker
[0.228s] [100%] Built target jaco_node
[0.248s] Invoked command in '/home/jang/2024_7Dof/build/culjaco' returned '0': CMAKE_PREFIX_PATH=${CMAKE_PREFIX_PATH}:/home/jang/2024_7Dof/install/apf_nodes:/opt/ros/humble /usr/bin/cmake --build /home/jang/2024_7Dof/build/culjaco -- -j16 -l16
[0.282s] Invoking command in '/home/jang/2024_7Dof/build/culjaco': CMAKE_PREFIX_PATH=${CMAKE_PREFIX_PATH}:/home/jang/2024_7Dof/install/apf_nodes:/opt/ros/humble /usr/bin/cmake --install /home/jang/2024_7Dof/build/culjaco
[0.289s] -- Install configuration: "Release"
[0.289s] -- Execute custom install script
[0.289s] -- Up-to-date symlink: /home/jang/2024_7Dof/install/culjaco/lib/culjaco/forward
[0.289s] -- Up-to-date symlink: /home/jang/2024_7Dof/install/culjaco/lib/culjaco/talker
[0.289s] -- Up-to-date symlink: /home/jang/2024_7Dof/install/culjaco/lib/culjaco/listener
[0.289s] -- Up-to-date symlink: /home/jang/2024_7Dof/install/culjaco/lib/culjaco/forward_node
[0.289s] -- Up-to-date symlink: /home/jang/2024_7Dof/install/culjaco/lib/culjaco/jaco_node
[0.290s] -- Up-to-date symlink: /home/jang/2024_7Dof/install/culjaco/share/ament_index/resource_index/package_run_dependencies/culjaco
[0.290s] -- Up-to-date symlink: /home/jang/2024_7Dof/install/culjaco/share/ament_index/resource_index/parent_prefix_path/culjaco
[0.290s] -- Up-to-date symlink: /home/jang/2024_7Dof/install/culjaco/share/culjaco/environment/ament_prefix_path.sh
[0.290s] -- Up-to-date symlink: /home/jang/2024_7Dof/install/culjaco/share/culjaco/environment/ament_prefix_path.dsv
[0.291s] -- Up-to-date symlink: /home/jang/2024_7Dof/install/culjaco/share/culjaco/environment/path.sh
[0.291s] -- Up-to-date symlink: /home/jang/2024_7Dof/install/culjaco/share/culjaco/environment/path.dsv
[0.291s] -- Up-to-date symlink: /home/jang/2024_7Dof/install/culjaco/share/culjaco/local_setup.bash
[0.291s] -- Up-to-date symlink: /home/jang/2024_7Dof/install/culjaco/share/culjaco/local_setup.sh
[0.291s] -- Up-to-date symlink: /home/jang/2024_7Dof/install/culjaco/share/culjaco/local_setup.zsh
[0.291s] -- Up-to-date symlink: /home/jang/2024_7Dof/install/culjaco/share/culjaco/local_setup.dsv
[0.292s] -- Symlinking: /home/jang/2024_7Dof/install/culjaco/share/culjaco/package.dsv
[0.296s] -- Up-to-date symlink: /home/jang/2024_7Dof/install/culjaco/share/ament_index/resource_index/packages/culjaco
[0.296s] -- Up-to-date symlink: /home/jang/2024_7Dof/install/culjaco/share/culjaco/cmake/culjacoConfig.cmake
[0.296s] -- Up-to-date symlink: /home/jang/2024_7Dof/install/culjaco/share/culjaco/cmake/culjacoConfig-version.cmake
[0.296s] -- Up-to-date symlink: /home/jang/2024_7Dof/install/culjaco/share/culjaco/package.xml
[0.300s] Invoked command in '/home/jang/2024_7Dof/build/culjaco' returned '0': CMAKE_PREFIX_PATH=${CMAKE_PREFIX_PATH}:/home/jang/2024_7Dof/install/apf_nodes:/opt/ros/humble /usr/bin/cmake --install /home/jang/2024_7Dof/build/culjaco
