[0.169s] Invoking command in '/home/jang/2024_7Dof/src/build/impedance_controller': CMAKE_PREFIX_PATH=/opt/ros/humble /usr/bin/cmake /home/jang/2024_7Dof/src/iiwa_ros2/iiwa_controllers/impedance_controller -DCMAKE_BUILD_TYPE=Release -DAMENT_CMAKE_SYMLINK_INSTALL=1 -DCMAKE_INSTALL_PREFIX=/home/jang/2024_7Dof/src/install/impedance_controller
[0.412s] -- The C compiler identification is GNU 11.4.0
[0.703s] -- The CXX compiler identification is GNU 11.4.0
[0.752s] -- Detecting C compiler ABI info
[1.085s] -- Detecting C compiler ABI info - done
[1.127s] -- Check for working C compiler: /usr/bin/cc - skipped
[1.129s] -- Detecting C compile features
[1.131s] -- Detecting C compile features - done
[1.147s] -- Detecting CXX compiler ABI info
[1.517s] -- Detecting CXX compiler ABI info - done
[1.565s] -- Check for working CXX compiler: /usr/bin/c++ - skipped
[1.568s] -- Detecting CXX compile features
[1.569s] -- Detecting CXX compile features - done
[1.584s] -- Found ament_cmake: 1.3.10 (/opt/ros/humble/share/ament_cmake/cmake)
[2.033s] -- Found Python3: /usr/bin/python3 (found version "3.10.12") found components: Interpreter 
[2.099s] -- Override CMake install command with custom implementation using symlinks instead of copying resources
[2.118s] -- Found controller_interface: 2.43.1 (/opt/ros/humble/share/controller_interface/cmake)
[2.180s] -- Found rosidl_generator_c: 3.1.5 (/opt/ros/humble/share/rosidl_generator_c/cmake)
[2.187s] -- Found rosidl_adapter: 3.1.5 (/opt/ros/humble/share/rosidl_adapter/cmake)
[2.198s] -- Found rosidl_generator_cpp: 3.1.5 (/opt/ros/humble/share/rosidl_generator_cpp/cmake)
[2.224s] -- Using all available rosidl_typesupport_c: rosidl_typesupport_fastrtps_c;rosidl_typesupport_introspection_c
[2.249s] -- Using all available rosidl_typesupport_cpp: rosidl_typesupport_fastrtps_cpp;rosidl_typesupport_introspection_cpp
[2.494s] -- Found rmw_implementation_cmake: 6.1.2 (/opt/ros/humble/share/rmw_implementation_cmake/cmake)
[2.495s] -- Found rmw_fastrtps_cpp: 6.2.7 (/opt/ros/humble/share/rmw_fastrtps_cpp/cmake)
[2.517s] -- Found TinyXML2 via Config file: TinyXML2_DIR-NOTFOUND
[2.566s] -- Found OpenSSL: /usr/lib/x86_64-linux-gnu/libcrypto.so (found version "3.0.2")  
[2.569s] -- Found TinyXML2 via Config file: TinyXML2_DIR-NOTFOUND
[2.586s] -- Found FastRTPS: /opt/ros/humble/include  
[2.590s] -- Found TinyXML2 via Config file: TinyXML2_DIR-NOTFOUND
[2.597s] -- Found TinyXML2 via Config file: TinyXML2_DIR-NOTFOUND
[2.609s] -- Using RMW implementation 'rmw_fastrtps_cpp' as default
[2.616s] -- Looking for pthread.h
[2.689s] -- Looking for pthread.h - found
[2.689s] -- Performing Test CMAKE_HAVE_LIBC_PTHREAD
[2.759s] -- Performing Test CMAKE_HAVE_LIBC_PTHREAD - Success
[2.761s] -- Found Threads: TRUE  
[2.804s] -- Found realtime_tools: 2.6.0 (/opt/ros/humble/share/realtime_tools/cmake)
[2.827s] -- Found ament_cmake_gtest: 1.3.10 (/opt/ros/humble/share/ament_cmake_gtest/cmake)
[2.828s] -- Found ament_lint_auto: 0.12.11 (/opt/ros/humble/share/ament_lint_auto/cmake)
[2.899s] -- Configuring done
[2.942s] -- Generating done
[2.943s] -- Build files have been written to: /home/jang/2024_7Dof/src/build/impedance_controller
[2.960s] Invoked command in '/home/jang/2024_7Dof/src/build/impedance_controller' returned '0': CMAKE_PREFIX_PATH=/opt/ros/humble /usr/bin/cmake /home/jang/2024_7Dof/src/iiwa_ros2/iiwa_controllers/impedance_controller -DCMAKE_BUILD_TYPE=Release -DAMENT_CMAKE_SYMLINK_INSTALL=1 -DCMAKE_INSTALL_PREFIX=/home/jang/2024_7Dof/src/install/impedance_controller
[2.960s] Invoking command in '/home/jang/2024_7Dof/src/build/impedance_controller': CMAKE_PREFIX_PATH=/opt/ros/humble /usr/bin/cmake --build /home/jang/2024_7Dof/src/build/impedance_controller -- -j16 -l16
[3.019s] [ 50%] [32mBuilding CXX object CMakeFiles/impedance_controller.dir/src/impedance_controller.cpp.o[0m
[12.100s] [100%] [32m[1mLinking CXX shared library libimpedance_controller.so[0m
[12.269s] [100%] Built target impedance_controller
[12.282s] Invoked command in '/home/jang/2024_7Dof/src/build/impedance_controller' returned '0': CMAKE_PREFIX_PATH=/opt/ros/humble /usr/bin/cmake --build /home/jang/2024_7Dof/src/build/impedance_controller -- -j16 -l16
[12.304s] Invoking command in '/home/jang/2024_7Dof/src/build/impedance_controller': CMAKE_PREFIX_PATH=/opt/ros/humble /usr/bin/cmake --install /home/jang/2024_7Dof/src/build/impedance_controller
[12.311s] -- Install configuration: "Release"
[12.311s] -- Execute custom install script
[12.311s] -- Symlinking: /home/jang/2024_7Dof/src/install/impedance_controller/share/impedance_controller//impedance_plugin.xml
[12.321s] -- Symlinking: /home/jang/2024_7Dof/src/install/impedance_controller/include/impedance_controller/impedance_controller.hpp
[12.328s] -- Symlinking: /home/jang/2024_7Dof/src/install/impedance_controller/include/impedance_controller/visibility_control.h
[12.336s] -- Symlinking: /home/jang/2024_7Dof/src/install/impedance_controller/lib/libimpedance_controller.so
[12.347s] -- Symlinking: /home/jang/2024_7Dof/src/install/impedance_controller/share/impedance_controller/environment/library_path.sh
[12.360s] -- Symlinking: /home/jang/2024_7Dof/src/install/impedance_controller/share/impedance_controller/environment/library_path.dsv
[12.369s] -- Symlinking: /home/jang/2024_7Dof/src/install/impedance_controller/share/ament_index/resource_index/package_run_dependencies/impedance_controller
[12.379s] -- Symlinking: /home/jang/2024_7Dof/src/install/impedance_controller/share/ament_index/resource_index/parent_prefix_path/impedance_controller
[12.388s] -- Symlinking: /home/jang/2024_7Dof/src/install/impedance_controller/share/impedance_controller/environment/ament_prefix_path.sh
[12.397s] -- Symlinking: /home/jang/2024_7Dof/src/install/impedance_controller/share/impedance_controller/environment/ament_prefix_path.dsv
[12.406s] -- Symlinking: /home/jang/2024_7Dof/src/install/impedance_controller/share/impedance_controller/environment/path.sh
[12.414s] -- Symlinking: /home/jang/2024_7Dof/src/install/impedance_controller/share/impedance_controller/environment/path.dsv
[12.423s] -- Symlinking: /home/jang/2024_7Dof/src/install/impedance_controller/share/impedance_controller/local_setup.bash
[12.432s] -- Symlinking: /home/jang/2024_7Dof/src/install/impedance_controller/share/impedance_controller/local_setup.sh
[12.441s] -- Symlinking: /home/jang/2024_7Dof/src/install/impedance_controller/share/impedance_controller/local_setup.zsh
[12.450s] -- Symlinking: /home/jang/2024_7Dof/src/install/impedance_controller/share/impedance_controller/local_setup.dsv
[12.459s] -- Symlinking: /home/jang/2024_7Dof/src/install/impedance_controller/share/impedance_controller/package.dsv
[12.466s] -- Symlinking: /home/jang/2024_7Dof/src/install/impedance_controller/share/ament_index/resource_index/packages/impedance_controller
[12.473s] -- Symlinking: /home/jang/2024_7Dof/src/install/impedance_controller/share/ament_index/resource_index/controller_interface__pluginlib__plugin/impedance_controller
[12.481s] -- Symlinking: /home/jang/2024_7Dof/src/install/impedance_controller/share/impedance_controller/cmake/ament_cmake_export_dependencies-extras.cmake
[12.488s] -- Symlinking: /home/jang/2024_7Dof/src/install/impedance_controller/share/impedance_controller/cmake/ament_cmake_export_include_directories-extras.cmake
[12.496s] -- Symlinking: /home/jang/2024_7Dof/src/install/impedance_controller/share/impedance_controller/cmake/ament_cmake_export_libraries-extras.cmake
[12.503s] -- Symlinking: /home/jang/2024_7Dof/src/install/impedance_controller/share/impedance_controller/cmake/impedance_controllerConfig.cmake
[12.511s] -- Symlinking: /home/jang/2024_7Dof/src/install/impedance_controller/share/impedance_controller/cmake/impedance_controllerConfig-version.cmake
[12.518s] -- Symlinking: /home/jang/2024_7Dof/src/install/impedance_controller/share/impedance_controller/package.xml
[12.527s] Invoked command in '/home/jang/2024_7Dof/src/build/impedance_controller' returned '0': CMAKE_PREFIX_PATH=/opt/ros/humble /usr/bin/cmake --install /home/jang/2024_7Dof/src/build/impedance_controller
