[0.572s] Invoking command in '/home/jang/2024_7Dof/build/impedance_controller': CMAKE_PREFIX_PATH=${CMAKE_PREFIX_PATH}:/home/jang/2024_7Dof/install/apf_nodes:/opt/ros/humble /usr/bin/cmake --build /home/jang/2024_7Dof/build/impedance_controller -- -j16 -l16
[0.805s] [100%] Built target impedance_controller
[0.852s] Invoked command in '/home/jang/2024_7Dof/build/impedance_controller' returned '0': CMAKE_PREFIX_PATH=${CMAKE_PREFIX_PATH}:/home/jang/2024_7Dof/install/apf_nodes:/opt/ros/humble /usr/bin/cmake --build /home/jang/2024_7Dof/build/impedance_controller -- -j16 -l16
[0.945s] Invoking command in '/home/jang/2024_7Dof/build/impedance_controller': CMAKE_PREFIX_PATH=${CMAKE_PREFIX_PATH}:/home/jang/2024_7Dof/install/apf_nodes:/opt/ros/humble /usr/bin/cmake --install /home/jang/2024_7Dof/build/impedance_controller
[0.976s] -- Install configuration: "Release"
[0.980s] -- Execute custom install script
[0.980s] -- Up-to-date symlink: /home/jang/2024_7Dof/install/impedance_controller/share/impedance_controller//impedance_plugin.xml
[0.982s] -- Up-to-date symlink: /home/jang/2024_7Dof/install/impedance_controller/include/impedance_controller/impedance_controller.hpp
[0.984s] -- Up-to-date symlink: /home/jang/2024_7Dof/install/impedance_controller/include/impedance_controller/visibility_control.h
[0.984s] -- Up-to-date symlink: /home/jang/2024_7Dof/install/impedance_controller/lib/libimpedance_controller.so
[0.985s] -- Up-to-date symlink: /home/jang/2024_7Dof/install/impedance_controller/share/impedance_controller/environment/library_path.sh
[0.986s] -- Up-to-date symlink: /home/jang/2024_7Dof/install/impedance_controller/share/impedance_controller/environment/library_path.dsv
[0.988s] -- Up-to-date symlink: /home/jang/2024_7Dof/install/impedance_controller/share/ament_index/resource_index/package_run_dependencies/impedance_controller
[0.988s] -- Up-to-date symlink: /home/jang/2024_7Dof/install/impedance_controller/share/ament_index/resource_index/parent_prefix_path/impedance_controller
[0.989s] -- Up-to-date symlink: /home/jang/2024_7Dof/install/impedance_controller/share/impedance_controller/environment/ament_prefix_path.sh
[0.990s] -- Up-to-date symlink: /home/jang/2024_7Dof/install/impedance_controller/share/impedance_controller/environment/ament_prefix_path.dsv
[0.991s] -- Up-to-date symlink: /home/jang/2024_7Dof/install/impedance_controller/share/impedance_controller/environment/path.sh
[0.992s] -- Up-to-date symlink: /home/jang/2024_7Dof/install/impedance_controller/share/impedance_controller/environment/path.dsv
[0.993s] -- Up-to-date symlink: /home/jang/2024_7Dof/install/impedance_controller/share/impedance_controller/local_setup.bash
[0.994s] -- Up-to-date symlink: /home/jang/2024_7Dof/install/impedance_controller/share/impedance_controller/local_setup.sh
[0.994s] -- Up-to-date symlink: /home/jang/2024_7Dof/install/impedance_controller/share/impedance_controller/local_setup.zsh
[0.994s] -- Up-to-date symlink: /home/jang/2024_7Dof/install/impedance_controller/share/impedance_controller/local_setup.dsv
[0.994s] -- Symlinking: /home/jang/2024_7Dof/install/impedance_controller/share/impedance_controller/package.dsv
[1.022s] -- Up-to-date symlink: /home/jang/2024_7Dof/install/impedance_controller/share/ament_index/resource_index/packages/impedance_controller
[1.022s] -- Up-to-date symlink: /home/jang/2024_7Dof/install/impedance_controller/share/ament_index/resource_index/controller_interface__pluginlib__plugin/impedance_controller
[1.023s] -- Up-to-date symlink: /home/jang/2024_7Dof/install/impedance_controller/share/impedance_controller/cmake/ament_cmake_export_dependencies-extras.cmake
[1.025s] -- Up-to-date symlink: /home/jang/2024_7Dof/install/impedance_controller/share/impedance_controller/cmake/ament_cmake_export_include_directories-extras.cmake
[1.029s] -- Up-to-date symlink: /home/jang/2024_7Dof/install/impedance_controller/share/impedance_controller/cmake/ament_cmake_export_libraries-extras.cmake
[1.030s] -- Up-to-date symlink: /home/jang/2024_7Dof/install/impedance_controller/share/impedance_controller/cmake/impedance_controllerConfig.cmake
[1.032s] -- Up-to-date symlink: /home/jang/2024_7Dof/install/impedance_controller/share/impedance_controller/cmake/impedance_controllerConfig-version.cmake
[1.032s] -- Up-to-date symlink: /home/jang/2024_7Dof/install/impedance_controller/share/impedance_controller/package.xml
[1.088s] Invoked command in '/home/jang/2024_7Dof/build/impedance_controller' returned '0': CMAKE_PREFIX_PATH=${CMAKE_PREFIX_PATH}:/home/jang/2024_7Dof/install/apf_nodes:/opt/ros/humble /usr/bin/cmake --install /home/jang/2024_7Dof/build/impedance_controller
