[0.009s] Invoking command in '/home/jang/2024_7Dof/build/apf_package': CMAKE_PREFIX_PATH=/home/jang/2024_7Dof/install/apf_interfaces:/home/jang/2024_7Dof/install/impedance_controller:/home/jang/2024_7Dof/install/iiwa_moveit2:/home/jang/2024_7Dof/install/iiwa_bringup:/home/jang/2024_7Dof/install/iiwa_description:/home/jang/2024_7Dof/install/external_torque_sensor_broadcaster:/home/jang/2024_7Dof/install/culjaco:/home/jang/2024_7Dof/install/apf_package:/home/jang/2024_7Dof/install/apf_nodes:/opt/ros/humble LD_LIBRARY_PATH=/home/jang/2024_7Dof/install/apf_interfaces/lib:/home/jang/2024_7Dof/install/impedance_controller/lib:/home/jang/2024_7Dof/install/iiwa_moveit2/lib:/home/jang/2024_7Dof/install/external_torque_sensor_broadcaster/lib:/usr/lib/x86_64-linux-gnu/gazebo-11/plugins:/opt/ros/humble/opt/rviz_ogre_vendor/lib:/opt/ros/humble/lib/x86_64-linux-gnu:/opt/ros/humble/lib:/usr/lib/x86_64-linux-gnu/gazebo-11/plugins /usr/bin/cmake --build /home/jang/2024_7Dof/build/apf_package -- -j16 -l16
[0.146s] [35m[1mConsolidate compiler generated dependencies of target cul_distance_node[0m
[0.213s] [ 33%] Built target save_jaco
[0.215s] [ 66%] Built target apf_main_node
[0.239s] [ 83%] [32mBuilding CXX object CMakeFiles/cul_distance_node.dir/src/cul_distance_node.cpp.o[0m
[3.160s] [01m[K/home/jang/2024_7Dof/src/apf_package/src/cul_distance_node.cpp:[m[K In member function ‘[01m[Kvoid cul_distance_node::topic_callback(const Odometry&)[m[K’:
[3.160s] [01m[K/home/jang/2024_7Dof/src/apf_package/src/cul_distance_node.cpp:166:26:[m[K [01;35m[Kwarning: [m[Kcomparison of integer expressions of different signedness: ‘[01m[Kint[m[K’ and ‘[01m[Kstd::vector<fcl::CollisionObject<double> >::size_type[m[K’ {aka ‘[01m[Klong unsigned int[m[K’} [[01;35m[K]8;;https://gcc.gnu.org/onlinedocs/gcc/Warning-Options.html#index-Wsign-compare-Wsign-compare]8;;[m[K]
[3.160s]   166 |       for (int i = 0 ; [01;35m[Ki < obstacle.size()[m[K; i++){
[3.160s]       |                        [01;35m[K~~^~~~~~~~~~~~~~~~~[m[K
[3.160s] [01m[K/home/jang/2024_7Dof/src/apf_package/src/cul_distance_node.cpp:170:26:[m[K [01;35m[Kwarning: [m[Kcomparison of integer expressions of different signedness: ‘[01m[Kint[m[K’ and ‘[01m[Kstd::vector<fcl::CollisionObject<double> >::size_type[m[K’ {aka ‘[01m[Klong unsigned int[m[K’} [[01;35m[K]8;;https://gcc.gnu.org/onlinedocs/gcc/Warning-Options.html#index-Wsign-compare-Wsign-compare]8;;[m[K]
[3.161s]   170 |       for (int i = 0 ; [01;35m[Ki < link.size()[m[K; i++){
[3.161s]       |                        [01;35m[K~~^~~~~~~~~~~~~[m[K
[9.982s] [100%] [32m[1mLinking CXX executable cul_distance_node[0m
[10.137s] [100%] Built target cul_distance_node
[10.148s] Invoked command in '/home/jang/2024_7Dof/build/apf_package' returned '0': CMAKE_PREFIX_PATH=/home/jang/2024_7Dof/install/apf_interfaces:/home/jang/2024_7Dof/install/impedance_controller:/home/jang/2024_7Dof/install/iiwa_moveit2:/home/jang/2024_7Dof/install/iiwa_bringup:/home/jang/2024_7Dof/install/iiwa_description:/home/jang/2024_7Dof/install/external_torque_sensor_broadcaster:/home/jang/2024_7Dof/install/culjaco:/home/jang/2024_7Dof/install/apf_package:/home/jang/2024_7Dof/install/apf_nodes:/opt/ros/humble LD_LIBRARY_PATH=/home/jang/2024_7Dof/install/apf_interfaces/lib:/home/jang/2024_7Dof/install/impedance_controller/lib:/home/jang/2024_7Dof/install/iiwa_moveit2/lib:/home/jang/2024_7Dof/install/external_torque_sensor_broadcaster/lib:/usr/lib/x86_64-linux-gnu/gazebo-11/plugins:/opt/ros/humble/opt/rviz_ogre_vendor/lib:/opt/ros/humble/lib/x86_64-linux-gnu:/opt/ros/humble/lib:/usr/lib/x86_64-linux-gnu/gazebo-11/plugins /usr/bin/cmake --build /home/jang/2024_7Dof/build/apf_package -- -j16 -l16
[10.182s] Invoking command in '/home/jang/2024_7Dof/build/apf_package': CMAKE_PREFIX_PATH=/home/jang/2024_7Dof/install/apf_interfaces:/home/jang/2024_7Dof/install/impedance_controller:/home/jang/2024_7Dof/install/iiwa_moveit2:/home/jang/2024_7Dof/install/iiwa_bringup:/home/jang/2024_7Dof/install/iiwa_description:/home/jang/2024_7Dof/install/external_torque_sensor_broadcaster:/home/jang/2024_7Dof/install/culjaco:/home/jang/2024_7Dof/install/apf_package:/home/jang/2024_7Dof/install/apf_nodes:/opt/ros/humble LD_LIBRARY_PATH=/home/jang/2024_7Dof/install/apf_interfaces/lib:/home/jang/2024_7Dof/install/impedance_controller/lib:/home/jang/2024_7Dof/install/iiwa_moveit2/lib:/home/jang/2024_7Dof/install/external_torque_sensor_broadcaster/lib:/usr/lib/x86_64-linux-gnu/gazebo-11/plugins:/opt/ros/humble/opt/rviz_ogre_vendor/lib:/opt/ros/humble/lib/x86_64-linux-gnu:/opt/ros/humble/lib:/usr/lib/x86_64-linux-gnu/gazebo-11/plugins /usr/bin/cmake --install /home/jang/2024_7Dof/build/apf_package
[10.188s] -- Install configuration: "Release"
[10.188s] -- Execute custom install script
[10.188s] -- Up-to-date symlink: /home/jang/2024_7Dof/install/apf_package/lib/apf_package/apf_main_node
[10.188s] -- Up-to-date symlink: /home/jang/2024_7Dof/install/apf_package/lib/apf_package/cul_distance_node
[10.189s] -- Up-to-date symlink: /home/jang/2024_7Dof/install/apf_package/lib/apf_package/save_jaco
[10.189s] -- Up-to-date symlink: /home/jang/2024_7Dof/install/apf_package/share/ament_index/resource_index/package_run_dependencies/apf_package
[10.189s] -- Up-to-date symlink: /home/jang/2024_7Dof/install/apf_package/share/ament_index/resource_index/parent_prefix_path/apf_package
[10.189s] -- Up-to-date symlink: /home/jang/2024_7Dof/install/apf_package/share/apf_package/environment/ament_prefix_path.sh
[10.189s] -- Up-to-date symlink: /home/jang/2024_7Dof/install/apf_package/share/apf_package/environment/ament_prefix_path.dsv
[10.189s] -- Up-to-date symlink: /home/jang/2024_7Dof/install/apf_package/share/apf_package/environment/path.sh
[10.189s] -- Up-to-date symlink: /home/jang/2024_7Dof/install/apf_package/share/apf_package/environment/path.dsv
[10.189s] -- Up-to-date symlink: /home/jang/2024_7Dof/install/apf_package/share/apf_package/local_setup.bash
[10.189s] -- Up-to-date symlink: /home/jang/2024_7Dof/install/apf_package/share/apf_package/local_setup.sh
[10.189s] -- Up-to-date symlink: /home/jang/2024_7Dof/install/apf_package/share/apf_package/local_setup.zsh
[10.189s] -- Up-to-date symlink: /home/jang/2024_7Dof/install/apf_package/share/apf_package/local_setup.dsv
[10.189s] -- Symlinking: /home/jang/2024_7Dof/install/apf_package/share/apf_package/package.dsv
[10.196s] -- Up-to-date symlink: /home/jang/2024_7Dof/install/apf_package/share/ament_index/resource_index/packages/apf_package
[10.196s] -- Up-to-date symlink: /home/jang/2024_7Dof/install/apf_package/share/apf_package/cmake/apf_packageConfig.cmake
[10.196s] -- Up-to-date symlink: /home/jang/2024_7Dof/install/apf_package/share/apf_package/cmake/apf_packageConfig-version.cmake
[10.197s] -- Up-to-date symlink: /home/jang/2024_7Dof/install/apf_package/share/apf_package/package.xml
[10.198s] Invoked command in '/home/jang/2024_7Dof/build/apf_package' returned '0': CMAKE_PREFIX_PATH=/home/jang/2024_7Dof/install/apf_interfaces:/home/jang/2024_7Dof/install/impedance_controller:/home/jang/2024_7Dof/install/iiwa_moveit2:/home/jang/2024_7Dof/install/iiwa_bringup:/home/jang/2024_7Dof/install/iiwa_description:/home/jang/2024_7Dof/install/external_torque_sensor_broadcaster:/home/jang/2024_7Dof/install/culjaco:/home/jang/2024_7Dof/install/apf_package:/home/jang/2024_7Dof/install/apf_nodes:/opt/ros/humble LD_LIBRARY_PATH=/home/jang/2024_7Dof/install/apf_interfaces/lib:/home/jang/2024_7Dof/install/impedance_controller/lib:/home/jang/2024_7Dof/install/iiwa_moveit2/lib:/home/jang/2024_7Dof/install/external_torque_sensor_broadcaster/lib:/usr/lib/x86_64-linux-gnu/gazebo-11/plugins:/opt/ros/humble/opt/rviz_ogre_vendor/lib:/opt/ros/humble/lib/x86_64-linux-gnu:/opt/ros/humble/lib:/usr/lib/x86_64-linux-gnu/gazebo-11/plugins /usr/bin/cmake --install /home/jang/2024_7Dof/build/apf_package
