[0.007s] Invoking command in '/home/jang/2024_7Dof/build/apf_package': CMAKE_PREFIX_PATH=/home/jang/2024_7Dof/install/apf_interfaces:/home/jang/2024_7Dof/install/impedance_controller:/home/jang/2024_7Dof/install/iiwa_moveit2:/home/jang/2024_7Dof/install/iiwa_bringup:/home/jang/2024_7Dof/install/iiwa_description:/home/jang/2024_7Dof/install/external_torque_sensor_broadcaster:/home/jang/2024_7Dof/install/culjaco:/home/jang/2024_7Dof/install/apf_package:/home/jang/2024_7Dof/install/apf_nodes:/opt/ros/humble LD_LIBRARY_PATH=/home/jang/2024_7Dof/install/apf_interfaces/lib:/home/jang/2024_7Dof/install/impedance_controller/lib:/home/jang/2024_7Dof/install/iiwa_moveit2/lib:/home/jang/2024_7Dof/install/external_torque_sensor_broadcaster/lib:/usr/lib/x86_64-linux-gnu/gazebo-11/plugins:/opt/ros/humble/opt/rviz_ogre_vendor/lib:/opt/ros/humble/lib/x86_64-linux-gnu:/opt/ros/humble/lib:/usr/lib/x86_64-linux-gnu/gazebo-11/plugins /usr/bin/cmake --build /home/jang/2024_7Dof/build/apf_package -- -j16 -l16
[0.129s] [35m[1mConsolidate compiler generated dependencies of target cul_distance_node[0m
[0.172s] [ 33%] Built target apf_main_node
[0.195s] [ 66%] Built target save_jaco
[0.210s] [ 83%] [32mBuilding CXX object CMakeFiles/cul_distance_node.dir/src/cul_distance_node.cpp.o[0m
[3.078s] [01m[K/home/jang/2024_7Dof/src/apf_package/src/cul_distance_node.cpp:[m[K In member function ‘[01m[Kvoid cul_distance_node::topic_callback(const Odometry&)[m[K’:
[3.078s] [01m[K/home/jang/2024_7Dof/src/apf_package/src/cul_distance_node.cpp:166:26:[m[K [01;35m[Kwarning: [m[Kcomparison of integer expressions of different signedness: ‘[01m[Kint[m[K’ and ‘[01m[Kstd::vector<fcl::CollisionObject<double> >::size_type[m[K’ {aka ‘[01m[Klong unsigned int[m[K’} [[01;35m[K]8;;https://gcc.gnu.org/onlinedocs/gcc/Warning-Options.html#index-Wsign-compare-Wsign-compare]8;;[m[K]
[3.078s]   166 |       for (int i = 0 ; [01;35m[Ki < obstacle.size()[m[K; i++){
[3.078s]       |                        [01;35m[K~~^~~~~~~~~~~~~~~~~[m[K
[3.078s] [01m[K/home/jang/2024_7Dof/src/apf_package/src/cul_distance_node.cpp:167:21:[m[K [01;31m[Kerror: [m[Kbase operand of ‘[01m[K->[m[K’ has non-pointer type ‘[01m[K__gnu_cxx::__alloc_traits<std::allocator<fcl::CollisionObject<double> >, fcl::CollisionObject<double> >::value_type[m[K’ {aka ‘[01m[Kfcl::CollisionObject<double>[m[K’}
[3.078s]   167 |         obstacle[i] [01;31m[K->[m[K setTransform(obstacle_transform_arr[i]);
[3.078s]       |                     [01;31m[K^~[m[K
[3.078s] [01m[K/home/jang/2024_7Dof/src/apf_package/src/cul_distance_node.cpp:170:26:[m[K [01;35m[Kwarning: [m[Kcomparison of integer expressions of different signedness: ‘[01m[Kint[m[K’ and ‘[01m[Kstd::vector<fcl::CollisionObject<double> >::size_type[m[K’ {aka ‘[01m[Klong unsigned int[m[K’} [[01;35m[K]8;;https://gcc.gnu.org/onlinedocs/gcc/Warning-Options.html#index-Wsign-compare-Wsign-compare]8;;[m[K]
[3.078s]   170 |       for (int i = 0 ; [01;35m[Ki < link.size()[m[K; i++){
[3.078s]       |                        [01;35m[K~~^~~~~~~~~~~~~[m[K
[3.078s] [01m[K/home/jang/2024_7Dof/src/apf_package/src/cul_distance_node.cpp:171:17:[m[K [01;31m[Kerror: [m[Kbase operand of ‘[01m[K->[m[K’ has non-pointer type ‘[01m[K__gnu_cxx::__alloc_traits<std::allocator<fcl::CollisionObject<double> >, fcl::CollisionObject<double> >::value_type[m[K’ {aka ‘[01m[Kfcl::CollisionObject<double>[m[K’}
[3.079s]   171 |         link[i] [01;31m[K->[m[K setTransform(link_Transformation_arr[i]);
[3.079s]       |                 [01;31m[K^~[m[K
[5.625s] gmake[2]: *** [CMakeFiles/cul_distance_node.dir/build.make:76: CMakeFiles/cul_distance_node.dir/src/cul_distance_node.cpp.o] Error 1
[5.625s] gmake[1]: *** [CMakeFiles/Makefile2:167: CMakeFiles/cul_distance_node.dir/all] Error 2
[5.625s] gmake: *** [Makefile:146: all] Error 2
[5.627s] Invoked command in '/home/jang/2024_7Dof/build/apf_package' returned '2': CMAKE_PREFIX_PATH=/home/jang/2024_7Dof/install/apf_interfaces:/home/jang/2024_7Dof/install/impedance_controller:/home/jang/2024_7Dof/install/iiwa_moveit2:/home/jang/2024_7Dof/install/iiwa_bringup:/home/jang/2024_7Dof/install/iiwa_description:/home/jang/2024_7Dof/install/external_torque_sensor_broadcaster:/home/jang/2024_7Dof/install/culjaco:/home/jang/2024_7Dof/install/apf_package:/home/jang/2024_7Dof/install/apf_nodes:/opt/ros/humble LD_LIBRARY_PATH=/home/jang/2024_7Dof/install/apf_interfaces/lib:/home/jang/2024_7Dof/install/impedance_controller/lib:/home/jang/2024_7Dof/install/iiwa_moveit2/lib:/home/jang/2024_7Dof/install/external_torque_sensor_broadcaster/lib:/usr/lib/x86_64-linux-gnu/gazebo-11/plugins:/opt/ros/humble/opt/rviz_ogre_vendor/lib:/opt/ros/humble/lib/x86_64-linux-gnu:/opt/ros/humble/lib:/usr/lib/x86_64-linux-gnu/gazebo-11/plugins /usr/bin/cmake --build /home/jang/2024_7Dof/build/apf_package -- -j16 -l16
