[0.060s] DEBUG:colcon:Command line arguments: ['/usr/bin/colcon', 'build', '--cmake-args', '-DCMAKE_BUILD_TYPE=Release', '--symlink-install']
[0.060s] DEBUG:colcon:Parsed command line arguments: Namespace(log_base=None, log_level=None, verb_name='build', build_base='build', install_base='install', merge_install=False, symlink_install=True, test_result_base=None, continue_on_error=False, executor='parallel', parallel_workers=16, event_handlers=None, ignore_user_meta=False, metas=['./colcon.meta'], base_paths=['.'], packages_ignore=None, packages_ignore_regex=None, paths=None, packages_up_to=None, packages_up_to_regex=None, packages_above=None, packages_above_and_dependencies=None, packages_above_depth=None, packages_select_by_dep=None, packages_skip_by_dep=None, packages_skip_up_to=None, packages_select_build_failed=False, packages_skip_build_finished=False, packages_select_test_failures=False, packages_skip_test_passed=False, packages_select=None, packages_skip=None, packages_select_regex=None, packages_skip_regex=None, packages_start=None, packages_end=None, allow_overriding=[], cmake_args=['-DCMAKE_BUILD_TYPE=Release'], cmake_target=None, cmake_target_skip_unavailable=False, cmake_clean_cache=False, cmake_clean_first=False, cmake_force_configure=False, ament_cmake_args=None, catkin_cmake_args=None, catkin_skip_building_tests=False, mixin_files=None, mixin=None, verb_parser=<colcon_mixin.mixin.mixin_argument.MixinArgumentDecorator object at 0x75c4489f3370>, verb_extension=<colcon_core.verb.build.BuildVerb object at 0x75c448ae3be0>, main=<bound method BuildVerb.main of <colcon_core.verb.build.BuildVerb object at 0x75c448ae3be0>>, mixin_verb=('build',))
[0.145s] Level 1:colcon.colcon_core.package_discovery:discover_packages(colcon_meta) check parameters
[0.145s] Level 1:colcon.colcon_core.package_discovery:discover_packages(recursive) check parameters
[0.145s] Level 1:colcon.colcon_core.package_discovery:discover_packages(ignore) check parameters
[0.145s] Level 1:colcon.colcon_core.package_discovery:discover_packages(path) check parameters
[0.145s] Level 1:colcon.colcon_core.package_discovery:discover_packages(colcon_meta) discover
[0.146s] Level 1:colcon.colcon_core.package_discovery:discover_packages(recursive) discover
[0.146s] INFO:colcon.colcon_core.package_discovery:Crawling recursively for packages in '/home/jang/2024_7Dof'
[0.146s] Level 1:colcon.colcon_core.package_identification:_identify(.) by extensions ['ignore', 'ignore_ament_install']
[0.146s] Level 1:colcon.colcon_core.package_identification:_identify(.) by extension 'ignore'
[0.146s] Level 1:colcon.colcon_core.package_identification:_identify(.) by extension 'ignore_ament_install'
[0.146s] Level 1:colcon.colcon_core.package_identification:_identify(.) by extensions ['colcon_pkg']
[0.146s] Level 1:colcon.colcon_core.package_identification:_identify(.) by extension 'colcon_pkg'
[0.146s] Level 1:colcon.colcon_core.package_identification:_identify(.) by extensions ['colcon_meta']
[0.146s] Level 1:colcon.colcon_core.package_identification:_identify(.) by extension 'colcon_meta'
[0.146s] Level 1:colcon.colcon_core.package_identification:_identify(.) by extensions ['ros']
[0.146s] Level 1:colcon.colcon_core.package_identification:_identify(.) by extension 'ros'
[0.153s] Level 1:colcon.colcon_core.package_identification:_identify(.) by extensions ['cmake', 'python']
[0.153s] Level 1:colcon.colcon_core.package_identification:_identify(.) by extension 'cmake'
[0.153s] Level 1:colcon.colcon_core.package_identification:_identify(.) by extension 'python'
[0.153s] Level 1:colcon.colcon_core.package_identification:_identify(.) by extensions ['python_setup_py']
[0.153s] Level 1:colcon.colcon_core.package_identification:_identify(.) by extension 'python_setup_py'
[0.153s] Level 1:colcon.colcon_core.package_identification:_identify(build) by extensions ['ignore', 'ignore_ament_install']
[0.153s] Level 1:colcon.colcon_core.package_identification:_identify(build) by extension 'ignore'
[0.153s] Level 1:colcon.colcon_core.package_identification:_identify(build) ignored
[0.153s] Level 1:colcon.colcon_core.package_identification:_identify(install) by extensions ['ignore', 'ignore_ament_install']
[0.153s] Level 1:colcon.colcon_core.package_identification:_identify(install) by extension 'ignore'
[0.153s] Level 1:colcon.colcon_core.package_identification:_identify(install) ignored
[0.153s] Level 1:colcon.colcon_core.package_identification:_identify(log) by extensions ['ignore', 'ignore_ament_install']
[0.153s] Level 1:colcon.colcon_core.package_identification:_identify(log) by extension 'ignore'
[0.153s] Level 1:colcon.colcon_core.package_identification:_identify(log) ignored
[0.154s] Level 1:colcon.colcon_core.package_identification:_identify(src) by extensions ['ignore', 'ignore_ament_install']
[0.154s] Level 1:colcon.colcon_core.package_identification:_identify(src) by extension 'ignore'
[0.154s] Level 1:colcon.colcon_core.package_identification:_identify(src) by extension 'ignore_ament_install'
[0.154s] Level 1:colcon.colcon_core.package_identification:_identify(src) by extensions ['colcon_pkg']
[0.154s] Level 1:colcon.colcon_core.package_identification:_identify(src) by extension 'colcon_pkg'
[0.154s] Level 1:colcon.colcon_core.package_identification:_identify(src) by extensions ['colcon_meta']
[0.154s] Level 1:colcon.colcon_core.package_identification:_identify(src) by extension 'colcon_meta'
[0.154s] Level 1:colcon.colcon_core.package_identification:_identify(src) by extensions ['ros']
[0.154s] Level 1:colcon.colcon_core.package_identification:_identify(src) by extension 'ros'
[0.154s] Level 1:colcon.colcon_core.package_identification:_identify(src) by extensions ['cmake', 'python']
[0.154s] Level 1:colcon.colcon_core.package_identification:_identify(src) by extension 'cmake'
[0.154s] Level 1:colcon.colcon_core.package_identification:_identify(src) by extension 'python'
[0.154s] Level 1:colcon.colcon_core.package_identification:_identify(src) by extensions ['python_setup_py']
[0.154s] Level 1:colcon.colcon_core.package_identification:_identify(src) by extension 'python_setup_py'
[0.154s] Level 1:colcon.colcon_core.package_identification:_identify(src/apf_nodes) by extensions ['ignore', 'ignore_ament_install']
[0.154s] Level 1:colcon.colcon_core.package_identification:_identify(src/apf_nodes) by extension 'ignore'
[0.154s] Level 1:colcon.colcon_core.package_identification:_identify(src/apf_nodes) by extension 'ignore_ament_install'
[0.154s] Level 1:colcon.colcon_core.package_identification:_identify(src/apf_nodes) by extensions ['colcon_pkg']
[0.154s] Level 1:colcon.colcon_core.package_identification:_identify(src/apf_nodes) by extension 'colcon_pkg'
[0.154s] Level 1:colcon.colcon_core.package_identification:_identify(src/apf_nodes) by extensions ['colcon_meta']
[0.154s] Level 1:colcon.colcon_core.package_identification:_identify(src/apf_nodes) by extension 'colcon_meta'
[0.154s] Level 1:colcon.colcon_core.package_identification:_identify(src/apf_nodes) by extensions ['ros']
[0.154s] Level 1:colcon.colcon_core.package_identification:_identify(src/apf_nodes) by extension 'ros'
[0.155s] DEBUG:colcon.colcon_core.package_identification:Package 'src/apf_nodes' with type 'ros.ament_python' and name 'apf_nodes'
[0.155s] Level 1:colcon.colcon_core.package_identification:_identify(src/build) by extensions ['ignore', 'ignore_ament_install']
[0.156s] Level 1:colcon.colcon_core.package_identification:_identify(src/build) by extension 'ignore'
[0.156s] Level 1:colcon.colcon_core.package_identification:_identify(src/build) ignored
[0.156s] Level 1:colcon.colcon_core.package_identification:_identify(src/culjaco) by extensions ['ignore', 'ignore_ament_install']
[0.156s] Level 1:colcon.colcon_core.package_identification:_identify(src/culjaco) by extension 'ignore'
[0.156s] Level 1:colcon.colcon_core.package_identification:_identify(src/culjaco) by extension 'ignore_ament_install'
[0.156s] Level 1:colcon.colcon_core.package_identification:_identify(src/culjaco) by extensions ['colcon_pkg']
[0.156s] Level 1:colcon.colcon_core.package_identification:_identify(src/culjaco) by extension 'colcon_pkg'
[0.156s] Level 1:colcon.colcon_core.package_identification:_identify(src/culjaco) by extensions ['colcon_meta']
[0.156s] Level 1:colcon.colcon_core.package_identification:_identify(src/culjaco) by extension 'colcon_meta'
[0.156s] Level 1:colcon.colcon_core.package_identification:_identify(src/culjaco) by extensions ['ros']
[0.156s] Level 1:colcon.colcon_core.package_identification:_identify(src/culjaco) by extension 'ros'
[0.156s] DEBUG:colcon.colcon_core.package_identification:Package 'src/culjaco' with type 'ros.ament_cmake' and name 'culjaco'
[0.156s] Level 1:colcon.colcon_core.package_identification:_identify(src/iiwa_ros2) by extensions ['ignore', 'ignore_ament_install']
[0.156s] Level 1:colcon.colcon_core.package_identification:_identify(src/iiwa_ros2) by extension 'ignore'
[0.156s] Level 1:colcon.colcon_core.package_identification:_identify(src/iiwa_ros2) by extension 'ignore_ament_install'
[0.156s] Level 1:colcon.colcon_core.package_identification:_identify(src/iiwa_ros2) by extensions ['colcon_pkg']
[0.156s] Level 1:colcon.colcon_core.package_identification:_identify(src/iiwa_ros2) by extension 'colcon_pkg'
[0.156s] Level 1:colcon.colcon_core.package_identification:_identify(src/iiwa_ros2) by extensions ['colcon_meta']
[0.156s] Level 1:colcon.colcon_core.package_identification:_identify(src/iiwa_ros2) by extension 'colcon_meta'
[0.156s] Level 1:colcon.colcon_core.package_identification:_identify(src/iiwa_ros2) by extensions ['ros']
[0.156s] Level 1:colcon.colcon_core.package_identification:_identify(src/iiwa_ros2) by extension 'ros'
[0.157s] Level 1:colcon.colcon_core.package_identification:_identify(src/iiwa_ros2) by extensions ['cmake', 'python']
[0.157s] Level 1:colcon.colcon_core.package_identification:_identify(src/iiwa_ros2) by extension 'cmake'
[0.157s] Level 1:colcon.colcon_core.package_identification:_identify(src/iiwa_ros2) by extension 'python'
[0.157s] Level 1:colcon.colcon_core.package_identification:_identify(src/iiwa_ros2) by extensions ['python_setup_py']
[0.157s] Level 1:colcon.colcon_core.package_identification:_identify(src/iiwa_ros2) by extension 'python_setup_py'
[0.157s] Level 1:colcon.colcon_core.package_identification:_identify(src/iiwa_ros2/iiwa_bringup) by extensions ['ignore', 'ignore_ament_install']
[0.157s] Level 1:colcon.colcon_core.package_identification:_identify(src/iiwa_ros2/iiwa_bringup) by extension 'ignore'
[0.157s] Level 1:colcon.colcon_core.package_identification:_identify(src/iiwa_ros2/iiwa_bringup) by extension 'ignore_ament_install'
[0.157s] Level 1:colcon.colcon_core.package_identification:_identify(src/iiwa_ros2/iiwa_bringup) by extensions ['colcon_pkg']
[0.157s] Level 1:colcon.colcon_core.package_identification:_identify(src/iiwa_ros2/iiwa_bringup) by extension 'colcon_pkg'
[0.157s] Level 1:colcon.colcon_core.package_identification:_identify(src/iiwa_ros2/iiwa_bringup) by extensions ['colcon_meta']
[0.157s] Level 1:colcon.colcon_core.package_identification:_identify(src/iiwa_ros2/iiwa_bringup) by extension 'colcon_meta'
[0.157s] Level 1:colcon.colcon_core.package_identification:_identify(src/iiwa_ros2/iiwa_bringup) by extensions ['ros']
[0.157s] Level 1:colcon.colcon_core.package_identification:_identify(src/iiwa_ros2/iiwa_bringup) by extension 'ros'
[0.157s] DEBUG:colcon.colcon_core.package_identification:Package 'src/iiwa_ros2/iiwa_bringup' with type 'ros.ament_cmake' and name 'iiwa_bringup'
[0.157s] Level 1:colcon.colcon_core.package_identification:_identify(src/iiwa_ros2/iiwa_controllers) by extensions ['ignore', 'ignore_ament_install']
[0.157s] Level 1:colcon.colcon_core.package_identification:_identify(src/iiwa_ros2/iiwa_controllers) by extension 'ignore'
[0.157s] Level 1:colcon.colcon_core.package_identification:_identify(src/iiwa_ros2/iiwa_controllers) by extension 'ignore_ament_install'
[0.157s] Level 1:colcon.colcon_core.package_identification:_identify(src/iiwa_ros2/iiwa_controllers) by extensions ['colcon_pkg']
[0.157s] Level 1:colcon.colcon_core.package_identification:_identify(src/iiwa_ros2/iiwa_controllers) by extension 'colcon_pkg'
[0.157s] Level 1:colcon.colcon_core.package_identification:_identify(src/iiwa_ros2/iiwa_controllers) by extensions ['colcon_meta']
[0.157s] Level 1:colcon.colcon_core.package_identification:_identify(src/iiwa_ros2/iiwa_controllers) by extension 'colcon_meta'
[0.157s] Level 1:colcon.colcon_core.package_identification:_identify(src/iiwa_ros2/iiwa_controllers) by extensions ['ros']
[0.157s] Level 1:colcon.colcon_core.package_identification:_identify(src/iiwa_ros2/iiwa_controllers) by extension 'ros'
[0.158s] Level 1:colcon.colcon_core.package_identification:_identify(src/iiwa_ros2/iiwa_controllers) by extensions ['cmake', 'python']
[0.158s] Level 1:colcon.colcon_core.package_identification:_identify(src/iiwa_ros2/iiwa_controllers) by extension 'cmake'
[0.158s] Level 1:colcon.colcon_core.package_identification:_identify(src/iiwa_ros2/iiwa_controllers) by extension 'python'
[0.158s] Level 1:colcon.colcon_core.package_identification:_identify(src/iiwa_ros2/iiwa_controllers) by extensions ['python_setup_py']
[0.158s] Level 1:colcon.colcon_core.package_identification:_identify(src/iiwa_ros2/iiwa_controllers) by extension 'python_setup_py'
[0.158s] Level 1:colcon.colcon_core.package_identification:_identify(src/iiwa_ros2/iiwa_controllers/admittance_controller) by extensions ['ignore', 'ignore_ament_install']
[0.158s] Level 1:colcon.colcon_core.package_identification:_identify(src/iiwa_ros2/iiwa_controllers/admittance_controller) by extension 'ignore'
[0.158s] Level 1:colcon.colcon_core.package_identification:_identify(src/iiwa_ros2/iiwa_controllers/admittance_controller) by extension 'ignore_ament_install'
[0.158s] Level 1:colcon.colcon_core.package_identification:_identify(src/iiwa_ros2/iiwa_controllers/admittance_controller) by extensions ['colcon_pkg']
[0.158s] Level 1:colcon.colcon_core.package_identification:_identify(src/iiwa_ros2/iiwa_controllers/admittance_controller) by extension 'colcon_pkg'
[0.158s] Level 1:colcon.colcon_core.package_identification:_identify(src/iiwa_ros2/iiwa_controllers/admittance_controller) by extensions ['colcon_meta']
[0.158s] Level 1:colcon.colcon_core.package_identification:_identify(src/iiwa_ros2/iiwa_controllers/admittance_controller) by extension 'colcon_meta'
[0.158s] Level 1:colcon.colcon_core.package_identification:_identify(src/iiwa_ros2/iiwa_controllers/admittance_controller) by extensions ['ros']
[0.158s] Level 1:colcon.colcon_core.package_identification:_identify(src/iiwa_ros2/iiwa_controllers/admittance_controller) by extension 'ros'
[0.158s] Level 1:colcon.colcon_core.package_identification:_identify(src/iiwa_ros2/iiwa_controllers/admittance_controller) ignored
[0.158s] Level 1:colcon.colcon_core.package_identification:_identify(src/iiwa_ros2/iiwa_controllers/external_torque_sensor_broadcaster) by extensions ['ignore', 'ignore_ament_install']
[0.158s] Level 1:colcon.colcon_core.package_identification:_identify(src/iiwa_ros2/iiwa_controllers/external_torque_sensor_broadcaster) by extension 'ignore'
[0.158s] Level 1:colcon.colcon_core.package_identification:_identify(src/iiwa_ros2/iiwa_controllers/external_torque_sensor_broadcaster) by extension 'ignore_ament_install'
[0.158s] Level 1:colcon.colcon_core.package_identification:_identify(src/iiwa_ros2/iiwa_controllers/external_torque_sensor_broadcaster) by extensions ['colcon_pkg']
[0.158s] Level 1:colcon.colcon_core.package_identification:_identify(src/iiwa_ros2/iiwa_controllers/external_torque_sensor_broadcaster) by extension 'colcon_pkg'
[0.158s] Level 1:colcon.colcon_core.package_identification:_identify(src/iiwa_ros2/iiwa_controllers/external_torque_sensor_broadcaster) by extensions ['colcon_meta']
[0.158s] Level 1:colcon.colcon_core.package_identification:_identify(src/iiwa_ros2/iiwa_controllers/external_torque_sensor_broadcaster) by extension 'colcon_meta'
[0.158s] Level 1:colcon.colcon_core.package_identification:_identify(src/iiwa_ros2/iiwa_controllers/external_torque_sensor_broadcaster) by extensions ['ros']
[0.158s] Level 1:colcon.colcon_core.package_identification:_identify(src/iiwa_ros2/iiwa_controllers/external_torque_sensor_broadcaster) by extension 'ros'
[0.159s] DEBUG:colcon.colcon_core.package_identification:Package 'src/iiwa_ros2/iiwa_controllers/external_torque_sensor_broadcaster' with type 'ros.ament_cmake' and name 'external_torque_sensor_broadcaster'
[0.159s] Level 1:colcon.colcon_core.package_identification:_identify(src/iiwa_ros2/iiwa_controllers/impedance_controller) by extensions ['ignore', 'ignore_ament_install']
[0.159s] Level 1:colcon.colcon_core.package_identification:_identify(src/iiwa_ros2/iiwa_controllers/impedance_controller) by extension 'ignore'
[0.159s] Level 1:colcon.colcon_core.package_identification:_identify(src/iiwa_ros2/iiwa_controllers/impedance_controller) by extension 'ignore_ament_install'
[0.159s] Level 1:colcon.colcon_core.package_identification:_identify(src/iiwa_ros2/iiwa_controllers/impedance_controller) by extensions ['colcon_pkg']
[0.159s] Level 1:colcon.colcon_core.package_identification:_identify(src/iiwa_ros2/iiwa_controllers/impedance_controller) by extension 'colcon_pkg'
[0.159s] Level 1:colcon.colcon_core.package_identification:_identify(src/iiwa_ros2/iiwa_controllers/impedance_controller) by extensions ['colcon_meta']
[0.159s] Level 1:colcon.colcon_core.package_identification:_identify(src/iiwa_ros2/iiwa_controllers/impedance_controller) by extension 'colcon_meta'
[0.159s] Level 1:colcon.colcon_core.package_identification:_identify(src/iiwa_ros2/iiwa_controllers/impedance_controller) by extensions ['ros']
[0.159s] Level 1:colcon.colcon_core.package_identification:_identify(src/iiwa_ros2/iiwa_controllers/impedance_controller) by extension 'ros'
[0.159s] DEBUG:colcon.colcon_core.package_identification:Package 'src/iiwa_ros2/iiwa_controllers/impedance_controller' with type 'ros.ament_cmake' and name 'impedance_controller'
[0.159s] Level 1:colcon.colcon_core.package_identification:_identify(src/iiwa_ros2/iiwa_description) by extensions ['ignore', 'ignore_ament_install']
[0.159s] Level 1:colcon.colcon_core.package_identification:_identify(src/iiwa_ros2/iiwa_description) by extension 'ignore'
[0.159s] Level 1:colcon.colcon_core.package_identification:_identify(src/iiwa_ros2/iiwa_description) by extension 'ignore_ament_install'
[0.159s] Level 1:colcon.colcon_core.package_identification:_identify(src/iiwa_ros2/iiwa_description) by extensions ['colcon_pkg']
[0.159s] Level 1:colcon.colcon_core.package_identification:_identify(src/iiwa_ros2/iiwa_description) by extension 'colcon_pkg'
[0.159s] Level 1:colcon.colcon_core.package_identification:_identify(src/iiwa_ros2/iiwa_description) by extensions ['colcon_meta']
[0.159s] Level 1:colcon.colcon_core.package_identification:_identify(src/iiwa_ros2/iiwa_description) by extension 'colcon_meta'
[0.159s] Level 1:colcon.colcon_core.package_identification:_identify(src/iiwa_ros2/iiwa_description) by extensions ['ros']
[0.159s] Level 1:colcon.colcon_core.package_identification:_identify(src/iiwa_ros2/iiwa_description) by extension 'ros'
[0.160s] DEBUG:colcon.colcon_core.package_identification:Package 'src/iiwa_ros2/iiwa_description' with type 'ros.ament_cmake' and name 'iiwa_description'
[0.160s] Level 1:colcon.colcon_core.package_identification:_identify(src/iiwa_ros2/iiwa_moveit2) by extensions ['ignore', 'ignore_ament_install']
[0.160s] Level 1:colcon.colcon_core.package_identification:_identify(src/iiwa_ros2/iiwa_moveit2) by extension 'ignore'
[0.160s] Level 1:colcon.colcon_core.package_identification:_identify(src/iiwa_ros2/iiwa_moveit2) by extension 'ignore_ament_install'
[0.160s] Level 1:colcon.colcon_core.package_identification:_identify(src/iiwa_ros2/iiwa_moveit2) by extensions ['colcon_pkg']
[0.160s] Level 1:colcon.colcon_core.package_identification:_identify(src/iiwa_ros2/iiwa_moveit2) by extension 'colcon_pkg'
[0.160s] Level 1:colcon.colcon_core.package_identification:_identify(src/iiwa_ros2/iiwa_moveit2) by extensions ['colcon_meta']
[0.160s] Level 1:colcon.colcon_core.package_identification:_identify(src/iiwa_ros2/iiwa_moveit2) by extension 'colcon_meta'
[0.160s] Level 1:colcon.colcon_core.package_identification:_identify(src/iiwa_ros2/iiwa_moveit2) by extensions ['ros']
[0.160s] Level 1:colcon.colcon_core.package_identification:_identify(src/iiwa_ros2/iiwa_moveit2) by extension 'ros'
[0.161s] DEBUG:colcon.colcon_core.package_identification:Package 'src/iiwa_ros2/iiwa_moveit2' with type 'ros.ament_cmake' and name 'iiwa_moveit2'
[0.161s] Level 1:colcon.colcon_core.package_identification:_identify(src/install) by extensions ['ignore', 'ignore_ament_install']
[0.161s] Level 1:colcon.colcon_core.package_identification:_identify(src/install) by extension 'ignore'
[0.161s] Level 1:colcon.colcon_core.package_identification:_identify(src/install) ignored
[0.161s] Level 1:colcon.colcon_core.package_identification:_identify(src/log) by extensions ['ignore', 'ignore_ament_install']
[0.161s] Level 1:colcon.colcon_core.package_identification:_identify(src/log) by extension 'ignore'
[0.161s] Level 1:colcon.colcon_core.package_identification:_identify(src/log) ignored
[0.161s] Level 1:colcon.colcon_core.package_discovery:discover_packages(recursive) using defaults
[0.161s] Level 1:colcon.colcon_core.package_discovery:discover_packages(ignore) discover
[0.161s] Level 1:colcon.colcon_core.package_discovery:discover_packages(ignore) using defaults
[0.161s] Level 1:colcon.colcon_core.package_discovery:discover_packages(path) discover
[0.161s] Level 1:colcon.colcon_core.package_discovery:discover_packages(path) using defaults
[0.181s] Level 1:colcon.colcon_core.package_discovery:discover_packages(prefix_path) check parameters
[0.181s] Level 1:colcon.colcon_core.package_discovery:discover_packages(prefix_path) discover
[0.182s] DEBUG:colcon.colcon_installed_package_information.package_discovery:Found 7 installed packages in /home/jang/2024_7Dof/install
[0.183s] DEBUG:colcon.colcon_installed_package_information.package_discovery:Found 367 installed packages in /opt/ros/humble
[0.184s] Level 1:colcon.colcon_core.package_discovery:discover_packages(prefix_path) using defaults
[0.208s] Level 5:colcon.colcon_core.verb:set package 'apf_nodes' build argument 'cmake_args' from command line to '['-DCMAKE_BUILD_TYPE=Release']'
[0.208s] Level 5:colcon.colcon_core.verb:set package 'apf_nodes' build argument 'cmake_target' from command line to 'None'
[0.208s] Level 5:colcon.colcon_core.verb:set package 'apf_nodes' build argument 'cmake_target_skip_unavailable' from command line to 'False'
[0.208s] Level 5:colcon.colcon_core.verb:set package 'apf_nodes' build argument 'cmake_clean_cache' from command line to 'False'
[0.208s] Level 5:colcon.colcon_core.verb:set package 'apf_nodes' build argument 'cmake_clean_first' from command line to 'False'
[0.208s] Level 5:colcon.colcon_core.verb:set package 'apf_nodes' build argument 'cmake_force_configure' from command line to 'False'
[0.208s] Level 5:colcon.colcon_core.verb:set package 'apf_nodes' build argument 'ament_cmake_args' from command line to 'None'
[0.208s] Level 5:colcon.colcon_core.verb:set package 'apf_nodes' build argument 'catkin_cmake_args' from command line to 'None'
[0.208s] Level 5:colcon.colcon_core.verb:set package 'apf_nodes' build argument 'catkin_skip_building_tests' from command line to 'False'
[0.208s] DEBUG:colcon.colcon_core.verb:Building package 'apf_nodes' with the following arguments: {'ament_cmake_args': None, 'build_base': '/home/jang/2024_7Dof/build/apf_nodes', 'catkin_cmake_args': None, 'catkin_skip_building_tests': False, 'cmake_args': ['-DCMAKE_BUILD_TYPE=Release'], 'cmake_clean_cache': False, 'cmake_clean_first': False, 'cmake_force_configure': False, 'cmake_target': None, 'cmake_target_skip_unavailable': False, 'install_base': '/home/jang/2024_7Dof/install/apf_nodes', 'merge_install': False, 'path': '/home/jang/2024_7Dof/src/apf_nodes', 'symlink_install': True, 'test_result_base': None}
[0.208s] Level 5:colcon.colcon_core.verb:set package 'culjaco' build argument 'cmake_args' from command line to '['-DCMAKE_BUILD_TYPE=Release']'
[0.208s] Level 5:colcon.colcon_core.verb:set package 'culjaco' build argument 'cmake_target' from command line to 'None'
[0.208s] Level 5:colcon.colcon_core.verb:set package 'culjaco' build argument 'cmake_target_skip_unavailable' from command line to 'False'
[0.208s] Level 5:colcon.colcon_core.verb:set package 'culjaco' build argument 'cmake_clean_cache' from command line to 'False'
[0.208s] Level 5:colcon.colcon_core.verb:set package 'culjaco' build argument 'cmake_clean_first' from command line to 'False'
[0.208s] Level 5:colcon.colcon_core.verb:set package 'culjaco' build argument 'cmake_force_configure' from command line to 'False'
[0.208s] Level 5:colcon.colcon_core.verb:set package 'culjaco' build argument 'ament_cmake_args' from command line to 'None'
[0.208s] Level 5:colcon.colcon_core.verb:set package 'culjaco' build argument 'catkin_cmake_args' from command line to 'None'
[0.208s] Level 5:colcon.colcon_core.verb:set package 'culjaco' build argument 'catkin_skip_building_tests' from command line to 'False'
[0.208s] DEBUG:colcon.colcon_core.verb:Building package 'culjaco' with the following arguments: {'ament_cmake_args': None, 'build_base': '/home/jang/2024_7Dof/build/culjaco', 'catkin_cmake_args': None, 'catkin_skip_building_tests': False, 'cmake_args': ['-DCMAKE_BUILD_TYPE=Release'], 'cmake_clean_cache': False, 'cmake_clean_first': False, 'cmake_force_configure': False, 'cmake_target': None, 'cmake_target_skip_unavailable': False, 'install_base': '/home/jang/2024_7Dof/install/culjaco', 'merge_install': False, 'path': '/home/jang/2024_7Dof/src/culjaco', 'symlink_install': True, 'test_result_base': None}
[0.208s] Level 5:colcon.colcon_core.verb:set package 'external_torque_sensor_broadcaster' build argument 'cmake_args' from command line to '['-DCMAKE_BUILD_TYPE=Release']'
[0.208s] Level 5:colcon.colcon_core.verb:set package 'external_torque_sensor_broadcaster' build argument 'cmake_target' from command line to 'None'
[0.208s] Level 5:colcon.colcon_core.verb:set package 'external_torque_sensor_broadcaster' build argument 'cmake_target_skip_unavailable' from command line to 'False'
[0.208s] Level 5:colcon.colcon_core.verb:set package 'external_torque_sensor_broadcaster' build argument 'cmake_clean_cache' from command line to 'False'
[0.208s] Level 5:colcon.colcon_core.verb:set package 'external_torque_sensor_broadcaster' build argument 'cmake_clean_first' from command line to 'False'
[0.208s] Level 5:colcon.colcon_core.verb:set package 'external_torque_sensor_broadcaster' build argument 'cmake_force_configure' from command line to 'False'
[0.208s] Level 5:colcon.colcon_core.verb:set package 'external_torque_sensor_broadcaster' build argument 'ament_cmake_args' from command line to 'None'
[0.208s] Level 5:colcon.colcon_core.verb:set package 'external_torque_sensor_broadcaster' build argument 'catkin_cmake_args' from command line to 'None'
[0.208s] Level 5:colcon.colcon_core.verb:set package 'external_torque_sensor_broadcaster' build argument 'catkin_skip_building_tests' from command line to 'False'
[0.208s] DEBUG:colcon.colcon_core.verb:Building package 'external_torque_sensor_broadcaster' with the following arguments: {'ament_cmake_args': None, 'build_base': '/home/jang/2024_7Dof/build/external_torque_sensor_broadcaster', 'catkin_cmake_args': None, 'catkin_skip_building_tests': False, 'cmake_args': ['-DCMAKE_BUILD_TYPE=Release'], 'cmake_clean_cache': False, 'cmake_clean_first': False, 'cmake_force_configure': False, 'cmake_target': None, 'cmake_target_skip_unavailable': False, 'install_base': '/home/jang/2024_7Dof/install/external_torque_sensor_broadcaster', 'merge_install': False, 'path': '/home/jang/2024_7Dof/src/iiwa_ros2/iiwa_controllers/external_torque_sensor_broadcaster', 'symlink_install': True, 'test_result_base': None}
[0.209s] Level 5:colcon.colcon_core.verb:set package 'iiwa_description' build argument 'cmake_args' from command line to '['-DCMAKE_BUILD_TYPE=Release']'
[0.209s] Level 5:colcon.colcon_core.verb:set package 'iiwa_description' build argument 'cmake_target' from command line to 'None'
[0.209s] Level 5:colcon.colcon_core.verb:set package 'iiwa_description' build argument 'cmake_target_skip_unavailable' from command line to 'False'
[0.209s] Level 5:colcon.colcon_core.verb:set package 'iiwa_description' build argument 'cmake_clean_cache' from command line to 'False'
[0.209s] Level 5:colcon.colcon_core.verb:set package 'iiwa_description' build argument 'cmake_clean_first' from command line to 'False'
[0.209s] Level 5:colcon.colcon_core.verb:set package 'iiwa_description' build argument 'cmake_force_configure' from command line to 'False'
[0.209s] Level 5:colcon.colcon_core.verb:set package 'iiwa_description' build argument 'ament_cmake_args' from command line to 'None'
[0.209s] Level 5:colcon.colcon_core.verb:set package 'iiwa_description' build argument 'catkin_cmake_args' from command line to 'None'
[0.209s] Level 5:colcon.colcon_core.verb:set package 'iiwa_description' build argument 'catkin_skip_building_tests' from command line to 'False'
[0.209s] DEBUG:colcon.colcon_core.verb:Building package 'iiwa_description' with the following arguments: {'ament_cmake_args': None, 'build_base': '/home/jang/2024_7Dof/build/iiwa_description', 'catkin_cmake_args': None, 'catkin_skip_building_tests': False, 'cmake_args': ['-DCMAKE_BUILD_TYPE=Release'], 'cmake_clean_cache': False, 'cmake_clean_first': False, 'cmake_force_configure': False, 'cmake_target': None, 'cmake_target_skip_unavailable': False, 'install_base': '/home/jang/2024_7Dof/install/iiwa_description', 'merge_install': False, 'path': '/home/jang/2024_7Dof/src/iiwa_ros2/iiwa_description', 'symlink_install': True, 'test_result_base': None}
[0.209s] Level 5:colcon.colcon_core.verb:set package 'iiwa_moveit2' build argument 'cmake_args' from command line to '['-DCMAKE_BUILD_TYPE=Release']'
[0.209s] Level 5:colcon.colcon_core.verb:set package 'iiwa_moveit2' build argument 'cmake_target' from command line to 'None'
[0.209s] Level 5:colcon.colcon_core.verb:set package 'iiwa_moveit2' build argument 'cmake_target_skip_unavailable' from command line to 'False'
[0.209s] Level 5:colcon.colcon_core.verb:set package 'iiwa_moveit2' build argument 'cmake_clean_cache' from command line to 'False'
[0.209s] Level 5:colcon.colcon_core.verb:set package 'iiwa_moveit2' build argument 'cmake_clean_first' from command line to 'False'
[0.209s] Level 5:colcon.colcon_core.verb:set package 'iiwa_moveit2' build argument 'cmake_force_configure' from command line to 'False'
[0.209s] Level 5:colcon.colcon_core.verb:set package 'iiwa_moveit2' build argument 'ament_cmake_args' from command line to 'None'
[0.209s] Level 5:colcon.colcon_core.verb:set package 'iiwa_moveit2' build argument 'catkin_cmake_args' from command line to 'None'
[0.209s] Level 5:colcon.colcon_core.verb:set package 'iiwa_moveit2' build argument 'catkin_skip_building_tests' from command line to 'False'
[0.209s] DEBUG:colcon.colcon_core.verb:Building package 'iiwa_moveit2' with the following arguments: {'ament_cmake_args': None, 'build_base': '/home/jang/2024_7Dof/build/iiwa_moveit2', 'catkin_cmake_args': None, 'catkin_skip_building_tests': False, 'cmake_args': ['-DCMAKE_BUILD_TYPE=Release'], 'cmake_clean_cache': False, 'cmake_clean_first': False, 'cmake_force_configure': False, 'cmake_target': None, 'cmake_target_skip_unavailable': False, 'install_base': '/home/jang/2024_7Dof/install/iiwa_moveit2', 'merge_install': False, 'path': '/home/jang/2024_7Dof/src/iiwa_ros2/iiwa_moveit2', 'symlink_install': True, 'test_result_base': None}
[0.209s] Level 5:colcon.colcon_core.verb:set package 'impedance_controller' build argument 'cmake_args' from command line to '['-DCMAKE_BUILD_TYPE=Release']'
[0.209s] Level 5:colcon.colcon_core.verb:set package 'impedance_controller' build argument 'cmake_target' from command line to 'None'
[0.209s] Level 5:colcon.colcon_core.verb:set package 'impedance_controller' build argument 'cmake_target_skip_unavailable' from command line to 'False'
[0.209s] Level 5:colcon.colcon_core.verb:set package 'impedance_controller' build argument 'cmake_clean_cache' from command line to 'False'
[0.209s] Level 5:colcon.colcon_core.verb:set package 'impedance_controller' build argument 'cmake_clean_first' from command line to 'False'
[0.209s] Level 5:colcon.colcon_core.verb:set package 'impedance_controller' build argument 'cmake_force_configure' from command line to 'False'
[0.209s] Level 5:colcon.colcon_core.verb:set package 'impedance_controller' build argument 'ament_cmake_args' from command line to 'None'
[0.209s] Level 5:colcon.colcon_core.verb:set package 'impedance_controller' build argument 'catkin_cmake_args' from command line to 'None'
[0.209s] Level 5:colcon.colcon_core.verb:set package 'impedance_controller' build argument 'catkin_skip_building_tests' from command line to 'False'
[0.209s] DEBUG:colcon.colcon_core.verb:Building package 'impedance_controller' with the following arguments: {'ament_cmake_args': None, 'build_base': '/home/jang/2024_7Dof/build/impedance_controller', 'catkin_cmake_args': None, 'catkin_skip_building_tests': False, 'cmake_args': ['-DCMAKE_BUILD_TYPE=Release'], 'cmake_clean_cache': False, 'cmake_clean_first': False, 'cmake_force_configure': False, 'cmake_target': None, 'cmake_target_skip_unavailable': False, 'install_base': '/home/jang/2024_7Dof/install/impedance_controller', 'merge_install': False, 'path': '/home/jang/2024_7Dof/src/iiwa_ros2/iiwa_controllers/impedance_controller', 'symlink_install': True, 'test_result_base': None}
[0.210s] Level 5:colcon.colcon_core.verb:set package 'iiwa_bringup' build argument 'cmake_args' from command line to '['-DCMAKE_BUILD_TYPE=Release']'
[0.210s] Level 5:colcon.colcon_core.verb:set package 'iiwa_bringup' build argument 'cmake_target' from command line to 'None'
[0.210s] Level 5:colcon.colcon_core.verb:set package 'iiwa_bringup' build argument 'cmake_target_skip_unavailable' from command line to 'False'
[0.210s] Level 5:colcon.colcon_core.verb:set package 'iiwa_bringup' build argument 'cmake_clean_cache' from command line to 'False'
[0.210s] Level 5:colcon.colcon_core.verb:set package 'iiwa_bringup' build argument 'cmake_clean_first' from command line to 'False'
[0.210s] Level 5:colcon.colcon_core.verb:set package 'iiwa_bringup' build argument 'cmake_force_configure' from command line to 'False'
[0.210s] Level 5:colcon.colcon_core.verb:set package 'iiwa_bringup' build argument 'ament_cmake_args' from command line to 'None'
[0.210s] Level 5:colcon.colcon_core.verb:set package 'iiwa_bringup' build argument 'catkin_cmake_args' from command line to 'None'
[0.210s] Level 5:colcon.colcon_core.verb:set package 'iiwa_bringup' build argument 'catkin_skip_building_tests' from command line to 'False'
[0.210s] DEBUG:colcon.colcon_core.verb:Building package 'iiwa_bringup' with the following arguments: {'ament_cmake_args': None, 'build_base': '/home/jang/2024_7Dof/build/iiwa_bringup', 'catkin_cmake_args': None, 'catkin_skip_building_tests': False, 'cmake_args': ['-DCMAKE_BUILD_TYPE=Release'], 'cmake_clean_cache': False, 'cmake_clean_first': False, 'cmake_force_configure': False, 'cmake_target': None, 'cmake_target_skip_unavailable': False, 'install_base': '/home/jang/2024_7Dof/install/iiwa_bringup', 'merge_install': False, 'path': '/home/jang/2024_7Dof/src/iiwa_ros2/iiwa_bringup', 'symlink_install': True, 'test_result_base': None}
[0.210s] INFO:colcon.colcon_core.executor:Executing jobs using 'parallel' executor
[0.211s] DEBUG:colcon.colcon_parallel_executor.executor.parallel:run_until_complete
[0.211s] INFO:colcon.colcon_ros.task.ament_cmake.build:Building ROS package in '/home/jang/2024_7Dof/src/iiwa_ros2/iiwa_description' with build type 'ament_cmake'
[0.211s] INFO:colcon.colcon_cmake.task.cmake.build:Building CMake package in '/home/jang/2024_7Dof/src/iiwa_ros2/iiwa_description'
[0.212s] INFO:colcon.colcon_core.plugin_system:Skipping extension 'colcon_core.shell.bat': Not used on non-Windows systems
[0.213s] INFO:colcon.colcon_core.shell:Skip shell extension 'powershell' for command environment: Not usable outside of PowerShell
[0.213s] DEBUG:colcon.colcon_core.shell:Skip shell extension 'dsv' for command environment
[0.215s] INFO:colcon.colcon_ros.task.ament_python.build:Building ROS package in '/home/jang/2024_7Dof/src/apf_nodes' with build type 'ament_python'
[0.215s] Level 1:colcon.colcon_core.shell:create_environment_hook('apf_nodes', 'ament_prefix_path')
[0.215s] INFO:colcon.colcon_core.shell:Creating environment hook '/home/jang/2024_7Dof/install/apf_nodes/share/apf_nodes/hook/ament_prefix_path.ps1'
[0.215s] INFO:colcon.colcon_core.shell:Creating environment descriptor '/home/jang/2024_7Dof/install/apf_nodes/share/apf_nodes/hook/ament_prefix_path.dsv'
[0.216s] INFO:colcon.colcon_core.shell:Creating environment hook '/home/jang/2024_7Dof/install/apf_nodes/share/apf_nodes/hook/ament_prefix_path.sh'
[0.216s] INFO:colcon.colcon_core.shell:Skip shell extension 'powershell' for command environment: Not usable outside of PowerShell
[0.216s] DEBUG:colcon.colcon_core.shell:Skip shell extension 'dsv' for command environment
[0.218s] INFO:colcon.colcon_ros.task.ament_cmake.build:Building ROS package in '/home/jang/2024_7Dof/src/culjaco' with build type 'ament_cmake'
[0.218s] INFO:colcon.colcon_cmake.task.cmake.build:Building CMake package in '/home/jang/2024_7Dof/src/culjaco'
[0.218s] INFO:colcon.colcon_core.shell:Skip shell extension 'powershell' for command environment: Not usable outside of PowerShell
[0.218s] DEBUG:colcon.colcon_core.shell:Skip shell extension 'dsv' for command environment
[0.220s] INFO:colcon.colcon_ros.task.ament_cmake.build:Building ROS package in '/home/jang/2024_7Dof/src/iiwa_ros2/iiwa_controllers/external_torque_sensor_broadcaster' with build type 'ament_cmake'
[0.220s] INFO:colcon.colcon_cmake.task.cmake.build:Building CMake package in '/home/jang/2024_7Dof/src/iiwa_ros2/iiwa_controllers/external_torque_sensor_broadcaster'
[0.220s] INFO:colcon.colcon_core.shell:Skip shell extension 'powershell' for command environment: Not usable outside of PowerShell
[0.220s] DEBUG:colcon.colcon_core.shell:Skip shell extension 'dsv' for command environment
[0.222s] INFO:colcon.colcon_ros.task.ament_cmake.build:Building ROS package in '/home/jang/2024_7Dof/src/iiwa_ros2/iiwa_moveit2' with build type 'ament_cmake'
[0.222s] INFO:colcon.colcon_cmake.task.cmake.build:Building CMake package in '/home/jang/2024_7Dof/src/iiwa_ros2/iiwa_moveit2'
[0.222s] INFO:colcon.colcon_core.shell:Skip shell extension 'powershell' for command environment: Not usable outside of PowerShell
[0.222s] DEBUG:colcon.colcon_core.shell:Skip shell extension 'dsv' for command environment
[0.224s] INFO:colcon.colcon_ros.task.ament_cmake.build:Building ROS package in '/home/jang/2024_7Dof/src/iiwa_ros2/iiwa_controllers/impedance_controller' with build type 'ament_cmake'
[0.224s] INFO:colcon.colcon_cmake.task.cmake.build:Building CMake package in '/home/jang/2024_7Dof/src/iiwa_ros2/iiwa_controllers/impedance_controller'
[0.224s] INFO:colcon.colcon_core.shell:Skip shell extension 'powershell' for command environment: Not usable outside of PowerShell
[0.224s] DEBUG:colcon.colcon_core.shell:Skip shell extension 'dsv' for command environment
[0.231s] DEBUG:colcon.colcon_core.event_handler.log_command:Invoking command in '/home/jang/2024_7Dof/build/iiwa_description': CMAKE_PREFIX_PATH=${CMAKE_PREFIX_PATH}:/home/jang/2024_7Dof/install/apf_nodes:/opt/ros/humble /usr/bin/cmake --build /home/jang/2024_7Dof/build/iiwa_description -- -j16 -l16
[0.372s] INFO:colcon.colcon_core.task.python.build:Building Python package in '/home/jang/2024_7Dof/src/apf_nodes'
[0.372s] INFO:colcon.colcon_core.shell:Skip shell extension 'powershell' for command environment: Not usable outside of PowerShell
[0.372s] DEBUG:colcon.colcon_core.shell:Skip shell extension 'dsv' for command environment
[0.379s] DEBUG:colcon.colcon_core.event_handler.log_command:Invoking command in '/home/jang/2024_7Dof/build/culjaco': CMAKE_PREFIX_PATH=${CMAKE_PREFIX_PATH}:/home/jang/2024_7Dof/install/apf_nodes:/opt/ros/humble /usr/bin/cmake --build /home/jang/2024_7Dof/build/culjaco -- -j16 -l16
[0.381s] DEBUG:colcon.colcon_core.event_handler.log_command:Invoking command in '/home/jang/2024_7Dof/build/external_torque_sensor_broadcaster': CMAKE_PREFIX_PATH=${CMAKE_PREFIX_PATH}:/home/jang/2024_7Dof/install/apf_nodes:/opt/ros/humble /usr/bin/cmake --build /home/jang/2024_7Dof/build/external_torque_sensor_broadcaster -- -j16 -l16
[0.382s] DEBUG:colcon.colcon_core.event_handler.log_command:Invoking command in '/home/jang/2024_7Dof/build/iiwa_moveit2': CMAKE_PREFIX_PATH=${CMAKE_PREFIX_PATH}:/home/jang/2024_7Dof/install/apf_nodes:/opt/ros/humble /usr/bin/cmake --build /home/jang/2024_7Dof/build/iiwa_moveit2 -- -j16 -l16
[0.387s] DEBUG:colcon.colcon_core.event_handler.log_command:Invoking command in '/home/jang/2024_7Dof/build/impedance_controller': CMAKE_PREFIX_PATH=${CMAKE_PREFIX_PATH}:/home/jang/2024_7Dof/install/apf_nodes:/opt/ros/humble /usr/bin/cmake --build /home/jang/2024_7Dof/build/impedance_controller -- -j16 -l16
[0.389s] DEBUG:colcon.colcon_core.event_handler.log_command:Invoked command in '/home/jang/2024_7Dof/build/iiwa_description' returned '0': CMAKE_PREFIX_PATH=${CMAKE_PREFIX_PATH}:/home/jang/2024_7Dof/install/apf_nodes:/opt/ros/humble /usr/bin/cmake --build /home/jang/2024_7Dof/build/iiwa_description -- -j16 -l16
[0.520s] DEBUG:colcon.colcon_core.event_handler.log_command:Invoking command in '/home/jang/2024_7Dof/build/iiwa_description': CMAKE_PREFIX_PATH=${CMAKE_PREFIX_PATH}:/home/jang/2024_7Dof/install/apf_nodes:/opt/ros/humble /usr/bin/cmake --install /home/jang/2024_7Dof/build/iiwa_description
[0.654s] DEBUG:colcon.colcon_core.event_handler.log_command:Invoked command in '/home/jang/2024_7Dof/build/external_torque_sensor_broadcaster' returned '0': CMAKE_PREFIX_PATH=${CMAKE_PREFIX_PATH}:/home/jang/2024_7Dof/install/apf_nodes:/opt/ros/humble /usr/bin/cmake --build /home/jang/2024_7Dof/build/external_torque_sensor_broadcaster -- -j16 -l16
[0.659s] DEBUG:colcon.colcon_core.event_handler.log_command:Invoked command in '/home/jang/2024_7Dof/build/impedance_controller' returned '0': CMAKE_PREFIX_PATH=${CMAKE_PREFIX_PATH}:/home/jang/2024_7Dof/install/apf_nodes:/opt/ros/humble /usr/bin/cmake --build /home/jang/2024_7Dof/build/impedance_controller -- -j16 -l16
[0.661s] DEBUG:colcon.colcon_core.event_handler.log_command:Invoked command in '/home/jang/2024_7Dof/build/culjaco' returned '0': CMAKE_PREFIX_PATH=${CMAKE_PREFIX_PATH}:/home/jang/2024_7Dof/install/apf_nodes:/opt/ros/humble /usr/bin/cmake --build /home/jang/2024_7Dof/build/culjaco -- -j16 -l16
[0.662s] Level 1:colcon.colcon_core.environment:create_environment_scripts_only(iiwa_description)
[0.662s] DEBUG:colcon.colcon_core.event_handler.log_command:Invoked command in '/home/jang/2024_7Dof/build/iiwa_description' returned '0': CMAKE_PREFIX_PATH=${CMAKE_PREFIX_PATH}:/home/jang/2024_7Dof/install/apf_nodes:/opt/ros/humble /usr/bin/cmake --install /home/jang/2024_7Dof/build/iiwa_description
[0.665s] Level 1:colcon.colcon_core.environment:checking '/home/jang/2024_7Dof/install/iiwa_description' for CMake module files
[0.666s] Level 1:colcon.colcon_core.environment:checking '/home/jang/2024_7Dof/install/iiwa_description' for CMake config files
[0.667s] Level 1:colcon.colcon_core.shell:create_environment_hook('iiwa_description', 'cmake_prefix_path')
[0.667s] INFO:colcon.colcon_core.shell:Creating environment hook '/home/jang/2024_7Dof/install/iiwa_description/share/iiwa_description/hook/cmake_prefix_path.ps1'
[0.668s] INFO:colcon.colcon_core.shell:Creating environment descriptor '/home/jang/2024_7Dof/install/iiwa_description/share/iiwa_description/hook/cmake_prefix_path.dsv'
[0.668s] INFO:colcon.colcon_core.shell:Creating environment hook '/home/jang/2024_7Dof/install/iiwa_description/share/iiwa_description/hook/cmake_prefix_path.sh'
[0.669s] Level 1:colcon.colcon_core.environment:checking '/home/jang/2024_7Dof/install/iiwa_description/bin'
[0.669s] Level 1:colcon.colcon_core.environment:checking '/home/jang/2024_7Dof/install/iiwa_description/lib/pkgconfig/iiwa_description.pc'
[0.669s] Level 1:colcon.colcon_core.environment:checking '/home/jang/2024_7Dof/install/iiwa_description/lib/python3.10/site-packages'
[0.670s] Level 1:colcon.colcon_core.environment:checking '/home/jang/2024_7Dof/install/iiwa_description/bin'
[0.670s] INFO:colcon.colcon_core.shell:Creating package script '/home/jang/2024_7Dof/install/iiwa_description/share/iiwa_description/package.ps1'
[0.671s] INFO:colcon.colcon_core.shell:Creating package descriptor '/home/jang/2024_7Dof/install/iiwa_description/share/iiwa_description/package.dsv'
[0.674s] INFO:colcon.colcon_core.shell:Creating package script '/home/jang/2024_7Dof/install/iiwa_description/share/iiwa_description/package.sh'
[0.682s] INFO:colcon.colcon_core.shell:Creating package script '/home/jang/2024_7Dof/install/iiwa_description/share/iiwa_description/package.bash'
[0.682s] INFO:colcon.colcon_core.shell:Creating package script '/home/jang/2024_7Dof/install/iiwa_description/share/iiwa_description/package.zsh'
[0.683s] Level 1:colcon.colcon_core.environment:create_file_with_runtime_dependencies(/home/jang/2024_7Dof/install/iiwa_description/share/colcon-core/packages/iiwa_description)
[0.686s] DEBUG:colcon.colcon_core.event_handler.log_command:Invoked command in '/home/jang/2024_7Dof/build/iiwa_moveit2' returned '0': CMAKE_PREFIX_PATH=${CMAKE_PREFIX_PATH}:/home/jang/2024_7Dof/install/apf_nodes:/opt/ros/humble /usr/bin/cmake --build /home/jang/2024_7Dof/build/iiwa_moveit2 -- -j16 -l16
[0.689s] DEBUG:colcon.colcon_core.event_handler.log_command:Invoking command in '/home/jang/2024_7Dof/build/external_torque_sensor_broadcaster': CMAKE_PREFIX_PATH=${CMAKE_PREFIX_PATH}:/home/jang/2024_7Dof/install/apf_nodes:/opt/ros/humble /usr/bin/cmake --install /home/jang/2024_7Dof/build/external_torque_sensor_broadcaster
[0.692s] DEBUG:colcon.colcon_core.event_handler.log_command:Invoking command in '/home/jang/2024_7Dof/build/impedance_controller': CMAKE_PREFIX_PATH=${CMAKE_PREFIX_PATH}:/home/jang/2024_7Dof/install/apf_nodes:/opt/ros/humble /usr/bin/cmake --install /home/jang/2024_7Dof/build/impedance_controller
[0.715s] DEBUG:colcon.colcon_core.event_handler.log_command:Invoking command in '/home/jang/2024_7Dof/build/culjaco': CMAKE_PREFIX_PATH=${CMAKE_PREFIX_PATH}:/home/jang/2024_7Dof/install/apf_nodes:/opt/ros/humble /usr/bin/cmake --install /home/jang/2024_7Dof/build/culjaco
[0.719s] Level 1:colcon.colcon_core.environment:create_environment_scripts_only(iiwa_description)
[0.719s] Level 1:colcon.colcon_core.environment:checking '/home/jang/2024_7Dof/install/iiwa_description' for CMake module files
[0.731s] Level 1:colcon.colcon_core.environment:checking '/home/jang/2024_7Dof/install/iiwa_description' for CMake config files
[0.740s] Level 1:colcon.colcon_core.shell:create_environment_hook('iiwa_description', 'cmake_prefix_path')
[0.741s] INFO:colcon.colcon_core.shell:Creating environment hook '/home/jang/2024_7Dof/install/iiwa_description/share/iiwa_description/hook/cmake_prefix_path.ps1'
[0.747s] INFO:colcon.colcon_core.shell:Creating environment descriptor '/home/jang/2024_7Dof/install/iiwa_description/share/iiwa_description/hook/cmake_prefix_path.dsv'
[0.751s] INFO:colcon.colcon_core.shell:Creating environment hook '/home/jang/2024_7Dof/install/iiwa_description/share/iiwa_description/hook/cmake_prefix_path.sh'
[0.754s] Level 1:colcon.colcon_core.environment:checking '/home/jang/2024_7Dof/install/iiwa_description/bin'
[0.754s] Level 1:colcon.colcon_core.environment:checking '/home/jang/2024_7Dof/install/iiwa_description/lib/pkgconfig/iiwa_description.pc'
[0.754s] Level 1:colcon.colcon_core.environment:checking '/home/jang/2024_7Dof/install/iiwa_description/lib/python3.10/site-packages'
[0.755s] Level 1:colcon.colcon_core.environment:checking '/home/jang/2024_7Dof/install/iiwa_description/bin'
[0.755s] INFO:colcon.colcon_core.shell:Creating package script '/home/jang/2024_7Dof/install/iiwa_description/share/iiwa_description/package.ps1'
[0.756s] INFO:colcon.colcon_core.shell:Creating package descriptor '/home/jang/2024_7Dof/install/iiwa_description/share/iiwa_description/package.dsv'
[0.756s] INFO:colcon.colcon_core.shell:Creating package script '/home/jang/2024_7Dof/install/iiwa_description/share/iiwa_description/package.sh'
[0.757s] INFO:colcon.colcon_core.shell:Creating package script '/home/jang/2024_7Dof/install/iiwa_description/share/iiwa_description/package.bash'
[0.757s] INFO:colcon.colcon_core.shell:Creating package script '/home/jang/2024_7Dof/install/iiwa_description/share/iiwa_description/package.zsh'
[0.757s] Level 1:colcon.colcon_core.environment:create_file_with_runtime_dependencies(/home/jang/2024_7Dof/install/iiwa_description/share/colcon-core/packages/iiwa_description)
[0.758s] INFO:colcon.colcon_ros.task.ament_cmake.build:Building ROS package in '/home/jang/2024_7Dof/src/iiwa_ros2/iiwa_bringup' with build type 'ament_cmake'
[0.758s] INFO:colcon.colcon_cmake.task.cmake.build:Building CMake package in '/home/jang/2024_7Dof/src/iiwa_ros2/iiwa_bringup'
[0.759s] INFO:colcon.colcon_core.shell:Skip shell extension 'powershell' for command environment: Not usable outside of PowerShell
[0.759s] DEBUG:colcon.colcon_core.shell:Skip shell extension 'dsv' for command environment
[0.775s] DEBUG:colcon.colcon_core.event_handler.log_command:Invoking command in '/home/jang/2024_7Dof/build/iiwa_moveit2': CMAKE_PREFIX_PATH=${CMAKE_PREFIX_PATH}:/home/jang/2024_7Dof/install/apf_nodes:/opt/ros/humble /usr/bin/cmake --install /home/jang/2024_7Dof/build/iiwa_moveit2
[0.776s] Level 1:colcon.colcon_core.environment:create_environment_scripts_only(external_torque_sensor_broadcaster)
[0.776s] Level 1:colcon.colcon_core.environment:checking '/home/jang/2024_7Dof/install/external_torque_sensor_broadcaster' for CMake module files
[0.777s] DEBUG:colcon.colcon_core.event_handler.log_command:Invoked command in '/home/jang/2024_7Dof/build/external_torque_sensor_broadcaster' returned '0': CMAKE_PREFIX_PATH=${CMAKE_PREFIX_PATH}:/home/jang/2024_7Dof/install/apf_nodes:/opt/ros/humble /usr/bin/cmake --install /home/jang/2024_7Dof/build/external_torque_sensor_broadcaster
[0.777s] Level 1:colcon.colcon_core.environment:checking '/home/jang/2024_7Dof/install/external_torque_sensor_broadcaster' for CMake config files
[0.777s] Level 1:colcon.colcon_core.shell:create_environment_hook('external_torque_sensor_broadcaster', 'cmake_prefix_path')
[0.778s] INFO:colcon.colcon_core.shell:Creating environment hook '/home/jang/2024_7Dof/install/external_torque_sensor_broadcaster/share/external_torque_sensor_broadcaster/hook/cmake_prefix_path.ps1'
[0.778s] INFO:colcon.colcon_core.shell:Creating environment descriptor '/home/jang/2024_7Dof/install/external_torque_sensor_broadcaster/share/external_torque_sensor_broadcaster/hook/cmake_prefix_path.dsv'
[0.779s] INFO:colcon.colcon_core.shell:Creating environment hook '/home/jang/2024_7Dof/install/external_torque_sensor_broadcaster/share/external_torque_sensor_broadcaster/hook/cmake_prefix_path.sh'
[0.779s] Level 1:colcon.colcon_core.environment:checking '/home/jang/2024_7Dof/install/external_torque_sensor_broadcaster/lib'
[0.779s] Level 1:colcon.colcon_core.shell:create_environment_hook('external_torque_sensor_broadcaster', 'ld_library_path_lib')
[0.780s] INFO:colcon.colcon_core.shell:Creating environment hook '/home/jang/2024_7Dof/install/external_torque_sensor_broadcaster/share/external_torque_sensor_broadcaster/hook/ld_library_path_lib.ps1'
[0.780s] INFO:colcon.colcon_core.shell:Creating environment descriptor '/home/jang/2024_7Dof/install/external_torque_sensor_broadcaster/share/external_torque_sensor_broadcaster/hook/ld_library_path_lib.dsv'
[0.781s] INFO:colcon.colcon_core.shell:Creating environment hook '/home/jang/2024_7Dof/install/external_torque_sensor_broadcaster/share/external_torque_sensor_broadcaster/hook/ld_library_path_lib.sh'
[0.783s] Level 1:colcon.colcon_core.environment:checking '/home/jang/2024_7Dof/install/external_torque_sensor_broadcaster/bin'
[0.783s] Level 1:colcon.colcon_core.environment:checking '/home/jang/2024_7Dof/install/external_torque_sensor_broadcaster/lib/pkgconfig/external_torque_sensor_broadcaster.pc'
[0.785s] Level 1:colcon.colcon_core.environment:checking '/home/jang/2024_7Dof/install/external_torque_sensor_broadcaster/lib/python3.10/site-packages'
[0.787s] Level 1:colcon.colcon_core.environment:checking '/home/jang/2024_7Dof/install/external_torque_sensor_broadcaster/bin'
[0.790s] INFO:colcon.colcon_core.shell:Creating package script '/home/jang/2024_7Dof/install/external_torque_sensor_broadcaster/share/external_torque_sensor_broadcaster/package.ps1'
[0.792s] INFO:colcon.colcon_core.shell:Creating package descriptor '/home/jang/2024_7Dof/install/external_torque_sensor_broadcaster/share/external_torque_sensor_broadcaster/package.dsv'
[0.792s] INFO:colcon.colcon_core.shell:Creating package script '/home/jang/2024_7Dof/install/external_torque_sensor_broadcaster/share/external_torque_sensor_broadcaster/package.sh'
[0.799s] INFO:colcon.colcon_core.shell:Creating package script '/home/jang/2024_7Dof/install/external_torque_sensor_broadcaster/share/external_torque_sensor_broadcaster/package.bash'
[0.803s] INFO:colcon.colcon_core.shell:Creating package script '/home/jang/2024_7Dof/install/external_torque_sensor_broadcaster/share/external_torque_sensor_broadcaster/package.zsh'
[0.804s] Level 1:colcon.colcon_core.environment:create_file_with_runtime_dependencies(/home/jang/2024_7Dof/install/external_torque_sensor_broadcaster/share/colcon-core/packages/external_torque_sensor_broadcaster)
[0.806s] Level 1:colcon.colcon_core.environment:create_environment_scripts_only(impedance_controller)
[0.806s] Level 1:colcon.colcon_core.environment:checking '/home/jang/2024_7Dof/install/impedance_controller' for CMake module files
[0.807s] DEBUG:colcon.colcon_core.event_handler.log_command:Invoked command in '/home/jang/2024_7Dof/build/impedance_controller' returned '0': CMAKE_PREFIX_PATH=${CMAKE_PREFIX_PATH}:/home/jang/2024_7Dof/install/apf_nodes:/opt/ros/humble /usr/bin/cmake --install /home/jang/2024_7Dof/build/impedance_controller
[0.807s] Level 1:colcon.colcon_core.environment:checking '/home/jang/2024_7Dof/install/impedance_controller' for CMake config files
[0.808s] Level 1:colcon.colcon_core.shell:create_environment_hook('impedance_controller', 'cmake_prefix_path')
[0.808s] INFO:colcon.colcon_core.shell:Creating environment hook '/home/jang/2024_7Dof/install/impedance_controller/share/impedance_controller/hook/cmake_prefix_path.ps1'
[0.809s] INFO:colcon.colcon_core.shell:Creating environment descriptor '/home/jang/2024_7Dof/install/impedance_controller/share/impedance_controller/hook/cmake_prefix_path.dsv'
[0.809s] INFO:colcon.colcon_core.shell:Creating environment hook '/home/jang/2024_7Dof/install/impedance_controller/share/impedance_controller/hook/cmake_prefix_path.sh'
[0.809s] Level 1:colcon.colcon_core.environment:checking '/home/jang/2024_7Dof/install/impedance_controller/lib'
[0.809s] Level 1:colcon.colcon_core.shell:create_environment_hook('impedance_controller', 'ld_library_path_lib')
[0.810s] INFO:colcon.colcon_core.shell:Creating environment hook '/home/jang/2024_7Dof/install/impedance_controller/share/impedance_controller/hook/ld_library_path_lib.ps1'
[0.810s] INFO:colcon.colcon_core.shell:Creating environment descriptor '/home/jang/2024_7Dof/install/impedance_controller/share/impedance_controller/hook/ld_library_path_lib.dsv'
[0.810s] INFO:colcon.colcon_core.shell:Creating environment hook '/home/jang/2024_7Dof/install/impedance_controller/share/impedance_controller/hook/ld_library_path_lib.sh'
[0.810s] Level 1:colcon.colcon_core.environment:checking '/home/jang/2024_7Dof/install/impedance_controller/bin'
[0.811s] Level 1:colcon.colcon_core.environment:checking '/home/jang/2024_7Dof/install/impedance_controller/lib/pkgconfig/impedance_controller.pc'
[0.811s] Level 1:colcon.colcon_core.environment:checking '/home/jang/2024_7Dof/install/impedance_controller/lib/python3.10/site-packages'
[0.811s] Level 1:colcon.colcon_core.environment:checking '/home/jang/2024_7Dof/install/impedance_controller/bin'
[0.811s] INFO:colcon.colcon_core.shell:Creating package script '/home/jang/2024_7Dof/install/impedance_controller/share/impedance_controller/package.ps1'
[0.811s] INFO:colcon.colcon_core.shell:Creating package descriptor '/home/jang/2024_7Dof/install/impedance_controller/share/impedance_controller/package.dsv'
[0.812s] INFO:colcon.colcon_core.shell:Creating package script '/home/jang/2024_7Dof/install/impedance_controller/share/impedance_controller/package.sh'
[0.812s] INFO:colcon.colcon_core.shell:Creating package script '/home/jang/2024_7Dof/install/impedance_controller/share/impedance_controller/package.bash'
[0.813s] INFO:colcon.colcon_core.shell:Creating package script '/home/jang/2024_7Dof/install/impedance_controller/share/impedance_controller/package.zsh'
[0.816s] Level 1:colcon.colcon_core.environment:create_file_with_runtime_dependencies(/home/jang/2024_7Dof/install/impedance_controller/share/colcon-core/packages/impedance_controller)
[0.823s] Level 1:colcon.colcon_core.environment:create_environment_scripts_only(culjaco)
[0.824s] Level 1:colcon.colcon_core.environment:checking '/home/jang/2024_7Dof/install/culjaco' for CMake module files
[0.825s] DEBUG:colcon.colcon_core.event_handler.log_command:Invoked command in '/home/jang/2024_7Dof/build/culjaco' returned '0': CMAKE_PREFIX_PATH=${CMAKE_PREFIX_PATH}:/home/jang/2024_7Dof/install/apf_nodes:/opt/ros/humble /usr/bin/cmake --install /home/jang/2024_7Dof/build/culjaco
[0.825s] Level 1:colcon.colcon_core.environment:checking '/home/jang/2024_7Dof/install/culjaco' for CMake config files
[0.826s] Level 1:colcon.colcon_core.shell:create_environment_hook('culjaco', 'cmake_prefix_path')
[0.826s] INFO:colcon.colcon_core.shell:Creating environment hook '/home/jang/2024_7Dof/install/culjaco/share/culjaco/hook/cmake_prefix_path.ps1'
[0.827s] INFO:colcon.colcon_core.shell:Creating environment descriptor '/home/jang/2024_7Dof/install/culjaco/share/culjaco/hook/cmake_prefix_path.dsv'
[0.828s] INFO:colcon.colcon_core.shell:Creating environment hook '/home/jang/2024_7Dof/install/culjaco/share/culjaco/hook/cmake_prefix_path.sh'
[0.828s] Level 1:colcon.colcon_core.environment:checking '/home/jang/2024_7Dof/install/culjaco/lib'
[0.828s] Level 1:colcon.colcon_core.environment:checking '/home/jang/2024_7Dof/install/culjaco/bin'
[0.828s] Level 1:colcon.colcon_core.environment:checking '/home/jang/2024_7Dof/install/culjaco/lib/pkgconfig/culjaco.pc'
[0.828s] Level 1:colcon.colcon_core.environment:checking '/home/jang/2024_7Dof/install/culjaco/lib/python3.10/site-packages'
[0.828s] Level 1:colcon.colcon_core.environment:checking '/home/jang/2024_7Dof/install/culjaco/bin'
[0.829s] INFO:colcon.colcon_core.shell:Creating package script '/home/jang/2024_7Dof/install/culjaco/share/culjaco/package.ps1'
[0.829s] INFO:colcon.colcon_core.shell:Creating package descriptor '/home/jang/2024_7Dof/install/culjaco/share/culjaco/package.dsv'
[0.829s] INFO:colcon.colcon_core.shell:Creating package script '/home/jang/2024_7Dof/install/culjaco/share/culjaco/package.sh'
[0.829s] INFO:colcon.colcon_core.shell:Creating package script '/home/jang/2024_7Dof/install/culjaco/share/culjaco/package.bash'
[0.830s] INFO:colcon.colcon_core.shell:Creating package script '/home/jang/2024_7Dof/install/culjaco/share/culjaco/package.zsh'
[0.830s] Level 1:colcon.colcon_core.environment:create_file_with_runtime_dependencies(/home/jang/2024_7Dof/install/culjaco/share/colcon-core/packages/culjaco)
[0.835s] Level 1:colcon.colcon_core.environment:create_environment_scripts_only(iiwa_moveit2)
[0.836s] Level 1:colcon.colcon_core.environment:checking '/home/jang/2024_7Dof/install/iiwa_moveit2' for CMake module files
[0.844s] DEBUG:colcon.colcon_core.event_handler.log_command:Invoking command in '/home/jang/2024_7Dof/build/iiwa_bringup': CMAKE_PREFIX_PATH=/home/jang/2024_7Dof/install/iiwa_description:/home/jang/2024_7Dof/install/impedance_controller:/home/jang/2024_7Dof/install/iiwa_moveit2:/home/jang/2024_7Dof/install/iiwa_bringup:/home/jang/2024_7Dof/install/external_torque_sensor_broadcaster:/home/jang/2024_7Dof/install/culjaco:/home/jang/2024_7Dof/install/apf_nodes:/opt/ros/humble /usr/bin/cmake --build /home/jang/2024_7Dof/build/iiwa_bringup -- -j16 -l16
[0.846s] DEBUG:colcon.colcon_core.event_handler.log_command:Invoked command in '/home/jang/2024_7Dof/build/iiwa_moveit2' returned '0': CMAKE_PREFIX_PATH=${CMAKE_PREFIX_PATH}:/home/jang/2024_7Dof/install/apf_nodes:/opt/ros/humble /usr/bin/cmake --install /home/jang/2024_7Dof/build/iiwa_moveit2
[0.846s] Level 1:colcon.colcon_core.environment:checking '/home/jang/2024_7Dof/install/iiwa_moveit2' for CMake config files
[0.848s] Level 1:colcon.colcon_core.shell:create_environment_hook('iiwa_moveit2', 'cmake_prefix_path')
[0.850s] INFO:colcon.colcon_core.shell:Creating environment hook '/home/jang/2024_7Dof/install/iiwa_moveit2/share/iiwa_moveit2/hook/cmake_prefix_path.ps1'
[0.853s] INFO:colcon.colcon_core.shell:Creating environment descriptor '/home/jang/2024_7Dof/install/iiwa_moveit2/share/iiwa_moveit2/hook/cmake_prefix_path.dsv'
[0.855s] INFO:colcon.colcon_core.shell:Creating environment hook '/home/jang/2024_7Dof/install/iiwa_moveit2/share/iiwa_moveit2/hook/cmake_prefix_path.sh'
[0.857s] Level 1:colcon.colcon_core.environment:checking '/home/jang/2024_7Dof/install/iiwa_moveit2/lib'
[0.857s] Level 1:colcon.colcon_core.shell:create_environment_hook('iiwa_moveit2', 'ld_library_path_lib')
[0.858s] INFO:colcon.colcon_core.shell:Creating environment hook '/home/jang/2024_7Dof/install/iiwa_moveit2/share/iiwa_moveit2/hook/ld_library_path_lib.ps1'
[0.858s] INFO:colcon.colcon_core.shell:Creating environment descriptor '/home/jang/2024_7Dof/install/iiwa_moveit2/share/iiwa_moveit2/hook/ld_library_path_lib.dsv'
[0.858s] INFO:colcon.colcon_core.shell:Creating environment hook '/home/jang/2024_7Dof/install/iiwa_moveit2/share/iiwa_moveit2/hook/ld_library_path_lib.sh'
[0.859s] Level 1:colcon.colcon_core.environment:checking '/home/jang/2024_7Dof/install/iiwa_moveit2/bin'
[0.859s] Level 1:colcon.colcon_core.environment:checking '/home/jang/2024_7Dof/install/iiwa_moveit2/lib/pkgconfig/iiwa_moveit2.pc'
[0.859s] Level 1:colcon.colcon_core.environment:checking '/home/jang/2024_7Dof/install/iiwa_moveit2/lib/python3.10/site-packages'
[0.859s] Level 1:colcon.colcon_core.environment:checking '/home/jang/2024_7Dof/install/iiwa_moveit2/bin'
[0.859s] INFO:colcon.colcon_core.shell:Creating package script '/home/jang/2024_7Dof/install/iiwa_moveit2/share/iiwa_moveit2/package.ps1'
[0.860s] INFO:colcon.colcon_core.shell:Creating package descriptor '/home/jang/2024_7Dof/install/iiwa_moveit2/share/iiwa_moveit2/package.dsv'
[0.860s] INFO:colcon.colcon_core.shell:Creating package script '/home/jang/2024_7Dof/install/iiwa_moveit2/share/iiwa_moveit2/package.sh'
[0.861s] INFO:colcon.colcon_core.shell:Creating package script '/home/jang/2024_7Dof/install/iiwa_moveit2/share/iiwa_moveit2/package.bash'
[0.861s] INFO:colcon.colcon_core.shell:Creating package script '/home/jang/2024_7Dof/install/iiwa_moveit2/share/iiwa_moveit2/package.zsh'
[0.861s] Level 1:colcon.colcon_core.environment:create_file_with_runtime_dependencies(/home/jang/2024_7Dof/install/iiwa_moveit2/share/colcon-core/packages/iiwa_moveit2)
[0.863s] Level 1:colcon.colcon_core.environment:create_environment_scripts_only(external_torque_sensor_broadcaster)
[0.863s] Level 1:colcon.colcon_core.environment:checking '/home/jang/2024_7Dof/install/external_torque_sensor_broadcaster' for CMake module files
[0.863s] Level 1:colcon.colcon_core.environment:checking '/home/jang/2024_7Dof/install/external_torque_sensor_broadcaster' for CMake config files
[0.863s] Level 1:colcon.colcon_core.shell:create_environment_hook('external_torque_sensor_broadcaster', 'cmake_prefix_path')
[0.863s] INFO:colcon.colcon_core.shell:Creating environment hook '/home/jang/2024_7Dof/install/external_torque_sensor_broadcaster/share/external_torque_sensor_broadcaster/hook/cmake_prefix_path.ps1'
[0.864s] INFO:colcon.colcon_core.shell:Creating environment descriptor '/home/jang/2024_7Dof/install/external_torque_sensor_broadcaster/share/external_torque_sensor_broadcaster/hook/cmake_prefix_path.dsv'
[0.864s] INFO:colcon.colcon_core.shell:Creating environment hook '/home/jang/2024_7Dof/install/external_torque_sensor_broadcaster/share/external_torque_sensor_broadcaster/hook/cmake_prefix_path.sh'
[0.864s] Level 1:colcon.colcon_core.environment:checking '/home/jang/2024_7Dof/install/external_torque_sensor_broadcaster/lib'
[0.864s] Level 1:colcon.colcon_core.shell:create_environment_hook('external_torque_sensor_broadcaster', 'ld_library_path_lib')
[0.864s] INFO:colcon.colcon_core.shell:Creating environment hook '/home/jang/2024_7Dof/install/external_torque_sensor_broadcaster/share/external_torque_sensor_broadcaster/hook/ld_library_path_lib.ps1'
[0.865s] INFO:colcon.colcon_core.shell:Creating environment descriptor '/home/jang/2024_7Dof/install/external_torque_sensor_broadcaster/share/external_torque_sensor_broadcaster/hook/ld_library_path_lib.dsv'
[0.865s] INFO:colcon.colcon_core.shell:Creating environment hook '/home/jang/2024_7Dof/install/external_torque_sensor_broadcaster/share/external_torque_sensor_broadcaster/hook/ld_library_path_lib.sh'
[0.865s] Level 1:colcon.colcon_core.environment:checking '/home/jang/2024_7Dof/install/external_torque_sensor_broadcaster/bin'
[0.865s] Level 1:colcon.colcon_core.environment:checking '/home/jang/2024_7Dof/install/external_torque_sensor_broadcaster/lib/pkgconfig/external_torque_sensor_broadcaster.pc'
[0.865s] Level 1:colcon.colcon_core.environment:checking '/home/jang/2024_7Dof/install/external_torque_sensor_broadcaster/lib/python3.10/site-packages'
[0.865s] Level 1:colcon.colcon_core.environment:checking '/home/jang/2024_7Dof/install/external_torque_sensor_broadcaster/bin'
[0.866s] INFO:colcon.colcon_core.shell:Creating package script '/home/jang/2024_7Dof/install/external_torque_sensor_broadcaster/share/external_torque_sensor_broadcaster/package.ps1'
[0.867s] INFO:colcon.colcon_core.shell:Creating package descriptor '/home/jang/2024_7Dof/install/external_torque_sensor_broadcaster/share/external_torque_sensor_broadcaster/package.dsv'
[0.868s] INFO:colcon.colcon_core.shell:Creating package script '/home/jang/2024_7Dof/install/external_torque_sensor_broadcaster/share/external_torque_sensor_broadcaster/package.sh'
[0.869s] INFO:colcon.colcon_core.shell:Creating package script '/home/jang/2024_7Dof/install/external_torque_sensor_broadcaster/share/external_torque_sensor_broadcaster/package.bash'
[0.870s] INFO:colcon.colcon_core.shell:Creating package script '/home/jang/2024_7Dof/install/external_torque_sensor_broadcaster/share/external_torque_sensor_broadcaster/package.zsh'
[0.870s] Level 1:colcon.colcon_core.environment:create_file_with_runtime_dependencies(/home/jang/2024_7Dof/install/external_torque_sensor_broadcaster/share/colcon-core/packages/external_torque_sensor_broadcaster)
[0.872s] Level 1:colcon.colcon_core.environment:create_environment_scripts_only(impedance_controller)
[0.873s] Level 1:colcon.colcon_core.environment:checking '/home/jang/2024_7Dof/install/impedance_controller' for CMake module files
[0.873s] Level 1:colcon.colcon_core.environment:checking '/home/jang/2024_7Dof/install/impedance_controller' for CMake config files
[0.874s] Level 1:colcon.colcon_core.shell:create_environment_hook('impedance_controller', 'cmake_prefix_path')
[0.874s] INFO:colcon.colcon_core.shell:Creating environment hook '/home/jang/2024_7Dof/install/impedance_controller/share/impedance_controller/hook/cmake_prefix_path.ps1'
[0.875s] INFO:colcon.colcon_core.shell:Creating environment descriptor '/home/jang/2024_7Dof/install/impedance_controller/share/impedance_controller/hook/cmake_prefix_path.dsv'
[0.875s] INFO:colcon.colcon_core.shell:Creating environment hook '/home/jang/2024_7Dof/install/impedance_controller/share/impedance_controller/hook/cmake_prefix_path.sh'
[0.875s] Level 1:colcon.colcon_core.environment:checking '/home/jang/2024_7Dof/install/impedance_controller/lib'
[0.875s] Level 1:colcon.colcon_core.shell:create_environment_hook('impedance_controller', 'ld_library_path_lib')
[0.875s] INFO:colcon.colcon_core.shell:Creating environment hook '/home/jang/2024_7Dof/install/impedance_controller/share/impedance_controller/hook/ld_library_path_lib.ps1'
[0.875s] INFO:colcon.colcon_core.shell:Creating environment descriptor '/home/jang/2024_7Dof/install/impedance_controller/share/impedance_controller/hook/ld_library_path_lib.dsv'
[0.876s] INFO:colcon.colcon_core.shell:Creating environment hook '/home/jang/2024_7Dof/install/impedance_controller/share/impedance_controller/hook/ld_library_path_lib.sh'
[0.876s] Level 1:colcon.colcon_core.environment:checking '/home/jang/2024_7Dof/install/impedance_controller/bin'
[0.876s] Level 1:colcon.colcon_core.environment:checking '/home/jang/2024_7Dof/install/impedance_controller/lib/pkgconfig/impedance_controller.pc'
[0.876s] Level 1:colcon.colcon_core.environment:checking '/home/jang/2024_7Dof/install/impedance_controller/lib/python3.10/site-packages'
[0.876s] Level 1:colcon.colcon_core.environment:checking '/home/jang/2024_7Dof/install/impedance_controller/bin'
[0.877s] INFO:colcon.colcon_core.shell:Creating package script '/home/jang/2024_7Dof/install/impedance_controller/share/impedance_controller/package.ps1'
[0.877s] INFO:colcon.colcon_core.shell:Creating package descriptor '/home/jang/2024_7Dof/install/impedance_controller/share/impedance_controller/package.dsv'
[0.877s] INFO:colcon.colcon_core.shell:Creating package script '/home/jang/2024_7Dof/install/impedance_controller/share/impedance_controller/package.sh'
[0.878s] INFO:colcon.colcon_core.shell:Creating package script '/home/jang/2024_7Dof/install/impedance_controller/share/impedance_controller/package.bash'
[0.878s] INFO:colcon.colcon_core.shell:Creating package script '/home/jang/2024_7Dof/install/impedance_controller/share/impedance_controller/package.zsh'
[0.879s] Level 1:colcon.colcon_core.environment:create_file_with_runtime_dependencies(/home/jang/2024_7Dof/install/impedance_controller/share/colcon-core/packages/impedance_controller)
[0.884s] Level 1:colcon.colcon_core.environment:create_environment_scripts_only(culjaco)
[0.885s] Level 1:colcon.colcon_core.environment:checking '/home/jang/2024_7Dof/install/culjaco' for CMake module files
[0.886s] Level 1:colcon.colcon_core.environment:checking '/home/jang/2024_7Dof/install/culjaco' for CMake config files
[0.886s] Level 1:colcon.colcon_core.shell:create_environment_hook('culjaco', 'cmake_prefix_path')
[0.887s] INFO:colcon.colcon_core.shell:Creating environment hook '/home/jang/2024_7Dof/install/culjaco/share/culjaco/hook/cmake_prefix_path.ps1'
[0.888s] INFO:colcon.colcon_core.shell:Creating environment descriptor '/home/jang/2024_7Dof/install/culjaco/share/culjaco/hook/cmake_prefix_path.dsv'
[0.888s] INFO:colcon.colcon_core.shell:Creating environment hook '/home/jang/2024_7Dof/install/culjaco/share/culjaco/hook/cmake_prefix_path.sh'
[0.889s] Level 1:colcon.colcon_core.environment:checking '/home/jang/2024_7Dof/install/culjaco/lib'
[0.889s] Level 1:colcon.colcon_core.environment:checking '/home/jang/2024_7Dof/install/culjaco/bin'
[0.889s] Level 1:colcon.colcon_core.environment:checking '/home/jang/2024_7Dof/install/culjaco/lib/pkgconfig/culjaco.pc'
[0.889s] Level 1:colcon.colcon_core.environment:checking '/home/jang/2024_7Dof/install/culjaco/lib/python3.10/site-packages'
[0.889s] Level 1:colcon.colcon_core.environment:checking '/home/jang/2024_7Dof/install/culjaco/bin'
[0.890s] INFO:colcon.colcon_core.shell:Creating package script '/home/jang/2024_7Dof/install/culjaco/share/culjaco/package.ps1'
[0.890s] INFO:colcon.colcon_core.shell:Creating package descriptor '/home/jang/2024_7Dof/install/culjaco/share/culjaco/package.dsv'
[0.890s] INFO:colcon.colcon_core.shell:Creating package script '/home/jang/2024_7Dof/install/culjaco/share/culjaco/package.sh'
[0.890s] INFO:colcon.colcon_core.shell:Creating package script '/home/jang/2024_7Dof/install/culjaco/share/culjaco/package.bash'
[0.891s] INFO:colcon.colcon_core.shell:Creating package script '/home/jang/2024_7Dof/install/culjaco/share/culjaco/package.zsh'
[0.891s] Level 1:colcon.colcon_core.environment:create_file_with_runtime_dependencies(/home/jang/2024_7Dof/install/culjaco/share/colcon-core/packages/culjaco)
[0.892s] Level 1:colcon.colcon_core.environment:create_environment_scripts_only(iiwa_moveit2)
[0.892s] Level 1:colcon.colcon_core.environment:checking '/home/jang/2024_7Dof/install/iiwa_moveit2' for CMake module files
[0.892s] Level 1:colcon.colcon_core.environment:checking '/home/jang/2024_7Dof/install/iiwa_moveit2' for CMake config files
[0.893s] Level 1:colcon.colcon_core.shell:create_environment_hook('iiwa_moveit2', 'cmake_prefix_path')
[0.893s] INFO:colcon.colcon_core.shell:Creating environment hook '/home/jang/2024_7Dof/install/iiwa_moveit2/share/iiwa_moveit2/hook/cmake_prefix_path.ps1'
[0.894s] INFO:colcon.colcon_core.shell:Creating environment descriptor '/home/jang/2024_7Dof/install/iiwa_moveit2/share/iiwa_moveit2/hook/cmake_prefix_path.dsv'
[0.894s] INFO:colcon.colcon_core.shell:Creating environment hook '/home/jang/2024_7Dof/install/iiwa_moveit2/share/iiwa_moveit2/hook/cmake_prefix_path.sh'
[0.895s] Level 1:colcon.colcon_core.environment:checking '/home/jang/2024_7Dof/install/iiwa_moveit2/lib'
[0.895s] Level 1:colcon.colcon_core.shell:create_environment_hook('iiwa_moveit2', 'ld_library_path_lib')
[0.895s] INFO:colcon.colcon_core.shell:Creating environment hook '/home/jang/2024_7Dof/install/iiwa_moveit2/share/iiwa_moveit2/hook/ld_library_path_lib.ps1'
[0.895s] INFO:colcon.colcon_core.shell:Creating environment descriptor '/home/jang/2024_7Dof/install/iiwa_moveit2/share/iiwa_moveit2/hook/ld_library_path_lib.dsv'
[0.895s] INFO:colcon.colcon_core.shell:Creating environment hook '/home/jang/2024_7Dof/install/iiwa_moveit2/share/iiwa_moveit2/hook/ld_library_path_lib.sh'
[0.895s] Level 1:colcon.colcon_core.environment:checking '/home/jang/2024_7Dof/install/iiwa_moveit2/bin'
[0.895s] Level 1:colcon.colcon_core.environment:checking '/home/jang/2024_7Dof/install/iiwa_moveit2/lib/pkgconfig/iiwa_moveit2.pc'
[0.896s] Level 1:colcon.colcon_core.environment:checking '/home/jang/2024_7Dof/install/iiwa_moveit2/lib/python3.10/site-packages'
[0.896s] Level 1:colcon.colcon_core.environment:checking '/home/jang/2024_7Dof/install/iiwa_moveit2/bin'
[0.896s] INFO:colcon.colcon_core.shell:Creating package script '/home/jang/2024_7Dof/install/iiwa_moveit2/share/iiwa_moveit2/package.ps1'
[0.896s] INFO:colcon.colcon_core.shell:Creating package descriptor '/home/jang/2024_7Dof/install/iiwa_moveit2/share/iiwa_moveit2/package.dsv'
[0.897s] INFO:colcon.colcon_core.shell:Creating package script '/home/jang/2024_7Dof/install/iiwa_moveit2/share/iiwa_moveit2/package.sh'
[0.897s] INFO:colcon.colcon_core.shell:Creating package script '/home/jang/2024_7Dof/install/iiwa_moveit2/share/iiwa_moveit2/package.bash'
[0.897s] INFO:colcon.colcon_core.shell:Creating package script '/home/jang/2024_7Dof/install/iiwa_moveit2/share/iiwa_moveit2/package.zsh'
[0.897s] Level 1:colcon.colcon_core.environment:create_file_with_runtime_dependencies(/home/jang/2024_7Dof/install/iiwa_moveit2/share/colcon-core/packages/iiwa_moveit2)
[0.900s] DEBUG:colcon.colcon_core.event_handler.log_command:Invoked command in '/home/jang/2024_7Dof/build/iiwa_bringup' returned '0': CMAKE_PREFIX_PATH=/home/jang/2024_7Dof/install/iiwa_description:/home/jang/2024_7Dof/install/impedance_controller:/home/jang/2024_7Dof/install/iiwa_moveit2:/home/jang/2024_7Dof/install/iiwa_bringup:/home/jang/2024_7Dof/install/external_torque_sensor_broadcaster:/home/jang/2024_7Dof/install/culjaco:/home/jang/2024_7Dof/install/apf_nodes:/opt/ros/humble /usr/bin/cmake --build /home/jang/2024_7Dof/build/iiwa_bringup -- -j16 -l16
[0.921s] DEBUG:colcon.colcon_core.event_handler.log_command:Invoking command in '/home/jang/2024_7Dof/build/iiwa_bringup': CMAKE_PREFIX_PATH=/home/jang/2024_7Dof/install/iiwa_description:/home/jang/2024_7Dof/install/impedance_controller:/home/jang/2024_7Dof/install/iiwa_moveit2:/home/jang/2024_7Dof/install/iiwa_bringup:/home/jang/2024_7Dof/install/external_torque_sensor_broadcaster:/home/jang/2024_7Dof/install/culjaco:/home/jang/2024_7Dof/install/apf_nodes:/opt/ros/humble /usr/bin/cmake --install /home/jang/2024_7Dof/build/iiwa_bringup
[0.940s] Level 1:colcon.colcon_core.environment:create_environment_scripts_only(iiwa_bringup)
[0.940s] Level 1:colcon.colcon_core.environment:checking '/home/jang/2024_7Dof/install/iiwa_bringup' for CMake module files
[0.941s] DEBUG:colcon.colcon_core.event_handler.log_command:Invoked command in '/home/jang/2024_7Dof/build/iiwa_bringup' returned '0': CMAKE_PREFIX_PATH=/home/jang/2024_7Dof/install/iiwa_description:/home/jang/2024_7Dof/install/impedance_controller:/home/jang/2024_7Dof/install/iiwa_moveit2:/home/jang/2024_7Dof/install/iiwa_bringup:/home/jang/2024_7Dof/install/external_torque_sensor_broadcaster:/home/jang/2024_7Dof/install/culjaco:/home/jang/2024_7Dof/install/apf_nodes:/opt/ros/humble /usr/bin/cmake --install /home/jang/2024_7Dof/build/iiwa_bringup
[0.941s] Level 1:colcon.colcon_core.environment:checking '/home/jang/2024_7Dof/install/iiwa_bringup' for CMake config files
[0.941s] Level 1:colcon.colcon_core.shell:create_environment_hook('iiwa_bringup', 'cmake_prefix_path')
[0.941s] INFO:colcon.colcon_core.shell:Creating environment hook '/home/jang/2024_7Dof/install/iiwa_bringup/share/iiwa_bringup/hook/cmake_prefix_path.ps1'
[0.942s] INFO:colcon.colcon_core.shell:Creating environment descriptor '/home/jang/2024_7Dof/install/iiwa_bringup/share/iiwa_bringup/hook/cmake_prefix_path.dsv'
[0.942s] INFO:colcon.colcon_core.shell:Creating environment hook '/home/jang/2024_7Dof/install/iiwa_bringup/share/iiwa_bringup/hook/cmake_prefix_path.sh'
[0.942s] Level 1:colcon.colcon_core.environment:checking '/home/jang/2024_7Dof/install/iiwa_bringup/bin'
[0.942s] Level 1:colcon.colcon_core.environment:checking '/home/jang/2024_7Dof/install/iiwa_bringup/lib/pkgconfig/iiwa_bringup.pc'
[0.943s] Level 1:colcon.colcon_core.environment:checking '/home/jang/2024_7Dof/install/iiwa_bringup/lib/python3.10/site-packages'
[0.943s] Level 1:colcon.colcon_core.environment:checking '/home/jang/2024_7Dof/install/iiwa_bringup/bin'
[0.943s] INFO:colcon.colcon_core.shell:Creating package script '/home/jang/2024_7Dof/install/iiwa_bringup/share/iiwa_bringup/package.ps1'
[0.943s] INFO:colcon.colcon_core.shell:Creating package descriptor '/home/jang/2024_7Dof/install/iiwa_bringup/share/iiwa_bringup/package.dsv'
[0.943s] INFO:colcon.colcon_core.shell:Creating package script '/home/jang/2024_7Dof/install/iiwa_bringup/share/iiwa_bringup/package.sh'
[0.944s] INFO:colcon.colcon_core.shell:Creating package script '/home/jang/2024_7Dof/install/iiwa_bringup/share/iiwa_bringup/package.bash'
[0.944s] INFO:colcon.colcon_core.shell:Creating package script '/home/jang/2024_7Dof/install/iiwa_bringup/share/iiwa_bringup/package.zsh'
[0.944s] Level 1:colcon.colcon_core.environment:create_file_with_runtime_dependencies(/home/jang/2024_7Dof/install/iiwa_bringup/share/colcon-core/packages/iiwa_bringup)
[0.965s] Level 1:colcon.colcon_core.environment:create_environment_scripts_only(iiwa_bringup)
[0.965s] Level 1:colcon.colcon_core.environment:checking '/home/jang/2024_7Dof/install/iiwa_bringup' for CMake module files
[0.965s] Level 1:colcon.colcon_core.environment:checking '/home/jang/2024_7Dof/install/iiwa_bringup' for CMake config files
[0.966s] Level 1:colcon.colcon_core.shell:create_environment_hook('iiwa_bringup', 'cmake_prefix_path')
[0.966s] INFO:colcon.colcon_core.shell:Creating environment hook '/home/jang/2024_7Dof/install/iiwa_bringup/share/iiwa_bringup/hook/cmake_prefix_path.ps1'
[0.966s] INFO:colcon.colcon_core.shell:Creating environment descriptor '/home/jang/2024_7Dof/install/iiwa_bringup/share/iiwa_bringup/hook/cmake_prefix_path.dsv'
[0.966s] INFO:colcon.colcon_core.shell:Creating environment hook '/home/jang/2024_7Dof/install/iiwa_bringup/share/iiwa_bringup/hook/cmake_prefix_path.sh'
[0.967s] Level 1:colcon.colcon_core.environment:checking '/home/jang/2024_7Dof/install/iiwa_bringup/bin'
[0.967s] Level 1:colcon.colcon_core.environment:checking '/home/jang/2024_7Dof/install/iiwa_bringup/lib/pkgconfig/iiwa_bringup.pc'
[0.967s] Level 1:colcon.colcon_core.environment:checking '/home/jang/2024_7Dof/install/iiwa_bringup/lib/python3.10/site-packages'
[0.967s] Level 1:colcon.colcon_core.environment:checking '/home/jang/2024_7Dof/install/iiwa_bringup/bin'
[0.967s] INFO:colcon.colcon_core.shell:Creating package script '/home/jang/2024_7Dof/install/iiwa_bringup/share/iiwa_bringup/package.ps1'
[0.967s] INFO:colcon.colcon_core.shell:Creating package descriptor '/home/jang/2024_7Dof/install/iiwa_bringup/share/iiwa_bringup/package.dsv'
[0.968s] INFO:colcon.colcon_core.shell:Creating package script '/home/jang/2024_7Dof/install/iiwa_bringup/share/iiwa_bringup/package.sh'
[0.968s] INFO:colcon.colcon_core.shell:Creating package script '/home/jang/2024_7Dof/install/iiwa_bringup/share/iiwa_bringup/package.bash'
[0.968s] INFO:colcon.colcon_core.shell:Creating package script '/home/jang/2024_7Dof/install/iiwa_bringup/share/iiwa_bringup/package.zsh'
[0.968s] Level 1:colcon.colcon_core.environment:create_file_with_runtime_dependencies(/home/jang/2024_7Dof/install/iiwa_bringup/share/colcon-core/packages/iiwa_bringup)
[0.999s] DEBUG:colcon.colcon_core.event_handler.log_command:Invoking command in '/home/jang/2024_7Dof/build/apf_nodes': PYTHONPATH=/home/jang/2024_7Dof/build/apf_nodes/prefix_override:/usr/lib/python3/dist-packages/colcon_core/task/python/colcon_distutils_commands:/home/jang/2024_7Dof/install/apf_nodes/lib/python3.10/site-packages:${PYTHONPATH} /usr/bin/python3 -W ignore:setup.py install is deprecated setup.py develop --editable --build-directory /home/jang/2024_7Dof/build/apf_nodes/build --no-deps symlink_data
[1.246s] Level 1:colcon.colcon_core.shell:create_environment_hook('apf_nodes', 'pythonpath_develop')
[1.246s] DEBUG:colcon.colcon_core.event_handler.log_command:Invoked command in '/home/jang/2024_7Dof/build/apf_nodes' returned '0': PYTHONPATH=/home/jang/2024_7Dof/build/apf_nodes/prefix_override:/usr/lib/python3/dist-packages/colcon_core/task/python/colcon_distutils_commands:/home/jang/2024_7Dof/install/apf_nodes/lib/python3.10/site-packages:${PYTHONPATH} /usr/bin/python3 -W ignore:setup.py install is deprecated setup.py develop --editable --build-directory /home/jang/2024_7Dof/build/apf_nodes/build --no-deps symlink_data
[1.247s] INFO:colcon.colcon_core.shell:Creating environment hook '/home/jang/2024_7Dof/build/apf_nodes/share/apf_nodes/hook/pythonpath_develop.ps1'
[1.247s] INFO:colcon.colcon_core.shell:Creating environment descriptor '/home/jang/2024_7Dof/build/apf_nodes/share/apf_nodes/hook/pythonpath_develop.dsv'
[1.247s] INFO:colcon.colcon_core.shell:Creating environment hook '/home/jang/2024_7Dof/build/apf_nodes/share/apf_nodes/hook/pythonpath_develop.sh'
[1.248s] Level 1:colcon.colcon_core.environment:checking '/home/jang/2024_7Dof/install/apf_nodes' for CMake module files
[1.248s] Level 1:colcon.colcon_core.environment:checking '/home/jang/2024_7Dof/install/apf_nodes' for CMake config files
[1.248s] Level 1:colcon.colcon_core.environment:checking '/home/jang/2024_7Dof/install/apf_nodes/lib'
[1.248s] Level 1:colcon.colcon_core.environment:checking '/home/jang/2024_7Dof/install/apf_nodes/bin'
[1.248s] Level 1:colcon.colcon_core.environment:checking '/home/jang/2024_7Dof/install/apf_nodes/lib/pkgconfig/apf_nodes.pc'
[1.248s] Level 1:colcon.colcon_core.environment:checking '/home/jang/2024_7Dof/install/apf_nodes/lib/python3.10/site-packages'
[1.248s] Level 1:colcon.colcon_core.shell:create_environment_hook('apf_nodes', 'pythonpath')
[1.249s] INFO:colcon.colcon_core.shell:Creating environment hook '/home/jang/2024_7Dof/install/apf_nodes/share/apf_nodes/hook/pythonpath.ps1'
[1.249s] INFO:colcon.colcon_core.shell:Creating environment descriptor '/home/jang/2024_7Dof/install/apf_nodes/share/apf_nodes/hook/pythonpath.dsv'
[1.249s] INFO:colcon.colcon_core.shell:Creating environment hook '/home/jang/2024_7Dof/install/apf_nodes/share/apf_nodes/hook/pythonpath.sh'
[1.249s] Level 1:colcon.colcon_core.environment:checking '/home/jang/2024_7Dof/install/apf_nodes/bin'
[1.249s] Level 1:colcon.colcon_core.environment:create_environment_scripts_only(apf_nodes)
[1.250s] INFO:colcon.colcon_core.shell:Creating package script '/home/jang/2024_7Dof/install/apf_nodes/share/apf_nodes/package.ps1'
[1.250s] INFO:colcon.colcon_core.shell:Creating package descriptor '/home/jang/2024_7Dof/install/apf_nodes/share/apf_nodes/package.dsv'
[1.250s] INFO:colcon.colcon_core.shell:Creating package script '/home/jang/2024_7Dof/install/apf_nodes/share/apf_nodes/package.sh'
[1.251s] INFO:colcon.colcon_core.shell:Creating package script '/home/jang/2024_7Dof/install/apf_nodes/share/apf_nodes/package.bash'
[1.251s] INFO:colcon.colcon_core.shell:Creating package script '/home/jang/2024_7Dof/install/apf_nodes/share/apf_nodes/package.zsh'
[1.251s] Level 1:colcon.colcon_core.environment:create_file_with_runtime_dependencies(/home/jang/2024_7Dof/install/apf_nodes/share/colcon-core/packages/apf_nodes)
[1.251s] DEBUG:colcon.colcon_parallel_executor.executor.parallel:closing loop
[1.251s] DEBUG:colcon.colcon_parallel_executor.executor.parallel:loop closed
[1.252s] DEBUG:colcon.colcon_parallel_executor.executor.parallel:run_until_complete finished with '0'
[1.252s] DEBUG:colcon.colcon_core.event_reactor:joining thread
[1.256s] INFO:colcon.colcon_core.plugin_system:Skipping extension 'colcon_notification.desktop_notification.terminal_notifier': Not used on non-Darwin systems
[1.256s] INFO:colcon.colcon_core.plugin_system:Skipping extension 'colcon_notification.desktop_notification.win32': Not used on non-Windows systems
[1.256s] INFO:colcon.colcon_notification.desktop_notification:Sending desktop notification using 'notify2'
[1.267s] DEBUG:colcon.colcon_core.event_reactor:joined thread
[1.267s] INFO:colcon.colcon_core.shell:Creating prefix script '/home/jang/2024_7Dof/install/local_setup.ps1'
[1.268s] INFO:colcon.colcon_core.shell:Creating prefix util module '/home/jang/2024_7Dof/install/_local_setup_util_ps1.py'
[1.269s] INFO:colcon.colcon_core.shell:Creating prefix chain script '/home/jang/2024_7Dof/install/setup.ps1'
[1.270s] INFO:colcon.colcon_core.shell:Creating prefix script '/home/jang/2024_7Dof/install/local_setup.sh'
[1.270s] INFO:colcon.colcon_core.shell:Creating prefix util module '/home/jang/2024_7Dof/install/_local_setup_util_sh.py'
[1.271s] INFO:colcon.colcon_core.shell:Creating prefix chain script '/home/jang/2024_7Dof/install/setup.sh'
[1.271s] INFO:colcon.colcon_core.shell:Creating prefix script '/home/jang/2024_7Dof/install/local_setup.bash'
[1.272s] INFO:colcon.colcon_core.shell:Creating prefix chain script '/home/jang/2024_7Dof/install/setup.bash'
[1.272s] INFO:colcon.colcon_core.shell:Creating prefix script '/home/jang/2024_7Dof/install/local_setup.zsh'
[1.273s] INFO:colcon.colcon_core.shell:Creating prefix chain script '/home/jang/2024_7Dof/install/setup.zsh'
