[0.084s] DEBUG:colcon:Command line arguments: ['/usr/bin/colcon', 'build', '--cmake-args', '-DCMAKE_BUILD_TYPE=Release', '--symlink-install']
[0.084s] DEBUG:colcon:Parsed command line arguments: Namespace(log_base=None, log_level=None, verb_name='build', build_base='build', install_base='install', merge_install=False, symlink_install=True, test_result_base=None, continue_on_error=False, executor='parallel', parallel_workers=16, event_handlers=None, ignore_user_meta=False, metas=['./colcon.meta'], base_paths=['.'], packages_ignore=None, packages_ignore_regex=None, paths=None, packages_up_to=None, packages_up_to_regex=None, packages_above=None, packages_above_and_dependencies=None, packages_above_depth=None, packages_select_by_dep=None, packages_skip_by_dep=None, packages_skip_up_to=None, packages_select_build_failed=False, packages_skip_build_finished=False, packages_select_test_failures=False, packages_skip_test_passed=False, packages_select=None, packages_skip=None, packages_select_regex=None, packages_skip_regex=None, packages_start=None, packages_end=None, allow_overriding=[], cmake_args=['-DCMAKE_BUILD_TYPE=Release'], cmake_target=None, cmake_target_skip_unavailable=False, cmake_clean_cache=False, cmake_clean_first=False, cmake_force_configure=False, ament_cmake_args=None, catkin_cmake_args=None, catkin_skip_building_tests=False, mixin_files=None, mixin=None, verb_parser=<colcon_mixin.mixin.mixin_argument.MixinArgumentDecorator object at 0x7a247352b370>, verb_extension=<colcon_core.verb.build.BuildVerb object at 0x7a247361fbe0>, main=<bound method BuildVerb.main of <colcon_core.verb.build.BuildVerb object at 0x7a247361fbe0>>, mixin_verb=('build',))
[0.205s] Level 1:colcon.colcon_core.package_discovery:discover_packages(colcon_meta) check parameters
[0.205s] Level 1:colcon.colcon_core.package_discovery:discover_packages(recursive) check parameters
[0.205s] Level 1:colcon.colcon_core.package_discovery:discover_packages(ignore) check parameters
[0.205s] Level 1:colcon.colcon_core.package_discovery:discover_packages(path) check parameters
[0.205s] Level 1:colcon.colcon_core.package_discovery:discover_packages(colcon_meta) discover
[0.205s] Level 1:colcon.colcon_core.package_discovery:discover_packages(recursive) discover
[0.205s] INFO:colcon.colcon_core.package_discovery:Crawling recursively for packages in '/home/jang/2024_7Dof'
[0.206s] Level 1:colcon.colcon_core.package_identification:_identify(.) by extensions ['ignore', 'ignore_ament_install']
[0.206s] Level 1:colcon.colcon_core.package_identification:_identify(.) by extension 'ignore'
[0.206s] Level 1:colcon.colcon_core.package_identification:_identify(.) by extension 'ignore_ament_install'
[0.206s] Level 1:colcon.colcon_core.package_identification:_identify(.) by extensions ['colcon_pkg']
[0.206s] Level 1:colcon.colcon_core.package_identification:_identify(.) by extension 'colcon_pkg'
[0.206s] Level 1:colcon.colcon_core.package_identification:_identify(.) by extensions ['colcon_meta']
[0.206s] Level 1:colcon.colcon_core.package_identification:_identify(.) by extension 'colcon_meta'
[0.206s] Level 1:colcon.colcon_core.package_identification:_identify(.) by extensions ['ros']
[0.206s] Level 1:colcon.colcon_core.package_identification:_identify(.) by extension 'ros'
[0.213s] Level 1:colcon.colcon_core.package_identification:_identify(.) by extensions ['cmake', 'python']
[0.213s] Level 1:colcon.colcon_core.package_identification:_identify(.) by extension 'cmake'
[0.213s] Level 1:colcon.colcon_core.package_identification:_identify(.) by extension 'python'
[0.213s] Level 1:colcon.colcon_core.package_identification:_identify(.) by extensions ['python_setup_py']
[0.213s] Level 1:colcon.colcon_core.package_identification:_identify(.) by extension 'python_setup_py'
[0.213s] Level 1:colcon.colcon_core.package_identification:_identify(build) by extensions ['ignore', 'ignore_ament_install']
[0.213s] Level 1:colcon.colcon_core.package_identification:_identify(build) by extension 'ignore'
[0.213s] Level 1:colcon.colcon_core.package_identification:_identify(build) ignored
[0.213s] Level 1:colcon.colcon_core.package_identification:_identify(install) by extensions ['ignore', 'ignore_ament_install']
[0.213s] Level 1:colcon.colcon_core.package_identification:_identify(install) by extension 'ignore'
[0.213s] Level 1:colcon.colcon_core.package_identification:_identify(install) ignored
[0.213s] Level 1:colcon.colcon_core.package_identification:_identify(log) by extensions ['ignore', 'ignore_ament_install']
[0.213s] Level 1:colcon.colcon_core.package_identification:_identify(log) by extension 'ignore'
[0.213s] Level 1:colcon.colcon_core.package_identification:_identify(log) ignored
[0.213s] Level 1:colcon.colcon_core.package_identification:_identify(src) by extensions ['ignore', 'ignore_ament_install']
[0.213s] Level 1:colcon.colcon_core.package_identification:_identify(src) by extension 'ignore'
[0.213s] Level 1:colcon.colcon_core.package_identification:_identify(src) by extension 'ignore_ament_install'
[0.213s] Level 1:colcon.colcon_core.package_identification:_identify(src) by extensions ['colcon_pkg']
[0.213s] Level 1:colcon.colcon_core.package_identification:_identify(src) by extension 'colcon_pkg'
[0.213s] Level 1:colcon.colcon_core.package_identification:_identify(src) by extensions ['colcon_meta']
[0.213s] Level 1:colcon.colcon_core.package_identification:_identify(src) by extension 'colcon_meta'
[0.213s] Level 1:colcon.colcon_core.package_identification:_identify(src) by extensions ['ros']
[0.213s] Level 1:colcon.colcon_core.package_identification:_identify(src) by extension 'ros'
[0.213s] Level 1:colcon.colcon_core.package_identification:_identify(src) by extensions ['cmake', 'python']
[0.213s] Level 1:colcon.colcon_core.package_identification:_identify(src) by extension 'cmake'
[0.213s] Level 1:colcon.colcon_core.package_identification:_identify(src) by extension 'python'
[0.213s] Level 1:colcon.colcon_core.package_identification:_identify(src) by extensions ['python_setup_py']
[0.213s] Level 1:colcon.colcon_core.package_identification:_identify(src) by extension 'python_setup_py'
[0.214s] Level 1:colcon.colcon_core.package_identification:_identify(src/apf_nodes) by extensions ['ignore', 'ignore_ament_install']
[0.214s] Level 1:colcon.colcon_core.package_identification:_identify(src/apf_nodes) by extension 'ignore'
[0.214s] Level 1:colcon.colcon_core.package_identification:_identify(src/apf_nodes) by extension 'ignore_ament_install'
[0.214s] Level 1:colcon.colcon_core.package_identification:_identify(src/apf_nodes) by extensions ['colcon_pkg']
[0.214s] Level 1:colcon.colcon_core.package_identification:_identify(src/apf_nodes) by extension 'colcon_pkg'
[0.214s] Level 1:colcon.colcon_core.package_identification:_identify(src/apf_nodes) by extensions ['colcon_meta']
[0.214s] Level 1:colcon.colcon_core.package_identification:_identify(src/apf_nodes) by extension 'colcon_meta'
[0.214s] Level 1:colcon.colcon_core.package_identification:_identify(src/apf_nodes) by extensions ['ros']
[0.214s] Level 1:colcon.colcon_core.package_identification:_identify(src/apf_nodes) by extension 'ros'
[0.215s] DEBUG:colcon.colcon_core.package_identification:Package 'src/apf_nodes' with type 'ros.ament_python' and name 'apf_nodes'
[0.215s] Level 1:colcon.colcon_core.package_identification:_identify(src/build) by extensions ['ignore', 'ignore_ament_install']
[0.215s] Level 1:colcon.colcon_core.package_identification:_identify(src/build) by extension 'ignore'
[0.215s] Level 1:colcon.colcon_core.package_identification:_identify(src/build) ignored
[0.215s] Level 1:colcon.colcon_core.package_identification:_identify(src/culjaco) by extensions ['ignore', 'ignore_ament_install']
[0.215s] Level 1:colcon.colcon_core.package_identification:_identify(src/culjaco) by extension 'ignore'
[0.215s] Level 1:colcon.colcon_core.package_identification:_identify(src/culjaco) by extension 'ignore_ament_install'
[0.215s] Level 1:colcon.colcon_core.package_identification:_identify(src/culjaco) by extensions ['colcon_pkg']
[0.215s] Level 1:colcon.colcon_core.package_identification:_identify(src/culjaco) by extension 'colcon_pkg'
[0.215s] Level 1:colcon.colcon_core.package_identification:_identify(src/culjaco) by extensions ['colcon_meta']
[0.215s] Level 1:colcon.colcon_core.package_identification:_identify(src/culjaco) by extension 'colcon_meta'
[0.215s] Level 1:colcon.colcon_core.package_identification:_identify(src/culjaco) by extensions ['ros']
[0.215s] Level 1:colcon.colcon_core.package_identification:_identify(src/culjaco) by extension 'ros'
[0.216s] DEBUG:colcon.colcon_core.package_identification:Package 'src/culjaco' with type 'ros.ament_cmake' and name 'culjaco'
[0.216s] Level 1:colcon.colcon_core.package_identification:_identify(src/iiwa_ros2) by extensions ['ignore', 'ignore_ament_install']
[0.216s] Level 1:colcon.colcon_core.package_identification:_identify(src/iiwa_ros2) by extension 'ignore'
[0.216s] Level 1:colcon.colcon_core.package_identification:_identify(src/iiwa_ros2) by extension 'ignore_ament_install'
[0.216s] Level 1:colcon.colcon_core.package_identification:_identify(src/iiwa_ros2) by extensions ['colcon_pkg']
[0.216s] Level 1:colcon.colcon_core.package_identification:_identify(src/iiwa_ros2) by extension 'colcon_pkg'
[0.216s] Level 1:colcon.colcon_core.package_identification:_identify(src/iiwa_ros2) by extensions ['colcon_meta']
[0.216s] Level 1:colcon.colcon_core.package_identification:_identify(src/iiwa_ros2) by extension 'colcon_meta'
[0.216s] Level 1:colcon.colcon_core.package_identification:_identify(src/iiwa_ros2) by extensions ['ros']
[0.216s] Level 1:colcon.colcon_core.package_identification:_identify(src/iiwa_ros2) by extension 'ros'
[0.216s] Level 1:colcon.colcon_core.package_identification:_identify(src/iiwa_ros2) by extensions ['cmake', 'python']
[0.216s] Level 1:colcon.colcon_core.package_identification:_identify(src/iiwa_ros2) by extension 'cmake'
[0.216s] Level 1:colcon.colcon_core.package_identification:_identify(src/iiwa_ros2) by extension 'python'
[0.216s] Level 1:colcon.colcon_core.package_identification:_identify(src/iiwa_ros2) by extensions ['python_setup_py']
[0.216s] Level 1:colcon.colcon_core.package_identification:_identify(src/iiwa_ros2) by extension 'python_setup_py'
[0.216s] Level 1:colcon.colcon_core.package_identification:_identify(src/iiwa_ros2/iiwa_bringup) by extensions ['ignore', 'ignore_ament_install']
[0.216s] Level 1:colcon.colcon_core.package_identification:_identify(src/iiwa_ros2/iiwa_bringup) by extension 'ignore'
[0.216s] Level 1:colcon.colcon_core.package_identification:_identify(src/iiwa_ros2/iiwa_bringup) by extension 'ignore_ament_install'
[0.216s] Level 1:colcon.colcon_core.package_identification:_identify(src/iiwa_ros2/iiwa_bringup) by extensions ['colcon_pkg']
[0.216s] Level 1:colcon.colcon_core.package_identification:_identify(src/iiwa_ros2/iiwa_bringup) by extension 'colcon_pkg'
[0.216s] Level 1:colcon.colcon_core.package_identification:_identify(src/iiwa_ros2/iiwa_bringup) by extensions ['colcon_meta']
[0.216s] Level 1:colcon.colcon_core.package_identification:_identify(src/iiwa_ros2/iiwa_bringup) by extension 'colcon_meta'
[0.216s] Level 1:colcon.colcon_core.package_identification:_identify(src/iiwa_ros2/iiwa_bringup) by extensions ['ros']
[0.216s] Level 1:colcon.colcon_core.package_identification:_identify(src/iiwa_ros2/iiwa_bringup) by extension 'ros'
[0.217s] DEBUG:colcon.colcon_core.package_identification:Package 'src/iiwa_ros2/iiwa_bringup' with type 'ros.ament_cmake' and name 'iiwa_bringup'
[0.217s] Level 1:colcon.colcon_core.package_identification:_identify(src/iiwa_ros2/iiwa_controllers) by extensions ['ignore', 'ignore_ament_install']
[0.217s] Level 1:colcon.colcon_core.package_identification:_identify(src/iiwa_ros2/iiwa_controllers) by extension 'ignore'
[0.217s] Level 1:colcon.colcon_core.package_identification:_identify(src/iiwa_ros2/iiwa_controllers) by extension 'ignore_ament_install'
[0.217s] Level 1:colcon.colcon_core.package_identification:_identify(src/iiwa_ros2/iiwa_controllers) by extensions ['colcon_pkg']
[0.217s] Level 1:colcon.colcon_core.package_identification:_identify(src/iiwa_ros2/iiwa_controllers) by extension 'colcon_pkg'
[0.217s] Level 1:colcon.colcon_core.package_identification:_identify(src/iiwa_ros2/iiwa_controllers) by extensions ['colcon_meta']
[0.217s] Level 1:colcon.colcon_core.package_identification:_identify(src/iiwa_ros2/iiwa_controllers) by extension 'colcon_meta'
[0.217s] Level 1:colcon.colcon_core.package_identification:_identify(src/iiwa_ros2/iiwa_controllers) by extensions ['ros']
[0.217s] Level 1:colcon.colcon_core.package_identification:_identify(src/iiwa_ros2/iiwa_controllers) by extension 'ros'
[0.217s] Level 1:colcon.colcon_core.package_identification:_identify(src/iiwa_ros2/iiwa_controllers) by extensions ['cmake', 'python']
[0.217s] Level 1:colcon.colcon_core.package_identification:_identify(src/iiwa_ros2/iiwa_controllers) by extension 'cmake'
[0.217s] Level 1:colcon.colcon_core.package_identification:_identify(src/iiwa_ros2/iiwa_controllers) by extension 'python'
[0.217s] Level 1:colcon.colcon_core.package_identification:_identify(src/iiwa_ros2/iiwa_controllers) by extensions ['python_setup_py']
[0.217s] Level 1:colcon.colcon_core.package_identification:_identify(src/iiwa_ros2/iiwa_controllers) by extension 'python_setup_py'
[0.217s] Level 1:colcon.colcon_core.package_identification:_identify(src/iiwa_ros2/iiwa_controllers/admittance_controller) by extensions ['ignore', 'ignore_ament_install']
[0.217s] Level 1:colcon.colcon_core.package_identification:_identify(src/iiwa_ros2/iiwa_controllers/admittance_controller) by extension 'ignore'
[0.217s] Level 1:colcon.colcon_core.package_identification:_identify(src/iiwa_ros2/iiwa_controllers/admittance_controller) by extension 'ignore_ament_install'
[0.217s] Level 1:colcon.colcon_core.package_identification:_identify(src/iiwa_ros2/iiwa_controllers/admittance_controller) by extensions ['colcon_pkg']
[0.217s] Level 1:colcon.colcon_core.package_identification:_identify(src/iiwa_ros2/iiwa_controllers/admittance_controller) by extension 'colcon_pkg'
[0.217s] Level 1:colcon.colcon_core.package_identification:_identify(src/iiwa_ros2/iiwa_controllers/admittance_controller) by extensions ['colcon_meta']
[0.217s] Level 1:colcon.colcon_core.package_identification:_identify(src/iiwa_ros2/iiwa_controllers/admittance_controller) by extension 'colcon_meta'
[0.217s] Level 1:colcon.colcon_core.package_identification:_identify(src/iiwa_ros2/iiwa_controllers/admittance_controller) by extensions ['ros']
[0.217s] Level 1:colcon.colcon_core.package_identification:_identify(src/iiwa_ros2/iiwa_controllers/admittance_controller) by extension 'ros'
[0.218s] Level 1:colcon.colcon_core.package_identification:_identify(src/iiwa_ros2/iiwa_controllers/admittance_controller) ignored
[0.218s] Level 1:colcon.colcon_core.package_identification:_identify(src/iiwa_ros2/iiwa_controllers/external_torque_sensor_broadcaster) by extensions ['ignore', 'ignore_ament_install']
[0.218s] Level 1:colcon.colcon_core.package_identification:_identify(src/iiwa_ros2/iiwa_controllers/external_torque_sensor_broadcaster) by extension 'ignore'
[0.218s] Level 1:colcon.colcon_core.package_identification:_identify(src/iiwa_ros2/iiwa_controllers/external_torque_sensor_broadcaster) by extension 'ignore_ament_install'
[0.218s] Level 1:colcon.colcon_core.package_identification:_identify(src/iiwa_ros2/iiwa_controllers/external_torque_sensor_broadcaster) by extensions ['colcon_pkg']
[0.218s] Level 1:colcon.colcon_core.package_identification:_identify(src/iiwa_ros2/iiwa_controllers/external_torque_sensor_broadcaster) by extension 'colcon_pkg'
[0.218s] Level 1:colcon.colcon_core.package_identification:_identify(src/iiwa_ros2/iiwa_controllers/external_torque_sensor_broadcaster) by extensions ['colcon_meta']
[0.218s] Level 1:colcon.colcon_core.package_identification:_identify(src/iiwa_ros2/iiwa_controllers/external_torque_sensor_broadcaster) by extension 'colcon_meta'
[0.218s] Level 1:colcon.colcon_core.package_identification:_identify(src/iiwa_ros2/iiwa_controllers/external_torque_sensor_broadcaster) by extensions ['ros']
[0.218s] Level 1:colcon.colcon_core.package_identification:_identify(src/iiwa_ros2/iiwa_controllers/external_torque_sensor_broadcaster) by extension 'ros'
[0.218s] DEBUG:colcon.colcon_core.package_identification:Package 'src/iiwa_ros2/iiwa_controllers/external_torque_sensor_broadcaster' with type 'ros.ament_cmake' and name 'external_torque_sensor_broadcaster'
[0.218s] Level 1:colcon.colcon_core.package_identification:_identify(src/iiwa_ros2/iiwa_controllers/impedance_controller) by extensions ['ignore', 'ignore_ament_install']
[0.218s] Level 1:colcon.colcon_core.package_identification:_identify(src/iiwa_ros2/iiwa_controllers/impedance_controller) by extension 'ignore'
[0.218s] Level 1:colcon.colcon_core.package_identification:_identify(src/iiwa_ros2/iiwa_controllers/impedance_controller) by extension 'ignore_ament_install'
[0.218s] Level 1:colcon.colcon_core.package_identification:_identify(src/iiwa_ros2/iiwa_controllers/impedance_controller) by extensions ['colcon_pkg']
[0.218s] Level 1:colcon.colcon_core.package_identification:_identify(src/iiwa_ros2/iiwa_controllers/impedance_controller) by extension 'colcon_pkg'
[0.218s] Level 1:colcon.colcon_core.package_identification:_identify(src/iiwa_ros2/iiwa_controllers/impedance_controller) by extensions ['colcon_meta']
[0.218s] Level 1:colcon.colcon_core.package_identification:_identify(src/iiwa_ros2/iiwa_controllers/impedance_controller) by extension 'colcon_meta'
[0.218s] Level 1:colcon.colcon_core.package_identification:_identify(src/iiwa_ros2/iiwa_controllers/impedance_controller) by extensions ['ros']
[0.218s] Level 1:colcon.colcon_core.package_identification:_identify(src/iiwa_ros2/iiwa_controllers/impedance_controller) by extension 'ros'
[0.219s] DEBUG:colcon.colcon_core.package_identification:Package 'src/iiwa_ros2/iiwa_controllers/impedance_controller' with type 'ros.ament_cmake' and name 'impedance_controller'
[0.219s] Level 1:colcon.colcon_core.package_identification:_identify(src/iiwa_ros2/iiwa_description) by extensions ['ignore', 'ignore_ament_install']
[0.219s] Level 1:colcon.colcon_core.package_identification:_identify(src/iiwa_ros2/iiwa_description) by extension 'ignore'
[0.219s] Level 1:colcon.colcon_core.package_identification:_identify(src/iiwa_ros2/iiwa_description) by extension 'ignore_ament_install'
[0.219s] Level 1:colcon.colcon_core.package_identification:_identify(src/iiwa_ros2/iiwa_description) by extensions ['colcon_pkg']
[0.219s] Level 1:colcon.colcon_core.package_identification:_identify(src/iiwa_ros2/iiwa_description) by extension 'colcon_pkg'
[0.219s] Level 1:colcon.colcon_core.package_identification:_identify(src/iiwa_ros2/iiwa_description) by extensions ['colcon_meta']
[0.219s] Level 1:colcon.colcon_core.package_identification:_identify(src/iiwa_ros2/iiwa_description) by extension 'colcon_meta'
[0.219s] Level 1:colcon.colcon_core.package_identification:_identify(src/iiwa_ros2/iiwa_description) by extensions ['ros']
[0.219s] Level 1:colcon.colcon_core.package_identification:_identify(src/iiwa_ros2/iiwa_description) by extension 'ros'
[0.219s] DEBUG:colcon.colcon_core.package_identification:Package 'src/iiwa_ros2/iiwa_description' with type 'ros.ament_cmake' and name 'iiwa_description'
[0.219s] Level 1:colcon.colcon_core.package_identification:_identify(src/iiwa_ros2/iiwa_moveit2) by extensions ['ignore', 'ignore_ament_install']
[0.220s] Level 1:colcon.colcon_core.package_identification:_identify(src/iiwa_ros2/iiwa_moveit2) by extension 'ignore'
[0.220s] Level 1:colcon.colcon_core.package_identification:_identify(src/iiwa_ros2/iiwa_moveit2) by extension 'ignore_ament_install'
[0.220s] Level 1:colcon.colcon_core.package_identification:_identify(src/iiwa_ros2/iiwa_moveit2) by extensions ['colcon_pkg']
[0.220s] Level 1:colcon.colcon_core.package_identification:_identify(src/iiwa_ros2/iiwa_moveit2) by extension 'colcon_pkg'
[0.220s] Level 1:colcon.colcon_core.package_identification:_identify(src/iiwa_ros2/iiwa_moveit2) by extensions ['colcon_meta']
[0.220s] Level 1:colcon.colcon_core.package_identification:_identify(src/iiwa_ros2/iiwa_moveit2) by extension 'colcon_meta'
[0.220s] Level 1:colcon.colcon_core.package_identification:_identify(src/iiwa_ros2/iiwa_moveit2) by extensions ['ros']
[0.220s] Level 1:colcon.colcon_core.package_identification:_identify(src/iiwa_ros2/iiwa_moveit2) by extension 'ros'
[0.220s] DEBUG:colcon.colcon_core.package_identification:Package 'src/iiwa_ros2/iiwa_moveit2' with type 'ros.ament_cmake' and name 'iiwa_moveit2'
[0.220s] Level 1:colcon.colcon_core.package_identification:_identify(src/install) by extensions ['ignore', 'ignore_ament_install']
[0.220s] Level 1:colcon.colcon_core.package_identification:_identify(src/install) by extension 'ignore'
[0.220s] Level 1:colcon.colcon_core.package_identification:_identify(src/install) ignored
[0.220s] Level 1:colcon.colcon_core.package_identification:_identify(src/log) by extensions ['ignore', 'ignore_ament_install']
[0.220s] Level 1:colcon.colcon_core.package_identification:_identify(src/log) by extension 'ignore'
[0.221s] Level 1:colcon.colcon_core.package_identification:_identify(src/log) ignored
[0.221s] Level 1:colcon.colcon_core.package_discovery:discover_packages(recursive) using defaults
[0.221s] Level 1:colcon.colcon_core.package_discovery:discover_packages(ignore) discover
[0.221s] Level 1:colcon.colcon_core.package_discovery:discover_packages(ignore) using defaults
[0.221s] Level 1:colcon.colcon_core.package_discovery:discover_packages(path) discover
[0.221s] Level 1:colcon.colcon_core.package_discovery:discover_packages(path) using defaults
[0.246s] Level 1:colcon.colcon_core.package_discovery:discover_packages(prefix_path) check parameters
[0.246s] Level 1:colcon.colcon_core.package_discovery:discover_packages(prefix_path) discover
[0.248s] DEBUG:colcon.colcon_installed_package_information.package_discovery:Found 7 installed packages in /home/jang/2024_7Dof/install
[0.248s] DEBUG:colcon.colcon_installed_package_information.package_discovery:Found 367 installed packages in /opt/ros/humble
[0.249s] Level 1:colcon.colcon_core.package_discovery:discover_packages(prefix_path) using defaults
[0.272s] Level 5:colcon.colcon_core.verb:set package 'apf_nodes' build argument 'cmake_args' from command line to '['-DCMAKE_BUILD_TYPE=Release']'
[0.272s] Level 5:colcon.colcon_core.verb:set package 'apf_nodes' build argument 'cmake_target' from command line to 'None'
[0.272s] Level 5:colcon.colcon_core.verb:set package 'apf_nodes' build argument 'cmake_target_skip_unavailable' from command line to 'False'
[0.272s] Level 5:colcon.colcon_core.verb:set package 'apf_nodes' build argument 'cmake_clean_cache' from command line to 'False'
[0.273s] Level 5:colcon.colcon_core.verb:set package 'apf_nodes' build argument 'cmake_clean_first' from command line to 'False'
[0.273s] Level 5:colcon.colcon_core.verb:set package 'apf_nodes' build argument 'cmake_force_configure' from command line to 'False'
[0.273s] Level 5:colcon.colcon_core.verb:set package 'apf_nodes' build argument 'ament_cmake_args' from command line to 'None'
[0.273s] Level 5:colcon.colcon_core.verb:set package 'apf_nodes' build argument 'catkin_cmake_args' from command line to 'None'
[0.273s] Level 5:colcon.colcon_core.verb:set package 'apf_nodes' build argument 'catkin_skip_building_tests' from command line to 'False'
[0.273s] DEBUG:colcon.colcon_core.verb:Building package 'apf_nodes' with the following arguments: {'ament_cmake_args': None, 'build_base': '/home/jang/2024_7Dof/build/apf_nodes', 'catkin_cmake_args': None, 'catkin_skip_building_tests': False, 'cmake_args': ['-DCMAKE_BUILD_TYPE=Release'], 'cmake_clean_cache': False, 'cmake_clean_first': False, 'cmake_force_configure': False, 'cmake_target': None, 'cmake_target_skip_unavailable': False, 'install_base': '/home/jang/2024_7Dof/install/apf_nodes', 'merge_install': False, 'path': '/home/jang/2024_7Dof/src/apf_nodes', 'symlink_install': True, 'test_result_base': None}
[0.273s] Level 5:colcon.colcon_core.verb:set package 'culjaco' build argument 'cmake_args' from command line to '['-DCMAKE_BUILD_TYPE=Release']'
[0.273s] Level 5:colcon.colcon_core.verb:set package 'culjaco' build argument 'cmake_target' from command line to 'None'
[0.273s] Level 5:colcon.colcon_core.verb:set package 'culjaco' build argument 'cmake_target_skip_unavailable' from command line to 'False'
[0.273s] Level 5:colcon.colcon_core.verb:set package 'culjaco' build argument 'cmake_clean_cache' from command line to 'False'
[0.273s] Level 5:colcon.colcon_core.verb:set package 'culjaco' build argument 'cmake_clean_first' from command line to 'False'
[0.273s] Level 5:colcon.colcon_core.verb:set package 'culjaco' build argument 'cmake_force_configure' from command line to 'False'
[0.273s] Level 5:colcon.colcon_core.verb:set package 'culjaco' build argument 'ament_cmake_args' from command line to 'None'
[0.273s] Level 5:colcon.colcon_core.verb:set package 'culjaco' build argument 'catkin_cmake_args' from command line to 'None'
[0.273s] Level 5:colcon.colcon_core.verb:set package 'culjaco' build argument 'catkin_skip_building_tests' from command line to 'False'
[0.273s] DEBUG:colcon.colcon_core.verb:Building package 'culjaco' with the following arguments: {'ament_cmake_args': None, 'build_base': '/home/jang/2024_7Dof/build/culjaco', 'catkin_cmake_args': None, 'catkin_skip_building_tests': False, 'cmake_args': ['-DCMAKE_BUILD_TYPE=Release'], 'cmake_clean_cache': False, 'cmake_clean_first': False, 'cmake_force_configure': False, 'cmake_target': None, 'cmake_target_skip_unavailable': False, 'install_base': '/home/jang/2024_7Dof/install/culjaco', 'merge_install': False, 'path': '/home/jang/2024_7Dof/src/culjaco', 'symlink_install': True, 'test_result_base': None}
[0.273s] Level 5:colcon.colcon_core.verb:set package 'external_torque_sensor_broadcaster' build argument 'cmake_args' from command line to '['-DCMAKE_BUILD_TYPE=Release']'
[0.273s] Level 5:colcon.colcon_core.verb:set package 'external_torque_sensor_broadcaster' build argument 'cmake_target' from command line to 'None'
[0.273s] Level 5:colcon.colcon_core.verb:set package 'external_torque_sensor_broadcaster' build argument 'cmake_target_skip_unavailable' from command line to 'False'
[0.273s] Level 5:colcon.colcon_core.verb:set package 'external_torque_sensor_broadcaster' build argument 'cmake_clean_cache' from command line to 'False'
[0.273s] Level 5:colcon.colcon_core.verb:set package 'external_torque_sensor_broadcaster' build argument 'cmake_clean_first' from command line to 'False'
[0.273s] Level 5:colcon.colcon_core.verb:set package 'external_torque_sensor_broadcaster' build argument 'cmake_force_configure' from command line to 'False'
[0.273s] Level 5:colcon.colcon_core.verb:set package 'external_torque_sensor_broadcaster' build argument 'ament_cmake_args' from command line to 'None'
[0.273s] Level 5:colcon.colcon_core.verb:set package 'external_torque_sensor_broadcaster' build argument 'catkin_cmake_args' from command line to 'None'
[0.273s] Level 5:colcon.colcon_core.verb:set package 'external_torque_sensor_broadcaster' build argument 'catkin_skip_building_tests' from command line to 'False'
[0.273s] DEBUG:colcon.colcon_core.verb:Building package 'external_torque_sensor_broadcaster' with the following arguments: {'ament_cmake_args': None, 'build_base': '/home/jang/2024_7Dof/build/external_torque_sensor_broadcaster', 'catkin_cmake_args': None, 'catkin_skip_building_tests': False, 'cmake_args': ['-DCMAKE_BUILD_TYPE=Release'], 'cmake_clean_cache': False, 'cmake_clean_first': False, 'cmake_force_configure': False, 'cmake_target': None, 'cmake_target_skip_unavailable': False, 'install_base': '/home/jang/2024_7Dof/install/external_torque_sensor_broadcaster', 'merge_install': False, 'path': '/home/jang/2024_7Dof/src/iiwa_ros2/iiwa_controllers/external_torque_sensor_broadcaster', 'symlink_install': True, 'test_result_base': None}
[0.273s] Level 5:colcon.colcon_core.verb:set package 'iiwa_description' build argument 'cmake_args' from command line to '['-DCMAKE_BUILD_TYPE=Release']'
[0.273s] Level 5:colcon.colcon_core.verb:set package 'iiwa_description' build argument 'cmake_target' from command line to 'None'
[0.273s] Level 5:colcon.colcon_core.verb:set package 'iiwa_description' build argument 'cmake_target_skip_unavailable' from command line to 'False'
[0.273s] Level 5:colcon.colcon_core.verb:set package 'iiwa_description' build argument 'cmake_clean_cache' from command line to 'False'
[0.273s] Level 5:colcon.colcon_core.verb:set package 'iiwa_description' build argument 'cmake_clean_first' from command line to 'False'
[0.273s] Level 5:colcon.colcon_core.verb:set package 'iiwa_description' build argument 'cmake_force_configure' from command line to 'False'
[0.273s] Level 5:colcon.colcon_core.verb:set package 'iiwa_description' build argument 'ament_cmake_args' from command line to 'None'
[0.273s] Level 5:colcon.colcon_core.verb:set package 'iiwa_description' build argument 'catkin_cmake_args' from command line to 'None'
[0.273s] Level 5:colcon.colcon_core.verb:set package 'iiwa_description' build argument 'catkin_skip_building_tests' from command line to 'False'
[0.273s] DEBUG:colcon.colcon_core.verb:Building package 'iiwa_description' with the following arguments: {'ament_cmake_args': None, 'build_base': '/home/jang/2024_7Dof/build/iiwa_description', 'catkin_cmake_args': None, 'catkin_skip_building_tests': False, 'cmake_args': ['-DCMAKE_BUILD_TYPE=Release'], 'cmake_clean_cache': False, 'cmake_clean_first': False, 'cmake_force_configure': False, 'cmake_target': None, 'cmake_target_skip_unavailable': False, 'install_base': '/home/jang/2024_7Dof/install/iiwa_description', 'merge_install': False, 'path': '/home/jang/2024_7Dof/src/iiwa_ros2/iiwa_description', 'symlink_install': True, 'test_result_base': None}
[0.274s] Level 5:colcon.colcon_core.verb:set package 'iiwa_moveit2' build argument 'cmake_args' from command line to '['-DCMAKE_BUILD_TYPE=Release']'
[0.274s] Level 5:colcon.colcon_core.verb:set package 'iiwa_moveit2' build argument 'cmake_target' from command line to 'None'
[0.274s] Level 5:colcon.colcon_core.verb:set package 'iiwa_moveit2' build argument 'cmake_target_skip_unavailable' from command line to 'False'
[0.274s] Level 5:colcon.colcon_core.verb:set package 'iiwa_moveit2' build argument 'cmake_clean_cache' from command line to 'False'
[0.274s] Level 5:colcon.colcon_core.verb:set package 'iiwa_moveit2' build argument 'cmake_clean_first' from command line to 'False'
[0.274s] Level 5:colcon.colcon_core.verb:set package 'iiwa_moveit2' build argument 'cmake_force_configure' from command line to 'False'
[0.274s] Level 5:colcon.colcon_core.verb:set package 'iiwa_moveit2' build argument 'ament_cmake_args' from command line to 'None'
[0.274s] Level 5:colcon.colcon_core.verb:set package 'iiwa_moveit2' build argument 'catkin_cmake_args' from command line to 'None'
[0.274s] Level 5:colcon.colcon_core.verb:set package 'iiwa_moveit2' build argument 'catkin_skip_building_tests' from command line to 'False'
[0.274s] DEBUG:colcon.colcon_core.verb:Building package 'iiwa_moveit2' with the following arguments: {'ament_cmake_args': None, 'build_base': '/home/jang/2024_7Dof/build/iiwa_moveit2', 'catkin_cmake_args': None, 'catkin_skip_building_tests': False, 'cmake_args': ['-DCMAKE_BUILD_TYPE=Release'], 'cmake_clean_cache': False, 'cmake_clean_first': False, 'cmake_force_configure': False, 'cmake_target': None, 'cmake_target_skip_unavailable': False, 'install_base': '/home/jang/2024_7Dof/install/iiwa_moveit2', 'merge_install': False, 'path': '/home/jang/2024_7Dof/src/iiwa_ros2/iiwa_moveit2', 'symlink_install': True, 'test_result_base': None}
[0.274s] Level 5:colcon.colcon_core.verb:set package 'impedance_controller' build argument 'cmake_args' from command line to '['-DCMAKE_BUILD_TYPE=Release']'
[0.274s] Level 5:colcon.colcon_core.verb:set package 'impedance_controller' build argument 'cmake_target' from command line to 'None'
[0.274s] Level 5:colcon.colcon_core.verb:set package 'impedance_controller' build argument 'cmake_target_skip_unavailable' from command line to 'False'
[0.274s] Level 5:colcon.colcon_core.verb:set package 'impedance_controller' build argument 'cmake_clean_cache' from command line to 'False'
[0.274s] Level 5:colcon.colcon_core.verb:set package 'impedance_controller' build argument 'cmake_clean_first' from command line to 'False'
[0.274s] Level 5:colcon.colcon_core.verb:set package 'impedance_controller' build argument 'cmake_force_configure' from command line to 'False'
[0.274s] Level 5:colcon.colcon_core.verb:set package 'impedance_controller' build argument 'ament_cmake_args' from command line to 'None'
[0.274s] Level 5:colcon.colcon_core.verb:set package 'impedance_controller' build argument 'catkin_cmake_args' from command line to 'None'
[0.274s] Level 5:colcon.colcon_core.verb:set package 'impedance_controller' build argument 'catkin_skip_building_tests' from command line to 'False'
[0.274s] DEBUG:colcon.colcon_core.verb:Building package 'impedance_controller' with the following arguments: {'ament_cmake_args': None, 'build_base': '/home/jang/2024_7Dof/build/impedance_controller', 'catkin_cmake_args': None, 'catkin_skip_building_tests': False, 'cmake_args': ['-DCMAKE_BUILD_TYPE=Release'], 'cmake_clean_cache': False, 'cmake_clean_first': False, 'cmake_force_configure': False, 'cmake_target': None, 'cmake_target_skip_unavailable': False, 'install_base': '/home/jang/2024_7Dof/install/impedance_controller', 'merge_install': False, 'path': '/home/jang/2024_7Dof/src/iiwa_ros2/iiwa_controllers/impedance_controller', 'symlink_install': True, 'test_result_base': None}
[0.274s] Level 5:colcon.colcon_core.verb:set package 'iiwa_bringup' build argument 'cmake_args' from command line to '['-DCMAKE_BUILD_TYPE=Release']'
[0.274s] Level 5:colcon.colcon_core.verb:set package 'iiwa_bringup' build argument 'cmake_target' from command line to 'None'
[0.274s] Level 5:colcon.colcon_core.verb:set package 'iiwa_bringup' build argument 'cmake_target_skip_unavailable' from command line to 'False'
[0.274s] Level 5:colcon.colcon_core.verb:set package 'iiwa_bringup' build argument 'cmake_clean_cache' from command line to 'False'
[0.274s] Level 5:colcon.colcon_core.verb:set package 'iiwa_bringup' build argument 'cmake_clean_first' from command line to 'False'
[0.274s] Level 5:colcon.colcon_core.verb:set package 'iiwa_bringup' build argument 'cmake_force_configure' from command line to 'False'
[0.274s] Level 5:colcon.colcon_core.verb:set package 'iiwa_bringup' build argument 'ament_cmake_args' from command line to 'None'
[0.274s] Level 5:colcon.colcon_core.verb:set package 'iiwa_bringup' build argument 'catkin_cmake_args' from command line to 'None'
[0.274s] Level 5:colcon.colcon_core.verb:set package 'iiwa_bringup' build argument 'catkin_skip_building_tests' from command line to 'False'
[0.274s] DEBUG:colcon.colcon_core.verb:Building package 'iiwa_bringup' with the following arguments: {'ament_cmake_args': None, 'build_base': '/home/jang/2024_7Dof/build/iiwa_bringup', 'catkin_cmake_args': None, 'catkin_skip_building_tests': False, 'cmake_args': ['-DCMAKE_BUILD_TYPE=Release'], 'cmake_clean_cache': False, 'cmake_clean_first': False, 'cmake_force_configure': False, 'cmake_target': None, 'cmake_target_skip_unavailable': False, 'install_base': '/home/jang/2024_7Dof/install/iiwa_bringup', 'merge_install': False, 'path': '/home/jang/2024_7Dof/src/iiwa_ros2/iiwa_bringup', 'symlink_install': True, 'test_result_base': None}
[0.274s] INFO:colcon.colcon_core.executor:Executing jobs using 'parallel' executor
[0.275s] DEBUG:colcon.colcon_parallel_executor.executor.parallel:run_until_complete
[0.275s] INFO:colcon.colcon_ros.task.ament_cmake.build:Building ROS package in '/home/jang/2024_7Dof/src/iiwa_ros2/iiwa_description' with build type 'ament_cmake'
[0.276s] INFO:colcon.colcon_cmake.task.cmake.build:Building CMake package in '/home/jang/2024_7Dof/src/iiwa_ros2/iiwa_description'
[0.278s] INFO:colcon.colcon_core.plugin_system:Skipping extension 'colcon_core.shell.bat': Not used on non-Windows systems
[0.278s] INFO:colcon.colcon_core.shell:Skip shell extension 'powershell' for command environment: Not usable outside of PowerShell
[0.278s] DEBUG:colcon.colcon_core.shell:Skip shell extension 'dsv' for command environment
[0.281s] INFO:colcon.colcon_ros.task.ament_python.build:Building ROS package in '/home/jang/2024_7Dof/src/apf_nodes' with build type 'ament_python'
[0.281s] Level 1:colcon.colcon_core.shell:create_environment_hook('apf_nodes', 'ament_prefix_path')
[0.281s] INFO:colcon.colcon_core.shell:Creating environment hook '/home/jang/2024_7Dof/install/apf_nodes/share/apf_nodes/hook/ament_prefix_path.ps1'
[0.282s] INFO:colcon.colcon_core.shell:Creating environment descriptor '/home/jang/2024_7Dof/install/apf_nodes/share/apf_nodes/hook/ament_prefix_path.dsv'
[0.282s] INFO:colcon.colcon_core.shell:Creating environment hook '/home/jang/2024_7Dof/install/apf_nodes/share/apf_nodes/hook/ament_prefix_path.sh'
[0.282s] INFO:colcon.colcon_core.shell:Skip shell extension 'powershell' for command environment: Not usable outside of PowerShell
[0.283s] DEBUG:colcon.colcon_core.shell:Skip shell extension 'dsv' for command environment
[0.284s] INFO:colcon.colcon_ros.task.ament_cmake.build:Building ROS package in '/home/jang/2024_7Dof/src/culjaco' with build type 'ament_cmake'
[0.285s] INFO:colcon.colcon_cmake.task.cmake.build:Building CMake package in '/home/jang/2024_7Dof/src/culjaco'
[0.285s] INFO:colcon.colcon_core.shell:Skip shell extension 'powershell' for command environment: Not usable outside of PowerShell
[0.285s] DEBUG:colcon.colcon_core.shell:Skip shell extension 'dsv' for command environment
[0.286s] INFO:colcon.colcon_ros.task.ament_cmake.build:Building ROS package in '/home/jang/2024_7Dof/src/iiwa_ros2/iiwa_controllers/external_torque_sensor_broadcaster' with build type 'ament_cmake'
[0.287s] INFO:colcon.colcon_cmake.task.cmake.build:Building CMake package in '/home/jang/2024_7Dof/src/iiwa_ros2/iiwa_controllers/external_torque_sensor_broadcaster'
[0.287s] INFO:colcon.colcon_core.shell:Skip shell extension 'powershell' for command environment: Not usable outside of PowerShell
[0.287s] DEBUG:colcon.colcon_core.shell:Skip shell extension 'dsv' for command environment
[0.289s] INFO:colcon.colcon_ros.task.ament_cmake.build:Building ROS package in '/home/jang/2024_7Dof/src/iiwa_ros2/iiwa_moveit2' with build type 'ament_cmake'
[0.289s] INFO:colcon.colcon_cmake.task.cmake.build:Building CMake package in '/home/jang/2024_7Dof/src/iiwa_ros2/iiwa_moveit2'
[0.289s] INFO:colcon.colcon_core.shell:Skip shell extension 'powershell' for command environment: Not usable outside of PowerShell
[0.289s] DEBUG:colcon.colcon_core.shell:Skip shell extension 'dsv' for command environment
[0.291s] INFO:colcon.colcon_ros.task.ament_cmake.build:Building ROS package in '/home/jang/2024_7Dof/src/iiwa_ros2/iiwa_controllers/impedance_controller' with build type 'ament_cmake'
[0.291s] INFO:colcon.colcon_cmake.task.cmake.build:Building CMake package in '/home/jang/2024_7Dof/src/iiwa_ros2/iiwa_controllers/impedance_controller'
[0.291s] INFO:colcon.colcon_core.shell:Skip shell extension 'powershell' for command environment: Not usable outside of PowerShell
[0.291s] DEBUG:colcon.colcon_core.shell:Skip shell extension 'dsv' for command environment
[0.297s] DEBUG:colcon.colcon_core.event_handler.log_command:Invoking command in '/home/jang/2024_7Dof/build/iiwa_description': CMAKE_PREFIX_PATH=${CMAKE_PREFIX_PATH}:/home/jang/2024_7Dof/install/apf_nodes:/opt/ros/humble /usr/bin/cmake --build /home/jang/2024_7Dof/build/iiwa_description -- -j16 -l16
[0.437s] INFO:colcon.colcon_core.task.python.build:Building Python package in '/home/jang/2024_7Dof/src/apf_nodes'
[0.437s] INFO:colcon.colcon_core.shell:Skip shell extension 'powershell' for command environment: Not usable outside of PowerShell
[0.437s] DEBUG:colcon.colcon_core.shell:Skip shell extension 'dsv' for command environment
[0.444s] DEBUG:colcon.colcon_core.event_handler.log_command:Invoking command in '/home/jang/2024_7Dof/build/culjaco': CMAKE_PREFIX_PATH=${CMAKE_PREFIX_PATH}:/home/jang/2024_7Dof/install/apf_nodes:/opt/ros/humble /usr/bin/cmake --build /home/jang/2024_7Dof/build/culjaco -- -j16 -l16
[0.446s] DEBUG:colcon.colcon_core.event_handler.log_command:Invoking command in '/home/jang/2024_7Dof/build/external_torque_sensor_broadcaster': CMAKE_PREFIX_PATH=${CMAKE_PREFIX_PATH}:/home/jang/2024_7Dof/install/apf_nodes:/opt/ros/humble /usr/bin/cmake --build /home/jang/2024_7Dof/build/external_torque_sensor_broadcaster -- -j16 -l16
[0.447s] DEBUG:colcon.colcon_core.event_handler.log_command:Invoking command in '/home/jang/2024_7Dof/build/iiwa_moveit2': CMAKE_PREFIX_PATH=${CMAKE_PREFIX_PATH}:/home/jang/2024_7Dof/install/apf_nodes:/opt/ros/humble /usr/bin/cmake --build /home/jang/2024_7Dof/build/iiwa_moveit2 -- -j16 -l16
[0.449s] DEBUG:colcon.colcon_core.event_handler.log_command:Invoked command in '/home/jang/2024_7Dof/build/iiwa_description' returned '0': CMAKE_PREFIX_PATH=${CMAKE_PREFIX_PATH}:/home/jang/2024_7Dof/install/apf_nodes:/opt/ros/humble /usr/bin/cmake --build /home/jang/2024_7Dof/build/iiwa_description -- -j16 -l16
[0.453s] DEBUG:colcon.colcon_core.event_handler.log_command:Invoking command in '/home/jang/2024_7Dof/build/impedance_controller': CMAKE_PREFIX_PATH=${CMAKE_PREFIX_PATH}:/home/jang/2024_7Dof/install/apf_nodes:/opt/ros/humble /usr/bin/cmake --build /home/jang/2024_7Dof/build/impedance_controller -- -j16 -l16
[0.487s] DEBUG:colcon.colcon_core.event_handler.log_command:Invoking command in '/home/jang/2024_7Dof/build/iiwa_description': CMAKE_PREFIX_PATH=${CMAKE_PREFIX_PATH}:/home/jang/2024_7Dof/install/apf_nodes:/opt/ros/humble /usr/bin/cmake --install /home/jang/2024_7Dof/build/iiwa_description
[0.627s] Level 1:colcon.colcon_core.environment:create_environment_scripts_only(iiwa_description)
[0.631s] DEBUG:colcon.colcon_core.event_handler.log_command:Invoked command in '/home/jang/2024_7Dof/build/iiwa_description' returned '0': CMAKE_PREFIX_PATH=${CMAKE_PREFIX_PATH}:/home/jang/2024_7Dof/install/apf_nodes:/opt/ros/humble /usr/bin/cmake --install /home/jang/2024_7Dof/build/iiwa_description
[0.656s] Level 1:colcon.colcon_core.environment:checking '/home/jang/2024_7Dof/install/iiwa_description' for CMake module files
[0.664s] Level 1:colcon.colcon_core.environment:checking '/home/jang/2024_7Dof/install/iiwa_description' for CMake config files
[0.667s] Level 1:colcon.colcon_core.shell:create_environment_hook('iiwa_description', 'cmake_prefix_path')
[0.667s] INFO:colcon.colcon_core.shell:Creating environment hook '/home/jang/2024_7Dof/install/iiwa_description/share/iiwa_description/hook/cmake_prefix_path.ps1'
[0.673s] INFO:colcon.colcon_core.shell:Creating environment descriptor '/home/jang/2024_7Dof/install/iiwa_description/share/iiwa_description/hook/cmake_prefix_path.dsv'
[0.675s] INFO:colcon.colcon_core.shell:Creating environment hook '/home/jang/2024_7Dof/install/iiwa_description/share/iiwa_description/hook/cmake_prefix_path.sh'
[0.684s] Level 1:colcon.colcon_core.environment:checking '/home/jang/2024_7Dof/install/iiwa_description/bin'
[0.685s] Level 1:colcon.colcon_core.environment:checking '/home/jang/2024_7Dof/install/iiwa_description/lib/pkgconfig/iiwa_description.pc'
[0.686s] Level 1:colcon.colcon_core.environment:checking '/home/jang/2024_7Dof/install/iiwa_description/lib/python3.10/site-packages'
[0.687s] Level 1:colcon.colcon_core.environment:checking '/home/jang/2024_7Dof/install/iiwa_description/bin'
[0.688s] INFO:colcon.colcon_core.shell:Creating package script '/home/jang/2024_7Dof/install/iiwa_description/share/iiwa_description/package.ps1'
[0.688s] INFO:colcon.colcon_core.shell:Creating package descriptor '/home/jang/2024_7Dof/install/iiwa_description/share/iiwa_description/package.dsv'
[0.689s] INFO:colcon.colcon_core.shell:Creating package script '/home/jang/2024_7Dof/install/iiwa_description/share/iiwa_description/package.sh'
[0.692s] INFO:colcon.colcon_core.shell:Creating package script '/home/jang/2024_7Dof/install/iiwa_description/share/iiwa_description/package.bash'
[0.699s] INFO:colcon.colcon_core.shell:Creating package script '/home/jang/2024_7Dof/install/iiwa_description/share/iiwa_description/package.zsh'
[0.700s] Level 1:colcon.colcon_core.environment:create_file_with_runtime_dependencies(/home/jang/2024_7Dof/install/iiwa_description/share/colcon-core/packages/iiwa_description)
[0.704s] DEBUG:colcon.colcon_core.event_handler.log_command:Invoked command in '/home/jang/2024_7Dof/build/impedance_controller' returned '0': CMAKE_PREFIX_PATH=${CMAKE_PREFIX_PATH}:/home/jang/2024_7Dof/install/apf_nodes:/opt/ros/humble /usr/bin/cmake --build /home/jang/2024_7Dof/build/impedance_controller -- -j16 -l16
[0.715s] DEBUG:colcon.colcon_core.event_handler.log_command:Invoked command in '/home/jang/2024_7Dof/build/external_torque_sensor_broadcaster' returned '0': CMAKE_PREFIX_PATH=${CMAKE_PREFIX_PATH}:/home/jang/2024_7Dof/install/apf_nodes:/opt/ros/humble /usr/bin/cmake --build /home/jang/2024_7Dof/build/external_torque_sensor_broadcaster -- -j16 -l16
[0.791s] Level 1:colcon.colcon_core.environment:create_environment_scripts_only(iiwa_description)
[0.794s] Level 1:colcon.colcon_core.environment:checking '/home/jang/2024_7Dof/install/iiwa_description' for CMake module files
[0.798s] Level 1:colcon.colcon_core.environment:checking '/home/jang/2024_7Dof/install/iiwa_description' for CMake config files
[0.801s] Level 1:colcon.colcon_core.shell:create_environment_hook('iiwa_description', 'cmake_prefix_path')
[0.801s] INFO:colcon.colcon_core.shell:Creating environment hook '/home/jang/2024_7Dof/install/iiwa_description/share/iiwa_description/hook/cmake_prefix_path.ps1'
[0.802s] INFO:colcon.colcon_core.shell:Creating environment descriptor '/home/jang/2024_7Dof/install/iiwa_description/share/iiwa_description/hook/cmake_prefix_path.dsv'
[0.802s] INFO:colcon.colcon_core.shell:Creating environment hook '/home/jang/2024_7Dof/install/iiwa_description/share/iiwa_description/hook/cmake_prefix_path.sh'
[0.803s] Level 1:colcon.colcon_core.environment:checking '/home/jang/2024_7Dof/install/iiwa_description/bin'
[0.803s] Level 1:colcon.colcon_core.environment:checking '/home/jang/2024_7Dof/install/iiwa_description/lib/pkgconfig/iiwa_description.pc'
[0.804s] Level 1:colcon.colcon_core.environment:checking '/home/jang/2024_7Dof/install/iiwa_description/lib/python3.10/site-packages'
[0.806s] Level 1:colcon.colcon_core.environment:checking '/home/jang/2024_7Dof/install/iiwa_description/bin'
[0.809s] INFO:colcon.colcon_core.shell:Creating package script '/home/jang/2024_7Dof/install/iiwa_description/share/iiwa_description/package.ps1'
[0.813s] INFO:colcon.colcon_core.shell:Creating package descriptor '/home/jang/2024_7Dof/install/iiwa_description/share/iiwa_description/package.dsv'
[0.814s] INFO:colcon.colcon_core.shell:Creating package script '/home/jang/2024_7Dof/install/iiwa_description/share/iiwa_description/package.sh'
[0.815s] INFO:colcon.colcon_core.shell:Creating package script '/home/jang/2024_7Dof/install/iiwa_description/share/iiwa_description/package.bash'
[0.815s] INFO:colcon.colcon_core.shell:Creating package script '/home/jang/2024_7Dof/install/iiwa_description/share/iiwa_description/package.zsh'
[0.816s] Level 1:colcon.colcon_core.environment:create_file_with_runtime_dependencies(/home/jang/2024_7Dof/install/iiwa_description/share/colcon-core/packages/iiwa_description)
[0.819s] INFO:colcon.colcon_ros.task.ament_cmake.build:Building ROS package in '/home/jang/2024_7Dof/src/iiwa_ros2/iiwa_bringup' with build type 'ament_cmake'
[0.820s] INFO:colcon.colcon_cmake.task.cmake.build:Building CMake package in '/home/jang/2024_7Dof/src/iiwa_ros2/iiwa_bringup'
[0.822s] INFO:colcon.colcon_core.shell:Skip shell extension 'powershell' for command environment: Not usable outside of PowerShell
[0.822s] DEBUG:colcon.colcon_core.shell:Skip shell extension 'dsv' for command environment
[0.854s] DEBUG:colcon.colcon_core.event_handler.log_command:Invoking command in '/home/jang/2024_7Dof/build/impedance_controller': CMAKE_PREFIX_PATH=${CMAKE_PREFIX_PATH}:/home/jang/2024_7Dof/install/apf_nodes:/opt/ros/humble /usr/bin/cmake --install /home/jang/2024_7Dof/build/impedance_controller
[0.865s] DEBUG:colcon.colcon_core.event_handler.log_command:Invoking command in '/home/jang/2024_7Dof/build/external_torque_sensor_broadcaster': CMAKE_PREFIX_PATH=${CMAKE_PREFIX_PATH}:/home/jang/2024_7Dof/install/apf_nodes:/opt/ros/humble /usr/bin/cmake --install /home/jang/2024_7Dof/build/external_torque_sensor_broadcaster
[0.874s] DEBUG:colcon.colcon_core.event_handler.log_command:Invoked command in '/home/jang/2024_7Dof/build/iiwa_moveit2' returned '0': CMAKE_PREFIX_PATH=${CMAKE_PREFIX_PATH}:/home/jang/2024_7Dof/install/apf_nodes:/opt/ros/humble /usr/bin/cmake --build /home/jang/2024_7Dof/build/iiwa_moveit2 -- -j16 -l16
[0.910s] DEBUG:colcon.colcon_core.event_handler.log_command:Invoking command in '/home/jang/2024_7Dof/build/iiwa_bringup': CMAKE_PREFIX_PATH=/home/jang/2024_7Dof/install/iiwa_description:/home/jang/2024_7Dof/install/impedance_controller:/home/jang/2024_7Dof/install/iiwa_moveit2:/home/jang/2024_7Dof/install/iiwa_bringup:/home/jang/2024_7Dof/install/external_torque_sensor_broadcaster:/home/jang/2024_7Dof/install/culjaco:/home/jang/2024_7Dof/install/apf_nodes:/opt/ros/humble /usr/bin/cmake --build /home/jang/2024_7Dof/build/iiwa_bringup -- -j16 -l16
[0.967s] Level 1:colcon.colcon_core.environment:create_environment_scripts_only(external_torque_sensor_broadcaster)
[0.967s] Level 1:colcon.colcon_core.environment:checking '/home/jang/2024_7Dof/install/external_torque_sensor_broadcaster' for CMake module files
[0.968s] DEBUG:colcon.colcon_core.event_handler.log_command:Invoked command in '/home/jang/2024_7Dof/build/external_torque_sensor_broadcaster' returned '0': CMAKE_PREFIX_PATH=${CMAKE_PREFIX_PATH}:/home/jang/2024_7Dof/install/apf_nodes:/opt/ros/humble /usr/bin/cmake --install /home/jang/2024_7Dof/build/external_torque_sensor_broadcaster
[0.969s] Level 1:colcon.colcon_core.environment:checking '/home/jang/2024_7Dof/install/external_torque_sensor_broadcaster' for CMake config files
[0.969s] Level 1:colcon.colcon_core.shell:create_environment_hook('external_torque_sensor_broadcaster', 'cmake_prefix_path')
[0.970s] INFO:colcon.colcon_core.shell:Creating environment hook '/home/jang/2024_7Dof/install/external_torque_sensor_broadcaster/share/external_torque_sensor_broadcaster/hook/cmake_prefix_path.ps1'
[0.971s] INFO:colcon.colcon_core.shell:Creating environment descriptor '/home/jang/2024_7Dof/install/external_torque_sensor_broadcaster/share/external_torque_sensor_broadcaster/hook/cmake_prefix_path.dsv'
[0.971s] INFO:colcon.colcon_core.shell:Creating environment hook '/home/jang/2024_7Dof/install/external_torque_sensor_broadcaster/share/external_torque_sensor_broadcaster/hook/cmake_prefix_path.sh'
[0.972s] Level 1:colcon.colcon_core.environment:checking '/home/jang/2024_7Dof/install/external_torque_sensor_broadcaster/lib'
[0.972s] Level 1:colcon.colcon_core.shell:create_environment_hook('external_torque_sensor_broadcaster', 'ld_library_path_lib')
[0.972s] INFO:colcon.colcon_core.shell:Creating environment hook '/home/jang/2024_7Dof/install/external_torque_sensor_broadcaster/share/external_torque_sensor_broadcaster/hook/ld_library_path_lib.ps1'
[0.973s] INFO:colcon.colcon_core.shell:Creating environment descriptor '/home/jang/2024_7Dof/install/external_torque_sensor_broadcaster/share/external_torque_sensor_broadcaster/hook/ld_library_path_lib.dsv'
[0.973s] INFO:colcon.colcon_core.shell:Creating environment hook '/home/jang/2024_7Dof/install/external_torque_sensor_broadcaster/share/external_torque_sensor_broadcaster/hook/ld_library_path_lib.sh'
[0.973s] Level 1:colcon.colcon_core.environment:checking '/home/jang/2024_7Dof/install/external_torque_sensor_broadcaster/bin'
[0.974s] Level 1:colcon.colcon_core.environment:checking '/home/jang/2024_7Dof/install/external_torque_sensor_broadcaster/lib/pkgconfig/external_torque_sensor_broadcaster.pc'
[0.974s] Level 1:colcon.colcon_core.environment:checking '/home/jang/2024_7Dof/install/external_torque_sensor_broadcaster/lib/python3.10/site-packages'
[0.974s] Level 1:colcon.colcon_core.environment:checking '/home/jang/2024_7Dof/install/external_torque_sensor_broadcaster/bin'
[0.974s] INFO:colcon.colcon_core.shell:Creating package script '/home/jang/2024_7Dof/install/external_torque_sensor_broadcaster/share/external_torque_sensor_broadcaster/package.ps1'
[0.975s] INFO:colcon.colcon_core.shell:Creating package descriptor '/home/jang/2024_7Dof/install/external_torque_sensor_broadcaster/share/external_torque_sensor_broadcaster/package.dsv'
[0.975s] INFO:colcon.colcon_core.shell:Creating package script '/home/jang/2024_7Dof/install/external_torque_sensor_broadcaster/share/external_torque_sensor_broadcaster/package.sh'
[0.976s] INFO:colcon.colcon_core.shell:Creating package script '/home/jang/2024_7Dof/install/external_torque_sensor_broadcaster/share/external_torque_sensor_broadcaster/package.bash'
[0.976s] INFO:colcon.colcon_core.shell:Creating package script '/home/jang/2024_7Dof/install/external_torque_sensor_broadcaster/share/external_torque_sensor_broadcaster/package.zsh'
[0.977s] Level 1:colcon.colcon_core.environment:create_file_with_runtime_dependencies(/home/jang/2024_7Dof/install/external_torque_sensor_broadcaster/share/colcon-core/packages/external_torque_sensor_broadcaster)
[0.979s] Level 1:colcon.colcon_core.environment:create_environment_scripts_only(impedance_controller)
[0.980s] Level 1:colcon.colcon_core.environment:checking '/home/jang/2024_7Dof/install/impedance_controller' for CMake module files
[0.980s] DEBUG:colcon.colcon_core.event_handler.log_command:Invoked command in '/home/jang/2024_7Dof/build/impedance_controller' returned '0': CMAKE_PREFIX_PATH=${CMAKE_PREFIX_PATH}:/home/jang/2024_7Dof/install/apf_nodes:/opt/ros/humble /usr/bin/cmake --install /home/jang/2024_7Dof/build/impedance_controller
[0.981s] Level 1:colcon.colcon_core.environment:checking '/home/jang/2024_7Dof/install/impedance_controller' for CMake config files
[0.981s] Level 1:colcon.colcon_core.shell:create_environment_hook('impedance_controller', 'cmake_prefix_path')
[0.982s] INFO:colcon.colcon_core.shell:Creating environment hook '/home/jang/2024_7Dof/install/impedance_controller/share/impedance_controller/hook/cmake_prefix_path.ps1'
[0.982s] INFO:colcon.colcon_core.shell:Creating environment descriptor '/home/jang/2024_7Dof/install/impedance_controller/share/impedance_controller/hook/cmake_prefix_path.dsv'
[0.985s] INFO:colcon.colcon_core.shell:Creating environment hook '/home/jang/2024_7Dof/install/impedance_controller/share/impedance_controller/hook/cmake_prefix_path.sh'
[0.989s] Level 1:colcon.colcon_core.environment:checking '/home/jang/2024_7Dof/install/impedance_controller/lib'
[0.990s] Level 1:colcon.colcon_core.shell:create_environment_hook('impedance_controller', 'ld_library_path_lib')
[0.992s] INFO:colcon.colcon_core.shell:Creating environment hook '/home/jang/2024_7Dof/install/impedance_controller/share/impedance_controller/hook/ld_library_path_lib.ps1'
[0.994s] INFO:colcon.colcon_core.shell:Creating environment descriptor '/home/jang/2024_7Dof/install/impedance_controller/share/impedance_controller/hook/ld_library_path_lib.dsv'
[0.997s] INFO:colcon.colcon_core.shell:Creating environment hook '/home/jang/2024_7Dof/install/impedance_controller/share/impedance_controller/hook/ld_library_path_lib.sh'
[1.000s] Level 1:colcon.colcon_core.environment:checking '/home/jang/2024_7Dof/install/impedance_controller/bin'
[1.001s] Level 1:colcon.colcon_core.environment:checking '/home/jang/2024_7Dof/install/impedance_controller/lib/pkgconfig/impedance_controller.pc'
[1.002s] Level 1:colcon.colcon_core.environment:checking '/home/jang/2024_7Dof/install/impedance_controller/lib/python3.10/site-packages'
[1.003s] Level 1:colcon.colcon_core.environment:checking '/home/jang/2024_7Dof/install/impedance_controller/bin'
[1.003s] INFO:colcon.colcon_core.shell:Creating package script '/home/jang/2024_7Dof/install/impedance_controller/share/impedance_controller/package.ps1'
[1.006s] INFO:colcon.colcon_core.shell:Creating package descriptor '/home/jang/2024_7Dof/install/impedance_controller/share/impedance_controller/package.dsv'
[1.010s] INFO:colcon.colcon_core.shell:Creating package script '/home/jang/2024_7Dof/install/impedance_controller/share/impedance_controller/package.sh'
[1.013s] INFO:colcon.colcon_core.shell:Creating package script '/home/jang/2024_7Dof/install/impedance_controller/share/impedance_controller/package.bash'
[1.015s] INFO:colcon.colcon_core.shell:Creating package script '/home/jang/2024_7Dof/install/impedance_controller/share/impedance_controller/package.zsh'
[1.018s] Level 1:colcon.colcon_core.environment:create_file_with_runtime_dependencies(/home/jang/2024_7Dof/install/impedance_controller/share/colcon-core/packages/impedance_controller)
[1.039s] DEBUG:colcon.colcon_core.event_handler.log_command:Invoking command in '/home/jang/2024_7Dof/build/iiwa_moveit2': CMAKE_PREFIX_PATH=${CMAKE_PREFIX_PATH}:/home/jang/2024_7Dof/install/apf_nodes:/opt/ros/humble /usr/bin/cmake --install /home/jang/2024_7Dof/build/iiwa_moveit2
[1.063s] DEBUG:colcon.colcon_core.event_handler.log_command:Invoked command in '/home/jang/2024_7Dof/build/iiwa_bringup' returned '0': CMAKE_PREFIX_PATH=/home/jang/2024_7Dof/install/iiwa_description:/home/jang/2024_7Dof/install/impedance_controller:/home/jang/2024_7Dof/install/iiwa_moveit2:/home/jang/2024_7Dof/install/iiwa_bringup:/home/jang/2024_7Dof/install/external_torque_sensor_broadcaster:/home/jang/2024_7Dof/install/culjaco:/home/jang/2024_7Dof/install/apf_nodes:/opt/ros/humble /usr/bin/cmake --build /home/jang/2024_7Dof/build/iiwa_bringup -- -j16 -l16
[1.098s] Level 1:colcon.colcon_core.environment:create_environment_scripts_only(external_torque_sensor_broadcaster)
[1.098s] Level 1:colcon.colcon_core.environment:checking '/home/jang/2024_7Dof/install/external_torque_sensor_broadcaster' for CMake module files
[1.099s] Level 1:colcon.colcon_core.environment:checking '/home/jang/2024_7Dof/install/external_torque_sensor_broadcaster' for CMake config files
[1.099s] Level 1:colcon.colcon_core.shell:create_environment_hook('external_torque_sensor_broadcaster', 'cmake_prefix_path')
[1.099s] INFO:colcon.colcon_core.shell:Creating environment hook '/home/jang/2024_7Dof/install/external_torque_sensor_broadcaster/share/external_torque_sensor_broadcaster/hook/cmake_prefix_path.ps1'
[1.101s] INFO:colcon.colcon_core.shell:Creating environment descriptor '/home/jang/2024_7Dof/install/external_torque_sensor_broadcaster/share/external_torque_sensor_broadcaster/hook/cmake_prefix_path.dsv'
[1.102s] INFO:colcon.colcon_core.shell:Creating environment hook '/home/jang/2024_7Dof/install/external_torque_sensor_broadcaster/share/external_torque_sensor_broadcaster/hook/cmake_prefix_path.sh'
[1.105s] Level 1:colcon.colcon_core.environment:checking '/home/jang/2024_7Dof/install/external_torque_sensor_broadcaster/lib'
[1.106s] Level 1:colcon.colcon_core.shell:create_environment_hook('external_torque_sensor_broadcaster', 'ld_library_path_lib')
[1.107s] INFO:colcon.colcon_core.shell:Creating environment hook '/home/jang/2024_7Dof/install/external_torque_sensor_broadcaster/share/external_torque_sensor_broadcaster/hook/ld_library_path_lib.ps1'
[1.109s] INFO:colcon.colcon_core.shell:Creating environment descriptor '/home/jang/2024_7Dof/install/external_torque_sensor_broadcaster/share/external_torque_sensor_broadcaster/hook/ld_library_path_lib.dsv'
[1.114s] INFO:colcon.colcon_core.shell:Creating environment hook '/home/jang/2024_7Dof/install/external_torque_sensor_broadcaster/share/external_torque_sensor_broadcaster/hook/ld_library_path_lib.sh'
[1.119s] Level 1:colcon.colcon_core.environment:checking '/home/jang/2024_7Dof/install/external_torque_sensor_broadcaster/bin'
[1.120s] Level 1:colcon.colcon_core.environment:checking '/home/jang/2024_7Dof/install/external_torque_sensor_broadcaster/lib/pkgconfig/external_torque_sensor_broadcaster.pc'
[1.121s] Level 1:colcon.colcon_core.environment:checking '/home/jang/2024_7Dof/install/external_torque_sensor_broadcaster/lib/python3.10/site-packages'
[1.122s] Level 1:colcon.colcon_core.environment:checking '/home/jang/2024_7Dof/install/external_torque_sensor_broadcaster/bin'
[1.124s] INFO:colcon.colcon_core.shell:Creating package script '/home/jang/2024_7Dof/install/external_torque_sensor_broadcaster/share/external_torque_sensor_broadcaster/package.ps1'
[1.130s] INFO:colcon.colcon_core.shell:Creating package descriptor '/home/jang/2024_7Dof/install/external_torque_sensor_broadcaster/share/external_torque_sensor_broadcaster/package.dsv'
[1.131s] INFO:colcon.colcon_core.shell:Creating package script '/home/jang/2024_7Dof/install/external_torque_sensor_broadcaster/share/external_torque_sensor_broadcaster/package.sh'
[1.131s] INFO:colcon.colcon_core.shell:Creating package script '/home/jang/2024_7Dof/install/external_torque_sensor_broadcaster/share/external_torque_sensor_broadcaster/package.bash'
[1.131s] INFO:colcon.colcon_core.shell:Creating package script '/home/jang/2024_7Dof/install/external_torque_sensor_broadcaster/share/external_torque_sensor_broadcaster/package.zsh'
[1.132s] Level 1:colcon.colcon_core.environment:create_file_with_runtime_dependencies(/home/jang/2024_7Dof/install/external_torque_sensor_broadcaster/share/colcon-core/packages/external_torque_sensor_broadcaster)
[1.133s] Level 1:colcon.colcon_core.environment:create_environment_scripts_only(impedance_controller)
[1.133s] Level 1:colcon.colcon_core.environment:checking '/home/jang/2024_7Dof/install/impedance_controller' for CMake module files
[1.134s] Level 1:colcon.colcon_core.environment:checking '/home/jang/2024_7Dof/install/impedance_controller' for CMake config files
[1.134s] Level 1:colcon.colcon_core.shell:create_environment_hook('impedance_controller', 'cmake_prefix_path')
[1.134s] INFO:colcon.colcon_core.shell:Creating environment hook '/home/jang/2024_7Dof/install/impedance_controller/share/impedance_controller/hook/cmake_prefix_path.ps1'
[1.134s] INFO:colcon.colcon_core.shell:Creating environment descriptor '/home/jang/2024_7Dof/install/impedance_controller/share/impedance_controller/hook/cmake_prefix_path.dsv'
[1.134s] INFO:colcon.colcon_core.shell:Creating environment hook '/home/jang/2024_7Dof/install/impedance_controller/share/impedance_controller/hook/cmake_prefix_path.sh'
[1.135s] Level 1:colcon.colcon_core.environment:checking '/home/jang/2024_7Dof/install/impedance_controller/lib'
[1.135s] Level 1:colcon.colcon_core.shell:create_environment_hook('impedance_controller', 'ld_library_path_lib')
[1.135s] INFO:colcon.colcon_core.shell:Creating environment hook '/home/jang/2024_7Dof/install/impedance_controller/share/impedance_controller/hook/ld_library_path_lib.ps1'
[1.135s] INFO:colcon.colcon_core.shell:Creating environment descriptor '/home/jang/2024_7Dof/install/impedance_controller/share/impedance_controller/hook/ld_library_path_lib.dsv'
[1.135s] INFO:colcon.colcon_core.shell:Creating environment hook '/home/jang/2024_7Dof/install/impedance_controller/share/impedance_controller/hook/ld_library_path_lib.sh'
[1.135s] Level 1:colcon.colcon_core.environment:checking '/home/jang/2024_7Dof/install/impedance_controller/bin'
[1.135s] Level 1:colcon.colcon_core.environment:checking '/home/jang/2024_7Dof/install/impedance_controller/lib/pkgconfig/impedance_controller.pc'
[1.136s] Level 1:colcon.colcon_core.environment:checking '/home/jang/2024_7Dof/install/impedance_controller/lib/python3.10/site-packages'
[1.136s] Level 1:colcon.colcon_core.environment:checking '/home/jang/2024_7Dof/install/impedance_controller/bin'
[1.136s] INFO:colcon.colcon_core.shell:Creating package script '/home/jang/2024_7Dof/install/impedance_controller/share/impedance_controller/package.ps1'
[1.136s] INFO:colcon.colcon_core.shell:Creating package descriptor '/home/jang/2024_7Dof/install/impedance_controller/share/impedance_controller/package.dsv'
[1.137s] INFO:colcon.colcon_core.shell:Creating package script '/home/jang/2024_7Dof/install/impedance_controller/share/impedance_controller/package.sh'
[1.137s] INFO:colcon.colcon_core.shell:Creating package script '/home/jang/2024_7Dof/install/impedance_controller/share/impedance_controller/package.bash'
[1.137s] INFO:colcon.colcon_core.shell:Creating package script '/home/jang/2024_7Dof/install/impedance_controller/share/impedance_controller/package.zsh'
[1.138s] Level 1:colcon.colcon_core.environment:create_file_with_runtime_dependencies(/home/jang/2024_7Dof/install/impedance_controller/share/colcon-core/packages/impedance_controller)
[1.138s] Level 1:colcon.colcon_core.environment:create_environment_scripts_only(iiwa_moveit2)
[1.138s] Level 1:colcon.colcon_core.environment:checking '/home/jang/2024_7Dof/install/iiwa_moveit2' for CMake module files
[1.139s] DEBUG:colcon.colcon_core.event_handler.log_command:Invoked command in '/home/jang/2024_7Dof/build/iiwa_moveit2' returned '0': CMAKE_PREFIX_PATH=${CMAKE_PREFIX_PATH}:/home/jang/2024_7Dof/install/apf_nodes:/opt/ros/humble /usr/bin/cmake --install /home/jang/2024_7Dof/build/iiwa_moveit2
[1.139s] Level 1:colcon.colcon_core.environment:checking '/home/jang/2024_7Dof/install/iiwa_moveit2' for CMake config files
[1.140s] Level 1:colcon.colcon_core.shell:create_environment_hook('iiwa_moveit2', 'cmake_prefix_path')
[1.140s] INFO:colcon.colcon_core.shell:Creating environment hook '/home/jang/2024_7Dof/install/iiwa_moveit2/share/iiwa_moveit2/hook/cmake_prefix_path.ps1'
[1.140s] INFO:colcon.colcon_core.shell:Creating environment descriptor '/home/jang/2024_7Dof/install/iiwa_moveit2/share/iiwa_moveit2/hook/cmake_prefix_path.dsv'
[1.140s] INFO:colcon.colcon_core.shell:Creating environment hook '/home/jang/2024_7Dof/install/iiwa_moveit2/share/iiwa_moveit2/hook/cmake_prefix_path.sh'
[1.140s] Level 1:colcon.colcon_core.environment:checking '/home/jang/2024_7Dof/install/iiwa_moveit2/lib'
[1.140s] Level 1:colcon.colcon_core.shell:create_environment_hook('iiwa_moveit2', 'ld_library_path_lib')
[1.141s] INFO:colcon.colcon_core.shell:Creating environment hook '/home/jang/2024_7Dof/install/iiwa_moveit2/share/iiwa_moveit2/hook/ld_library_path_lib.ps1'
[1.141s] INFO:colcon.colcon_core.shell:Creating environment descriptor '/home/jang/2024_7Dof/install/iiwa_moveit2/share/iiwa_moveit2/hook/ld_library_path_lib.dsv'
[1.141s] INFO:colcon.colcon_core.shell:Creating environment hook '/home/jang/2024_7Dof/install/iiwa_moveit2/share/iiwa_moveit2/hook/ld_library_path_lib.sh'
[1.141s] Level 1:colcon.colcon_core.environment:checking '/home/jang/2024_7Dof/install/iiwa_moveit2/bin'
[1.141s] Level 1:colcon.colcon_core.environment:checking '/home/jang/2024_7Dof/install/iiwa_moveit2/lib/pkgconfig/iiwa_moveit2.pc'
[1.141s] Level 1:colcon.colcon_core.environment:checking '/home/jang/2024_7Dof/install/iiwa_moveit2/lib/python3.10/site-packages'
[1.142s] Level 1:colcon.colcon_core.environment:checking '/home/jang/2024_7Dof/install/iiwa_moveit2/bin'
[1.143s] INFO:colcon.colcon_core.shell:Creating package script '/home/jang/2024_7Dof/install/iiwa_moveit2/share/iiwa_moveit2/package.ps1'
[1.146s] INFO:colcon.colcon_core.shell:Creating package descriptor '/home/jang/2024_7Dof/install/iiwa_moveit2/share/iiwa_moveit2/package.dsv'
[1.148s] INFO:colcon.colcon_core.shell:Creating package script '/home/jang/2024_7Dof/install/iiwa_moveit2/share/iiwa_moveit2/package.sh'
[1.150s] INFO:colcon.colcon_core.shell:Creating package script '/home/jang/2024_7Dof/install/iiwa_moveit2/share/iiwa_moveit2/package.bash'
[1.151s] INFO:colcon.colcon_core.shell:Creating package script '/home/jang/2024_7Dof/install/iiwa_moveit2/share/iiwa_moveit2/package.zsh'
[1.151s] Level 1:colcon.colcon_core.environment:create_file_with_runtime_dependencies(/home/jang/2024_7Dof/install/iiwa_moveit2/share/colcon-core/packages/iiwa_moveit2)
[1.164s] DEBUG:colcon.colcon_core.event_handler.log_command:Invoking command in '/home/jang/2024_7Dof/build/iiwa_bringup': CMAKE_PREFIX_PATH=/home/jang/2024_7Dof/install/iiwa_description:/home/jang/2024_7Dof/install/impedance_controller:/home/jang/2024_7Dof/install/iiwa_moveit2:/home/jang/2024_7Dof/install/iiwa_bringup:/home/jang/2024_7Dof/install/external_torque_sensor_broadcaster:/home/jang/2024_7Dof/install/culjaco:/home/jang/2024_7Dof/install/apf_nodes:/opt/ros/humble /usr/bin/cmake --install /home/jang/2024_7Dof/build/iiwa_bringup
[1.237s] Level 1:colcon.colcon_core.environment:create_environment_scripts_only(iiwa_bringup)
[1.239s] Level 1:colcon.colcon_core.environment:checking '/home/jang/2024_7Dof/install/iiwa_bringup' for CMake module files
[1.240s] DEBUG:colcon.colcon_core.event_handler.log_command:Invoked command in '/home/jang/2024_7Dof/build/iiwa_bringup' returned '0': CMAKE_PREFIX_PATH=/home/jang/2024_7Dof/install/iiwa_description:/home/jang/2024_7Dof/install/impedance_controller:/home/jang/2024_7Dof/install/iiwa_moveit2:/home/jang/2024_7Dof/install/iiwa_bringup:/home/jang/2024_7Dof/install/external_torque_sensor_broadcaster:/home/jang/2024_7Dof/install/culjaco:/home/jang/2024_7Dof/install/apf_nodes:/opt/ros/humble /usr/bin/cmake --install /home/jang/2024_7Dof/build/iiwa_bringup
[1.243s] Level 1:colcon.colcon_core.environment:checking '/home/jang/2024_7Dof/install/iiwa_bringup' for CMake config files
[1.247s] Level 1:colcon.colcon_core.shell:create_environment_hook('iiwa_bringup', 'cmake_prefix_path')
[1.249s] INFO:colcon.colcon_core.shell:Creating environment hook '/home/jang/2024_7Dof/install/iiwa_bringup/share/iiwa_bringup/hook/cmake_prefix_path.ps1'
[1.250s] INFO:colcon.colcon_core.shell:Creating environment descriptor '/home/jang/2024_7Dof/install/iiwa_bringup/share/iiwa_bringup/hook/cmake_prefix_path.dsv'
[1.252s] INFO:colcon.colcon_core.shell:Creating environment hook '/home/jang/2024_7Dof/install/iiwa_bringup/share/iiwa_bringup/hook/cmake_prefix_path.sh'
[1.256s] Level 1:colcon.colcon_core.environment:checking '/home/jang/2024_7Dof/install/iiwa_bringup/bin'
[1.257s] Level 1:colcon.colcon_core.environment:checking '/home/jang/2024_7Dof/install/iiwa_bringup/lib/pkgconfig/iiwa_bringup.pc'
[1.258s] Level 1:colcon.colcon_core.environment:checking '/home/jang/2024_7Dof/install/iiwa_bringup/lib/python3.10/site-packages'
[1.259s] Level 1:colcon.colcon_core.environment:checking '/home/jang/2024_7Dof/install/iiwa_bringup/bin'
[1.260s] INFO:colcon.colcon_core.shell:Creating package script '/home/jang/2024_7Dof/install/iiwa_bringup/share/iiwa_bringup/package.ps1'
[1.260s] INFO:colcon.colcon_core.shell:Creating package descriptor '/home/jang/2024_7Dof/install/iiwa_bringup/share/iiwa_bringup/package.dsv'
[1.262s] INFO:colcon.colcon_core.shell:Creating package script '/home/jang/2024_7Dof/install/iiwa_bringup/share/iiwa_bringup/package.sh'
[1.264s] INFO:colcon.colcon_core.shell:Creating package script '/home/jang/2024_7Dof/install/iiwa_bringup/share/iiwa_bringup/package.bash'
[1.266s] INFO:colcon.colcon_core.shell:Creating package script '/home/jang/2024_7Dof/install/iiwa_bringup/share/iiwa_bringup/package.zsh'
[1.267s] Level 1:colcon.colcon_core.environment:create_file_with_runtime_dependencies(/home/jang/2024_7Dof/install/iiwa_bringup/share/colcon-core/packages/iiwa_bringup)
[1.287s] Level 1:colcon.colcon_core.environment:create_environment_scripts_only(iiwa_moveit2)
[1.289s] Level 1:colcon.colcon_core.environment:checking '/home/jang/2024_7Dof/install/iiwa_moveit2' for CMake module files
[1.291s] Level 1:colcon.colcon_core.environment:checking '/home/jang/2024_7Dof/install/iiwa_moveit2' for CMake config files
[1.293s] Level 1:colcon.colcon_core.shell:create_environment_hook('iiwa_moveit2', 'cmake_prefix_path')
[1.294s] INFO:colcon.colcon_core.shell:Creating environment hook '/home/jang/2024_7Dof/install/iiwa_moveit2/share/iiwa_moveit2/hook/cmake_prefix_path.ps1'
[1.296s] INFO:colcon.colcon_core.shell:Creating environment descriptor '/home/jang/2024_7Dof/install/iiwa_moveit2/share/iiwa_moveit2/hook/cmake_prefix_path.dsv'
[1.299s] INFO:colcon.colcon_core.shell:Creating environment hook '/home/jang/2024_7Dof/install/iiwa_moveit2/share/iiwa_moveit2/hook/cmake_prefix_path.sh'
[1.303s] Level 1:colcon.colcon_core.environment:checking '/home/jang/2024_7Dof/install/iiwa_moveit2/lib'
[1.303s] Level 1:colcon.colcon_core.shell:create_environment_hook('iiwa_moveit2', 'ld_library_path_lib')
[1.305s] INFO:colcon.colcon_core.shell:Creating environment hook '/home/jang/2024_7Dof/install/iiwa_moveit2/share/iiwa_moveit2/hook/ld_library_path_lib.ps1'
[1.306s] INFO:colcon.colcon_core.shell:Creating environment descriptor '/home/jang/2024_7Dof/install/iiwa_moveit2/share/iiwa_moveit2/hook/ld_library_path_lib.dsv'
[1.309s] INFO:colcon.colcon_core.shell:Creating environment hook '/home/jang/2024_7Dof/install/iiwa_moveit2/share/iiwa_moveit2/hook/ld_library_path_lib.sh'
[1.312s] Level 1:colcon.colcon_core.environment:checking '/home/jang/2024_7Dof/install/iiwa_moveit2/bin'
[1.312s] Level 1:colcon.colcon_core.environment:checking '/home/jang/2024_7Dof/install/iiwa_moveit2/lib/pkgconfig/iiwa_moveit2.pc'
[1.314s] Level 1:colcon.colcon_core.environment:checking '/home/jang/2024_7Dof/install/iiwa_moveit2/lib/python3.10/site-packages'
[1.315s] Level 1:colcon.colcon_core.environment:checking '/home/jang/2024_7Dof/install/iiwa_moveit2/bin'
[1.315s] INFO:colcon.colcon_core.shell:Creating package script '/home/jang/2024_7Dof/install/iiwa_moveit2/share/iiwa_moveit2/package.ps1'
[1.319s] INFO:colcon.colcon_core.shell:Creating package descriptor '/home/jang/2024_7Dof/install/iiwa_moveit2/share/iiwa_moveit2/package.dsv'
[1.323s] INFO:colcon.colcon_core.shell:Creating package script '/home/jang/2024_7Dof/install/iiwa_moveit2/share/iiwa_moveit2/package.sh'
[1.325s] INFO:colcon.colcon_core.shell:Creating package script '/home/jang/2024_7Dof/install/iiwa_moveit2/share/iiwa_moveit2/package.bash'
[1.326s] INFO:colcon.colcon_core.shell:Creating package script '/home/jang/2024_7Dof/install/iiwa_moveit2/share/iiwa_moveit2/package.zsh'
[1.326s] Level 1:colcon.colcon_core.environment:create_file_with_runtime_dependencies(/home/jang/2024_7Dof/install/iiwa_moveit2/share/colcon-core/packages/iiwa_moveit2)
[1.332s] Level 1:colcon.colcon_core.environment:create_environment_scripts_only(iiwa_bringup)
[1.332s] Level 1:colcon.colcon_core.environment:checking '/home/jang/2024_7Dof/install/iiwa_bringup' for CMake module files
[1.333s] Level 1:colcon.colcon_core.environment:checking '/home/jang/2024_7Dof/install/iiwa_bringup' for CMake config files
[1.333s] Level 1:colcon.colcon_core.shell:create_environment_hook('iiwa_bringup', 'cmake_prefix_path')
[1.333s] INFO:colcon.colcon_core.shell:Creating environment hook '/home/jang/2024_7Dof/install/iiwa_bringup/share/iiwa_bringup/hook/cmake_prefix_path.ps1'
[1.333s] INFO:colcon.colcon_core.shell:Creating environment descriptor '/home/jang/2024_7Dof/install/iiwa_bringup/share/iiwa_bringup/hook/cmake_prefix_path.dsv'
[1.334s] INFO:colcon.colcon_core.shell:Creating environment hook '/home/jang/2024_7Dof/install/iiwa_bringup/share/iiwa_bringup/hook/cmake_prefix_path.sh'
[1.334s] Level 1:colcon.colcon_core.environment:checking '/home/jang/2024_7Dof/install/iiwa_bringup/bin'
[1.334s] Level 1:colcon.colcon_core.environment:checking '/home/jang/2024_7Dof/install/iiwa_bringup/lib/pkgconfig/iiwa_bringup.pc'
[1.334s] Level 1:colcon.colcon_core.environment:checking '/home/jang/2024_7Dof/install/iiwa_bringup/lib/python3.10/site-packages'
[1.334s] Level 1:colcon.colcon_core.environment:checking '/home/jang/2024_7Dof/install/iiwa_bringup/bin'
[1.334s] INFO:colcon.colcon_core.shell:Creating package script '/home/jang/2024_7Dof/install/iiwa_bringup/share/iiwa_bringup/package.ps1'
[1.335s] INFO:colcon.colcon_core.shell:Creating package descriptor '/home/jang/2024_7Dof/install/iiwa_bringup/share/iiwa_bringup/package.dsv'
[1.335s] INFO:colcon.colcon_core.shell:Creating package script '/home/jang/2024_7Dof/install/iiwa_bringup/share/iiwa_bringup/package.sh'
[1.335s] INFO:colcon.colcon_core.shell:Creating package script '/home/jang/2024_7Dof/install/iiwa_bringup/share/iiwa_bringup/package.bash'
[1.335s] INFO:colcon.colcon_core.shell:Creating package script '/home/jang/2024_7Dof/install/iiwa_bringup/share/iiwa_bringup/package.zsh'
[1.336s] Level 1:colcon.colcon_core.environment:create_file_with_runtime_dependencies(/home/jang/2024_7Dof/install/iiwa_bringup/share/colcon-core/packages/iiwa_bringup)
[1.475s] DEBUG:colcon.colcon_core.event_handler.log_command:Invoking command in '/home/jang/2024_7Dof/build/apf_nodes': PYTHONPATH=/home/jang/2024_7Dof/build/apf_nodes/prefix_override:/usr/lib/python3/dist-packages/colcon_core/task/python/colcon_distutils_commands:/home/jang/2024_7Dof/install/apf_nodes/lib/python3.10/site-packages:${PYTHONPATH} /usr/bin/python3 -W ignore:setup.py install is deprecated setup.py develop --editable --build-directory /home/jang/2024_7Dof/build/apf_nodes/build --no-deps symlink_data
[1.760s] Level 1:colcon.colcon_core.shell:create_environment_hook('apf_nodes', 'pythonpath_develop')
[1.760s] INFO:colcon.colcon_core.shell:Creating environment hook '/home/jang/2024_7Dof/build/apf_nodes/share/apf_nodes/hook/pythonpath_develop.ps1'
[1.761s] DEBUG:colcon.colcon_core.event_handler.log_command:Invoked command in '/home/jang/2024_7Dof/build/apf_nodes' returned '0': PYTHONPATH=/home/jang/2024_7Dof/build/apf_nodes/prefix_override:/usr/lib/python3/dist-packages/colcon_core/task/python/colcon_distutils_commands:/home/jang/2024_7Dof/install/apf_nodes/lib/python3.10/site-packages:${PYTHONPATH} /usr/bin/python3 -W ignore:setup.py install is deprecated setup.py develop --editable --build-directory /home/jang/2024_7Dof/build/apf_nodes/build --no-deps symlink_data
[1.761s] INFO:colcon.colcon_core.shell:Creating environment descriptor '/home/jang/2024_7Dof/build/apf_nodes/share/apf_nodes/hook/pythonpath_develop.dsv'
[1.761s] INFO:colcon.colcon_core.shell:Creating environment hook '/home/jang/2024_7Dof/build/apf_nodes/share/apf_nodes/hook/pythonpath_develop.sh'
[1.762s] Level 1:colcon.colcon_core.environment:checking '/home/jang/2024_7Dof/install/apf_nodes' for CMake module files
[1.762s] Level 1:colcon.colcon_core.environment:checking '/home/jang/2024_7Dof/install/apf_nodes' for CMake config files
[1.762s] Level 1:colcon.colcon_core.environment:checking '/home/jang/2024_7Dof/install/apf_nodes/lib'
[1.762s] Level 1:colcon.colcon_core.environment:checking '/home/jang/2024_7Dof/install/apf_nodes/bin'
[1.763s] Level 1:colcon.colcon_core.environment:checking '/home/jang/2024_7Dof/install/apf_nodes/lib/pkgconfig/apf_nodes.pc'
[1.763s] Level 1:colcon.colcon_core.environment:checking '/home/jang/2024_7Dof/install/apf_nodes/lib/python3.10/site-packages'
[1.763s] Level 1:colcon.colcon_core.shell:create_environment_hook('apf_nodes', 'pythonpath')
[1.763s] INFO:colcon.colcon_core.shell:Creating environment hook '/home/jang/2024_7Dof/install/apf_nodes/share/apf_nodes/hook/pythonpath.ps1'
[1.763s] INFO:colcon.colcon_core.shell:Creating environment descriptor '/home/jang/2024_7Dof/install/apf_nodes/share/apf_nodes/hook/pythonpath.dsv'
[1.763s] INFO:colcon.colcon_core.shell:Creating environment hook '/home/jang/2024_7Dof/install/apf_nodes/share/apf_nodes/hook/pythonpath.sh'
[1.764s] Level 1:colcon.colcon_core.environment:checking '/home/jang/2024_7Dof/install/apf_nodes/bin'
[1.764s] Level 1:colcon.colcon_core.environment:create_environment_scripts_only(apf_nodes)
[1.764s] INFO:colcon.colcon_core.shell:Creating package script '/home/jang/2024_7Dof/install/apf_nodes/share/apf_nodes/package.ps1'
[1.764s] INFO:colcon.colcon_core.shell:Creating package descriptor '/home/jang/2024_7Dof/install/apf_nodes/share/apf_nodes/package.dsv'
[1.764s] INFO:colcon.colcon_core.shell:Creating package script '/home/jang/2024_7Dof/install/apf_nodes/share/apf_nodes/package.sh'
[1.765s] INFO:colcon.colcon_core.shell:Creating package script '/home/jang/2024_7Dof/install/apf_nodes/share/apf_nodes/package.bash'
[1.765s] INFO:colcon.colcon_core.shell:Creating package script '/home/jang/2024_7Dof/install/apf_nodes/share/apf_nodes/package.zsh'
[1.765s] Level 1:colcon.colcon_core.environment:create_file_with_runtime_dependencies(/home/jang/2024_7Dof/install/apf_nodes/share/colcon-core/packages/apf_nodes)
[6.392s] DEBUG:colcon.colcon_core.event_handler.log_command:Invoked command in '/home/jang/2024_7Dof/build/culjaco' returned '0': CMAKE_PREFIX_PATH=${CMAKE_PREFIX_PATH}:/home/jang/2024_7Dof/install/apf_nodes:/opt/ros/humble /usr/bin/cmake --build /home/jang/2024_7Dof/build/culjaco -- -j16 -l16
[6.424s] DEBUG:colcon.colcon_core.event_handler.log_command:Invoking command in '/home/jang/2024_7Dof/build/culjaco': CMAKE_PREFIX_PATH=${CMAKE_PREFIX_PATH}:/home/jang/2024_7Dof/install/apf_nodes:/opt/ros/humble /usr/bin/cmake --install /home/jang/2024_7Dof/build/culjaco
[6.441s] Level 1:colcon.colcon_core.environment:create_environment_scripts_only(culjaco)
[6.442s] Level 1:colcon.colcon_core.environment:checking '/home/jang/2024_7Dof/install/culjaco' for CMake module files
[6.442s] DEBUG:colcon.colcon_core.event_handler.log_command:Invoked command in '/home/jang/2024_7Dof/build/culjaco' returned '0': CMAKE_PREFIX_PATH=${CMAKE_PREFIX_PATH}:/home/jang/2024_7Dof/install/apf_nodes:/opt/ros/humble /usr/bin/cmake --install /home/jang/2024_7Dof/build/culjaco
[6.442s] Level 1:colcon.colcon_core.environment:checking '/home/jang/2024_7Dof/install/culjaco' for CMake config files
[6.442s] Level 1:colcon.colcon_core.shell:create_environment_hook('culjaco', 'cmake_prefix_path')
[6.443s] INFO:colcon.colcon_core.shell:Creating environment hook '/home/jang/2024_7Dof/install/culjaco/share/culjaco/hook/cmake_prefix_path.ps1'
[6.443s] INFO:colcon.colcon_core.shell:Creating environment descriptor '/home/jang/2024_7Dof/install/culjaco/share/culjaco/hook/cmake_prefix_path.dsv'
[6.443s] INFO:colcon.colcon_core.shell:Creating environment hook '/home/jang/2024_7Dof/install/culjaco/share/culjaco/hook/cmake_prefix_path.sh'
[6.443s] Level 1:colcon.colcon_core.environment:checking '/home/jang/2024_7Dof/install/culjaco/lib'
[6.443s] Level 1:colcon.colcon_core.environment:checking '/home/jang/2024_7Dof/install/culjaco/bin'
[6.444s] Level 1:colcon.colcon_core.environment:checking '/home/jang/2024_7Dof/install/culjaco/lib/pkgconfig/culjaco.pc'
[6.444s] Level 1:colcon.colcon_core.environment:checking '/home/jang/2024_7Dof/install/culjaco/lib/python3.10/site-packages'
[6.444s] Level 1:colcon.colcon_core.environment:checking '/home/jang/2024_7Dof/install/culjaco/bin'
[6.444s] INFO:colcon.colcon_core.shell:Creating package script '/home/jang/2024_7Dof/install/culjaco/share/culjaco/package.ps1'
[6.444s] INFO:colcon.colcon_core.shell:Creating package descriptor '/home/jang/2024_7Dof/install/culjaco/share/culjaco/package.dsv'
[6.444s] INFO:colcon.colcon_core.shell:Creating package script '/home/jang/2024_7Dof/install/culjaco/share/culjaco/package.sh'
[6.445s] INFO:colcon.colcon_core.shell:Creating package script '/home/jang/2024_7Dof/install/culjaco/share/culjaco/package.bash'
[6.445s] INFO:colcon.colcon_core.shell:Creating package script '/home/jang/2024_7Dof/install/culjaco/share/culjaco/package.zsh'
[6.445s] Level 1:colcon.colcon_core.environment:create_file_with_runtime_dependencies(/home/jang/2024_7Dof/install/culjaco/share/colcon-core/packages/culjaco)
[6.476s] Level 1:colcon.colcon_core.environment:create_environment_scripts_only(culjaco)
[6.477s] Level 1:colcon.colcon_core.environment:checking '/home/jang/2024_7Dof/install/culjaco' for CMake module files
[6.477s] Level 1:colcon.colcon_core.environment:checking '/home/jang/2024_7Dof/install/culjaco' for CMake config files
[6.477s] Level 1:colcon.colcon_core.shell:create_environment_hook('culjaco', 'cmake_prefix_path')
[6.477s] INFO:colcon.colcon_core.shell:Creating environment hook '/home/jang/2024_7Dof/install/culjaco/share/culjaco/hook/cmake_prefix_path.ps1'
[6.478s] INFO:colcon.colcon_core.shell:Creating environment descriptor '/home/jang/2024_7Dof/install/culjaco/share/culjaco/hook/cmake_prefix_path.dsv'
[6.478s] INFO:colcon.colcon_core.shell:Creating environment hook '/home/jang/2024_7Dof/install/culjaco/share/culjaco/hook/cmake_prefix_path.sh'
[6.478s] Level 1:colcon.colcon_core.environment:checking '/home/jang/2024_7Dof/install/culjaco/lib'
[6.478s] Level 1:colcon.colcon_core.environment:checking '/home/jang/2024_7Dof/install/culjaco/bin'
[6.478s] Level 1:colcon.colcon_core.environment:checking '/home/jang/2024_7Dof/install/culjaco/lib/pkgconfig/culjaco.pc'
[6.479s] Level 1:colcon.colcon_core.environment:checking '/home/jang/2024_7Dof/install/culjaco/lib/python3.10/site-packages'
[6.479s] Level 1:colcon.colcon_core.environment:checking '/home/jang/2024_7Dof/install/culjaco/bin'
[6.479s] INFO:colcon.colcon_core.shell:Creating package script '/home/jang/2024_7Dof/install/culjaco/share/culjaco/package.ps1'
[6.479s] INFO:colcon.colcon_core.shell:Creating package descriptor '/home/jang/2024_7Dof/install/culjaco/share/culjaco/package.dsv'
[6.479s] INFO:colcon.colcon_core.shell:Creating package script '/home/jang/2024_7Dof/install/culjaco/share/culjaco/package.sh'
[6.480s] INFO:colcon.colcon_core.shell:Creating package script '/home/jang/2024_7Dof/install/culjaco/share/culjaco/package.bash'
[6.480s] INFO:colcon.colcon_core.shell:Creating package script '/home/jang/2024_7Dof/install/culjaco/share/culjaco/package.zsh'
[6.480s] Level 1:colcon.colcon_core.environment:create_file_with_runtime_dependencies(/home/jang/2024_7Dof/install/culjaco/share/colcon-core/packages/culjaco)
[6.480s] DEBUG:colcon.colcon_parallel_executor.executor.parallel:closing loop
[6.480s] DEBUG:colcon.colcon_parallel_executor.executor.parallel:loop closed
[6.480s] DEBUG:colcon.colcon_parallel_executor.executor.parallel:run_until_complete finished with '0'
[6.481s] DEBUG:colcon.colcon_core.event_reactor:joining thread
[6.486s] INFO:colcon.colcon_core.plugin_system:Skipping extension 'colcon_notification.desktop_notification.terminal_notifier': Not used on non-Darwin systems
[6.486s] INFO:colcon.colcon_core.plugin_system:Skipping extension 'colcon_notification.desktop_notification.win32': Not used on non-Windows systems
[6.486s] INFO:colcon.colcon_notification.desktop_notification:Sending desktop notification using 'notify2'
[6.497s] DEBUG:colcon.colcon_core.event_reactor:joined thread
[6.498s] INFO:colcon.colcon_core.shell:Creating prefix script '/home/jang/2024_7Dof/install/local_setup.ps1'
[6.499s] INFO:colcon.colcon_core.shell:Creating prefix util module '/home/jang/2024_7Dof/install/_local_setup_util_ps1.py'
[6.500s] INFO:colcon.colcon_core.shell:Creating prefix chain script '/home/jang/2024_7Dof/install/setup.ps1'
[6.501s] INFO:colcon.colcon_core.shell:Creating prefix script '/home/jang/2024_7Dof/install/local_setup.sh'
[6.502s] INFO:colcon.colcon_core.shell:Creating prefix util module '/home/jang/2024_7Dof/install/_local_setup_util_sh.py'
[6.502s] INFO:colcon.colcon_core.shell:Creating prefix chain script '/home/jang/2024_7Dof/install/setup.sh'
[6.503s] INFO:colcon.colcon_core.shell:Creating prefix script '/home/jang/2024_7Dof/install/local_setup.bash'
[6.503s] INFO:colcon.colcon_core.shell:Creating prefix chain script '/home/jang/2024_7Dof/install/setup.bash'
[6.504s] INFO:colcon.colcon_core.shell:Creating prefix script '/home/jang/2024_7Dof/install/local_setup.zsh'
[6.504s] INFO:colcon.colcon_core.shell:Creating prefix chain script '/home/jang/2024_7Dof/install/setup.zsh'
