[0.032s] Invoking command in '/home/jang/2024_7Dof/src/build/iiwa_bringup': AMENT_PREFIX_PATH=/home/jang/2024_7Dof/src/install/iiwa_description:${AMENT_PREFIX_PATH} CMAKE_PREFIX_PATH=/home/jang/2024_7Dof/src/install/iiwa_description:/home/jang/2024_7Dof/install/impedance_controller:/home/jang/2024_7Dof/install/iiwa_moveit2:/home/jang/2024_7Dof/install/iiwa_bringup:/home/jang/2024_7Dof/install/iiwa_description:/home/jang/2024_7Dof/install/external_torque_sensor_broadcaster:/home/jang/2024_7Dof/install/culjaco:/home/jang/2024_7Dof/install/apf_nodes:/opt/ros/humble GAZEBO_MODEL_PATH=/home/jang/2024_7Dof/src/install/iiwa_description/share/iiwa_description/meshes:${GAZEBO_MODEL_PATH} GAZEBO_RESOURCE_PATH=/home/jang/2024_7Dof/src/install/iiwa_description/share/iiwa_description/meshes:${GAZEBO_RESOURCE_PATH} GZ_SIM_RESOURCE_PATH=/home/jang/2024_7Dof/src/install/iiwa_description/share/iiwa_description/meshes:${GZ_SIM_RESOURCE_PATH} IGN_GAZEBO_RESOURCE_PATH=/home/jang/2024_7Dof/src/install/iiwa_description/share/iiwa_description/meshes:${IGN_GAZEBO_RESOURCE_PATH} /usr/bin/cmake --build /home/jang/2024_7Dof/src/build/iiwa_bringup -- -j16 -l16
[0.077s] Invoked command in '/home/jang/2024_7Dof/src/build/iiwa_bringup' returned '0': AMENT_PREFIX_PATH=/home/jang/2024_7Dof/src/install/iiwa_description:${AMENT_PREFIX_PATH} CMAKE_PREFIX_PATH=/home/jang/2024_7Dof/src/install/iiwa_description:/home/jang/2024_7Dof/install/impedance_controller:/home/jang/2024_7Dof/install/iiwa_moveit2:/home/jang/2024_7Dof/install/iiwa_bringup:/home/jang/2024_7Dof/install/iiwa_description:/home/jang/2024_7Dof/install/external_torque_sensor_broadcaster:/home/jang/2024_7Dof/install/culjaco:/home/jang/2024_7Dof/install/apf_nodes:/opt/ros/humble GAZEBO_MODEL_PATH=/home/jang/2024_7Dof/src/install/iiwa_description/share/iiwa_description/meshes:${GAZEBO_MODEL_PATH} GAZEBO_RESOURCE_PATH=/home/jang/2024_7Dof/src/install/iiwa_description/share/iiwa_description/meshes:${GAZEBO_RESOURCE_PATH} GZ_SIM_RESOURCE_PATH=/home/jang/2024_7Dof/src/install/iiwa_description/share/iiwa_description/meshes:${GZ_SIM_RESOURCE_PATH} IGN_GAZEBO_RESOURCE_PATH=/home/jang/2024_7Dof/src/install/iiwa_description/share/iiwa_description/meshes:${IGN_GAZEBO_RESOURCE_PATH} /usr/bin/cmake --build /home/jang/2024_7Dof/src/build/iiwa_bringup -- -j16 -l16
[0.101s] Invoking command in '/home/jang/2024_7Dof/src/build/iiwa_bringup': AMENT_PREFIX_PATH=/home/jang/2024_7Dof/src/install/iiwa_description:${AMENT_PREFIX_PATH} CMAKE_PREFIX_PATH=/home/jang/2024_7Dof/src/install/iiwa_description:/home/jang/2024_7Dof/install/impedance_controller:/home/jang/2024_7Dof/install/iiwa_moveit2:/home/jang/2024_7Dof/install/iiwa_bringup:/home/jang/2024_7Dof/install/iiwa_description:/home/jang/2024_7Dof/install/external_torque_sensor_broadcaster:/home/jang/2024_7Dof/install/culjaco:/home/jang/2024_7Dof/install/apf_nodes:/opt/ros/humble GAZEBO_MODEL_PATH=/home/jang/2024_7Dof/src/install/iiwa_description/share/iiwa_description/meshes:${GAZEBO_MODEL_PATH} GAZEBO_RESOURCE_PATH=/home/jang/2024_7Dof/src/install/iiwa_description/share/iiwa_description/meshes:${GAZEBO_RESOURCE_PATH} GZ_SIM_RESOURCE_PATH=/home/jang/2024_7Dof/src/install/iiwa_description/share/iiwa_description/meshes:${GZ_SIM_RESOURCE_PATH} IGN_GAZEBO_RESOURCE_PATH=/home/jang/2024_7Dof/src/install/iiwa_description/share/iiwa_description/meshes:${IGN_GAZEBO_RESOURCE_PATH} /usr/bin/cmake --install /home/jang/2024_7Dof/src/build/iiwa_bringup
[0.109s] -- Install configuration: "Release"
[0.110s] -- Execute custom install script
[0.111s] -- Up-to-date symlink: /home/jang/2024_7Dof/src/install/iiwa_bringup/share/iiwa_bringup/launch/iiwa.launch.py
[0.111s] -- Up-to-date symlink: /home/jang/2024_7Dof/src/install/iiwa_bringup/share/iiwa_bringup/launch/iiwa_planning.launch.py
[0.111s] -- Up-to-date symlink: /home/jang/2024_7Dof/src/install/iiwa_bringup/share/iiwa_bringup/launch/iiwa_pose_tracking.launch.py
[0.112s] -- Up-to-date symlink: /home/jang/2024_7Dof/src/install/iiwa_bringup/share/iiwa_bringup/launch/iiwa_servoing.launch.py
[0.112s] -- Up-to-date symlink: /home/jang/2024_7Dof/src/install/iiwa_bringup/share/iiwa_bringup/launch/iiwa_test_joint_trajectory_controller.launch.py
[0.112s] -- Up-to-date symlink: /home/jang/2024_7Dof/src/install/iiwa_bringup/share/iiwa_bringup/launch/joy_servo_teleop.launch.py
[0.112s] -- Up-to-date symlink: /home/jang/2024_7Dof/src/install/iiwa_bringup/share/iiwa_bringup/config/test_trajectory_config.yaml
[0.112s] -- Up-to-date symlink: /home/jang/2024_7Dof/src/install/iiwa_bringup/share/ament_index/resource_index/package_run_dependencies/iiwa_bringup
[0.113s] -- Up-to-date symlink: /home/jang/2024_7Dof/src/install/iiwa_bringup/share/ament_index/resource_index/parent_prefix_path/iiwa_bringup
[0.113s] -- Up-to-date symlink: /home/jang/2024_7Dof/src/install/iiwa_bringup/share/iiwa_bringup/environment/ament_prefix_path.sh
[0.113s] -- Up-to-date symlink: /home/jang/2024_7Dof/src/install/iiwa_bringup/share/iiwa_bringup/environment/ament_prefix_path.dsv
[0.113s] -- Up-to-date symlink: /home/jang/2024_7Dof/src/install/iiwa_bringup/share/iiwa_bringup/environment/path.sh
[0.114s] -- Up-to-date symlink: /home/jang/2024_7Dof/src/install/iiwa_bringup/share/iiwa_bringup/environment/path.dsv
[0.114s] -- Up-to-date symlink: /home/jang/2024_7Dof/src/install/iiwa_bringup/share/iiwa_bringup/local_setup.bash
[0.114s] -- Up-to-date symlink: /home/jang/2024_7Dof/src/install/iiwa_bringup/share/iiwa_bringup/local_setup.sh
[0.115s] -- Up-to-date symlink: /home/jang/2024_7Dof/src/install/iiwa_bringup/share/iiwa_bringup/local_setup.zsh
[0.115s] -- Up-to-date symlink: /home/jang/2024_7Dof/src/install/iiwa_bringup/share/iiwa_bringup/local_setup.dsv
[0.115s] -- Symlinking: /home/jang/2024_7Dof/src/install/iiwa_bringup/share/iiwa_bringup/package.dsv
[0.126s] -- Up-to-date symlink: /home/jang/2024_7Dof/src/install/iiwa_bringup/share/ament_index/resource_index/packages/iiwa_bringup
[0.126s] -- Up-to-date symlink: /home/jang/2024_7Dof/src/install/iiwa_bringup/share/iiwa_bringup/cmake/iiwa_bringupConfig.cmake
[0.126s] -- Up-to-date symlink: /home/jang/2024_7Dof/src/install/iiwa_bringup/share/iiwa_bringup/cmake/iiwa_bringupConfig-version.cmake
[0.126s] -- Up-to-date symlink: /home/jang/2024_7Dof/src/install/iiwa_bringup/share/iiwa_bringup/package.xml
[0.129s] Invoked command in '/home/jang/2024_7Dof/src/build/iiwa_bringup' returned '0': AMENT_PREFIX_PATH=/home/jang/2024_7Dof/src/install/iiwa_description:${AMENT_PREFIX_PATH} CMAKE_PREFIX_PATH=/home/jang/2024_7Dof/src/install/iiwa_description:/home/jang/2024_7Dof/install/impedance_controller:/home/jang/2024_7Dof/install/iiwa_moveit2:/home/jang/2024_7Dof/install/iiwa_bringup:/home/jang/2024_7Dof/install/iiwa_description:/home/jang/2024_7Dof/install/external_torque_sensor_broadcaster:/home/jang/2024_7Dof/install/culjaco:/home/jang/2024_7Dof/install/apf_nodes:/opt/ros/humble GAZEBO_MODEL_PATH=/home/jang/2024_7Dof/src/install/iiwa_description/share/iiwa_description/meshes:${GAZEBO_MODEL_PATH} GAZEBO_RESOURCE_PATH=/home/jang/2024_7Dof/src/install/iiwa_description/share/iiwa_description/meshes:${GAZEBO_RESOURCE_PATH} GZ_SIM_RESOURCE_PATH=/home/jang/2024_7Dof/src/install/iiwa_description/share/iiwa_description/meshes:${GZ_SIM_RESOURCE_PATH} IGN_GAZEBO_RESOURCE_PATH=/home/jang/2024_7Dof/src/install/iiwa_description/share/iiwa_description/meshes:${IGN_GAZEBO_RESOURCE_PATH} /usr/bin/cmake --install /home/jang/2024_7Dof/src/build/iiwa_bringup
