[0.017s] Invoking command in '/home/jang/2024_7Dof/build/iiwa_description': CMAKE_PREFIX_PATH=/opt/ros/humble /usr/bin/cmake /home/jang/2024_7Dof/src/iiwa_ros2/iiwa_description -DCMAKE_BUILD_TYPE=Release -DAMENT_CMAKE_SYMLINK_INSTALL=1 -DCMAKE_INSTALL_PREFIX=/home/jang/2024_7Dof/install/iiwa_description
[0.172s] -- The C compiler identification is GNU 11.4.0
[0.173s] -- The CXX compiler identification is GNU 11.4.0
[0.174s] -- Detecting C compiler ABI info
[0.206s] -- Detecting C compiler ABI info - done
[0.210s] -- Check for working C compiler: /usr/bin/cc - skipped
[0.210s] -- Detecting C compile features
[0.211s] -- Detecting C compile features - done
[0.213s] -- Detecting CXX compiler ABI info
[0.286s] -- Detecting CXX compiler ABI info - done
[0.294s] -- Check for working CXX compiler: /usr/bin/c++ - skipped
[0.294s] -- Detecting CXX compile features
[0.295s] -- Detecting CXX compile features - done
[0.298s] -- Found ament_cmake: 1.3.10 (/opt/ros/humble/share/ament_cmake/cmake)
[0.441s] -- Found Python3: /usr/bin/python3 (found version "3.10.12") found components: Interpreter 
[0.491s] -- Override CMake install command with custom implementation using symlinks instead of copying resources
[0.531s] -- Found ament_cmake_gtest: 1.3.10 (/opt/ros/humble/share/ament_cmake_gtest/cmake)
[0.532s] -- Found ament_lint_auto: 0.12.11 (/opt/ros/humble/share/ament_lint_auto/cmake)
[0.599s] -- Added test 'copyright' to check source files copyright and LICENSE
[0.602s] -- Added test 'lint_cmake' to check CMake code style
[0.604s] -- Added test 'xmllint' to check XML markup files
[0.605s] -- Configuring done
[0.606s] -- Generating done
[0.607s] -- Build files have been written to: /home/jang/2024_7Dof/build/iiwa_description
[0.611s] Invoked command in '/home/jang/2024_7Dof/build/iiwa_description' returned '0': CMAKE_PREFIX_PATH=/opt/ros/humble /usr/bin/cmake /home/jang/2024_7Dof/src/iiwa_ros2/iiwa_description -DCMAKE_BUILD_TYPE=Release -DAMENT_CMAKE_SYMLINK_INSTALL=1 -DCMAKE_INSTALL_PREFIX=/home/jang/2024_7Dof/install/iiwa_description
[0.613s] Invoking command in '/home/jang/2024_7Dof/build/iiwa_description': CMAKE_PREFIX_PATH=/opt/ros/humble /usr/bin/cmake --build /home/jang/2024_7Dof/build/iiwa_description -- -j16 -l16
[0.654s] Invoked command in '/home/jang/2024_7Dof/build/iiwa_description' returned '0': CMAKE_PREFIX_PATH=/opt/ros/humble /usr/bin/cmake --build /home/jang/2024_7Dof/build/iiwa_description -- -j16 -l16
[0.684s] Invoking command in '/home/jang/2024_7Dof/build/iiwa_description': CMAKE_PREFIX_PATH=/opt/ros/humble /usr/bin/cmake --install /home/jang/2024_7Dof/build/iiwa_description
[0.692s] -- Install configuration: "Release"
[0.692s] -- Execute custom install script
[0.692s] -- Symlinking: /home/jang/2024_7Dof/install/iiwa_description/share/iiwa_description/urdf/iiwa.urdf.xacro
[0.702s] -- Symlinking: /home/jang/2024_7Dof/install/iiwa_description/share/iiwa_description/meshes/flex_fellow_h800/flex_fellow_h800.dae
[0.710s] -- Symlinking: /home/jang/2024_7Dof/install/iiwa_description/share/iiwa_description/meshes/flex_fellow_h800/flex_fellow_h800.stl
[0.719s] -- Symlinking: /home/jang/2024_7Dof/install/iiwa_description/share/iiwa_description/meshes/lbr_iiwa_14_r820/collision/base_link.stl
[0.727s] -- Symlinking: /home/jang/2024_7Dof/install/iiwa_description/share/iiwa_description/meshes/lbr_iiwa_14_r820/collision/link_1.stl
[0.735s] -- Symlinking: /home/jang/2024_7Dof/install/iiwa_description/share/iiwa_description/meshes/lbr_iiwa_14_r820/collision/link_2.stl
[0.744s] -- Symlinking: /home/jang/2024_7Dof/install/iiwa_description/share/iiwa_description/meshes/lbr_iiwa_14_r820/collision/link_3.stl
[0.753s] -- Symlinking: /home/jang/2024_7Dof/install/iiwa_description/share/iiwa_description/meshes/lbr_iiwa_14_r820/collision/link_4.stl
[0.760s] -- Symlinking: /home/jang/2024_7Dof/install/iiwa_description/share/iiwa_description/meshes/lbr_iiwa_14_r820/collision/link_5.stl
[0.770s] -- Symlinking: /home/jang/2024_7Dof/install/iiwa_description/share/iiwa_description/meshes/lbr_iiwa_14_r820/collision/link_6.stl
[0.778s] -- Symlinking: /home/jang/2024_7Dof/install/iiwa_description/share/iiwa_description/meshes/lbr_iiwa_14_r820/collision/link_7.stl
[0.787s] -- Symlinking: /home/jang/2024_7Dof/install/iiwa_description/share/iiwa_description/meshes/lbr_iiwa_14_r820/collision/link_7_2.stl
[0.794s] -- Symlinking: /home/jang/2024_7Dof/install/iiwa_description/share/iiwa_description/meshes/lbr_iiwa_14_r820/link_7_2.stl
[0.803s] -- Symlinking: /home/jang/2024_7Dof/install/iiwa_description/share/iiwa_description/meshes/lbr_iiwa_14_r820/visual/base_link.dae
[0.810s] -- Symlinking: /home/jang/2024_7Dof/install/iiwa_description/share/iiwa_description/meshes/lbr_iiwa_14_r820/visual/link_1.dae
[0.817s] -- Symlinking: /home/jang/2024_7Dof/install/iiwa_description/share/iiwa_description/meshes/lbr_iiwa_14_r820/visual/link_2.dae
[0.824s] -- Symlinking: /home/jang/2024_7Dof/install/iiwa_description/share/iiwa_description/meshes/lbr_iiwa_14_r820/visual/link_3.dae
[0.834s] -- Symlinking: /home/jang/2024_7Dof/install/iiwa_description/share/iiwa_description/meshes/lbr_iiwa_14_r820/visual/link_4.dae
[0.842s] -- Symlinking: /home/jang/2024_7Dof/install/iiwa_description/share/iiwa_description/meshes/lbr_iiwa_14_r820/visual/link_5.dae
[0.851s] -- Symlinking: /home/jang/2024_7Dof/install/iiwa_description/share/iiwa_description/meshes/lbr_iiwa_14_r820/visual/link_6.dae
[0.859s] -- Symlinking: /home/jang/2024_7Dof/install/iiwa_description/share/iiwa_description/meshes/lbr_iiwa_14_r820/visual/link_7.dae
[0.867s] -- Symlinking: /home/jang/2024_7Dof/install/iiwa_description/share/iiwa_description/meshes/lbr_iiwa_14_r820/visual/link_7_2.stl
[0.876s] -- Symlinking: /home/jang/2024_7Dof/install/iiwa_description/share/iiwa_description/gazebo/iiwa.gazebo.xacro
[0.885s] -- Symlinking: /home/jang/2024_7Dof/install/iiwa_description/share/iiwa_description/gazebo/worlds/empty.world
[0.894s] -- Symlinking: /home/jang/2024_7Dof/install/iiwa_description/share/iiwa_description/gazebo/worlds/light.world
[0.903s] -- Symlinking: /home/jang/2024_7Dof/install/iiwa_description/share/iiwa_description/rviz/iiwa.rviz
[0.912s] -- Symlinking: /home/jang/2024_7Dof/install/iiwa_description/share/iiwa_description/rviz/moveit.rviz
[0.920s] -- Symlinking: /home/jang/2024_7Dof/install/iiwa_description/share/iiwa_description/rviz/servo_rviz_config.rviz
[0.931s] -- Symlinking: /home/jang/2024_7Dof/install/iiwa_description/share/iiwa_description/ros2_control/iiwa.r2c_hardware.xacro
[0.941s] -- Symlinking: /home/jang/2024_7Dof/install/iiwa_description/share/iiwa_description/ros2_control/iiwa.r2c_hw_ds.xacro
[0.952s] -- Symlinking: /home/jang/2024_7Dof/install/iiwa_description/share/iiwa_description/config/base_frame.yaml
[0.961s] -- Symlinking: /home/jang/2024_7Dof/install/iiwa_description/share/iiwa_description/config/iiwa.config.xacro
[0.968s] -- Symlinking: /home/jang/2024_7Dof/install/iiwa_description/share/iiwa_description/config/iiwa_controllers.yaml
[0.976s] -- Symlinking: /home/jang/2024_7Dof/install/iiwa_description/share/iiwa_description/config/initial_positions.yaml
[0.984s] -- Symlinking: /home/jang/2024_7Dof/install/iiwa_description/share/iiwa_description/moveit2/iiwa_cartesian_limits.yaml
[0.994s] -- Symlinking: /home/jang/2024_7Dof/install/iiwa_description/share/iiwa_description/moveit2/iiwa_joint_limits.yaml
[1.000s] -- Symlinking: /home/jang/2024_7Dof/install/iiwa_description/share/iiwa_description/moveit2/iiwa_moveit2_pose_tracking_config.yaml
[1.010s] -- Symlinking: /home/jang/2024_7Dof/install/iiwa_description/share/iiwa_description/moveit2/iiwa_moveit2_pose_tracking_settings.yaml
[1.019s] -- Symlinking: /home/jang/2024_7Dof/install/iiwa_description/share/iiwa_description/moveit2/iiwa_moveit2_servo_config.yaml
[1.030s] -- Symlinking: /home/jang/2024_7Dof/install/iiwa_description/share/iiwa_description/moveit2/iiwa_moveit_controller_config.yaml
[1.036s] -- Symlinking: /home/jang/2024_7Dof/install/iiwa_description/share/iiwa_description/moveit2/kinematics.yaml
[1.044s] -- Symlinking: /home/jang/2024_7Dof/install/iiwa_description/share/iiwa_description/moveit2/ompl_planning.yaml
[1.050s] -- Symlinking: /home/jang/2024_7Dof/install/iiwa_description/share/iiwa_description/moveit2/planning_pipelines_config.yaml
[1.056s] -- Symlinking: /home/jang/2024_7Dof/install/iiwa_description/share/iiwa_description/srdf/iiwa.srdf.xacro
[1.066s] -- Symlinking: /home/jang/2024_7Dof/install/iiwa_description/share/iiwa_description/srdf/iiwa_macro.srdf.xacro
[1.074s] -- Symlinking: /home/jang/2024_7Dof/install/iiwa_description/share/iiwa_description/environment/iiwa_description.sh
[1.083s] -- Symlinking: /home/jang/2024_7Dof/install/iiwa_description/share/ament_index/resource_index/package_run_dependencies/iiwa_description
[1.088s] -- Symlinking: /home/jang/2024_7Dof/install/iiwa_description/share/ament_index/resource_index/parent_prefix_path/iiwa_description
[1.098s] -- Symlinking: /home/jang/2024_7Dof/install/iiwa_description/share/iiwa_description/environment/ament_prefix_path.sh
[1.106s] -- Symlinking: /home/jang/2024_7Dof/install/iiwa_description/share/iiwa_description/environment/ament_prefix_path.dsv
[1.116s] -- Symlinking: /home/jang/2024_7Dof/install/iiwa_description/share/iiwa_description/environment/path.sh
[1.124s] -- Symlinking: /home/jang/2024_7Dof/install/iiwa_description/share/iiwa_description/environment/path.dsv
[1.136s] -- Symlinking: /home/jang/2024_7Dof/install/iiwa_description/share/iiwa_description/local_setup.bash
[1.148s] -- Symlinking: /home/jang/2024_7Dof/install/iiwa_description/share/iiwa_description/local_setup.sh
[1.155s] -- Symlinking: /home/jang/2024_7Dof/install/iiwa_description/share/iiwa_description/local_setup.zsh
[1.166s] -- Symlinking: /home/jang/2024_7Dof/install/iiwa_description/share/iiwa_description/local_setup.dsv
[1.176s] -- Symlinking: /home/jang/2024_7Dof/install/iiwa_description/share/iiwa_description/package.dsv
[1.185s] -- Symlinking: /home/jang/2024_7Dof/install/iiwa_description/share/ament_index/resource_index/packages/iiwa_description
[1.196s] -- Symlinking: /home/jang/2024_7Dof/install/iiwa_description/share/iiwa_description/cmake/iiwa_descriptionConfig.cmake
[1.205s] -- Symlinking: /home/jang/2024_7Dof/install/iiwa_description/share/iiwa_description/cmake/iiwa_descriptionConfig-version.cmake
[1.216s] -- Symlinking: /home/jang/2024_7Dof/install/iiwa_description/share/iiwa_description/package.xml
[1.230s] Invoked command in '/home/jang/2024_7Dof/build/iiwa_description' returned '0': CMAKE_PREFIX_PATH=/opt/ros/humble /usr/bin/cmake --install /home/jang/2024_7Dof/build/iiwa_description
