[0.158s] Invoking command in '/home/jang/2024_7Dof/build/culjaco': CMAKE_PREFIX_PATH=${CMAKE_PREFIX_PATH}:/home/jang/2024_7Dof/install/apf_nodes:/opt/ros/humble /usr/bin/cmake --build /home/jang/2024_7Dof/build/culjaco -- -j16 -l16
[0.307s] [35m[1mConsolidate compiler generated dependencies of target jaco_node[0m
[0.317s] [ 20%] Built target forward
[0.368s] [ 40%] Built target listener
[0.373s] [ 60%] Built target talker
[0.378s] [ 80%] Built target forward_node
[0.413s] [ 90%] [32mBuilding CXX object CMakeFiles/jaco_node.dir/src/cul_jaco.cpp.o[0m
[2.049s] [01m[K/home/jang/2024_7Dof/src/culjaco/src/cul_jaco.cpp:15:24:[m[K [01;31m[Kerror: [m[Kinvalid use of non-static data member ‘[01m[Kjaco_node::position_size[m[K’
[2.049s]    15 |     double joint_array[[01;31m[Kposition_size[m[K];
[2.049s]       |                        [01;31m[K^~~~~~~~~~~~~[m[K
[2.049s] [01m[K/home/jang/2024_7Dof/src/culjaco/src/cul_jaco.cpp:14:9:[m[K [01;36m[Knote: [m[Kdeclared here
[2.049s]    14 |     int [01;36m[Kposition_size[m[K = 7;
[2.049s]       |         [01;36m[K^~~~~~~~~~~~~[m[K
[2.086s] [01m[K/home/jang/2024_7Dof/src/culjaco/src/cul_jaco.cpp:[m[K In member function ‘[01m[Kvoid jaco_node::joint_state_callback(const JointState&) const[m[K’:
[2.086s] [01m[K/home/jang/2024_7Dof/src/culjaco/src/cul_jaco.cpp:36:13:[m[K [01;31m[Kerror: [m[K‘[01m[Kjoint_array[m[K’ was not declared in this scope
[2.086s]    36 |             [01;31m[Kjoint_array[m[K[i] = msg.position[i];
[2.086s]       |             [01;31m[K^~~~~~~~~~~[m[K
[3.555s] gmake[2]: *** [CMakeFiles/jaco_node.dir/build.make:76: CMakeFiles/jaco_node.dir/src/cul_jaco.cpp.o] Error 1
[3.555s] gmake[1]: *** [CMakeFiles/Makefile2:249: CMakeFiles/jaco_node.dir/all] Error 2
[3.556s] gmake: *** [Makefile:146: all] Error 2
[3.558s] Invoked command in '/home/jang/2024_7Dof/build/culjaco' returned '2': CMAKE_PREFIX_PATH=${CMAKE_PREFIX_PATH}:/home/jang/2024_7Dof/install/apf_nodes:/opt/ros/humble /usr/bin/cmake --build /home/jang/2024_7Dof/build/culjaco -- -j16 -l16
