[0.017s] Invoking command in '/home/jang/2024_7Dof/build/apf_package': CMAKE_PREFIX_PATH=/home/jang/2024_7Dof/install/apf_interfaces:/home/jang/2024_7Dof/install/impedance_controller:/home/jang/2024_7Dof/install/iiwa_moveit2:/home/jang/2024_7Dof/install/iiwa_bringup:/home/jang/2024_7Dof/install/iiwa_description:/home/jang/2024_7Dof/install/external_torque_sensor_broadcaster:/home/jang/2024_7Dof/install/culjaco:/home/jang/2024_7Dof/install/apf_package:/home/jang/2024_7Dof/install/apf_nodes:/opt/ros/humble LD_LIBRARY_PATH=/home/jang/2024_7Dof/install/apf_interfaces/lib:/home/jang/2024_7Dof/install/impedance_controller/lib:/home/jang/2024_7Dof/install/iiwa_moveit2/lib:/home/jang/2024_7Dof/install/external_torque_sensor_broadcaster/lib:/usr/lib/x86_64-linux-gnu/gazebo-11/plugins:/opt/ros/humble/opt/rviz_ogre_vendor/lib:/opt/ros/humble/lib/x86_64-linux-gnu:/opt/ros/humble/lib:/usr/lib/x86_64-linux-gnu/gazebo-11/plugins /usr/bin/cmake --build /home/jang/2024_7Dof/build/apf_package -- -j16 -l16
[0.193s] [ 33%] Built target save_jaco
[0.198s] [ 66%] Built target apf_main_node
[0.218s] [ 83%] [32mBuilding CXX object CMakeFiles/cul_distance_node.dir/src/cul_distance_node.cpp.o[0m
[3.050s] [01m[K/home/jang/2024_7Dof/src/apf_package/src/cul_distance_node.cpp:[m[K In member function ‘[01m[Kvoid cul_distance_node::topic_callback(const Odometry&)[m[K’:
[3.050s] [01m[K/home/jang/2024_7Dof/src/apf_package/src/cul_distance_node.cpp:166:26:[m[K [01;35m[Kwarning: [m[Kcomparison of integer expressions of different signedness: ‘[01m[Kint[m[K’ and ‘[01m[Kstd::vector<fcl::CollisionObject<double>*, std::allocator<fcl::CollisionObject<double>*> >::size_type[m[K’ {aka ‘[01m[Klong unsigned int[m[K’} [[01;35m[K]8;;https://gcc.gnu.org/onlinedocs/gcc/Warning-Options.html#index-Wsign-compare-Wsign-compare]8;;[m[K]
[3.050s]   166 |       for (int i = 0 ; [01;35m[Ki < obstacle.size()[m[K; i++){
[3.050s]       |                        [01;35m[K~~^~~~~~~~~~~~~~~~~[m[K
[3.050s] [01m[K/home/jang/2024_7Dof/src/apf_package/src/cul_distance_node.cpp:170:26:[m[K [01;35m[Kwarning: [m[Kcomparison of integer expressions of different signedness: ‘[01m[Kint[m[K’ and ‘[01m[Kstd::vector<fcl::CollisionObject<double>*, std::allocator<fcl::CollisionObject<double>*> >::size_type[m[K’ {aka ‘[01m[Klong unsigned int[m[K’} [[01;35m[K]8;;https://gcc.gnu.org/onlinedocs/gcc/Warning-Options.html#index-Wsign-compare-Wsign-compare]8;;[m[K]
[3.050s]   170 |       for (int i = 0 ; [01;35m[Ki < link.size()[m[K; i++){
[3.050s]       |                        [01;35m[K~~^~~~~~~~~~~~~[m[K
[3.055s] [01m[K/home/jang/2024_7Dof/src/apf_package/src/cul_distance_node.cpp:[m[K In member function ‘[01m[Kvoid cul_distance_node::set_fcl()[m[K’:
[3.055s] [01m[K/home/jang/2024_7Dof/src/apf_package/src/cul_distance_node.cpp:236:25:[m[K [01;31m[Kerror: [m[Kno matching function for call to ‘[01m[Kstd::vector<fcl::CollisionObject<double>*, std::allocator<fcl::CollisionObject<double>*> >::push_back(fcl::CollisionObjectd&)[m[K’
[3.055s]   236 |       [01;31m[Kobstacle.push_back(obstacle_object)[m[K;
[3.055s]       |       [01;31m[K~~~~~~~~~~~~~~~~~~^~~~~~~~~~~~~~~~~[m[K
[3.055s] In file included from [01m[K/usr/include/c++/11/vector:67[m[K,
[3.055s]                  from [01m[K/usr/include/c++/11/functional:62[m[K,
[3.055s]                  from [01m[K/opt/ros/humble/include/tf2_ros/tf2_ros/transform_listener.h:35[m[K,
[3.055s]                  from [01m[K/home/jang/2024_7Dof/src/apf_package/src/cul_distance_node.cpp:3[m[K:
[3.055s] [01m[K/usr/include/c++/11/bits/stl_vector.h:1187:7:[m[K [01;36m[Knote: [m[Kcandidate: ‘[01m[Kvoid std::vector<_Tp, _Alloc>::push_back(const value_type&) [with _Tp = fcl::CollisionObject<double>*; _Alloc = std::allocator<fcl::CollisionObject<double>*>; std::vector<_Tp, _Alloc>::value_type = fcl::CollisionObject<double>*][m[K’
[3.055s]  1187 |       [01;36m[Kpush_back[m[K(const value_type& __x)
[3.055s]       |       [01;36m[K^~~~~~~~~[m[K
[3.055s] [01m[K/usr/include/c++/11/bits/stl_vector.h:1187:35:[m[K [01;36m[Knote: [m[K  no known conversion for argument 1 from ‘[01m[Kfcl::CollisionObjectd[m[K’ {aka ‘[01m[Kfcl::CollisionObject<double>[m[K’} to ‘[01m[Kfcl::CollisionObject<double>* const&[m[K’
[3.055s]  1187 |       push_back([01;36m[Kconst value_type& __x[m[K)
[3.055s]       |                 [01;36m[K~~~~~~~~~~~~~~~~~~^~~[m[K
[3.055s] [01m[K/usr/include/c++/11/bits/stl_vector.h:1203:7:[m[K [01;36m[Knote: [m[Kcandidate: ‘[01m[Kvoid std::vector<_Tp, _Alloc>::push_back(std::vector<_Tp, _Alloc>::value_type&&) [with _Tp = fcl::CollisionObject<double>*; _Alloc = std::allocator<fcl::CollisionObject<double>*>; std::vector<_Tp, _Alloc>::value_type = fcl::CollisionObject<double>*][m[K’
[3.055s]  1203 |       [01;36m[Kpush_back[m[K(value_type&& __x)
[3.055s]       |       [01;36m[K^~~~~~~~~[m[K
[3.055s] [01m[K/usr/include/c++/11/bits/stl_vector.h:1203:30:[m[K [01;36m[Knote: [m[K  no known conversion for argument 1 from ‘[01m[Kfcl::CollisionObjectd[m[K’ {aka ‘[01m[Kfcl::CollisionObject<double>[m[K’} to ‘[01m[Kfcl::CollisionObject<double>*&&[m[K’
[3.055s]  1203 |       push_back([01;36m[Kvalue_type&& __x[m[K)
[3.055s]       |                 [01;36m[K~~~~~~~~~~~~~^~~[m[K
[3.055s] [01m[K/home/jang/2024_7Dof/src/apf_package/src/cul_distance_node.cpp:237:25:[m[K [01;31m[Kerror: [m[Kno matching function for call to ‘[01m[Kstd::vector<fcl::CollisionObject<double>*, std::allocator<fcl::CollisionObject<double>*> >::push_back(fcl::CollisionObjectd&)[m[K’
[3.055s]   237 |       [01;31m[Kobstacle.push_back(obstacle_object2)[m[K;
[3.055s]       |       [01;31m[K~~~~~~~~~~~~~~~~~~^~~~~~~~~~~~~~~~~~[m[K
[3.055s] In file included from [01m[K/usr/include/c++/11/vector:67[m[K,
[3.055s]                  from [01m[K/usr/include/c++/11/functional:62[m[K,
[3.055s]                  from [01m[K/opt/ros/humble/include/tf2_ros/tf2_ros/transform_listener.h:35[m[K,
[3.056s]                  from [01m[K/home/jang/2024_7Dof/src/apf_package/src/cul_distance_node.cpp:3[m[K:
[3.056s] [01m[K/usr/include/c++/11/bits/stl_vector.h:1187:7:[m[K [01;36m[Knote: [m[Kcandidate: ‘[01m[Kvoid std::vector<_Tp, _Alloc>::push_back(const value_type&) [with _Tp = fcl::CollisionObject<double>*; _Alloc = std::allocator<fcl::CollisionObject<double>*>; std::vector<_Tp, _Alloc>::value_type = fcl::CollisionObject<double>*][m[K’
[3.056s]  1187 |       [01;36m[Kpush_back[m[K(const value_type& __x)
[3.056s]       |       [01;36m[K^~~~~~~~~[m[K
[3.056s] [01m[K/usr/include/c++/11/bits/stl_vector.h:1187:35:[m[K [01;36m[Knote: [m[K  no known conversion for argument 1 from ‘[01m[Kfcl::CollisionObjectd[m[K’ {aka ‘[01m[Kfcl::CollisionObject<double>[m[K’} to ‘[01m[Kfcl::CollisionObject<double>* const&[m[K’
[3.056s]  1187 |       push_back([01;36m[Kconst value_type& __x[m[K)
[3.056s]       |                 [01;36m[K~~~~~~~~~~~~~~~~~~^~~[m[K
[3.056s] [01m[K/usr/include/c++/11/bits/stl_vector.h:1203:7:[m[K [01;36m[Knote: [m[Kcandidate: ‘[01m[Kvoid std::vector<_Tp, _Alloc>::push_back(std::vector<_Tp, _Alloc>::value_type&&) [with _Tp = fcl::CollisionObject<double>*; _Alloc = std::allocator<fcl::CollisionObject<double>*>; std::vector<_Tp, _Alloc>::value_type = fcl::CollisionObject<double>*][m[K’
[3.056s]  1203 |       [01;36m[Kpush_back[m[K(value_type&& __x)
[3.056s]       |       [01;36m[K^~~~~~~~~[m[K
[3.056s] [01m[K/usr/include/c++/11/bits/stl_vector.h:1203:30:[m[K [01;36m[Knote: [m[K  no known conversion for argument 1 from ‘[01m[Kfcl::CollisionObjectd[m[K’ {aka ‘[01m[Kfcl::CollisionObject<double>[m[K’} to ‘[01m[Kfcl::CollisionObject<double>*&&[m[K’
[3.056s]  1203 |       push_back([01;36m[Kvalue_type&& __x[m[K)
[3.056s]       |                 [01;36m[K~~~~~~~~~~~~~^~~[m[K
[3.056s] [01m[K/home/jang/2024_7Dof/src/apf_package/src/cul_distance_node.cpp:238:21:[m[K [01;31m[Kerror: [m[Kno matching function for call to ‘[01m[Kstd::vector<fcl::CollisionObject<double>*, std::allocator<fcl::CollisionObject<double>*> >::push_back(fcl::CollisionObjectd&)[m[K’
[3.056s]   238 |       [01;31m[Klink.push_back(link3_object)[m[K;
[3.056s]       |       [01;31m[K~~~~~~~~~~~~~~^~~~~~~~~~~~~~[m[K
[3.056s] In file included from [01m[K/usr/include/c++/11/vector:67[m[K,
[3.056s]                  from [01m[K/usr/include/c++/11/functional:62[m[K,
[3.056s]                  from [01m[K/opt/ros/humble/include/tf2_ros/tf2_ros/transform_listener.h:35[m[K,
[3.056s]                  from [01m[K/home/jang/2024_7Dof/src/apf_package/src/cul_distance_node.cpp:3[m[K:
[3.056s] [01m[K/usr/include/c++/11/bits/stl_vector.h:1187:7:[m[K [01;36m[Knote: [m[Kcandidate: ‘[01m[Kvoid std::vector<_Tp, _Alloc>::push_back(const value_type&) [with _Tp = fcl::CollisionObject<double>*; _Alloc = std::allocator<fcl::CollisionObject<double>*>; std::vector<_Tp, _Alloc>::value_type = fcl::CollisionObject<double>*][m[K’
[3.056s]  1187 |       [01;36m[Kpush_back[m[K(const value_type& __x)
[3.056s]       |       [01;36m[K^~~~~~~~~[m[K
[3.056s] [01m[K/usr/include/c++/11/bits/stl_vector.h:1187:35:[m[K [01;36m[Knote: [m[K  no known conversion for argument 1 from ‘[01m[Kfcl::CollisionObjectd[m[K’ {aka ‘[01m[Kfcl::CollisionObject<double>[m[K’} to ‘[01m[Kfcl::CollisionObject<double>* const&[m[K’
[3.056s]  1187 |       push_back([01;36m[Kconst value_type& __x[m[K)
[3.056s]       |                 [01;36m[K~~~~~~~~~~~~~~~~~~^~~[m[K
[3.056s] [01m[K/usr/include/c++/11/bits/stl_vector.h:1203:7:[m[K [01;36m[Knote: [m[Kcandidate: ‘[01m[Kvoid std::vector<_Tp, _Alloc>::push_back(std::vector<_Tp, _Alloc>::value_type&&) [with _Tp = fcl::CollisionObject<double>*; _Alloc = std::allocator<fcl::CollisionObject<double>*>; std::vector<_Tp, _Alloc>::value_type = fcl::CollisionObject<double>*][m[K’
[3.056s]  1203 |       [01;36m[Kpush_back[m[K(value_type&& __x)
[3.056s]       |       [01;36m[K^~~~~~~~~[m[K
[3.056s] [01m[K/usr/include/c++/11/bits/stl_vector.h:1203:30:[m[K [01;36m[Knote: [m[K  no known conversion for argument 1 from ‘[01m[Kfcl::CollisionObjectd[m[K’ {aka ‘[01m[Kfcl::CollisionObject<double>[m[K’} to ‘[01m[Kfcl::CollisionObject<double>*&&[m[K’
[3.056s]  1203 |       push_back([01;36m[Kvalue_type&& __x[m[K)
[3.056s]       |                 [01;36m[K~~~~~~~~~~~~~^~~[m[K
[3.056s] [01m[K/home/jang/2024_7Dof/src/apf_package/src/cul_distance_node.cpp:239:21:[m[K [01;31m[Kerror: [m[Kno matching function for call to ‘[01m[Kstd::vector<fcl::CollisionObject<double>*, std::allocator<fcl::CollisionObject<double>*> >::push_back(fcl::CollisionObjectd&)[m[K’
[3.056s]   239 |       [01;31m[Klink.push_back(link5_object)[m[K;
[3.056s]       |       [01;31m[K~~~~~~~~~~~~~~^~~~~~~~~~~~~~[m[K
[3.056s] In file included from [01m[K/usr/include/c++/11/vector:67[m[K,
[3.056s]                  from [01m[K/usr/include/c++/11/functional:62[m[K,
[3.056s]                  from [01m[K/opt/ros/humble/include/tf2_ros/tf2_ros/transform_listener.h:35[m[K,
[3.056s]                  from [01m[K/home/jang/2024_7Dof/src/apf_package/src/cul_distance_node.cpp:3[m[K:
[3.056s] [01m[K/usr/include/c++/11/bits/stl_vector.h:1187:7:[m[K [01;36m[Knote: [m[Kcandidate: ‘[01m[Kvoid std::vector<_Tp, _Alloc>::push_back(const value_type&) [with _Tp = fcl::CollisionObject<double>*; _Alloc = std::allocator<fcl::CollisionObject<double>*>; std::vector<_Tp, _Alloc>::value_type = fcl::CollisionObject<double>*][m[K’
[3.056s]  1187 |       [01;36m[Kpush_back[m[K(const value_type& __x)
[3.056s]       |       [01;36m[K^~~~~~~~~[m[K
[3.057s] [01m[K/usr/include/c++/11/bits/stl_vector.h:1187:35:[m[K [01;36m[Knote: [m[K  no known conversion for argument 1 from ‘[01m[Kfcl::CollisionObjectd[m[K’ {aka ‘[01m[Kfcl::CollisionObject<double>[m[K’} to ‘[01m[Kfcl::CollisionObject<double>* const&[m[K’
[3.057s]  1187 |       push_back([01;36m[Kconst value_type& __x[m[K)
[3.057s]       |                 [01;36m[K~~~~~~~~~~~~~~~~~~^~~[m[K
[3.057s] [01m[K/usr/include/c++/11/bits/stl_vector.h:1203:7:[m[K [01;36m[Knote: [m[Kcandidate: ‘[01m[Kvoid std::vector<_Tp, _Alloc>::push_back(std::vector<_Tp, _Alloc>::value_type&&) [with _Tp = fcl::CollisionObject<double>*; _Alloc = std::allocator<fcl::CollisionObject<double>*>; std::vector<_Tp, _Alloc>::value_type = fcl::CollisionObject<double>*][m[K’
[3.057s]  1203 |       [01;36m[Kpush_back[m[K(value_type&& __x)
[3.057s]       |       [01;36m[K^~~~~~~~~[m[K
[3.057s] [01m[K/usr/include/c++/11/bits/stl_vector.h:1203:30:[m[K [01;36m[Knote: [m[K  no known conversion for argument 1 from ‘[01m[Kfcl::CollisionObjectd[m[K’ {aka ‘[01m[Kfcl::CollisionObject<double>[m[K’} to ‘[01m[Kfcl::CollisionObject<double>*&&[m[K’
[3.057s]  1203 |       push_back([01;36m[Kvalue_type&& __x[m[K)
[3.057s]       |                 [01;36m[K~~~~~~~~~~~~~^~~[m[K
[3.057s] [01m[K/home/jang/2024_7Dof/src/apf_package/src/cul_distance_node.cpp:240:21:[m[K [01;31m[Kerror: [m[Kno matching function for call to ‘[01m[Kstd::vector<fcl::CollisionObject<double>*, std::allocator<fcl::CollisionObject<double>*> >::push_back(fcl::CollisionObjectd&)[m[K’
[3.057s]   240 |       [01;31m[Klink.push_back(link7_object)[m[K;
[3.057s]       |       [01;31m[K~~~~~~~~~~~~~~^~~~~~~~~~~~~~[m[K
[3.057s] In file included from [01m[K/usr/include/c++/11/vector:67[m[K,
[3.057s]                  from [01m[K/usr/include/c++/11/functional:62[m[K,
[3.057s]                  from [01m[K/opt/ros/humble/include/tf2_ros/tf2_ros/transform_listener.h:35[m[K,
[3.057s]                  from [01m[K/home/jang/2024_7Dof/src/apf_package/src/cul_distance_node.cpp:3[m[K:
[3.057s] [01m[K/usr/include/c++/11/bits/stl_vector.h:1187:7:[m[K [01;36m[Knote: [m[Kcandidate: ‘[01m[Kvoid std::vector<_Tp, _Alloc>::push_back(const value_type&) [with _Tp = fcl::CollisionObject<double>*; _Alloc = std::allocator<fcl::CollisionObject<double>*>; std::vector<_Tp, _Alloc>::value_type = fcl::CollisionObject<double>*][m[K’
[3.057s]  1187 |       [01;36m[Kpush_back[m[K(const value_type& __x)
[3.057s]       |       [01;36m[K^~~~~~~~~[m[K
[3.057s] [01m[K/usr/include/c++/11/bits/stl_vector.h:1187:35:[m[K [01;36m[Knote: [m[K  no known conversion for argument 1 from ‘[01m[Kfcl::CollisionObjectd[m[K’ {aka ‘[01m[Kfcl::CollisionObject<double>[m[K’} to ‘[01m[Kfcl::CollisionObject<double>* const&[m[K’
[3.057s]  1187 |       push_back([01;36m[Kconst value_type& __x[m[K)
[3.057s]       |                 [01;36m[K~~~~~~~~~~~~~~~~~~^~~[m[K
[3.057s] [01m[K/usr/include/c++/11/bits/stl_vector.h:1203:7:[m[K [01;36m[Knote: [m[Kcandidate: ‘[01m[Kvoid std::vector<_Tp, _Alloc>::push_back(std::vector<_Tp, _Alloc>::value_type&&) [with _Tp = fcl::CollisionObject<double>*; _Alloc = std::allocator<fcl::CollisionObject<double>*>; std::vector<_Tp, _Alloc>::value_type = fcl::CollisionObject<double>*][m[K’
[3.057s]  1203 |       [01;36m[Kpush_back[m[K(value_type&& __x)
[3.057s]       |       [01;36m[K^~~~~~~~~[m[K
[3.057s] [01m[K/usr/include/c++/11/bits/stl_vector.h:1203:30:[m[K [01;36m[Knote: [m[K  no known conversion for argument 1 from ‘[01m[Kfcl::CollisionObjectd[m[K’ {aka ‘[01m[Kfcl::CollisionObject<double>[m[K’} to ‘[01m[Kfcl::CollisionObject<double>*&&[m[K’
[3.057s]  1203 |       push_back([01;36m[Kvalue_type&& __x[m[K)
[3.057s]       |                 [01;36m[K~~~~~~~~~~~~~^~~[m[K
[5.468s] gmake[2]: *** [CMakeFiles/cul_distance_node.dir/build.make:76: CMakeFiles/cul_distance_node.dir/src/cul_distance_node.cpp.o] Error 1
[5.468s] gmake[1]: *** [CMakeFiles/Makefile2:167: CMakeFiles/cul_distance_node.dir/all] Error 2
[5.468s] gmake: *** [Makefile:146: all] Error 2
[5.471s] Invoked command in '/home/jang/2024_7Dof/build/apf_package' returned '2': CMAKE_PREFIX_PATH=/home/jang/2024_7Dof/install/apf_interfaces:/home/jang/2024_7Dof/install/impedance_controller:/home/jang/2024_7Dof/install/iiwa_moveit2:/home/jang/2024_7Dof/install/iiwa_bringup:/home/jang/2024_7Dof/install/iiwa_description:/home/jang/2024_7Dof/install/external_torque_sensor_broadcaster:/home/jang/2024_7Dof/install/culjaco:/home/jang/2024_7Dof/install/apf_package:/home/jang/2024_7Dof/install/apf_nodes:/opt/ros/humble LD_LIBRARY_PATH=/home/jang/2024_7Dof/install/apf_interfaces/lib:/home/jang/2024_7Dof/install/impedance_controller/lib:/home/jang/2024_7Dof/install/iiwa_moveit2/lib:/home/jang/2024_7Dof/install/external_torque_sensor_broadcaster/lib:/usr/lib/x86_64-linux-gnu/gazebo-11/plugins:/opt/ros/humble/opt/rviz_ogre_vendor/lib:/opt/ros/humble/lib/x86_64-linux-gnu:/opt/ros/humble/lib:/usr/lib/x86_64-linux-gnu/gazebo-11/plugins /usr/bin/cmake --build /home/jang/2024_7Dof/build/apf_package -- -j16 -l16
