[0.218s] Invoking command in '/home/jang/2024_7Dof/build/iiwa_bringup': CMAKE_PREFIX_PATH=/home/jang/2024_7Dof/install/iiwa_description:/home/jang/2024_7Dof/install/impedance_controller:/home/jang/2024_7Dof/install/iiwa_moveit2:/home/jang/2024_7Dof/install/iiwa_bringup:/home/jang/2024_7Dof/install/external_torque_sensor_broadcaster:/home/jang/2024_7Dof/install/culjaco:/home/jang/2024_7Dof/install/apf_package:/home/jang/2024_7Dof/install/apf_nodes:/opt/ros/humble /usr/bin/cmake --build /home/jang/2024_7Dof/build/iiwa_bringup -- -j16 -l16
[0.592s] Invoked command in '/home/jang/2024_7Dof/build/iiwa_bringup' returned '0': CMAKE_PREFIX_PATH=/home/jang/2024_7Dof/install/iiwa_description:/home/jang/2024_7Dof/install/impedance_controller:/home/jang/2024_7Dof/install/iiwa_moveit2:/home/jang/2024_7Dof/install/iiwa_bringup:/home/jang/2024_7Dof/install/external_torque_sensor_broadcaster:/home/jang/2024_7Dof/install/culjaco:/home/jang/2024_7Dof/install/apf_package:/home/jang/2024_7Dof/install/apf_nodes:/opt/ros/humble /usr/bin/cmake --build /home/jang/2024_7Dof/build/iiwa_bringup -- -j16 -l16
[0.753s] Invoking command in '/home/jang/2024_7Dof/build/iiwa_bringup': CMAKE_PREFIX_PATH=/home/jang/2024_7Dof/install/iiwa_description:/home/jang/2024_7Dof/install/impedance_controller:/home/jang/2024_7Dof/install/iiwa_moveit2:/home/jang/2024_7Dof/install/iiwa_bringup:/home/jang/2024_7Dof/install/external_torque_sensor_broadcaster:/home/jang/2024_7Dof/install/culjaco:/home/jang/2024_7Dof/install/apf_package:/home/jang/2024_7Dof/install/apf_nodes:/opt/ros/humble /usr/bin/cmake --install /home/jang/2024_7Dof/build/iiwa_bringup
[0.798s] -- Install configuration: "Release"
[0.802s] -- Execute custom install script
[0.806s] -- Up-to-date symlink: /home/jang/2024_7Dof/install/iiwa_bringup/share/iiwa_bringup/launch/iiwa.launch.py
[0.807s] -- Up-to-date symlink: /home/jang/2024_7Dof/install/iiwa_bringup/share/iiwa_bringup/launch/iiwa_planning.launch.py
[0.808s] -- Up-to-date symlink: /home/jang/2024_7Dof/install/iiwa_bringup/share/iiwa_bringup/launch/iiwa_pose_tracking.launch.py
[0.810s] -- Up-to-date symlink: /home/jang/2024_7Dof/install/iiwa_bringup/share/iiwa_bringup/launch/iiwa_servoing.launch.py
[0.811s] -- Up-to-date symlink: /home/jang/2024_7Dof/install/iiwa_bringup/share/iiwa_bringup/launch/iiwa_test_joint_trajectory_controller.launch.py
[0.811s] -- Up-to-date symlink: /home/jang/2024_7Dof/install/iiwa_bringup/share/iiwa_bringup/launch/joy_servo_teleop.launch.py
[0.812s] -- Up-to-date symlink: /home/jang/2024_7Dof/install/iiwa_bringup/share/iiwa_bringup/config/test_trajectory_config.yaml
[0.813s] -- Up-to-date symlink: /home/jang/2024_7Dof/install/iiwa_bringup/share/ament_index/resource_index/package_run_dependencies/iiwa_bringup
[0.814s] -- Up-to-date symlink: /home/jang/2024_7Dof/install/iiwa_bringup/share/ament_index/resource_index/parent_prefix_path/iiwa_bringup
[0.815s] -- Up-to-date symlink: /home/jang/2024_7Dof/install/iiwa_bringup/share/iiwa_bringup/environment/ament_prefix_path.sh
[0.816s] -- Up-to-date symlink: /home/jang/2024_7Dof/install/iiwa_bringup/share/iiwa_bringup/environment/ament_prefix_path.dsv
[0.820s] -- Up-to-date symlink: /home/jang/2024_7Dof/install/iiwa_bringup/share/iiwa_bringup/environment/path.sh
[0.821s] -- Up-to-date symlink: /home/jang/2024_7Dof/install/iiwa_bringup/share/iiwa_bringup/environment/path.dsv
[0.821s] -- Up-to-date symlink: /home/jang/2024_7Dof/install/iiwa_bringup/share/iiwa_bringup/local_setup.bash
[0.822s] -- Up-to-date symlink: /home/jang/2024_7Dof/install/iiwa_bringup/share/iiwa_bringup/local_setup.sh
[0.823s] -- Up-to-date symlink: /home/jang/2024_7Dof/install/iiwa_bringup/share/iiwa_bringup/local_setup.zsh
[0.824s] -- Up-to-date symlink: /home/jang/2024_7Dof/install/iiwa_bringup/share/iiwa_bringup/local_setup.dsv
[0.824s] -- Symlinking: /home/jang/2024_7Dof/install/iiwa_bringup/share/iiwa_bringup/package.dsv
[0.876s] -- Up-to-date symlink: /home/jang/2024_7Dof/install/iiwa_bringup/share/ament_index/resource_index/packages/iiwa_bringup
[0.878s] -- Up-to-date symlink: /home/jang/2024_7Dof/install/iiwa_bringup/share/iiwa_bringup/cmake/iiwa_bringupConfig.cmake
[0.879s] -- Up-to-date symlink: /home/jang/2024_7Dof/install/iiwa_bringup/share/iiwa_bringup/cmake/iiwa_bringupConfig-version.cmake
[0.879s] -- Up-to-date symlink: /home/jang/2024_7Dof/install/iiwa_bringup/share/iiwa_bringup/package.xml
[0.893s] Invoked command in '/home/jang/2024_7Dof/build/iiwa_bringup' returned '0': CMAKE_PREFIX_PATH=/home/jang/2024_7Dof/install/iiwa_description:/home/jang/2024_7Dof/install/impedance_controller:/home/jang/2024_7Dof/install/iiwa_moveit2:/home/jang/2024_7Dof/install/iiwa_bringup:/home/jang/2024_7Dof/install/external_torque_sensor_broadcaster:/home/jang/2024_7Dof/install/culjaco:/home/jang/2024_7Dof/install/apf_package:/home/jang/2024_7Dof/install/apf_nodes:/opt/ros/humble /usr/bin/cmake --install /home/jang/2024_7Dof/build/iiwa_bringup
