[0.167s] Invoking command in '/home/jang/2024_7Dof/build/impedance_controller': CMAKE_PREFIX_PATH=${CMAKE_PREFIX_PATH}:/home/jang/2024_7Dof/install/apf_nodes:/opt/ros/humble /usr/bin/cmake --build /home/jang/2024_7Dof/build/impedance_controller -- -j16 -l16
[0.355s] [100%] Built target impedance_controller
[0.396s] Invoked command in '/home/jang/2024_7Dof/build/impedance_controller' returned '0': CMAKE_PREFIX_PATH=${CMAKE_PREFIX_PATH}:/home/jang/2024_7Dof/install/apf_nodes:/opt/ros/humble /usr/bin/cmake --build /home/jang/2024_7Dof/build/impedance_controller -- -j16 -l16
[0.452s] Invoking command in '/home/jang/2024_7Dof/build/impedance_controller': CMAKE_PREFIX_PATH=${CMAKE_PREFIX_PATH}:/home/jang/2024_7Dof/install/apf_nodes:/opt/ros/humble /usr/bin/cmake --install /home/jang/2024_7Dof/build/impedance_controller
[0.461s] -- Install configuration: "Release"
[0.465s] -- Execute custom install script
[0.466s] -- Up-to-date symlink: /home/jang/2024_7Dof/install/impedance_controller/share/impedance_controller//impedance_plugin.xml
[0.467s] -- Up-to-date symlink: /home/jang/2024_7Dof/install/impedance_controller/include/impedance_controller/impedance_controller.hpp
[0.480s] -- Up-to-date symlink: /home/jang/2024_7Dof/install/impedance_controller/include/impedance_controller/visibility_control.h
[0.480s] -- Up-to-date symlink: /home/jang/2024_7Dof/install/impedance_controller/lib/libimpedance_controller.so
[0.480s] -- Up-to-date symlink: /home/jang/2024_7Dof/install/impedance_controller/share/impedance_controller/environment/library_path.sh
[0.481s] -- Up-to-date symlink: /home/jang/2024_7Dof/install/impedance_controller/share/impedance_controller/environment/library_path.dsv
[0.482s] -- Up-to-date symlink: /home/jang/2024_7Dof/install/impedance_controller/share/ament_index/resource_index/package_run_dependencies/impedance_controller
[0.482s] -- Up-to-date symlink: /home/jang/2024_7Dof/install/impedance_controller/share/ament_index/resource_index/parent_prefix_path/impedance_controller
[0.483s] -- Up-to-date symlink: /home/jang/2024_7Dof/install/impedance_controller/share/impedance_controller/environment/ament_prefix_path.sh
[0.483s] -- Up-to-date symlink: /home/jang/2024_7Dof/install/impedance_controller/share/impedance_controller/environment/ament_prefix_path.dsv
[0.483s] -- Up-to-date symlink: /home/jang/2024_7Dof/install/impedance_controller/share/impedance_controller/environment/path.sh
[0.484s] -- Up-to-date symlink: /home/jang/2024_7Dof/install/impedance_controller/share/impedance_controller/environment/path.dsv
[0.485s] -- Up-to-date symlink: /home/jang/2024_7Dof/install/impedance_controller/share/impedance_controller/local_setup.bash
[0.486s] -- Up-to-date symlink: /home/jang/2024_7Dof/install/impedance_controller/share/impedance_controller/local_setup.sh
[0.490s] -- Up-to-date symlink: /home/jang/2024_7Dof/install/impedance_controller/share/impedance_controller/local_setup.zsh
[0.490s] -- Up-to-date symlink: /home/jang/2024_7Dof/install/impedance_controller/share/impedance_controller/local_setup.dsv
[0.491s] -- Symlinking: /home/jang/2024_7Dof/install/impedance_controller/share/impedance_controller/package.dsv
[0.517s] -- Up-to-date symlink: /home/jang/2024_7Dof/install/impedance_controller/share/ament_index/resource_index/packages/impedance_controller
[0.519s] -- Up-to-date symlink: /home/jang/2024_7Dof/install/impedance_controller/share/ament_index/resource_index/controller_interface__pluginlib__plugin/impedance_controller
[0.521s] -- Up-to-date symlink: /home/jang/2024_7Dof/install/impedance_controller/share/impedance_controller/cmake/ament_cmake_export_dependencies-extras.cmake
[0.521s] -- Up-to-date symlink: /home/jang/2024_7Dof/install/impedance_controller/share/impedance_controller/cmake/ament_cmake_export_include_directories-extras.cmake
[0.521s] -- Up-to-date symlink: /home/jang/2024_7Dof/install/impedance_controller/share/impedance_controller/cmake/ament_cmake_export_libraries-extras.cmake
[0.522s] -- Up-to-date symlink: /home/jang/2024_7Dof/install/impedance_controller/share/impedance_controller/cmake/impedance_controllerConfig.cmake
[0.523s] -- Up-to-date symlink: /home/jang/2024_7Dof/install/impedance_controller/share/impedance_controller/cmake/impedance_controllerConfig-version.cmake
[0.524s] -- Up-to-date symlink: /home/jang/2024_7Dof/install/impedance_controller/share/impedance_controller/package.xml
[0.532s] Invoked command in '/home/jang/2024_7Dof/build/impedance_controller' returned '0': CMAKE_PREFIX_PATH=${CMAKE_PREFIX_PATH}:/home/jang/2024_7Dof/install/apf_nodes:/opt/ros/humble /usr/bin/cmake --install /home/jang/2024_7Dof/build/impedance_controller
