[35m[1mConsolidate compiler generated dependencies of target cul_distance_node[0m
[ 25%] Built target apf_main_node
[ 50%] Built target save_jaco
[ 75%] Built target path_planning_node
[ 87%] [32mBuilding CXX object CMakeFiles/cul_distance_node.dir/src/cul_distance_node.cpp.o[0m
[01m[K/home/jang/2024_7Dof/src/apf_package/src/cul_distance_node.cpp:[m[K In member function ‘[01m[Kvoid cul_distance_node::topic_callback(const Odometry&)[m[K’:
[01m[K/home/jang/2024_7Dof/src/apf_package/src/cul_distance_node.cpp:118:30:[m[K [01;31m[Kerror: [m[K‘[01m[Ktarget_points[m[K’ was not declared in this scope
  118 |       target_Quater.setValue([01;31m[Ktarget_points[m[K[3], target_points[4], target_points[5], target_points[6]);
      |                              [01;31m[K^~~~~~~~~~~~~[m[K
[01m[K/home/jang/2024_7Dof/src/apf_package/src/cul_distance_node.cpp:[m[K In member function ‘[01m[Kvoid cul_distance_node::printTransform3d(const Transform3d&, rclcpp::Logger)[m[K’:
[01m[K/home/jang/2024_7Dof/src/apf_package/src/cul_distance_node.cpp:320:77:[m[K [01;35m[Kwarning: [m[Kunused parameter ‘[01m[Klogger[m[K’ [[01;35m[K]8;;https://gcc.gnu.org/onlinedocs/gcc/Warning-Options.html#index-Wunused-parameter-Wunused-parameter]8;;[m[K]
  320 |     void printTransform3d(const fcl::Transform3d& transform, [01;35m[Krclcpp::Logger logger[m[K) {
      |                                                              [01;35m[K~~~~~~~~~~~~~~~^~~~~~[m[K
[01m[K/home/jang/2024_7Dof/src/apf_package/src/cul_distance_node.cpp:[m[K In member function ‘[01m[Kvoid cul_distance_node::RRTs_result(rclcpp::Client<apf_interfaces::srv::RRTSPoints>::SharedFuture)[m[K’:
[01m[K/home/jang/2024_7Dof/src/apf_package/src/cul_distance_node.cpp:547:25:[m[K [01;35m[Kwarning: [m[Kcomparison of integer expressions of different signedness: ‘[01m[Kint[m[K’ and ‘[01m[Kstd::vector<double, std::allocator<double> >::size_type[m[K’ {aka ‘[01m[Klong unsigned int[m[K’} [[01;35m[K]8;;https://gcc.gnu.org/onlinedocs/gcc/Warning-Options.html#index-Wsign-compare-Wsign-compare]8;;[m[K]
  547 |       for (int i = 0; [01;35m[Ki < ((response -> result_points).size()/7)[m[K; i++){
      |                       [01;35m[K~~^~~~~~~~~~~~~~~~~~~~~~~~~~~~~~~~~~~~~~~~[m[K
gmake[2]: *** [CMakeFiles/cul_distance_node.dir/build.make:76: CMakeFiles/cul_distance_node.dir/src/cul_distance_node.cpp.o] Error 1
gmake[1]: *** [CMakeFiles/Makefile2:169: CMakeFiles/cul_distance_node.dir/all] Error 2
gmake: *** [Makefile:146: all] Error 2
