[0.166s] Invoking command in '/home/jang/2024_7Dof/src/build/iiwa_moveit2': CMAKE_PREFIX_PATH=${CMAKE_PREFIX_PATH}:/home/jang/2024_7Dof/install/apf_nodes:/opt/ros/humble /usr/bin/cmake --build /home/jang/2024_7Dof/src/build/iiwa_moveit2 -- -j16 -l16
[0.207s] [35m[1mConsolidate compiler generated dependencies of target servo_node[0m
[0.207s] [35m[1mConsolidate compiler generated dependencies of target servo_controller_input[0m
[0.207s] [35m[1mConsolidate compiler generated dependencies of target pose_tracking_servo_node[0m
[0.226s] [ 33%] Built target servo_node
[0.227s] [ 66%] Built target servo_controller_input
[0.241s] [100%] Built target pose_tracking_servo_node
[0.254s] Invoked command in '/home/jang/2024_7Dof/src/build/iiwa_moveit2' returned '0': CMAKE_PREFIX_PATH=${CMAKE_PREFIX_PATH}:/home/jang/2024_7Dof/install/apf_nodes:/opt/ros/humble /usr/bin/cmake --build /home/jang/2024_7Dof/src/build/iiwa_moveit2 -- -j16 -l16
[0.317s] Invoking command in '/home/jang/2024_7Dof/src/build/iiwa_moveit2': CMAKE_PREFIX_PATH=${CMAKE_PREFIX_PATH}:/home/jang/2024_7Dof/install/apf_nodes:/opt/ros/humble /usr/bin/cmake --install /home/jang/2024_7Dof/src/build/iiwa_moveit2
[0.326s] -- Install configuration: "Release"
[0.327s] -- Execute custom install script
[0.327s] -- Up-to-date symlink: /home/jang/2024_7Dof/src/install/iiwa_moveit2/lib/iiwa_moveit2/pose_tracking_servo_node
[0.327s] -- Up-to-date symlink: /home/jang/2024_7Dof/src/install/iiwa_moveit2/lib/iiwa_moveit2/servo_node
[0.327s] -- Up-to-date symlink: /home/jang/2024_7Dof/src/install/iiwa_moveit2/share/iiwa_moveit2/environment/library_path.sh
[0.328s] -- Up-to-date symlink: /home/jang/2024_7Dof/src/install/iiwa_moveit2/share/iiwa_moveit2/environment/library_path.dsv
[0.328s] -- Up-to-date symlink: /home/jang/2024_7Dof/src/install/iiwa_moveit2/share/ament_index/resource_index/package_run_dependencies/iiwa_moveit2
[0.328s] -- Up-to-date symlink: /home/jang/2024_7Dof/src/install/iiwa_moveit2/share/ament_index/resource_index/parent_prefix_path/iiwa_moveit2
[0.328s] -- Up-to-date symlink: /home/jang/2024_7Dof/src/install/iiwa_moveit2/share/iiwa_moveit2/environment/ament_prefix_path.sh
[0.329s] -- Up-to-date symlink: /home/jang/2024_7Dof/src/install/iiwa_moveit2/share/iiwa_moveit2/environment/ament_prefix_path.dsv
[0.329s] -- Up-to-date symlink: /home/jang/2024_7Dof/src/install/iiwa_moveit2/share/iiwa_moveit2/environment/path.sh
[0.329s] -- Up-to-date symlink: /home/jang/2024_7Dof/src/install/iiwa_moveit2/share/iiwa_moveit2/environment/path.dsv
[0.329s] -- Up-to-date symlink: /home/jang/2024_7Dof/src/install/iiwa_moveit2/share/iiwa_moveit2/local_setup.bash
[0.330s] -- Up-to-date symlink: /home/jang/2024_7Dof/src/install/iiwa_moveit2/share/iiwa_moveit2/local_setup.sh
[0.330s] -- Up-to-date symlink: /home/jang/2024_7Dof/src/install/iiwa_moveit2/share/iiwa_moveit2/local_setup.zsh
[0.330s] -- Up-to-date symlink: /home/jang/2024_7Dof/src/install/iiwa_moveit2/share/iiwa_moveit2/local_setup.dsv
[0.330s] -- Symlinking: /home/jang/2024_7Dof/src/install/iiwa_moveit2/share/iiwa_moveit2/package.dsv
[0.337s] -- Up-to-date symlink: /home/jang/2024_7Dof/src/install/iiwa_moveit2/share/ament_index/resource_index/packages/iiwa_moveit2
[0.337s] -- Up-to-date symlink: /home/jang/2024_7Dof/src/install/iiwa_moveit2/share/ament_index/resource_index/rclcpp_components/iiwa_moveit2
[0.337s] -- Up-to-date symlink: /home/jang/2024_7Dof/src/install/iiwa_moveit2/share/iiwa_moveit2/cmake/ament_cmake_export_targets-extras.cmake
[0.338s] -- Up-to-date symlink: /home/jang/2024_7Dof/src/install/iiwa_moveit2/share/iiwa_moveit2/cmake/ament_cmake_export_dependencies-extras.cmake
[0.338s] -- Up-to-date symlink: /home/jang/2024_7Dof/src/install/iiwa_moveit2/share/iiwa_moveit2/cmake/iiwa_moveit2Config.cmake
[0.338s] -- Up-to-date symlink: /home/jang/2024_7Dof/src/install/iiwa_moveit2/share/iiwa_moveit2/cmake/iiwa_moveit2Config-version.cmake
[0.338s] -- Up-to-date symlink: /home/jang/2024_7Dof/src/install/iiwa_moveit2/share/iiwa_moveit2/package.xml
[0.339s] -- Up-to-date: /home/jang/2024_7Dof/src/install/iiwa_moveit2/lib/libservo_controller_input.so
[0.339s] -- Up-to-date: /home/jang/2024_7Dof/src/install/iiwa_moveit2/share/iiwa_moveit2/cmake/export_iiwa_moveit2Export.cmake
[0.340s] -- Up-to-date: /home/jang/2024_7Dof/src/install/iiwa_moveit2/share/iiwa_moveit2/cmake/export_iiwa_moveit2Export-release.cmake
[0.356s] Invoked command in '/home/jang/2024_7Dof/src/build/iiwa_moveit2' returned '0': CMAKE_PREFIX_PATH=${CMAKE_PREFIX_PATH}:/home/jang/2024_7Dof/install/apf_nodes:/opt/ros/humble /usr/bin/cmake --install /home/jang/2024_7Dof/src/build/iiwa_moveit2
