[0.191s] Invoking command in '/home/jang/2024_7Dof/build/impedance_controller': CMAKE_PREFIX_PATH=${CMAKE_PREFIX_PATH}:/home/jang/2024_7Dof/install/apf_nodes:/opt/ros/humble /usr/bin/cmake --build /home/jang/2024_7Dof/build/impedance_controller -- -j16 -l16
[0.573s] [100%] Built target impedance_controller
[0.642s] Invoked command in '/home/jang/2024_7Dof/build/impedance_controller' returned '0': CMAKE_PREFIX_PATH=${CMAKE_PREFIX_PATH}:/home/jang/2024_7Dof/install/apf_nodes:/opt/ros/humble /usr/bin/cmake --build /home/jang/2024_7Dof/build/impedance_controller -- -j16 -l16
[0.716s] Invoking command in '/home/jang/2024_7Dof/build/impedance_controller': CMAKE_PREFIX_PATH=${CMAKE_PREFIX_PATH}:/home/jang/2024_7Dof/install/apf_nodes:/opt/ros/humble /usr/bin/cmake --install /home/jang/2024_7Dof/build/impedance_controller
[0.734s] -- Install configuration: "Release"
[0.746s] -- Execute custom install script
[0.755s] -- Up-to-date symlink: /home/jang/2024_7Dof/install/impedance_controller/share/impedance_controller//impedance_plugin.xml
[0.756s] -- Up-to-date symlink: /home/jang/2024_7Dof/install/impedance_controller/include/impedance_controller/impedance_controller.hpp
[0.756s] -- Up-to-date symlink: /home/jang/2024_7Dof/install/impedance_controller/include/impedance_controller/visibility_control.h
[0.756s] -- Up-to-date symlink: /home/jang/2024_7Dof/install/impedance_controller/lib/libimpedance_controller.so
[0.757s] -- Up-to-date symlink: /home/jang/2024_7Dof/install/impedance_controller/share/impedance_controller/environment/library_path.sh
[0.757s] -- Up-to-date symlink: /home/jang/2024_7Dof/install/impedance_controller/share/impedance_controller/environment/library_path.dsv
[0.758s] -- Up-to-date symlink: /home/jang/2024_7Dof/install/impedance_controller/share/ament_index/resource_index/package_run_dependencies/impedance_controller
[0.759s] -- Up-to-date symlink: /home/jang/2024_7Dof/install/impedance_controller/share/ament_index/resource_index/parent_prefix_path/impedance_controller
[0.761s] -- Up-to-date symlink: /home/jang/2024_7Dof/install/impedance_controller/share/impedance_controller/environment/ament_prefix_path.sh
[0.762s] -- Up-to-date symlink: /home/jang/2024_7Dof/install/impedance_controller/share/impedance_controller/environment/ament_prefix_path.dsv
[0.764s] -- Up-to-date symlink: /home/jang/2024_7Dof/install/impedance_controller/share/impedance_controller/environment/path.sh
[0.766s] -- Up-to-date symlink: /home/jang/2024_7Dof/install/impedance_controller/share/impedance_controller/environment/path.dsv
[0.767s] -- Up-to-date symlink: /home/jang/2024_7Dof/install/impedance_controller/share/impedance_controller/local_setup.bash
[0.767s] -- Up-to-date symlink: /home/jang/2024_7Dof/install/impedance_controller/share/impedance_controller/local_setup.sh
[0.767s] -- Up-to-date symlink: /home/jang/2024_7Dof/install/impedance_controller/share/impedance_controller/local_setup.zsh
[0.767s] -- Up-to-date symlink: /home/jang/2024_7Dof/install/impedance_controller/share/impedance_controller/local_setup.dsv
[0.767s] -- Symlinking: /home/jang/2024_7Dof/install/impedance_controller/share/impedance_controller/package.dsv
[0.771s] -- Up-to-date symlink: /home/jang/2024_7Dof/install/impedance_controller/share/ament_index/resource_index/packages/impedance_controller
[0.771s] -- Up-to-date symlink: /home/jang/2024_7Dof/install/impedance_controller/share/ament_index/resource_index/controller_interface__pluginlib__plugin/impedance_controller
[0.771s] -- Up-to-date symlink: /home/jang/2024_7Dof/install/impedance_controller/share/impedance_controller/cmake/ament_cmake_export_dependencies-extras.cmake
[0.772s] -- Up-to-date symlink: /home/jang/2024_7Dof/install/impedance_controller/share/impedance_controller/cmake/ament_cmake_export_include_directories-extras.cmake
[0.772s] -- Up-to-date symlink: /home/jang/2024_7Dof/install/impedance_controller/share/impedance_controller/cmake/ament_cmake_export_libraries-extras.cmake
[0.772s] -- Up-to-date symlink: /home/jang/2024_7Dof/install/impedance_controller/share/impedance_controller/cmake/impedance_controllerConfig.cmake
[0.772s] -- Up-to-date symlink: /home/jang/2024_7Dof/install/impedance_controller/share/impedance_controller/cmake/impedance_controllerConfig-version.cmake
[0.772s] -- Up-to-date symlink: /home/jang/2024_7Dof/install/impedance_controller/share/impedance_controller/package.xml
[0.819s] Invoked command in '/home/jang/2024_7Dof/build/impedance_controller' returned '0': CMAKE_PREFIX_PATH=${CMAKE_PREFIX_PATH}:/home/jang/2024_7Dof/install/apf_nodes:/opt/ros/humble /usr/bin/cmake --install /home/jang/2024_7Dof/build/impedance_controller
