[0.008s] Invoking command in '/home/jang/2024_7Dof/build/iiwa_bringup': CMAKE_PREFIX_PATH=/home/jang/2024_7Dof/install/iiwa_description:/home/jang/2024_7Dof/install/impedance_controller:/home/jang/2024_7Dof/install/iiwa_moveit2:/home/jang/2024_7Dof/install/iiwa_bringup:/home/jang/2024_7Dof/install/external_torque_sensor_broadcaster:/home/jang/2024_7Dof/install/culjaco:/home/jang/2024_7Dof/install/apf_package:/home/jang/2024_7Dof/install/apf_interfaces:/home/jang/2024_7Dof/install/apf_nodes:/opt/ros/humble /usr/bin/cmake /home/jang/2024_7Dof/src/iiwa_ros2/iiwa_bringup -DCMAKE_BUILD_TYPE=Release -DAMENT_CMAKE_SYMLINK_INSTALL=1 -DCMAKE_INSTALL_PREFIX=/home/jang/2024_7Dof/install/iiwa_bringup
[0.065s] -- The C compiler identification is GNU 11.4.0
[0.120s] -- The CXX compiler identification is GNU 11.4.0
[0.128s] -- Detecting C compiler ABI info
[0.200s] -- Detecting C compiler ABI info - done
[0.204s] -- Check for working C compiler: /usr/bin/cc - skipped
[0.205s] -- Detecting C compile features
[0.205s] -- Detecting C compile features - done
[0.207s] -- Detecting CXX compiler ABI info
[0.288s] -- Detecting CXX compiler ABI info - done
[0.294s] -- Check for working CXX compiler: /usr/bin/c++ - skipped
[0.294s] -- Detecting CXX compile features
[0.294s] -- Detecting CXX compile features - done
[0.305s] -- Found ament_cmake: 1.3.10 (/opt/ros/humble/share/ament_cmake/cmake)
[0.443s] -- Found Python3: /usr/bin/python3 (found version "3.10.12") found components: Interpreter 
[0.532s] -- Override CMake install command with custom implementation using symlinks instead of copying resources
[0.564s] -- Found rclcpp: 16.0.10 (/opt/ros/humble/share/rclcpp/cmake)
[0.621s] -- Found rosidl_generator_c: 3.1.5 (/opt/ros/humble/share/rosidl_generator_c/cmake)
[0.627s] -- Found rosidl_adapter: 3.1.5 (/opt/ros/humble/share/rosidl_adapter/cmake)
[0.646s] -- Found rosidl_generator_cpp: 3.1.5 (/opt/ros/humble/share/rosidl_generator_cpp/cmake)
[0.661s] -- Using all available rosidl_typesupport_c: rosidl_typesupport_fastrtps_c;rosidl_typesupport_introspection_c
[0.689s] -- Using all available rosidl_typesupport_cpp: rosidl_typesupport_fastrtps_cpp;rosidl_typesupport_introspection_cpp
[0.796s] -- Found rmw_implementation_cmake: 6.1.2 (/opt/ros/humble/share/rmw_implementation_cmake/cmake)
[0.802s] -- Found rmw_fastrtps_cpp: 6.2.7 (/opt/ros/humble/share/rmw_fastrtps_cpp/cmake)
[0.973s] -- Found OpenSSL: /usr/lib/x86_64-linux-gnu/libcrypto.so (found version "3.0.2")  
[1.014s] -- Found FastRTPS: /opt/ros/humble/include  
[1.070s] -- Using RMW implementation 'rmw_fastrtps_cpp' as default
[1.080s] -- Looking for pthread.h
[1.154s] -- Looking for pthread.h - found
[1.155s] -- Performing Test CMAKE_HAVE_LIBC_PTHREAD
[1.273s] -- Performing Test CMAKE_HAVE_LIBC_PTHREAD - Success
[1.275s] -- Found Threads: TRUE  
[1.363s] -- Found rclpy: 3.3.14 (/opt/ros/humble/share/rclpy/cmake)
[1.363s] -- Found sensor_msgs: 4.2.4 (/opt/ros/humble/share/sensor_msgs/cmake)
[1.411s] -- Found visualization_msgs: 4.2.4 (/opt/ros/humble/share/visualization_msgs/cmake)
[1.446s] -- Found ament_cmake_gtest: 1.3.10 (/opt/ros/humble/share/ament_cmake_gtest/cmake)
[1.447s] -- Found ament_lint_auto: 0.12.11 (/opt/ros/humble/share/ament_lint_auto/cmake)
[1.611s] -- Added test 'copyright' to check source files copyright and LICENSE
[1.612s] -- Added test 'flake8' to check Python code syntax and style conventions
[1.613s] -- Added test 'lint_cmake' to check CMake code style
[1.613s] -- Added test 'pep257' to check Python code against some of the docstring style conventions in PEP 257
[1.614s] -- Added test 'xmllint' to check XML markup files
[1.616s] -- Configuring done
[1.620s] -- Generating done
[1.622s] -- Build files have been written to: /home/jang/2024_7Dof/build/iiwa_bringup
[1.633s] Invoked command in '/home/jang/2024_7Dof/build/iiwa_bringup' returned '0': CMAKE_PREFIX_PATH=/home/jang/2024_7Dof/install/iiwa_description:/home/jang/2024_7Dof/install/impedance_controller:/home/jang/2024_7Dof/install/iiwa_moveit2:/home/jang/2024_7Dof/install/iiwa_bringup:/home/jang/2024_7Dof/install/external_torque_sensor_broadcaster:/home/jang/2024_7Dof/install/culjaco:/home/jang/2024_7Dof/install/apf_package:/home/jang/2024_7Dof/install/apf_interfaces:/home/jang/2024_7Dof/install/apf_nodes:/opt/ros/humble /usr/bin/cmake /home/jang/2024_7Dof/src/iiwa_ros2/iiwa_bringup -DCMAKE_BUILD_TYPE=Release -DAMENT_CMAKE_SYMLINK_INSTALL=1 -DCMAKE_INSTALL_PREFIX=/home/jang/2024_7Dof/install/iiwa_bringup
[1.635s] Invoking command in '/home/jang/2024_7Dof/build/iiwa_bringup': CMAKE_PREFIX_PATH=/home/jang/2024_7Dof/install/iiwa_description:/home/jang/2024_7Dof/install/impedance_controller:/home/jang/2024_7Dof/install/iiwa_moveit2:/home/jang/2024_7Dof/install/iiwa_bringup:/home/jang/2024_7Dof/install/external_torque_sensor_broadcaster:/home/jang/2024_7Dof/install/culjaco:/home/jang/2024_7Dof/install/apf_package:/home/jang/2024_7Dof/install/apf_interfaces:/home/jang/2024_7Dof/install/apf_nodes:/opt/ros/humble /usr/bin/cmake --build /home/jang/2024_7Dof/build/iiwa_bringup -- -j16 -l16
[1.689s] Invoked command in '/home/jang/2024_7Dof/build/iiwa_bringup' returned '0': CMAKE_PREFIX_PATH=/home/jang/2024_7Dof/install/iiwa_description:/home/jang/2024_7Dof/install/impedance_controller:/home/jang/2024_7Dof/install/iiwa_moveit2:/home/jang/2024_7Dof/install/iiwa_bringup:/home/jang/2024_7Dof/install/external_torque_sensor_broadcaster:/home/jang/2024_7Dof/install/culjaco:/home/jang/2024_7Dof/install/apf_package:/home/jang/2024_7Dof/install/apf_interfaces:/home/jang/2024_7Dof/install/apf_nodes:/opt/ros/humble /usr/bin/cmake --build /home/jang/2024_7Dof/build/iiwa_bringup -- -j16 -l16
[1.719s] Invoking command in '/home/jang/2024_7Dof/build/iiwa_bringup': CMAKE_PREFIX_PATH=/home/jang/2024_7Dof/install/iiwa_description:/home/jang/2024_7Dof/install/impedance_controller:/home/jang/2024_7Dof/install/iiwa_moveit2:/home/jang/2024_7Dof/install/iiwa_bringup:/home/jang/2024_7Dof/install/external_torque_sensor_broadcaster:/home/jang/2024_7Dof/install/culjaco:/home/jang/2024_7Dof/install/apf_package:/home/jang/2024_7Dof/install/apf_interfaces:/home/jang/2024_7Dof/install/apf_nodes:/opt/ros/humble /usr/bin/cmake --install /home/jang/2024_7Dof/build/iiwa_bringup
[1.728s] -- Install configuration: "Release"
[1.728s] -- Execute custom install script
[1.729s] -- Symlinking: /home/jang/2024_7Dof/install/iiwa_bringup/share/iiwa_bringup/launch/iiwa.launch.py
[1.741s] -- Symlinking: /home/jang/2024_7Dof/install/iiwa_bringup/share/iiwa_bringup/launch/iiwa_planning.launch.py
[1.753s] -- Symlinking: /home/jang/2024_7Dof/install/iiwa_bringup/share/iiwa_bringup/launch/iiwa_pose_tracking.launch.py
[1.764s] -- Symlinking: /home/jang/2024_7Dof/install/iiwa_bringup/share/iiwa_bringup/launch/iiwa_servoing.launch.py
[1.775s] -- Symlinking: /home/jang/2024_7Dof/install/iiwa_bringup/share/iiwa_bringup/launch/iiwa_test_joint_trajectory_controller.launch.py
[1.788s] -- Symlinking: /home/jang/2024_7Dof/install/iiwa_bringup/share/iiwa_bringup/launch/joy_servo_teleop.launch.py
[1.798s] -- Symlinking: /home/jang/2024_7Dof/install/iiwa_bringup/share/iiwa_bringup/config/test_trajectory_config.yaml
[1.808s] -- Symlinking: /home/jang/2024_7Dof/install/iiwa_bringup/share/ament_index/resource_index/package_run_dependencies/iiwa_bringup
[1.821s] -- Symlinking: /home/jang/2024_7Dof/install/iiwa_bringup/share/ament_index/resource_index/parent_prefix_path/iiwa_bringup
[1.830s] -- Symlinking: /home/jang/2024_7Dof/install/iiwa_bringup/share/iiwa_bringup/environment/ament_prefix_path.sh
[1.841s] -- Symlinking: /home/jang/2024_7Dof/install/iiwa_bringup/share/iiwa_bringup/environment/ament_prefix_path.dsv
[1.852s] -- Symlinking: /home/jang/2024_7Dof/install/iiwa_bringup/share/iiwa_bringup/environment/path.sh
[1.860s] -- Symlinking: /home/jang/2024_7Dof/install/iiwa_bringup/share/iiwa_bringup/environment/path.dsv
[1.867s] -- Symlinking: /home/jang/2024_7Dof/install/iiwa_bringup/share/iiwa_bringup/local_setup.bash
[1.875s] -- Symlinking: /home/jang/2024_7Dof/install/iiwa_bringup/share/iiwa_bringup/local_setup.sh
[1.883s] -- Symlinking: /home/jang/2024_7Dof/install/iiwa_bringup/share/iiwa_bringup/local_setup.zsh
[1.891s] -- Symlinking: /home/jang/2024_7Dof/install/iiwa_bringup/share/iiwa_bringup/local_setup.dsv
[1.898s] -- Symlinking: /home/jang/2024_7Dof/install/iiwa_bringup/share/iiwa_bringup/package.dsv
[1.905s] -- Symlinking: /home/jang/2024_7Dof/install/iiwa_bringup/share/ament_index/resource_index/packages/iiwa_bringup
[1.917s] -- Symlinking: /home/jang/2024_7Dof/install/iiwa_bringup/share/iiwa_bringup/cmake/iiwa_bringupConfig.cmake
[1.928s] -- Symlinking: /home/jang/2024_7Dof/install/iiwa_bringup/share/iiwa_bringup/cmake/iiwa_bringupConfig-version.cmake
[1.940s] -- Symlinking: /home/jang/2024_7Dof/install/iiwa_bringup/share/iiwa_bringup/package.xml
[1.954s] Invoked command in '/home/jang/2024_7Dof/build/iiwa_bringup' returned '0': CMAKE_PREFIX_PATH=/home/jang/2024_7Dof/install/iiwa_description:/home/jang/2024_7Dof/install/impedance_controller:/home/jang/2024_7Dof/install/iiwa_moveit2:/home/jang/2024_7Dof/install/iiwa_bringup:/home/jang/2024_7Dof/install/external_torque_sensor_broadcaster:/home/jang/2024_7Dof/install/culjaco:/home/jang/2024_7Dof/install/apf_package:/home/jang/2024_7Dof/install/apf_interfaces:/home/jang/2024_7Dof/install/apf_nodes:/opt/ros/humble /usr/bin/cmake --install /home/jang/2024_7Dof/build/iiwa_bringup
