[0.222s] Invoking command in '/home/jang/2024_7Dof/build/impedance_controller': CMAKE_PREFIX_PATH=${CMAKE_PREFIX_PATH}:/home/jang/2024_7Dof/install/apf_nodes:/opt/ros/humble /usr/bin/cmake /home/jang/2024_7Dof/src/iiwa_ros2/iiwa_controllers/impedance_controller -DCMAKE_BUILD_TYPE=Release -DAMENT_CMAKE_SYMLINK_INSTALL=1 -DCMAKE_INSTALL_PREFIX=/home/jang/2024_7Dof/install/impedance_controller
[0.453s] -- The C compiler identification is GNU 11.4.0
[0.761s] -- The CXX compiler identification is GNU 11.4.0
[0.813s] -- Detecting C compiler ABI info
[1.084s] -- Detecting C compiler ABI info - done
[1.115s] -- Check for working C compiler: /usr/bin/cc - skipped
[1.116s] -- Detecting C compile features
[1.116s] -- Detecting C compile features - done
[1.129s] -- Detecting CXX compiler ABI info
[1.423s] -- Detecting CXX compiler ABI info - done
[1.450s] -- Check for working CXX compiler: /usr/bin/c++ - skipped
[1.450s] -- Detecting CXX compile features
[1.451s] -- Detecting CXX compile features - done
[1.461s] -- Found ament_cmake: 1.3.10 (/opt/ros/humble/share/ament_cmake/cmake)
[1.991s] -- Found Python3: /usr/bin/python3 (found version "3.10.12") found components: Interpreter 
[2.197s] -- Override CMake install command with custom implementation using symlinks instead of copying resources
[2.261s] -- Found controller_interface: 2.43.1 (/opt/ros/humble/share/controller_interface/cmake)
[2.328s] -- Found rosidl_generator_c: 3.1.5 (/opt/ros/humble/share/rosidl_generator_c/cmake)
[2.331s] -- Found rosidl_adapter: 3.1.5 (/opt/ros/humble/share/rosidl_adapter/cmake)
[2.337s] -- Found rosidl_generator_cpp: 3.1.5 (/opt/ros/humble/share/rosidl_generator_cpp/cmake)
[2.354s] -- Using all available rosidl_typesupport_c: rosidl_typesupport_fastrtps_c;rosidl_typesupport_introspection_c
[2.383s] -- Using all available rosidl_typesupport_cpp: rosidl_typesupport_fastrtps_cpp;rosidl_typesupport_introspection_cpp
[2.631s] -- Found rmw_implementation_cmake: 6.1.2 (/opt/ros/humble/share/rmw_implementation_cmake/cmake)
[2.633s] -- Found rmw_fastrtps_cpp: 6.2.7 (/opt/ros/humble/share/rmw_fastrtps_cpp/cmake)
[2.651s] -- Found TinyXML2 via Config file: TinyXML2_DIR-NOTFOUND
[2.705s] -- Found OpenSSL: /usr/lib/x86_64-linux-gnu/libcrypto.so (found version "3.0.2")  
[2.707s] -- Found TinyXML2 via Config file: TinyXML2_DIR-NOTFOUND
[2.722s] -- Found FastRTPS: /opt/ros/humble/include  
[2.724s] -- Found TinyXML2 via Config file: TinyXML2_DIR-NOTFOUND
[2.731s] -- Found TinyXML2 via Config file: TinyXML2_DIR-NOTFOUND
[2.743s] -- Using RMW implementation 'rmw_fastrtps_cpp' as default
[2.752s] -- Looking for pthread.h
[2.815s] -- Looking for pthread.h - found
[2.815s] -- Performing Test CMAKE_HAVE_LIBC_PTHREAD
[2.907s] -- Performing Test CMAKE_HAVE_LIBC_PTHREAD - Success
[2.908s] -- Found Threads: TRUE  
[2.967s] -- Found realtime_tools: 2.6.0 (/opt/ros/humble/share/realtime_tools/cmake)
[3.003s] -- Found ament_cmake_gtest: 1.3.10 (/opt/ros/humble/share/ament_cmake_gtest/cmake)
[3.005s] -- Found ament_lint_auto: 0.12.11 (/opt/ros/humble/share/ament_lint_auto/cmake)
[3.072s] -- Configuring done
[3.093s] -- Generating done
[3.095s] -- Build files have been written to: /home/jang/2024_7Dof/build/impedance_controller
[3.106s] Invoked command in '/home/jang/2024_7Dof/build/impedance_controller' returned '0': CMAKE_PREFIX_PATH=${CMAKE_PREFIX_PATH}:/home/jang/2024_7Dof/install/apf_nodes:/opt/ros/humble /usr/bin/cmake /home/jang/2024_7Dof/src/iiwa_ros2/iiwa_controllers/impedance_controller -DCMAKE_BUILD_TYPE=Release -DAMENT_CMAKE_SYMLINK_INSTALL=1 -DCMAKE_INSTALL_PREFIX=/home/jang/2024_7Dof/install/impedance_controller
[3.108s] Invoking command in '/home/jang/2024_7Dof/build/impedance_controller': CMAKE_PREFIX_PATH=${CMAKE_PREFIX_PATH}:/home/jang/2024_7Dof/install/apf_nodes:/opt/ros/humble /usr/bin/cmake --build /home/jang/2024_7Dof/build/impedance_controller -- -j16 -l16
[3.169s] [ 50%] [32mBuilding CXX object CMakeFiles/impedance_controller.dir/src/impedance_controller.cpp.o[0m
[13.899s] [100%] [32m[1mLinking CXX shared library libimpedance_controller.so[0m
[14.054s] [100%] Built target impedance_controller
[14.081s] Invoked command in '/home/jang/2024_7Dof/build/impedance_controller' returned '0': CMAKE_PREFIX_PATH=${CMAKE_PREFIX_PATH}:/home/jang/2024_7Dof/install/apf_nodes:/opt/ros/humble /usr/bin/cmake --build /home/jang/2024_7Dof/build/impedance_controller -- -j16 -l16
[14.110s] Invoking command in '/home/jang/2024_7Dof/build/impedance_controller': CMAKE_PREFIX_PATH=${CMAKE_PREFIX_PATH}:/home/jang/2024_7Dof/install/apf_nodes:/opt/ros/humble /usr/bin/cmake --install /home/jang/2024_7Dof/build/impedance_controller
[14.116s] -- Install configuration: "Release"
[14.117s] -- Execute custom install script
[14.117s] -- Symlinking: /home/jang/2024_7Dof/install/impedance_controller/share/impedance_controller//impedance_plugin.xml
[14.125s] -- Symlinking: /home/jang/2024_7Dof/install/impedance_controller/include/impedance_controller/impedance_controller.hpp
[14.132s] -- Symlinking: /home/jang/2024_7Dof/install/impedance_controller/include/impedance_controller/visibility_control.h
[14.140s] -- Symlinking: /home/jang/2024_7Dof/install/impedance_controller/lib/libimpedance_controller.so
[14.148s] -- Symlinking: /home/jang/2024_7Dof/install/impedance_controller/share/impedance_controller/environment/library_path.sh
[14.155s] -- Symlinking: /home/jang/2024_7Dof/install/impedance_controller/share/impedance_controller/environment/library_path.dsv
[14.163s] -- Symlinking: /home/jang/2024_7Dof/install/impedance_controller/share/ament_index/resource_index/package_run_dependencies/impedance_controller
[14.171s] -- Symlinking: /home/jang/2024_7Dof/install/impedance_controller/share/ament_index/resource_index/parent_prefix_path/impedance_controller
[14.179s] -- Symlinking: /home/jang/2024_7Dof/install/impedance_controller/share/impedance_controller/environment/ament_prefix_path.sh
[14.187s] -- Symlinking: /home/jang/2024_7Dof/install/impedance_controller/share/impedance_controller/environment/ament_prefix_path.dsv
[14.195s] -- Symlinking: /home/jang/2024_7Dof/install/impedance_controller/share/impedance_controller/environment/path.sh
[14.202s] -- Symlinking: /home/jang/2024_7Dof/install/impedance_controller/share/impedance_controller/environment/path.dsv
[14.210s] -- Symlinking: /home/jang/2024_7Dof/install/impedance_controller/share/impedance_controller/local_setup.bash
[14.218s] -- Symlinking: /home/jang/2024_7Dof/install/impedance_controller/share/impedance_controller/local_setup.sh
[14.226s] -- Symlinking: /home/jang/2024_7Dof/install/impedance_controller/share/impedance_controller/local_setup.zsh
[14.234s] -- Symlinking: /home/jang/2024_7Dof/install/impedance_controller/share/impedance_controller/local_setup.dsv
[14.242s] -- Symlinking: /home/jang/2024_7Dof/install/impedance_controller/share/impedance_controller/package.dsv
[14.249s] -- Symlinking: /home/jang/2024_7Dof/install/impedance_controller/share/ament_index/resource_index/packages/impedance_controller
[14.257s] -- Symlinking: /home/jang/2024_7Dof/install/impedance_controller/share/ament_index/resource_index/controller_interface__pluginlib__plugin/impedance_controller
[14.265s] -- Symlinking: /home/jang/2024_7Dof/install/impedance_controller/share/impedance_controller/cmake/ament_cmake_export_dependencies-extras.cmake
[14.273s] -- Symlinking: /home/jang/2024_7Dof/install/impedance_controller/share/impedance_controller/cmake/ament_cmake_export_include_directories-extras.cmake
[14.281s] -- Symlinking: /home/jang/2024_7Dof/install/impedance_controller/share/impedance_controller/cmake/ament_cmake_export_libraries-extras.cmake
[14.289s] -- Symlinking: /home/jang/2024_7Dof/install/impedance_controller/share/impedance_controller/cmake/impedance_controllerConfig.cmake
[14.296s] -- Symlinking: /home/jang/2024_7Dof/install/impedance_controller/share/impedance_controller/cmake/impedance_controllerConfig-version.cmake
[14.304s] -- Symlinking: /home/jang/2024_7Dof/install/impedance_controller/share/impedance_controller/package.xml
[14.314s] Invoked command in '/home/jang/2024_7Dof/build/impedance_controller' returned '0': CMAKE_PREFIX_PATH=${CMAKE_PREFIX_PATH}:/home/jang/2024_7Dof/install/apf_nodes:/opt/ros/humble /usr/bin/cmake --install /home/jang/2024_7Dof/build/impedance_controller
