[0.160s] Invoking command in '/home/jang/2024_7Dof/build/culjaco': CMAKE_PREFIX_PATH=${CMAKE_PREFIX_PATH}:/home/jang/2024_7Dof/install/apf_nodes:/opt/ros/humble /usr/bin/cmake --build /home/jang/2024_7Dof/build/culjaco -- -j16 -l16
[0.195s] [35m[1mConsolidate compiler generated dependencies of target jaco_node[0m
[0.206s] [ 20%] Built target forward
[0.208s] [ 40%] Built target listener
[0.208s] [ 50%] [32mBuilding CXX object CMakeFiles/jaco_node.dir/src/cul_jaco.cpp.o[0m
[0.208s] [ 70%] Built target talker
[0.213s] [ 90%] Built target forward_node
[6.173s] [100%] [32m[1mLinking CXX executable jaco_node[0m
[6.279s] [100%] Built target jaco_node
[6.291s] Invoked command in '/home/jang/2024_7Dof/build/culjaco' returned '0': CMAKE_PREFIX_PATH=${CMAKE_PREFIX_PATH}:/home/jang/2024_7Dof/install/apf_nodes:/opt/ros/humble /usr/bin/cmake --build /home/jang/2024_7Dof/build/culjaco -- -j16 -l16
[6.328s] Invoking command in '/home/jang/2024_7Dof/build/culjaco': CMAKE_PREFIX_PATH=${CMAKE_PREFIX_PATH}:/home/jang/2024_7Dof/install/apf_nodes:/opt/ros/humble /usr/bin/cmake --install /home/jang/2024_7Dof/build/culjaco
[6.334s] -- Install configuration: "Release"
[6.335s] -- Execute custom install script
[6.335s] -- Up-to-date symlink: /home/jang/2024_7Dof/install/culjaco/lib/culjaco/forward
[6.335s] -- Up-to-date symlink: /home/jang/2024_7Dof/install/culjaco/lib/culjaco/talker
[6.335s] -- Up-to-date symlink: /home/jang/2024_7Dof/install/culjaco/lib/culjaco/listener
[6.335s] -- Up-to-date symlink: /home/jang/2024_7Dof/install/culjaco/lib/culjaco/forward_node
[6.335s] -- Up-to-date symlink: /home/jang/2024_7Dof/install/culjaco/lib/culjaco/jaco_node
[6.335s] -- Up-to-date symlink: /home/jang/2024_7Dof/install/culjaco/share/ament_index/resource_index/package_run_dependencies/culjaco
[6.335s] -- Up-to-date symlink: /home/jang/2024_7Dof/install/culjaco/share/ament_index/resource_index/parent_prefix_path/culjaco
[6.335s] -- Up-to-date symlink: /home/jang/2024_7Dof/install/culjaco/share/culjaco/environment/ament_prefix_path.sh
[6.335s] -- Up-to-date symlink: /home/jang/2024_7Dof/install/culjaco/share/culjaco/environment/ament_prefix_path.dsv
[6.335s] -- Up-to-date symlink: /home/jang/2024_7Dof/install/culjaco/share/culjaco/environment/path.sh
[6.336s] -- Up-to-date symlink: /home/jang/2024_7Dof/install/culjaco/share/culjaco/environment/path.dsv
[6.336s] -- Up-to-date symlink: /home/jang/2024_7Dof/install/culjaco/share/culjaco/local_setup.bash
[6.336s] -- Up-to-date symlink: /home/jang/2024_7Dof/install/culjaco/share/culjaco/local_setup.sh
[6.336s] -- Up-to-date symlink: /home/jang/2024_7Dof/install/culjaco/share/culjaco/local_setup.zsh
[6.336s] -- Up-to-date symlink: /home/jang/2024_7Dof/install/culjaco/share/culjaco/local_setup.dsv
[6.336s] -- Symlinking: /home/jang/2024_7Dof/install/culjaco/share/culjaco/package.dsv
[6.343s] -- Up-to-date symlink: /home/jang/2024_7Dof/install/culjaco/share/ament_index/resource_index/packages/culjaco
[6.343s] -- Up-to-date symlink: /home/jang/2024_7Dof/install/culjaco/share/culjaco/cmake/culjacoConfig.cmake
[6.343s] -- Up-to-date symlink: /home/jang/2024_7Dof/install/culjaco/share/culjaco/cmake/culjacoConfig-version.cmake
[6.343s] -- Up-to-date symlink: /home/jang/2024_7Dof/install/culjaco/share/culjaco/package.xml
[6.345s] Invoked command in '/home/jang/2024_7Dof/build/culjaco' returned '0': CMAKE_PREFIX_PATH=${CMAKE_PREFIX_PATH}:/home/jang/2024_7Dof/install/apf_nodes:/opt/ros/humble /usr/bin/cmake --install /home/jang/2024_7Dof/build/culjaco
