[0.169s] Invoking command in '/home/jang/2024_7Dof/build/culjaco': CMAKE_PREFIX_PATH=${CMAKE_PREFIX_PATH}:/home/jang/2024_7Dof/install/apf_nodes:/opt/ros/humble /usr/bin/cmake --build /home/jang/2024_7Dof/build/culjaco -- -j16 -l16
[0.189s] -- Found ament_cmake: 1.3.10 (/opt/ros/humble/share/ament_cmake/cmake)
[0.405s] -- Override CMake install command with custom implementation using symlinks instead of copying resources
[0.419s] -- Found rclcpp: 16.0.10 (/opt/ros/humble/share/rclcpp/cmake)
[0.457s] -- Found rosidl_generator_c: 3.1.5 (/opt/ros/humble/share/rosidl_generator_c/cmake)
[0.468s] -- Found rosidl_adapter: 3.1.5 (/opt/ros/humble/share/rosidl_adapter/cmake)
[0.487s] -- Found rosidl_generator_cpp: 3.1.5 (/opt/ros/humble/share/rosidl_generator_cpp/cmake)
[0.495s] -- Using all available rosidl_typesupport_c: rosidl_typesupport_fastrtps_c;rosidl_typesupport_introspection_c
[0.505s] -- Using all available rosidl_typesupport_cpp: rosidl_typesupport_fastrtps_cpp;rosidl_typesupport_introspection_cpp
[0.544s] -- Found rmw_implementation_cmake: 6.1.2 (/opt/ros/humble/share/rmw_implementation_cmake/cmake)
[0.545s] -- Found rmw_fastrtps_cpp: 6.2.7 (/opt/ros/humble/share/rmw_fastrtps_cpp/cmake)
[0.624s] -- Using RMW implementation 'rmw_fastrtps_cpp' as default
[0.653s] -- Found eigen3_cmake_module: 0.1.1 (/opt/ros/humble/share/eigen3_cmake_module/cmake)
[0.655s] -- Found sensor_msgs: 4.2.4 (/opt/ros/humble/share/sensor_msgs/cmake)
[0.680s] -- Found ament_lint_auto: 0.12.11 (/opt/ros/humble/share/ament_lint_auto/cmake)
[0.725s] -- Added test 'cppcheck' to perform static code analysis on C / C++ code
[0.725s] -- Configured cppcheck include dirs: $<BUILD_INTERFACE:/home/jang/2024_7Dof/src/culjaco/include>
[0.725s] -- Configured cppcheck exclude dirs and/or files: 
[0.726s] -- Added test 'flake8' to check Python code syntax and style conventions
[0.726s] -- Added test 'lint_cmake' to check CMake code style
[0.726s] -- Added test 'pep257' to check Python code against some of the docstring style conventions in PEP 257
[0.727s] -- Added test 'uncrustify' to check C / C++ code style
[0.727s] -- Configured uncrustify additional arguments: 
[0.727s] -- Added test 'xmllint' to check XML markup files
[0.727s] -- Configuring done
[0.739s] -- Generating done
[0.739s] -- Build files have been written to: /home/jang/2024_7Dof/build/culjaco
[0.779s] [35m[1mConsolidate compiler generated dependencies of target jaco_node[0m
[0.782s] [35m[1mConsolidate compiler generated dependencies of target forward_node[0m
[0.783s] [35m[1mConsolidate compiler generated dependencies of target forward[0m
[0.786s] [35m[1mConsolidate compiler generated dependencies of target talker[0m
[0.789s] [35m[1mConsolidate compiler generated dependencies of target listener[0m
[0.836s] [ 20%] Built target forward
[0.853s] [ 30%] [32mBuilding CXX object CMakeFiles/jaco_node.dir/src/cul_jaco.cpp.o[0m
[0.855s] [ 50%] Built target listener
[0.859s] [ 70%] Built target forward_node
[0.866s] [ 90%] Built target talker
[7.262s] [100%] [32m[1mLinking CXX executable jaco_node[0m
[7.370s] [100%] Built target jaco_node
[7.381s] Invoked command in '/home/jang/2024_7Dof/build/culjaco' returned '0': CMAKE_PREFIX_PATH=${CMAKE_PREFIX_PATH}:/home/jang/2024_7Dof/install/apf_nodes:/opt/ros/humble /usr/bin/cmake --build /home/jang/2024_7Dof/build/culjaco -- -j16 -l16
[7.417s] Invoking command in '/home/jang/2024_7Dof/build/culjaco': CMAKE_PREFIX_PATH=${CMAKE_PREFIX_PATH}:/home/jang/2024_7Dof/install/apf_nodes:/opt/ros/humble /usr/bin/cmake --install /home/jang/2024_7Dof/build/culjaco
[7.423s] -- Install configuration: "Release"
[7.424s] -- Execute custom install script
[7.424s] -- Up-to-date symlink: /home/jang/2024_7Dof/install/culjaco/lib/culjaco/forward
[7.424s] -- Up-to-date symlink: /home/jang/2024_7Dof/install/culjaco/lib/culjaco/talker
[7.424s] -- Up-to-date symlink: /home/jang/2024_7Dof/install/culjaco/lib/culjaco/listener
[7.424s] -- Up-to-date symlink: /home/jang/2024_7Dof/install/culjaco/lib/culjaco/forward_node
[7.424s] -- Up-to-date symlink: /home/jang/2024_7Dof/install/culjaco/lib/culjaco/jaco_node
[7.424s] -- Up-to-date symlink: /home/jang/2024_7Dof/install/culjaco/share/ament_index/resource_index/package_run_dependencies/culjaco
[7.424s] -- Up-to-date symlink: /home/jang/2024_7Dof/install/culjaco/share/ament_index/resource_index/parent_prefix_path/culjaco
[7.424s] -- Up-to-date symlink: /home/jang/2024_7Dof/install/culjaco/share/culjaco/environment/ament_prefix_path.sh
[7.424s] -- Up-to-date symlink: /home/jang/2024_7Dof/install/culjaco/share/culjaco/environment/ament_prefix_path.dsv
[7.424s] -- Up-to-date symlink: /home/jang/2024_7Dof/install/culjaco/share/culjaco/environment/path.sh
[7.425s] -- Up-to-date symlink: /home/jang/2024_7Dof/install/culjaco/share/culjaco/environment/path.dsv
[7.425s] -- Up-to-date symlink: /home/jang/2024_7Dof/install/culjaco/share/culjaco/local_setup.bash
[7.425s] -- Up-to-date symlink: /home/jang/2024_7Dof/install/culjaco/share/culjaco/local_setup.sh
[7.425s] -- Up-to-date symlink: /home/jang/2024_7Dof/install/culjaco/share/culjaco/local_setup.zsh
[7.425s] -- Up-to-date symlink: /home/jang/2024_7Dof/install/culjaco/share/culjaco/local_setup.dsv
[7.425s] -- Symlinking: /home/jang/2024_7Dof/install/culjaco/share/culjaco/package.dsv
[7.433s] -- Up-to-date symlink: /home/jang/2024_7Dof/install/culjaco/share/ament_index/resource_index/packages/culjaco
[7.434s] -- Up-to-date symlink: /home/jang/2024_7Dof/install/culjaco/share/culjaco/cmake/culjacoConfig.cmake
[7.434s] -- Up-to-date symlink: /home/jang/2024_7Dof/install/culjaco/share/culjaco/cmake/culjacoConfig-version.cmake
[7.434s] -- Up-to-date symlink: /home/jang/2024_7Dof/install/culjaco/share/culjaco/package.xml
[7.436s] Invoked command in '/home/jang/2024_7Dof/build/culjaco' returned '0': CMAKE_PREFIX_PATH=${CMAKE_PREFIX_PATH}:/home/jang/2024_7Dof/install/apf_nodes:/opt/ros/humble /usr/bin/cmake --install /home/jang/2024_7Dof/build/culjaco
