In file included from [01m[K/opt/ros/humble/include/rclcpp/rclcpp/logging.hpp:24[m[K,
                 from [01m[K/opt/ros/humble/include/rclcpp/rclcpp/client.hpp:40[m[K,
                 from [01m[K/opt/ros/humble/include/rclcpp/rclcpp/callback_group.hpp:24[m[K,
                 from [01m[K/opt/ros/humble/include/rclcpp/rclcpp/any_executable.hpp:20[m[K,
                 from [01m[K/opt/ros/humble/include/rclcpp/rclcpp/memory_strategy.hpp:25[m[K,
                 from [01m[K/opt/ros/humble/include/rclcpp/rclcpp/memory_strategies.hpp:18[m[K,
                 from [01m[K/opt/ros/humble/include/rclcpp/rclcpp/executor_options.hpp:20[m[K,
                 from [01m[K/opt/ros/humble/include/rclcpp/rclcpp/executor.hpp:37[m[K,
                 from [01m[K/opt/ros/humble/include/rclcpp/rclcpp/executors/multi_threaded_executor.hpp:25[m[K,
                 from [01m[K/opt/ros/humble/include/rclcpp/rclcpp/executors.hpp:21[m[K,
                 from [01m[K/opt/ros/humble/include/rclcpp/rclcpp/rclcpp.hpp:155[m[K,
                 from [01m[K/home/jang/2024_7Dof/src/culjaco/src/cul_jaco.cpp:3[m[K:
[01m[K/home/jang/2024_7Dof/src/culjaco/src/cul_jaco.cpp:[m[K In member function ‘[01m[Kvoid jaco_node::topic_callback(const JointState&) const[m[K’:
[01m[K/home/jang/2024_7Dof/src/culjaco/src/cul_jaco.cpp:21:39:[m[K [01;35m[Kwarning: [m[Kformat ‘[01m[K%f[m[K’ expects argument of type ‘[01m[Kdouble[m[K’, but argument 5 has type ‘[01m[Kconst _position_type[m[K’ {aka ‘[01m[Kconst std::vector<double, std::allocator<double> >[m[K’} [[01;35m[K]8;;https://gcc.gnu.org/onlinedocs/gcc/Warning-Options.html#index-Wformat=-Wformat=]8;;[m[K]
   21 |       RCLCPP_INFO(this->get_logger(), [01;35m[K"I heard: '%f'"[m[K, msg.position);
      |                                       [01;35m[K^~~~~~~~~~~~~~~[m[K
[01m[K/home/jang/2024_7Dof/src/culjaco/src/cul_jaco.cpp:21:51:[m[K [01;36m[Knote: [m[Kformat string is defined here
   21 |       RCLCPP_INFO(this->get_logger(), "I heard: '[01;36m[K%f[m[K'", msg.position);
      |                                                  [01;36m[K~^[m[K
      |                                                   [01;36m[K|[m[K
      |                                                   [01;36m[Kdouble[m[K
