[0.026s] Invoking command in '/home/jang/2024_7Dof/build/apf_interfaces': CMAKE_PREFIX_PATH=${CMAKE_PREFIX_PATH}:/home/jang/2024_7Dof/install/apf_nodes:/opt/ros/humble /usr/bin/cmake /home/jang/2024_7Dof/src/apf_interfaces -DCMAKE_BUILD_TYPE=Release -DAMENT_CMAKE_SYMLINK_INSTALL=1 -DCMAKE_INSTALL_PREFIX=/home/jang/2024_7Dof/install/apf_interfaces
[0.234s] -- The C compiler identification is GNU 11.4.0
[0.235s] -- The CXX compiler identification is GNU 11.4.0
[0.236s] -- Detecting C compiler ABI info
[0.282s] -- Detecting C compiler ABI info - done
[0.312s] -- Check for working C compiler: /usr/bin/cc - skipped
[0.315s] -- Detecting C compile features
[0.315s] -- Detecting C compile features - done
[0.336s] -- Detecting CXX compiler ABI info
[0.782s] -- Detecting CXX compiler ABI info - done
[0.845s] -- Check for working CXX compiler: /usr/bin/c++ - skipped
[0.847s] -- Detecting CXX compile features
[0.850s] -- Detecting CXX compile features - done
[0.873s] -- Found ament_cmake: 1.3.10 (/opt/ros/humble/share/ament_cmake/cmake)
[1.466s] -- Found Python3: /usr/bin/python3 (found version "3.10.12") found components: Interpreter 
[1.676s] -- Override CMake install command with custom implementation using symlinks instead of copying resources
[1.765s] -- Found ament_lint_auto: 0.12.11 (/opt/ros/humble/share/ament_lint_auto/cmake)
[2.057s] -- Found geometry_msgs: 4.2.4 (/opt/ros/humble/share/geometry_msgs/cmake)
[2.245s] -- Found rosidl_generator_c: 3.1.5 (/opt/ros/humble/share/rosidl_generator_c/cmake)
[2.266s] -- Found rosidl_adapter: 3.1.5 (/opt/ros/humble/share/rosidl_adapter/cmake)
[2.278s] -- Found rosidl_generator_cpp: 3.1.5 (/opt/ros/humble/share/rosidl_generator_cpp/cmake)
[2.313s] -- Using all available rosidl_typesupport_c: rosidl_typesupport_fastrtps_c;rosidl_typesupport_introspection_c
[2.350s] -- Using all available rosidl_typesupport_cpp: rosidl_typesupport_fastrtps_cpp;rosidl_typesupport_introspection_cpp
[2.429s] -- Found rosidl_default_generators: 1.2.0 (/opt/ros/humble/share/rosidl_default_generators/cmake)
[2.676s] -- Found ament_cmake_ros: 0.10.0 (/opt/ros/humble/share/ament_cmake_ros/cmake)
[3.099s] -- Using all available rosidl_typesupport_c: rosidl_typesupport_fastrtps_c;rosidl_typesupport_introspection_c
[3.268s] -- Using all available rosidl_typesupport_cpp: rosidl_typesupport_fastrtps_cpp;rosidl_typesupport_introspection_cpp
[3.287s] -- Found PythonInterp: /usr/bin/python3 (found suitable version "3.10.12", minimum required is "3.6") 
[3.288s] -- Found python_cmake_module: 0.10.0 (/opt/ros/humble/share/python_cmake_module/cmake)
[3.316s] -- Found PythonLibs: /usr/lib/x86_64-linux-gnu/libpython3.10.so (found suitable version "3.10.12", minimum required is "3.5") 
[3.316s] -- Using PYTHON_EXECUTABLE: /usr/bin/python3
[3.316s] -- Using PYTHON_INCLUDE_DIRS: /usr/include/python3.10
[3.316s] -- Using PYTHON_LIBRARIES: /usr/lib/x86_64-linux-gnu/libpython3.10.so
[3.342s] -- Found PythonExtra: .so  
[3.403s] -- Added test 'lint_cmake' to check CMake code style
[3.403s] -- Added test 'xmllint' to check XML markup files
[3.411s] -- Configuring done
[3.433s] -- Generating done
[3.435s] -- Build files have been written to: /home/jang/2024_7Dof/build/apf_interfaces
[3.444s] Invoked command in '/home/jang/2024_7Dof/build/apf_interfaces' returned '0': CMAKE_PREFIX_PATH=${CMAKE_PREFIX_PATH}:/home/jang/2024_7Dof/install/apf_nodes:/opt/ros/humble /usr/bin/cmake /home/jang/2024_7Dof/src/apf_interfaces -DCMAKE_BUILD_TYPE=Release -DAMENT_CMAKE_SYMLINK_INSTALL=1 -DCMAKE_INSTALL_PREFIX=/home/jang/2024_7Dof/install/apf_interfaces
[3.446s] Invoking command in '/home/jang/2024_7Dof/build/apf_interfaces': CMAKE_PREFIX_PATH=${CMAKE_PREFIX_PATH}:/home/jang/2024_7Dof/install/apf_nodes:/opt/ros/humble /usr/bin/cmake --build /home/jang/2024_7Dof/build/apf_interfaces -- -j16 -l16
[3.499s] [  2%] [34m[1mGenerating C code for ROS interfaces[0m
[3.519s] [  5%] [34m[1mGenerating C++ code for ROS interfaces[0m
[3.545s] [  5%] Built target ament_cmake_python_symlink_apf_interfaces
[3.831s] [  7%] [32mBuilding C object CMakeFiles/apf_interfaces__rosidl_generator_c.dir/rosidl_generator_c/apf_interfaces/msg/detail/jacobian__functions.c.o[0m
[3.833s] [ 10%] [32mBuilding C object CMakeFiles/apf_interfaces__rosidl_generator_c.dir/rosidl_generator_c/apf_interfaces/msg/detail/distance__functions.c.o[0m
[3.843s] [ 10%] Built target apf_interfaces__cpp
[3.863s] [ 15%] [34m[1mGenerating C++ type support dispatch for ROS interfaces[0m
[3.864s] [ 15%] [34m[1mGenerating C++ type support for eProsima Fast-RTPS[0m
[3.875s] [ 17%] [34m[1mGenerating C++ introspection for ROS interfaces[0m
[3.998s] running egg_info
[3.998s] creating apf_interfaces.egg-info
[3.998s] writing apf_interfaces.egg-info/PKG-INFO
[3.998s] writing dependency_links to apf_interfaces.egg-info/dependency_links.txt
[3.998s] writing top-level names to apf_interfaces.egg-info/top_level.txt
[3.998s] writing manifest file 'apf_interfaces.egg-info/SOURCES.txt'
[4.000s] reading manifest file 'apf_interfaces.egg-info/SOURCES.txt'
[4.001s] writing manifest file 'apf_interfaces.egg-info/SOURCES.txt'
[4.023s] [ 20%] [32m[1mLinking C shared library libapf_interfaces__rosidl_generator_c.so[0m
[4.035s] [ 20%] Built target ament_cmake_python_build_apf_interfaces_egg
[4.075s] [ 20%] Built target apf_interfaces__rosidl_generator_c
[4.088s] [ 25%] [34m[1mGenerating C introspection for ROS interfaces[0m
[4.088s] [ 25%] [34m[1mGenerating C type support dispatch for ROS interfaces[0m
[4.089s] [ 28%] [34m[1mGenerating C type support for eProsima Fast-RTPS[0m
[4.170s] [ 30%] [32mBuilding CXX object CMakeFiles/apf_interfaces__rosidl_typesupport_cpp.dir/rosidl_typesupport_cpp/apf_interfaces/msg/jacobian__type_support.cpp.o[0m
[4.170s] [ 33%] [32mBuilding CXX object CMakeFiles/apf_interfaces__rosidl_typesupport_cpp.dir/rosidl_typesupport_cpp/apf_interfaces/msg/distance__type_support.cpp.o[0m
[4.280s] [ 35%] [32mBuilding CXX object CMakeFiles/apf_interfaces__rosidl_typesupport_introspection_cpp.dir/rosidl_typesupport_introspection_cpp/apf_interfaces/msg/detail/distance__type_support.cpp.o[0m
[4.282s] [ 38%] [32mBuilding CXX object CMakeFiles/apf_interfaces__rosidl_typesupport_introspection_cpp.dir/rosidl_typesupport_introspection_cpp/apf_interfaces/msg/detail/jacobian__type_support.cpp.o[0m
[4.315s] [ 43%] [32mBuilding CXX object CMakeFiles/apf_interfaces__rosidl_typesupport_fastrtps_cpp.dir/rosidl_typesupport_fastrtps_cpp/apf_interfaces/msg/detail/dds_fastrtps/jacobian__type_support.cpp.o[0m
[4.316s] [ 43%] [32mBuilding CXX object CMakeFiles/apf_interfaces__rosidl_typesupport_fastrtps_cpp.dir/rosidl_typesupport_fastrtps_cpp/apf_interfaces/msg/detail/dds_fastrtps/distance__type_support.cpp.o[0m
[4.417s] [ 48%] [32mBuilding C object CMakeFiles/apf_interfaces__rosidl_typesupport_introspection_c.dir/rosidl_typesupport_introspection_c/apf_interfaces/msg/detail/jacobian__type_support.c.o[0m
[4.417s] [ 48%] [32mBuilding C object CMakeFiles/apf_interfaces__rosidl_typesupport_introspection_c.dir/rosidl_typesupport_introspection_c/apf_interfaces/msg/detail/distance__type_support.c.o[0m
[4.479s] [ 51%] [32m[1mLinking C shared library libapf_interfaces__rosidl_typesupport_introspection_c.so[0m
[4.486s] [ 56%] [32mBuilding CXX object CMakeFiles/apf_interfaces__rosidl_typesupport_c.dir/rosidl_typesupport_c/apf_interfaces/msg/distance__type_support.cpp.o[0m
[4.486s] [ 56%] [32mBuilding CXX object CMakeFiles/apf_interfaces__rosidl_typesupport_c.dir/rosidl_typesupport_c/apf_interfaces/msg/jacobian__type_support.cpp.o[0m
[4.517s] [ 56%] Built target apf_interfaces__rosidl_typesupport_introspection_c
[4.531s] [ 61%] [32mBuilding CXX object CMakeFiles/apf_interfaces__rosidl_typesupport_fastrtps_c.dir/rosidl_typesupport_fastrtps_c/apf_interfaces/msg/detail/distance__type_support_c.cpp.o[0m
[4.531s] [ 61%] [32m[1mLinking CXX shared library libapf_interfaces__rosidl_typesupport_c.so[0m
[4.533s] [ 64%] [32mBuilding CXX object CMakeFiles/apf_interfaces__rosidl_typesupport_fastrtps_c.dir/rosidl_typesupport_fastrtps_c/apf_interfaces/msg/detail/jacobian__type_support_c.cpp.o[0m
[4.608s] [ 64%] Built target apf_interfaces__rosidl_typesupport_c
[4.615s] [ 66%] [32m[1mLinking CXX shared library libapf_interfaces__rosidl_typesupport_cpp.so[0m
[4.667s] [ 66%] Built target apf_interfaces__rosidl_typesupport_cpp
[4.923s] [ 69%] [32m[1mLinking CXX shared library libapf_interfaces__rosidl_typesupport_introspection_cpp.so[0m
[4.952s] [ 71%] [32m[1mLinking CXX shared library libapf_interfaces__rosidl_typesupport_fastrtps_cpp.so[0m
[4.994s] [ 71%] Built target apf_interfaces__rosidl_typesupport_introspection_cpp
[5.030s] [ 71%] Built target apf_interfaces__rosidl_typesupport_fastrtps_cpp
[5.064s] [ 74%] [32m[1mLinking CXX shared library libapf_interfaces__rosidl_typesupport_fastrtps_c.so[0m
[5.141s] [ 74%] Built target apf_interfaces__rosidl_typesupport_fastrtps_c
[5.167s] [ 74%] Built target apf_interfaces
[5.196s] [ 76%] [34m[1mGenerating Python code for ROS interfaces[0m
[5.506s] [ 76%] Built target apf_interfaces__py
[5.533s] [ 82%] [32mBuilding C object CMakeFiles/apf_interfaces__rosidl_generator_py.dir/rosidl_generator_py/apf_interfaces/msg/_distance_s.c.o[0m
[5.533s] [ 82%] [32mBuilding C object CMakeFiles/apf_interfaces__rosidl_generator_py.dir/rosidl_generator_py/apf_interfaces/msg/_jacobian_s.c.o[0m
[5.706s] [ 84%] [32m[1mLinking C shared library rosidl_generator_py/apf_interfaces/libapf_interfaces__rosidl_generator_py.so[0m
[5.757s] [ 84%] Built target apf_interfaces__rosidl_generator_py
[5.808s] [ 89%] [32mBuilding C object CMakeFiles/apf_interfaces__rosidl_typesupport_introspection_c__pyext.dir/rosidl_generator_py/apf_interfaces/_apf_interfaces_s.ep.rosidl_typesupport_introspection_c.c.o[0m
[5.808s] [ 89%] [32mBuilding C object CMakeFiles/apf_interfaces__rosidl_typesupport_fastrtps_c__pyext.dir/rosidl_generator_py/apf_interfaces/_apf_interfaces_s.ep.rosidl_typesupport_fastrtps_c.c.o[0m
[5.808s] [ 92%] [32mBuilding C object CMakeFiles/apf_interfaces__rosidl_typesupport_c__pyext.dir/rosidl_generator_py/apf_interfaces/_apf_interfaces_s.ep.rosidl_typesupport_c.c.o[0m
[6.040s] [ 94%] [32m[1mLinking C shared library rosidl_generator_py/apf_interfaces/apf_interfaces_s__rosidl_typesupport_c.cpython-310-x86_64-linux-gnu.so[0m
[6.040s] [ 97%] [32m[1mLinking C shared library rosidl_generator_py/apf_interfaces/apf_interfaces_s__rosidl_typesupport_fastrtps_c.cpython-310-x86_64-linux-gnu.so[0m
[6.054s] [100%] [32m[1mLinking C shared library rosidl_generator_py/apf_interfaces/apf_interfaces_s__rosidl_typesupport_introspection_c.cpython-310-x86_64-linux-gnu.so[0m
[6.094s] [100%] Built target apf_interfaces__rosidl_typesupport_fastrtps_c__pyext
[6.094s] [100%] Built target apf_interfaces__rosidl_typesupport_c__pyext
[6.107s] [100%] Built target apf_interfaces__rosidl_typesupport_introspection_c__pyext
[6.118s] Invoked command in '/home/jang/2024_7Dof/build/apf_interfaces' returned '0': CMAKE_PREFIX_PATH=${CMAKE_PREFIX_PATH}:/home/jang/2024_7Dof/install/apf_nodes:/opt/ros/humble /usr/bin/cmake --build /home/jang/2024_7Dof/build/apf_interfaces -- -j16 -l16
[6.213s] Invoking command in '/home/jang/2024_7Dof/build/apf_interfaces': CMAKE_PREFIX_PATH=${CMAKE_PREFIX_PATH}:/home/jang/2024_7Dof/install/apf_nodes:/opt/ros/humble /usr/bin/cmake --install /home/jang/2024_7Dof/build/apf_interfaces
[6.224s] -- Install configuration: "Release"
[6.225s] -- Execute custom install script
[6.225s] -- Symlinking: /home/jang/2024_7Dof/install/apf_interfaces/share/ament_index/resource_index/rosidl_interfaces/apf_interfaces
[6.236s] -- Symlinking: /home/jang/2024_7Dof/install/apf_interfaces/include/apf_interfaces/apf_interfaces/msg/detail/distance__functions.h
[6.248s] -- Symlinking: /home/jang/2024_7Dof/install/apf_interfaces/include/apf_interfaces/apf_interfaces/msg/detail/distance__struct.h
[6.261s] -- Symlinking: /home/jang/2024_7Dof/install/apf_interfaces/include/apf_interfaces/apf_interfaces/msg/detail/distance__type_support.h
[6.273s] -- Symlinking: /home/jang/2024_7Dof/install/apf_interfaces/include/apf_interfaces/apf_interfaces/msg/detail/jacobian__functions.h
[6.284s] -- Symlinking: /home/jang/2024_7Dof/install/apf_interfaces/include/apf_interfaces/apf_interfaces/msg/detail/jacobian__struct.h
[6.296s] -- Symlinking: /home/jang/2024_7Dof/install/apf_interfaces/include/apf_interfaces/apf_interfaces/msg/detail/jacobian__type_support.h
[6.306s] -- Symlinking: /home/jang/2024_7Dof/install/apf_interfaces/include/apf_interfaces/apf_interfaces/msg/distance.h
[6.316s] -- Symlinking: /home/jang/2024_7Dof/install/apf_interfaces/include/apf_interfaces/apf_interfaces/msg/jacobian.h
[6.328s] -- Symlinking: /home/jang/2024_7Dof/install/apf_interfaces/include/apf_interfaces/apf_interfaces/msg/rosidl_generator_c__visibility_control.h
[6.341s] -- Symlinking: /home/jang/2024_7Dof/install/apf_interfaces/share/apf_interfaces/environment/library_path.sh
[6.349s] -- Symlinking: /home/jang/2024_7Dof/install/apf_interfaces/share/apf_interfaces/environment/library_path.dsv
[6.362s] -- Symlinking: /home/jang/2024_7Dof/install/apf_interfaces/include/apf_interfaces/apf_interfaces/msg/detail/distance__rosidl_typesupport_fastrtps_c.h
[6.373s] -- Symlinking: /home/jang/2024_7Dof/install/apf_interfaces/include/apf_interfaces/apf_interfaces/msg/detail/jacobian__rosidl_typesupport_fastrtps_c.h
[6.384s] -- Symlinking: /home/jang/2024_7Dof/install/apf_interfaces/include/apf_interfaces/apf_interfaces/msg/rosidl_typesupport_fastrtps_c__visibility_control.h
[6.397s] -- Symlinking: /home/jang/2024_7Dof/install/apf_interfaces/include/apf_interfaces/apf_interfaces/msg/detail/distance__builder.hpp
[6.407s] -- Symlinking: /home/jang/2024_7Dof/install/apf_interfaces/include/apf_interfaces/apf_interfaces/msg/detail/distance__struct.hpp
[6.419s] -- Symlinking: /home/jang/2024_7Dof/install/apf_interfaces/include/apf_interfaces/apf_interfaces/msg/detail/distance__traits.hpp
[6.430s] -- Symlinking: /home/jang/2024_7Dof/install/apf_interfaces/include/apf_interfaces/apf_interfaces/msg/detail/jacobian__builder.hpp
[6.442s] -- Symlinking: /home/jang/2024_7Dof/install/apf_interfaces/include/apf_interfaces/apf_interfaces/msg/detail/jacobian__struct.hpp
[6.453s] -- Symlinking: /home/jang/2024_7Dof/install/apf_interfaces/include/apf_interfaces/apf_interfaces/msg/detail/jacobian__traits.hpp
[6.465s] -- Symlinking: /home/jang/2024_7Dof/install/apf_interfaces/include/apf_interfaces/apf_interfaces/msg/distance.hpp
[6.477s] -- Symlinking: /home/jang/2024_7Dof/install/apf_interfaces/include/apf_interfaces/apf_interfaces/msg/jacobian.hpp
[6.489s] -- Symlinking: /home/jang/2024_7Dof/install/apf_interfaces/include/apf_interfaces/apf_interfaces/msg/detail/distance__rosidl_typesupport_fastrtps_cpp.hpp
[6.502s] -- Symlinking: /home/jang/2024_7Dof/install/apf_interfaces/include/apf_interfaces/apf_interfaces/msg/detail/jacobian__rosidl_typesupport_fastrtps_cpp.hpp
[6.514s] -- Symlinking: /home/jang/2024_7Dof/install/apf_interfaces/include/apf_interfaces/apf_interfaces/msg/rosidl_typesupport_fastrtps_cpp__visibility_control.h
[6.525s] -- Symlinking: /home/jang/2024_7Dof/install/apf_interfaces/include/apf_interfaces/apf_interfaces/msg/detail/distance__rosidl_typesupport_introspection_c.h
[6.536s] -- Symlinking: /home/jang/2024_7Dof/install/apf_interfaces/include/apf_interfaces/apf_interfaces/msg/detail/jacobian__rosidl_typesupport_introspection_c.h
[6.546s] -- Symlinking: /home/jang/2024_7Dof/install/apf_interfaces/include/apf_interfaces/apf_interfaces/msg/rosidl_typesupport_introspection_c__visibility_control.h
[6.556s] -- Symlinking: /home/jang/2024_7Dof/install/apf_interfaces/include/apf_interfaces/apf_interfaces/msg/detail/distance__rosidl_typesupport_introspection_cpp.hpp
[6.568s] -- Symlinking: /home/jang/2024_7Dof/install/apf_interfaces/include/apf_interfaces/apf_interfaces/msg/detail/jacobian__rosidl_typesupport_introspection_cpp.hpp
[6.579s] -- Symlinking: /home/jang/2024_7Dof/install/apf_interfaces/share/apf_interfaces/environment/pythonpath.sh
[6.589s] -- Symlinking: /home/jang/2024_7Dof/install/apf_interfaces/share/apf_interfaces/environment/pythonpath.dsv
[6.600s] -- Symlinking: /home/jang/2024_7Dof/install/apf_interfaces/local/lib/python3.10/dist-packages/apf_interfaces-0.0.0-py3.10.egg-info/PKG-INFO
[6.612s] -- Symlinking: /home/jang/2024_7Dof/install/apf_interfaces/local/lib/python3.10/dist-packages/apf_interfaces-0.0.0-py3.10.egg-info/SOURCES.txt
[6.624s] -- Symlinking: /home/jang/2024_7Dof/install/apf_interfaces/local/lib/python3.10/dist-packages/apf_interfaces-0.0.0-py3.10.egg-info/dependency_links.txt
[6.636s] -- Symlinking: /home/jang/2024_7Dof/install/apf_interfaces/local/lib/python3.10/dist-packages/apf_interfaces-0.0.0-py3.10.egg-info/top_level.txt
[6.649s] -- Symlinking: /home/jang/2024_7Dof/install/apf_interfaces/local/lib/python3.10/dist-packages/apf_interfaces/__init__.py
[6.661s] -- Symlinking: /home/jang/2024_7Dof/install/apf_interfaces/local/lib/python3.10/dist-packages/apf_interfaces/_apf_interfaces_s.ep.rosidl_typesupport_c.c
[6.674s] -- Symlinking: /home/jang/2024_7Dof/install/apf_interfaces/local/lib/python3.10/dist-packages/apf_interfaces/_apf_interfaces_s.ep.rosidl_typesupport_fastrtps_c.c
[6.686s] -- Symlinking: /home/jang/2024_7Dof/install/apf_interfaces/local/lib/python3.10/dist-packages/apf_interfaces/_apf_interfaces_s.ep.rosidl_typesupport_introspection_c.c
[6.697s] -- Symlinking: /home/jang/2024_7Dof/install/apf_interfaces/local/lib/python3.10/dist-packages/apf_interfaces/apf_interfaces_s__rosidl_typesupport_c.cpython-310-x86_64-linux-gnu.so
[6.709s] -- Symlinking: /home/jang/2024_7Dof/install/apf_interfaces/local/lib/python3.10/dist-packages/apf_interfaces/apf_interfaces_s__rosidl_typesupport_fastrtps_c.cpython-310-x86_64-linux-gnu.so
[6.720s] -- Symlinking: /home/jang/2024_7Dof/install/apf_interfaces/local/lib/python3.10/dist-packages/apf_interfaces/apf_interfaces_s__rosidl_typesupport_introspection_c.cpython-310-x86_64-linux-gnu.so
[6.732s] -- Symlinking: /home/jang/2024_7Dof/install/apf_interfaces/local/lib/python3.10/dist-packages/apf_interfaces/libapf_interfaces__rosidl_generator_py.so
[6.743s] -- Symlinking: /home/jang/2024_7Dof/install/apf_interfaces/local/lib/python3.10/dist-packages/apf_interfaces/msg/__init__.py
[6.754s] -- Symlinking: /home/jang/2024_7Dof/install/apf_interfaces/local/lib/python3.10/dist-packages/apf_interfaces/msg/_distance.py
[6.765s] -- Symlinking: /home/jang/2024_7Dof/install/apf_interfaces/local/lib/python3.10/dist-packages/apf_interfaces/msg/_distance_s.c
[6.775s] -- Symlinking: /home/jang/2024_7Dof/install/apf_interfaces/local/lib/python3.10/dist-packages/apf_interfaces/msg/_jacobian.py
[6.786s] -- Symlinking: /home/jang/2024_7Dof/install/apf_interfaces/local/lib/python3.10/dist-packages/apf_interfaces/msg/_jacobian_s.c
[6.796s] -- Up-to-date symlink: /home/jang/2024_7Dof/install/apf_interfaces/local/lib/python3.10/dist-packages/apf_interfaces/apf_interfaces_s__rosidl_typesupport_fastrtps_c.cpython-310-x86_64-linux-gnu.so
[6.796s] -- Up-to-date symlink: /home/jang/2024_7Dof/install/apf_interfaces/local/lib/python3.10/dist-packages/apf_interfaces/apf_interfaces_s__rosidl_typesupport_introspection_c.cpython-310-x86_64-linux-gnu.so
[6.796s] -- Up-to-date symlink: /home/jang/2024_7Dof/install/apf_interfaces/local/lib/python3.10/dist-packages/apf_interfaces/apf_interfaces_s__rosidl_typesupport_c.cpython-310-x86_64-linux-gnu.so
[6.797s] -- Symlinking: /home/jang/2024_7Dof/install/apf_interfaces/share/apf_interfaces/msg/Jacobian.idl
[6.807s] -- Symlinking: /home/jang/2024_7Dof/install/apf_interfaces/share/apf_interfaces/msg/Distance.idl
[6.818s] -- Symlinking: /home/jang/2024_7Dof/install/apf_interfaces/share/apf_interfaces/msg/Jacobian.msg
[6.828s] -- Symlinking: /home/jang/2024_7Dof/install/apf_interfaces/share/apf_interfaces/msg/Distance.msg
[6.839s] -- Symlinking: /home/jang/2024_7Dof/install/apf_interfaces/share/ament_index/resource_index/package_run_dependencies/apf_interfaces
[6.849s] -- Symlinking: /home/jang/2024_7Dof/install/apf_interfaces/share/ament_index/resource_index/parent_prefix_path/apf_interfaces
[6.861s] -- Symlinking: /home/jang/2024_7Dof/install/apf_interfaces/share/apf_interfaces/environment/ament_prefix_path.sh
[6.873s] -- Symlinking: /home/jang/2024_7Dof/install/apf_interfaces/share/apf_interfaces/environment/ament_prefix_path.dsv
[6.884s] -- Symlinking: /home/jang/2024_7Dof/install/apf_interfaces/share/apf_interfaces/environment/path.sh
[6.896s] -- Symlinking: /home/jang/2024_7Dof/install/apf_interfaces/share/apf_interfaces/environment/path.dsv
[6.908s] -- Symlinking: /home/jang/2024_7Dof/install/apf_interfaces/share/apf_interfaces/local_setup.bash
[6.919s] -- Symlinking: /home/jang/2024_7Dof/install/apf_interfaces/share/apf_interfaces/local_setup.sh
[6.931s] -- Symlinking: /home/jang/2024_7Dof/install/apf_interfaces/share/apf_interfaces/local_setup.zsh
[6.942s] -- Symlinking: /home/jang/2024_7Dof/install/apf_interfaces/share/apf_interfaces/local_setup.dsv
[6.953s] -- Symlinking: /home/jang/2024_7Dof/install/apf_interfaces/share/apf_interfaces/package.dsv
[6.964s] -- Symlinking: /home/jang/2024_7Dof/install/apf_interfaces/share/ament_index/resource_index/packages/apf_interfaces
[6.976s] -- Symlinking: /home/jang/2024_7Dof/install/apf_interfaces/share/apf_interfaces/cmake/rosidl_cmake-extras.cmake
[6.987s] -- Symlinking: /home/jang/2024_7Dof/install/apf_interfaces/share/apf_interfaces/cmake/ament_cmake_export_dependencies-extras.cmake
[6.998s] -- Symlinking: /home/jang/2024_7Dof/install/apf_interfaces/share/apf_interfaces/cmake/ament_cmake_export_include_directories-extras.cmake
[7.009s] -- Symlinking: /home/jang/2024_7Dof/install/apf_interfaces/share/apf_interfaces/cmake/ament_cmake_export_libraries-extras.cmake
[7.020s] -- Symlinking: /home/jang/2024_7Dof/install/apf_interfaces/share/apf_interfaces/cmake/ament_cmake_export_targets-extras.cmake
[7.030s] -- Symlinking: /home/jang/2024_7Dof/install/apf_interfaces/share/apf_interfaces/cmake/rosidl_cmake_export_typesupport_targets-extras.cmake
[7.040s] -- Symlinking: /home/jang/2024_7Dof/install/apf_interfaces/share/apf_interfaces/cmake/rosidl_cmake_export_typesupport_libraries-extras.cmake
[7.050s] -- Symlinking: /home/jang/2024_7Dof/install/apf_interfaces/share/apf_interfaces/cmake/apf_interfacesConfig.cmake
[7.060s] -- Symlinking: /home/jang/2024_7Dof/install/apf_interfaces/share/apf_interfaces/cmake/apf_interfacesConfig-version.cmake
[7.071s] -- Symlinking: /home/jang/2024_7Dof/install/apf_interfaces/share/apf_interfaces/package.xml
[7.081s] -- Installing: /home/jang/2024_7Dof/install/apf_interfaces/lib/libapf_interfaces__rosidl_generator_c.so
[7.081s] -- Set runtime path of "/home/jang/2024_7Dof/install/apf_interfaces/lib/libapf_interfaces__rosidl_generator_c.so" to ""
[7.081s] -- Installing: /home/jang/2024_7Dof/install/apf_interfaces/lib/libapf_interfaces__rosidl_typesupport_fastrtps_c.so
[7.082s] -- Set runtime path of "/home/jang/2024_7Dof/install/apf_interfaces/lib/libapf_interfaces__rosidl_typesupport_fastrtps_c.so" to ""
[7.082s] -- Installing: /home/jang/2024_7Dof/install/apf_interfaces/lib/libapf_interfaces__rosidl_typesupport_fastrtps_cpp.so
[7.082s] -- Set runtime path of "/home/jang/2024_7Dof/install/apf_interfaces/lib/libapf_interfaces__rosidl_typesupport_fastrtps_cpp.so" to ""
[7.083s] -- Installing: /home/jang/2024_7Dof/install/apf_interfaces/lib/libapf_interfaces__rosidl_typesupport_introspection_c.so
[7.083s] -- Set runtime path of "/home/jang/2024_7Dof/install/apf_interfaces/lib/libapf_interfaces__rosidl_typesupport_introspection_c.so" to ""
[7.083s] -- Installing: /home/jang/2024_7Dof/install/apf_interfaces/lib/libapf_interfaces__rosidl_typesupport_c.so
[7.083s] -- Set runtime path of "/home/jang/2024_7Dof/install/apf_interfaces/lib/libapf_interfaces__rosidl_typesupport_c.so" to ""
[7.083s] -- Installing: /home/jang/2024_7Dof/install/apf_interfaces/lib/libapf_interfaces__rosidl_typesupport_introspection_cpp.so
[7.084s] -- Set runtime path of "/home/jang/2024_7Dof/install/apf_interfaces/lib/libapf_interfaces__rosidl_typesupport_introspection_cpp.so" to ""
[7.084s] -- Installing: /home/jang/2024_7Dof/install/apf_interfaces/lib/libapf_interfaces__rosidl_typesupport_cpp.so
[7.084s] -- Set runtime path of "/home/jang/2024_7Dof/install/apf_interfaces/lib/libapf_interfaces__rosidl_typesupport_cpp.so" to ""
[7.124s] Listing '/home/jang/2024_7Dof/install/apf_interfaces/local/lib/python3.10/dist-packages/apf_interfaces'...
[7.124s] Compiling '/home/jang/2024_7Dof/install/apf_interfaces/local/lib/python3.10/dist-packages/apf_interfaces/__init__.py'...
[7.124s] Listing '/home/jang/2024_7Dof/install/apf_interfaces/local/lib/python3.10/dist-packages/apf_interfaces/msg'...
[7.124s] Compiling '/home/jang/2024_7Dof/install/apf_interfaces/local/lib/python3.10/dist-packages/apf_interfaces/msg/__init__.py'...
[7.124s] Compiling '/home/jang/2024_7Dof/install/apf_interfaces/local/lib/python3.10/dist-packages/apf_interfaces/msg/_distance.py'...
[7.125s] Compiling '/home/jang/2024_7Dof/install/apf_interfaces/local/lib/python3.10/dist-packages/apf_interfaces/msg/_jacobian.py'...
[7.129s] -- Installing: /home/jang/2024_7Dof/install/apf_interfaces/lib/libapf_interfaces__rosidl_generator_py.so
[7.130s] -- Set runtime path of "/home/jang/2024_7Dof/install/apf_interfaces/lib/libapf_interfaces__rosidl_generator_py.so" to ""
[7.132s] -- Installing: /home/jang/2024_7Dof/install/apf_interfaces/share/apf_interfaces/cmake/export_apf_interfaces__rosidl_generator_cExport.cmake
[7.133s] -- Installing: /home/jang/2024_7Dof/install/apf_interfaces/share/apf_interfaces/cmake/export_apf_interfaces__rosidl_generator_cExport-release.cmake
[7.135s] -- Installing: /home/jang/2024_7Dof/install/apf_interfaces/share/apf_interfaces/cmake/export_apf_interfaces__rosidl_typesupport_fastrtps_cExport.cmake
[7.136s] -- Installing: /home/jang/2024_7Dof/install/apf_interfaces/share/apf_interfaces/cmake/export_apf_interfaces__rosidl_typesupport_fastrtps_cExport-release.cmake
[7.137s] -- Installing: /home/jang/2024_7Dof/install/apf_interfaces/share/apf_interfaces/cmake/export_apf_interfaces__rosidl_generator_cppExport.cmake
[7.138s] -- Installing: /home/jang/2024_7Dof/install/apf_interfaces/share/apf_interfaces/cmake/export_apf_interfaces__rosidl_typesupport_fastrtps_cppExport.cmake
[7.139s] -- Installing: /home/jang/2024_7Dof/install/apf_interfaces/share/apf_interfaces/cmake/export_apf_interfaces__rosidl_typesupport_fastrtps_cppExport-release.cmake
[7.139s] -- Installing: /home/jang/2024_7Dof/install/apf_interfaces/share/apf_interfaces/cmake/apf_interfaces__rosidl_typesupport_introspection_cExport.cmake
[7.139s] -- Installing: /home/jang/2024_7Dof/install/apf_interfaces/share/apf_interfaces/cmake/apf_interfaces__rosidl_typesupport_introspection_cExport-release.cmake
[7.139s] -- Installing: /home/jang/2024_7Dof/install/apf_interfaces/share/apf_interfaces/cmake/apf_interfaces__rosidl_typesupport_cExport.cmake
[7.139s] -- Installing: /home/jang/2024_7Dof/install/apf_interfaces/share/apf_interfaces/cmake/apf_interfaces__rosidl_typesupport_cExport-release.cmake
[7.140s] -- Installing: /home/jang/2024_7Dof/install/apf_interfaces/share/apf_interfaces/cmake/apf_interfaces__rosidl_typesupport_introspection_cppExport.cmake
[7.140s] -- Installing: /home/jang/2024_7Dof/install/apf_interfaces/share/apf_interfaces/cmake/apf_interfaces__rosidl_typesupport_introspection_cppExport-release.cmake
[7.140s] -- Installing: /home/jang/2024_7Dof/install/apf_interfaces/share/apf_interfaces/cmake/apf_interfaces__rosidl_typesupport_cppExport.cmake
[7.140s] -- Installing: /home/jang/2024_7Dof/install/apf_interfaces/share/apf_interfaces/cmake/apf_interfaces__rosidl_typesupport_cppExport-release.cmake
[7.140s] -- Installing: /home/jang/2024_7Dof/install/apf_interfaces/share/apf_interfaces/cmake/export_apf_interfaces__rosidl_generator_pyExport.cmake
[7.140s] -- Installing: /home/jang/2024_7Dof/install/apf_interfaces/share/apf_interfaces/cmake/export_apf_interfaces__rosidl_generator_pyExport-release.cmake
[7.144s] Invoked command in '/home/jang/2024_7Dof/build/apf_interfaces' returned '0': CMAKE_PREFIX_PATH=${CMAKE_PREFIX_PATH}:/home/jang/2024_7Dof/install/apf_nodes:/opt/ros/humble /usr/bin/cmake --install /home/jang/2024_7Dof/build/apf_interfaces
