[0.164s] Invoking command in '/home/jang/2024_7Dof/build/apf_package': CMAKE_PREFIX_PATH=${CMAKE_PREFIX_PATH}:/home/jang/2024_7Dof/install/apf_nodes:/opt/ros/humble /usr/bin/cmake --build /home/jang/2024_7Dof/build/apf_package -- -j16 -l16
[0.207s] [35m[1mConsolidate compiler generated dependencies of target cul_distance_node[0m
[0.227s] [ 50%] Built target apf_main_node
[0.227s] [ 75%] [32mBuilding CXX object CMakeFiles/cul_distance_node.dir/src/cul_distance_node.cpp.o[0m
[1.733s] [01m[K/home/jang/2024_7Dof/src/apf_package/src/cul_distance_node.cpp:10:5:[m[K [01;31m[Kerror: [m[KISO C++ forbids declaration of ‘[01m[Kapf_main_node[m[K’ with no type [[01;31m[K]8;;https://gcc.gnu.org/onlinedocs/gcc/Warning-Options.html#index-fpermissive-fpermissive]8;;[m[K]
[1.733s]    10 |     [01;31m[Kapf_main_node[m[K()
[1.733s]       |     [01;31m[K^~~~~~~~~~~~~[m[K
[1.759s] [01m[K/home/jang/2024_7Dof/src/apf_package/src/cul_distance_node.cpp:[m[K In member function ‘[01m[Kint cul_distance_node::apf_main_node()[m[K’:
[1.759s] [01m[K/home/jang/2024_7Dof/src/apf_package/src/cul_distance_node.cpp:11:7:[m[K [01;31m[Kerror: [m[Konly constructors take member initializers
[1.759s]    11 |     : [01;31m[KNode[m[K("cul_distance_node")
[1.759s]       |       [01;31m[K^~~~[m[K
[1.764s] [01m[K/home/jang/2024_7Dof/src/apf_package/src/cul_distance_node.cpp:15:5:[m[K [01;35m[Kwarning: [m[Kno return statement in function returning non-void [[01;35m[K]8;;https://gcc.gnu.org/onlinedocs/gcc/Warning-Options.html#index-Wreturn-type-Wreturn-type]8;;[m[K]
[1.764s]    15 |     [01;35m[K}[m[K
[1.764s]       |     [01;35m[K^[m[K
[2.171s] In file included from [01m[K/usr/include/x86_64-linux-gnu/c++/11/bits/c++allocator.h:33[m[K,
[2.171s]                  from [01m[K/usr/include/c++/11/bits/allocator.h:46[m[K,
[2.171s]                  from [01m[K/usr/include/c++/11/memory:64[m[K,
[2.171s]                  from [01m[K/home/jang/2024_7Dof/src/apf_package/src/cul_distance_node.cpp:1[m[K:
[2.172s] /usr/include/c++/11/ext/new_allocator.h: In instantiation of ‘[01m[Kvoid __gnu_cxx::new_allocator<_Tp>::construct(_Up*, _Args&& ...) [with _Up = cul_distance_node; _Args = {}; _Tp = cul_distance_node][m[K’:
[2.172s] [01m[K/usr/include/c++/11/bits/alloc_traits.h:516:17:[m[K   required from ‘[01m[Kstatic void std::allocator_traits<std::allocator<_Tp1> >::construct(std::allocator_traits<std::allocator<_Tp1> >::allocator_type&, _Up*, _Args&& ...) [with _Up = cul_distance_node; _Args = {}; _Tp = cul_distance_node; std::allocator_traits<std::allocator<_Tp1> >::allocator_type = std::allocator<cul_distance_node>][m[K’
[2.172s] [01m[K/usr/include/c++/11/bits/shared_ptr_base.h:519:39:[m[K   required from ‘[01m[Kstd::_Sp_counted_ptr_inplace<_Tp, _Alloc, _Lp>::_Sp_counted_ptr_inplace(_Alloc, _Args&& ...) [with _Args = {}; _Tp = cul_distance_node; _Alloc = std::allocator<cul_distance_node>; __gnu_cxx::_Lock_policy _Lp = __gnu_cxx::_S_atomic][m[K’
[2.172s] [01m[K/usr/include/c++/11/bits/shared_ptr_base.h:650:16:[m[K   required from ‘[01m[Kstd::__shared_count<_Lp>::__shared_count(_Tp*&, std::_Sp_alloc_shared_tag<_Alloc>, _Args&& ...) [with _Tp = cul_distance_node; _Alloc = std::allocator<cul_distance_node>; _Args = {}; __gnu_cxx::_Lock_policy _Lp = __gnu_cxx::_S_atomic][m[K’
[2.172s] [01m[K/usr/include/c++/11/bits/shared_ptr_base.h:1342:14:[m[K   required from ‘[01m[Kstd::__shared_ptr<_Tp, _Lp>::__shared_ptr(std::_Sp_alloc_shared_tag<_Tp>, _Args&& ...) [with _Alloc = std::allocator<cul_distance_node>; _Args = {}; _Tp = cul_distance_node; __gnu_cxx::_Lock_policy _Lp = __gnu_cxx::_S_atomic][m[K’
[2.172s] [01m[K/usr/include/c++/11/bits/shared_ptr.h:409:59:[m[K   required from ‘[01m[Kstd::shared_ptr<_Tp>::shared_ptr(std::_Sp_alloc_shared_tag<_Tp>, _Args&& ...) [with _Alloc = std::allocator<cul_distance_node>; _Args = {}; _Tp = cul_distance_node][m[K’
[2.172s] [01m[K/usr/include/c++/11/bits/shared_ptr.h:862:14:[m[K   required from ‘[01m[Kstd::shared_ptr<_Tp> std::allocate_shared(const _Alloc&, _Args&& ...) [with _Tp = cul_distance_node; _Alloc = std::allocator<cul_distance_node>; _Args = {}][m[K’
[2.172s] [01m[K/usr/include/c++/11/bits/shared_ptr.h:878:39:[m[K   required from ‘[01m[Kstd::shared_ptr<_Tp> std::make_shared(_Args&& ...) [with _Tp = cul_distance_node; _Args = {}][m[K’
[2.172s] [01m[K/home/jang/2024_7Dof/src/apf_package/src/cul_distance_node.cpp:28:51:[m[K   required from here
[2.172s] [01m[K/usr/include/c++/11/ext/new_allocator.h:162:11:[m[K [01;31m[Kerror: [m[Kuse of deleted function ‘[01m[Kcul_distance_node::cul_distance_node()[m[K’
[2.172s]   162 |         { [01;31m[K::new((void *)__p) _Up(std::forward<_Args>(__args)...)[m[K; }
[2.172s]       |           [01;31m[K^~~~~~~~~~~~~~~~~~~~~~~~~~~~~~~~~~~~~~~~~~~~~~~~~~~~~~[m[K
[2.172s] [01m[K/home/jang/2024_7Dof/src/apf_package/src/cul_distance_node.cpp:7:7:[m[K [01;36m[Knote: [m[K‘[01m[Kcul_distance_node::cul_distance_node()[m[K’ is implicitly deleted because the default definition would be ill-formed:
[2.173s]     7 | class [01;36m[Kcul_distance_node[m[K : public rclcpp::Node
[2.173s]       |       [01;36m[K^~~~~~~~~~~~~~~~~[m[K
[2.173s] [01m[K/home/jang/2024_7Dof/src/apf_package/src/cul_distance_node.cpp:7:7:[m[K [01;31m[Kerror: [m[Kno matching function for call to ‘[01m[Krclcpp::Node::Node()[m[K’
[2.173s] In file included from [01m[K/opt/ros/humble/include/rclcpp/rclcpp/executors/single_threaded_executor.hpp:28[m[K,
[2.173s]                  from [01m[K/opt/ros/humble/include/rclcpp/rclcpp/executors.hpp:22[m[K,
[2.173s]                  from [01m[K/opt/ros/humble/include/rclcpp/rclcpp/rclcpp.hpp:155[m[K,
[2.173s]                  from [01m[K/home/jang/2024_7Dof/src/apf_package/src/cul_distance_node.cpp:3[m[K:
[2.173s] [01m[K/opt/ros/humble/include/rclcpp/rclcpp/node.hpp:1294:3:[m[K [01;36m[Knote: [m[Kcandidate: ‘[01m[Krclcpp::Node::Node(const rclcpp::Node&, const string&)[m[K’
[2.173s]  1294 |   [01;36m[KNode[m[K(
[2.173s]       |   [01;36m[K^~~~[m[K
[2.173s] [01m[K/opt/ros/humble/include/rclcpp/rclcpp/node.hpp:1294:3:[m[K [01;36m[Knote: [m[K  candidate expects 2 arguments, 0 provided
[2.173s] [01m[K/opt/ros/humble/include/rclcpp/rclcpp/node.hpp:101:12:[m[K [01;36m[Knote: [m[Kcandidate: ‘[01m[Krclcpp::Node::Node(const string&, const string&, const rclcpp::NodeOptions&)[m[K’
[2.173s]   101 |   explicit [01;36m[KNode[m[K(
[2.174s]       |            [01;36m[K^~~~[m[K
[2.174s] [01m[K/opt/ros/humble/include/rclcpp/rclcpp/node.hpp:101:12:[m[K [01;36m[Knote: [m[K  candidate expects 3 arguments, 0 provided
[2.174s] [01m[K/opt/ros/humble/include/rclcpp/rclcpp/node.hpp:89:12:[m[K [01;36m[Knote: [m[Kcandidate: ‘[01m[Krclcpp::Node::Node(const string&, const rclcpp::NodeOptions&)[m[K’
[2.174s]    89 |   explicit [01;36m[KNode[m[K(
[2.174s]       |            [01;36m[K^~~~[m[K
[2.174s] [01m[K/opt/ros/humble/include/rclcpp/rclcpp/node.hpp:89:12:[m[K [01;36m[Knote: [m[K  candidate expects 2 arguments, 0 provided
[3.330s] gmake[2]: *** [CMakeFiles/cul_distance_node.dir/build.make:76: CMakeFiles/cul_distance_node.dir/src/cul_distance_node.cpp.o] Error 1
[3.330s] gmake[1]: *** [CMakeFiles/Makefile2:165: CMakeFiles/cul_distance_node.dir/all] Error 2
[3.330s] gmake: *** [Makefile:146: all] Error 2
[3.333s] Invoked command in '/home/jang/2024_7Dof/build/apf_package' returned '2': CMAKE_PREFIX_PATH=${CMAKE_PREFIX_PATH}:/home/jang/2024_7Dof/install/apf_nodes:/opt/ros/humble /usr/bin/cmake --build /home/jang/2024_7Dof/build/apf_package -- -j16 -l16
