[0.060s] DEBUG:colcon:Command line arguments: ['/usr/bin/colcon', 'build', '--cmake-args', '-DCMAKE_BUILD_TYPE=Release', '--symlink-install']
[0.060s] DEBUG:colcon:Parsed command line arguments: Namespace(log_base=None, log_level=None, verb_name='build', build_base='build', install_base='install', merge_install=False, symlink_install=True, test_result_base=None, continue_on_error=False, executor='parallel', parallel_workers=16, event_handlers=None, ignore_user_meta=False, metas=['./colcon.meta'], base_paths=['.'], packages_ignore=None, packages_ignore_regex=None, paths=None, packages_up_to=None, packages_up_to_regex=None, packages_above=None, packages_above_and_dependencies=None, packages_above_depth=None, packages_select_by_dep=None, packages_skip_by_dep=None, packages_skip_up_to=None, packages_select_build_failed=False, packages_skip_build_finished=False, packages_select_test_failures=False, packages_skip_test_passed=False, packages_select=None, packages_skip=None, packages_select_regex=None, packages_skip_regex=None, packages_start=None, packages_end=None, allow_overriding=[], cmake_args=['-DCMAKE_BUILD_TYPE=Release'], cmake_target=None, cmake_target_skip_unavailable=False, cmake_clean_cache=False, cmake_clean_first=False, cmake_force_configure=False, ament_cmake_args=None, catkin_cmake_args=None, catkin_skip_building_tests=False, mixin_files=None, mixin=None, verb_parser=<colcon_mixin.mixin.mixin_argument.MixinArgumentDecorator object at 0x724344d2f610>, verb_extension=<colcon_core.verb.build.BuildVerb object at 0x724344d2e8f0>, main=<bound method BuildVerb.main of <colcon_core.verb.build.BuildVerb object at 0x724344d2e8f0>>, mixin_verb=('build',))
[0.150s] Level 1:colcon.colcon_core.package_discovery:discover_packages(colcon_meta) check parameters
[0.150s] Level 1:colcon.colcon_core.package_discovery:discover_packages(recursive) check parameters
[0.150s] Level 1:colcon.colcon_core.package_discovery:discover_packages(ignore) check parameters
[0.150s] Level 1:colcon.colcon_core.package_discovery:discover_packages(path) check parameters
[0.150s] Level 1:colcon.colcon_core.package_discovery:discover_packages(colcon_meta) discover
[0.150s] Level 1:colcon.colcon_core.package_discovery:discover_packages(recursive) discover
[0.150s] INFO:colcon.colcon_core.package_discovery:Crawling recursively for packages in '/home/jang/2024_7Dof'
[0.150s] Level 1:colcon.colcon_core.package_identification:_identify(.) by extensions ['ignore', 'ignore_ament_install']
[0.150s] Level 1:colcon.colcon_core.package_identification:_identify(.) by extension 'ignore'
[0.150s] Level 1:colcon.colcon_core.package_identification:_identify(.) by extension 'ignore_ament_install'
[0.150s] Level 1:colcon.colcon_core.package_identification:_identify(.) by extensions ['colcon_pkg']
[0.150s] Level 1:colcon.colcon_core.package_identification:_identify(.) by extension 'colcon_pkg'
[0.150s] Level 1:colcon.colcon_core.package_identification:_identify(.) by extensions ['colcon_meta']
[0.150s] Level 1:colcon.colcon_core.package_identification:_identify(.) by extension 'colcon_meta'
[0.150s] Level 1:colcon.colcon_core.package_identification:_identify(.) by extensions ['ros']
[0.150s] Level 1:colcon.colcon_core.package_identification:_identify(.) by extension 'ros'
[0.166s] Level 1:colcon.colcon_core.package_identification:_identify(.) by extensions ['cmake', 'python']
[0.166s] Level 1:colcon.colcon_core.package_identification:_identify(.) by extension 'cmake'
[0.166s] Level 1:colcon.colcon_core.package_identification:_identify(.) by extension 'python'
[0.166s] Level 1:colcon.colcon_core.package_identification:_identify(.) by extensions ['python_setup_py']
[0.166s] Level 1:colcon.colcon_core.package_identification:_identify(.) by extension 'python_setup_py'
[0.166s] Level 1:colcon.colcon_core.package_identification:_identify(build) by extensions ['ignore', 'ignore_ament_install']
[0.166s] Level 1:colcon.colcon_core.package_identification:_identify(build) by extension 'ignore'
[0.166s] Level 1:colcon.colcon_core.package_identification:_identify(build) ignored
[0.166s] Level 1:colcon.colcon_core.package_identification:_identify(install) by extensions ['ignore', 'ignore_ament_install']
[0.166s] Level 1:colcon.colcon_core.package_identification:_identify(install) by extension 'ignore'
[0.166s] Level 1:colcon.colcon_core.package_identification:_identify(install) ignored
[0.166s] Level 1:colcon.colcon_core.package_identification:_identify(log) by extensions ['ignore', 'ignore_ament_install']
[0.166s] Level 1:colcon.colcon_core.package_identification:_identify(log) by extension 'ignore'
[0.166s] Level 1:colcon.colcon_core.package_identification:_identify(log) ignored
[0.166s] Level 1:colcon.colcon_core.package_identification:_identify(src) by extensions ['ignore', 'ignore_ament_install']
[0.167s] Level 1:colcon.colcon_core.package_identification:_identify(src) by extension 'ignore'
[0.167s] Level 1:colcon.colcon_core.package_identification:_identify(src) by extension 'ignore_ament_install'
[0.167s] Level 1:colcon.colcon_core.package_identification:_identify(src) by extensions ['colcon_pkg']
[0.167s] Level 1:colcon.colcon_core.package_identification:_identify(src) by extension 'colcon_pkg'
[0.167s] Level 1:colcon.colcon_core.package_identification:_identify(src) by extensions ['colcon_meta']
[0.167s] Level 1:colcon.colcon_core.package_identification:_identify(src) by extension 'colcon_meta'
[0.167s] Level 1:colcon.colcon_core.package_identification:_identify(src) by extensions ['ros']
[0.167s] Level 1:colcon.colcon_core.package_identification:_identify(src) by extension 'ros'
[0.167s] Level 1:colcon.colcon_core.package_identification:_identify(src) by extensions ['cmake', 'python']
[0.167s] Level 1:colcon.colcon_core.package_identification:_identify(src) by extension 'cmake'
[0.167s] Level 1:colcon.colcon_core.package_identification:_identify(src) by extension 'python'
[0.167s] Level 1:colcon.colcon_core.package_identification:_identify(src) by extensions ['python_setup_py']
[0.167s] Level 1:colcon.colcon_core.package_identification:_identify(src) by extension 'python_setup_py'
[0.167s] Level 1:colcon.colcon_core.package_identification:_identify(src/apf_nodes) by extensions ['ignore', 'ignore_ament_install']
[0.167s] Level 1:colcon.colcon_core.package_identification:_identify(src/apf_nodes) by extension 'ignore'
[0.167s] Level 1:colcon.colcon_core.package_identification:_identify(src/apf_nodes) by extension 'ignore_ament_install'
[0.167s] Level 1:colcon.colcon_core.package_identification:_identify(src/apf_nodes) by extensions ['colcon_pkg']
[0.167s] Level 1:colcon.colcon_core.package_identification:_identify(src/apf_nodes) by extension 'colcon_pkg'
[0.167s] Level 1:colcon.colcon_core.package_identification:_identify(src/apf_nodes) by extensions ['colcon_meta']
[0.167s] Level 1:colcon.colcon_core.package_identification:_identify(src/apf_nodes) by extension 'colcon_meta'
[0.167s] Level 1:colcon.colcon_core.package_identification:_identify(src/apf_nodes) by extensions ['ros']
[0.167s] Level 1:colcon.colcon_core.package_identification:_identify(src/apf_nodes) by extension 'ros'
[0.169s] DEBUG:colcon.colcon_core.package_identification:Package 'src/apf_nodes' with type 'ros.ament_python' and name 'apf_nodes'
[0.169s] Level 1:colcon.colcon_core.package_identification:_identify(src/build) by extensions ['ignore', 'ignore_ament_install']
[0.169s] Level 1:colcon.colcon_core.package_identification:_identify(src/build) by extension 'ignore'
[0.169s] Level 1:colcon.colcon_core.package_identification:_identify(src/build) ignored
[0.169s] Level 1:colcon.colcon_core.package_identification:_identify(src/culjaco) by extensions ['ignore', 'ignore_ament_install']
[0.169s] Level 1:colcon.colcon_core.package_identification:_identify(src/culjaco) by extension 'ignore'
[0.169s] Level 1:colcon.colcon_core.package_identification:_identify(src/culjaco) by extension 'ignore_ament_install'
[0.169s] Level 1:colcon.colcon_core.package_identification:_identify(src/culjaco) by extensions ['colcon_pkg']
[0.169s] Level 1:colcon.colcon_core.package_identification:_identify(src/culjaco) by extension 'colcon_pkg'
[0.169s] Level 1:colcon.colcon_core.package_identification:_identify(src/culjaco) by extensions ['colcon_meta']
[0.169s] Level 1:colcon.colcon_core.package_identification:_identify(src/culjaco) by extension 'colcon_meta'
[0.169s] Level 1:colcon.colcon_core.package_identification:_identify(src/culjaco) by extensions ['ros']
[0.169s] Level 1:colcon.colcon_core.package_identification:_identify(src/culjaco) by extension 'ros'
[0.170s] DEBUG:colcon.colcon_core.package_identification:Package 'src/culjaco' with type 'ros.ament_cmake' and name 'culjaco'
[0.170s] Level 1:colcon.colcon_core.package_identification:_identify(src/iiwa_ros2) by extensions ['ignore', 'ignore_ament_install']
[0.170s] Level 1:colcon.colcon_core.package_identification:_identify(src/iiwa_ros2) by extension 'ignore'
[0.170s] Level 1:colcon.colcon_core.package_identification:_identify(src/iiwa_ros2) by extension 'ignore_ament_install'
[0.170s] Level 1:colcon.colcon_core.package_identification:_identify(src/iiwa_ros2) by extensions ['colcon_pkg']
[0.170s] Level 1:colcon.colcon_core.package_identification:_identify(src/iiwa_ros2) by extension 'colcon_pkg'
[0.170s] Level 1:colcon.colcon_core.package_identification:_identify(src/iiwa_ros2) by extensions ['colcon_meta']
[0.170s] Level 1:colcon.colcon_core.package_identification:_identify(src/iiwa_ros2) by extension 'colcon_meta'
[0.170s] Level 1:colcon.colcon_core.package_identification:_identify(src/iiwa_ros2) by extensions ['ros']
[0.170s] Level 1:colcon.colcon_core.package_identification:_identify(src/iiwa_ros2) by extension 'ros'
[0.170s] Level 1:colcon.colcon_core.package_identification:_identify(src/iiwa_ros2) by extensions ['cmake', 'python']
[0.170s] Level 1:colcon.colcon_core.package_identification:_identify(src/iiwa_ros2) by extension 'cmake'
[0.170s] Level 1:colcon.colcon_core.package_identification:_identify(src/iiwa_ros2) by extension 'python'
[0.170s] Level 1:colcon.colcon_core.package_identification:_identify(src/iiwa_ros2) by extensions ['python_setup_py']
[0.170s] Level 1:colcon.colcon_core.package_identification:_identify(src/iiwa_ros2) by extension 'python_setup_py'
[0.170s] Level 1:colcon.colcon_core.package_identification:_identify(src/iiwa_ros2/iiwa_bringup) by extensions ['ignore', 'ignore_ament_install']
[0.170s] Level 1:colcon.colcon_core.package_identification:_identify(src/iiwa_ros2/iiwa_bringup) by extension 'ignore'
[0.170s] Level 1:colcon.colcon_core.package_identification:_identify(src/iiwa_ros2/iiwa_bringup) by extension 'ignore_ament_install'
[0.170s] Level 1:colcon.colcon_core.package_identification:_identify(src/iiwa_ros2/iiwa_bringup) by extensions ['colcon_pkg']
[0.170s] Level 1:colcon.colcon_core.package_identification:_identify(src/iiwa_ros2/iiwa_bringup) by extension 'colcon_pkg'
[0.170s] Level 1:colcon.colcon_core.package_identification:_identify(src/iiwa_ros2/iiwa_bringup) by extensions ['colcon_meta']
[0.170s] Level 1:colcon.colcon_core.package_identification:_identify(src/iiwa_ros2/iiwa_bringup) by extension 'colcon_meta'
[0.170s] Level 1:colcon.colcon_core.package_identification:_identify(src/iiwa_ros2/iiwa_bringup) by extensions ['ros']
[0.170s] Level 1:colcon.colcon_core.package_identification:_identify(src/iiwa_ros2/iiwa_bringup) by extension 'ros'
[0.171s] DEBUG:colcon.colcon_core.package_identification:Package 'src/iiwa_ros2/iiwa_bringup' with type 'ros.ament_cmake' and name 'iiwa_bringup'
[0.171s] Level 1:colcon.colcon_core.package_identification:_identify(src/iiwa_ros2/iiwa_controllers) by extensions ['ignore', 'ignore_ament_install']
[0.171s] Level 1:colcon.colcon_core.package_identification:_identify(src/iiwa_ros2/iiwa_controllers) by extension 'ignore'
[0.171s] Level 1:colcon.colcon_core.package_identification:_identify(src/iiwa_ros2/iiwa_controllers) by extension 'ignore_ament_install'
[0.171s] Level 1:colcon.colcon_core.package_identification:_identify(src/iiwa_ros2/iiwa_controllers) by extensions ['colcon_pkg']
[0.171s] Level 1:colcon.colcon_core.package_identification:_identify(src/iiwa_ros2/iiwa_controllers) by extension 'colcon_pkg'
[0.171s] Level 1:colcon.colcon_core.package_identification:_identify(src/iiwa_ros2/iiwa_controllers) by extensions ['colcon_meta']
[0.171s] Level 1:colcon.colcon_core.package_identification:_identify(src/iiwa_ros2/iiwa_controllers) by extension 'colcon_meta'
[0.171s] Level 1:colcon.colcon_core.package_identification:_identify(src/iiwa_ros2/iiwa_controllers) by extensions ['ros']
[0.171s] Level 1:colcon.colcon_core.package_identification:_identify(src/iiwa_ros2/iiwa_controllers) by extension 'ros'
[0.171s] Level 1:colcon.colcon_core.package_identification:_identify(src/iiwa_ros2/iiwa_controllers) by extensions ['cmake', 'python']
[0.171s] Level 1:colcon.colcon_core.package_identification:_identify(src/iiwa_ros2/iiwa_controllers) by extension 'cmake'
[0.171s] Level 1:colcon.colcon_core.package_identification:_identify(src/iiwa_ros2/iiwa_controllers) by extension 'python'
[0.171s] Level 1:colcon.colcon_core.package_identification:_identify(src/iiwa_ros2/iiwa_controllers) by extensions ['python_setup_py']
[0.171s] Level 1:colcon.colcon_core.package_identification:_identify(src/iiwa_ros2/iiwa_controllers) by extension 'python_setup_py'
[0.171s] Level 1:colcon.colcon_core.package_identification:_identify(src/iiwa_ros2/iiwa_controllers/admittance_controller) by extensions ['ignore', 'ignore_ament_install']
[0.171s] Level 1:colcon.colcon_core.package_identification:_identify(src/iiwa_ros2/iiwa_controllers/admittance_controller) by extension 'ignore'
[0.171s] Level 1:colcon.colcon_core.package_identification:_identify(src/iiwa_ros2/iiwa_controllers/admittance_controller) by extension 'ignore_ament_install'
[0.171s] Level 1:colcon.colcon_core.package_identification:_identify(src/iiwa_ros2/iiwa_controllers/admittance_controller) by extensions ['colcon_pkg']
[0.171s] Level 1:colcon.colcon_core.package_identification:_identify(src/iiwa_ros2/iiwa_controllers/admittance_controller) by extension 'colcon_pkg'
[0.171s] Level 1:colcon.colcon_core.package_identification:_identify(src/iiwa_ros2/iiwa_controllers/admittance_controller) by extensions ['colcon_meta']
[0.171s] Level 1:colcon.colcon_core.package_identification:_identify(src/iiwa_ros2/iiwa_controllers/admittance_controller) by extension 'colcon_meta'
[0.171s] Level 1:colcon.colcon_core.package_identification:_identify(src/iiwa_ros2/iiwa_controllers/admittance_controller) by extensions ['ros']
[0.171s] Level 1:colcon.colcon_core.package_identification:_identify(src/iiwa_ros2/iiwa_controllers/admittance_controller) by extension 'ros'
[0.171s] Level 1:colcon.colcon_core.package_identification:_identify(src/iiwa_ros2/iiwa_controllers/admittance_controller) ignored
[0.171s] Level 1:colcon.colcon_core.package_identification:_identify(src/iiwa_ros2/iiwa_controllers/external_torque_sensor_broadcaster) by extensions ['ignore', 'ignore_ament_install']
[0.172s] Level 1:colcon.colcon_core.package_identification:_identify(src/iiwa_ros2/iiwa_controllers/external_torque_sensor_broadcaster) by extension 'ignore'
[0.172s] Level 1:colcon.colcon_core.package_identification:_identify(src/iiwa_ros2/iiwa_controllers/external_torque_sensor_broadcaster) by extension 'ignore_ament_install'
[0.172s] Level 1:colcon.colcon_core.package_identification:_identify(src/iiwa_ros2/iiwa_controllers/external_torque_sensor_broadcaster) by extensions ['colcon_pkg']
[0.172s] Level 1:colcon.colcon_core.package_identification:_identify(src/iiwa_ros2/iiwa_controllers/external_torque_sensor_broadcaster) by extension 'colcon_pkg'
[0.172s] Level 1:colcon.colcon_core.package_identification:_identify(src/iiwa_ros2/iiwa_controllers/external_torque_sensor_broadcaster) by extensions ['colcon_meta']
[0.172s] Level 1:colcon.colcon_core.package_identification:_identify(src/iiwa_ros2/iiwa_controllers/external_torque_sensor_broadcaster) by extension 'colcon_meta'
[0.172s] Level 1:colcon.colcon_core.package_identification:_identify(src/iiwa_ros2/iiwa_controllers/external_torque_sensor_broadcaster) by extensions ['ros']
[0.172s] Level 1:colcon.colcon_core.package_identification:_identify(src/iiwa_ros2/iiwa_controllers/external_torque_sensor_broadcaster) by extension 'ros'
[0.172s] DEBUG:colcon.colcon_core.package_identification:Package 'src/iiwa_ros2/iiwa_controllers/external_torque_sensor_broadcaster' with type 'ros.ament_cmake' and name 'external_torque_sensor_broadcaster'
[0.172s] Level 1:colcon.colcon_core.package_identification:_identify(src/iiwa_ros2/iiwa_controllers/impedance_controller) by extensions ['ignore', 'ignore_ament_install']
[0.172s] Level 1:colcon.colcon_core.package_identification:_identify(src/iiwa_ros2/iiwa_controllers/impedance_controller) by extension 'ignore'
[0.172s] Level 1:colcon.colcon_core.package_identification:_identify(src/iiwa_ros2/iiwa_controllers/impedance_controller) by extension 'ignore_ament_install'
[0.172s] Level 1:colcon.colcon_core.package_identification:_identify(src/iiwa_ros2/iiwa_controllers/impedance_controller) by extensions ['colcon_pkg']
[0.172s] Level 1:colcon.colcon_core.package_identification:_identify(src/iiwa_ros2/iiwa_controllers/impedance_controller) by extension 'colcon_pkg'
[0.172s] Level 1:colcon.colcon_core.package_identification:_identify(src/iiwa_ros2/iiwa_controllers/impedance_controller) by extensions ['colcon_meta']
[0.172s] Level 1:colcon.colcon_core.package_identification:_identify(src/iiwa_ros2/iiwa_controllers/impedance_controller) by extension 'colcon_meta'
[0.172s] Level 1:colcon.colcon_core.package_identification:_identify(src/iiwa_ros2/iiwa_controllers/impedance_controller) by extensions ['ros']
[0.173s] Level 1:colcon.colcon_core.package_identification:_identify(src/iiwa_ros2/iiwa_controllers/impedance_controller) by extension 'ros'
[0.173s] DEBUG:colcon.colcon_core.package_identification:Package 'src/iiwa_ros2/iiwa_controllers/impedance_controller' with type 'ros.ament_cmake' and name 'impedance_controller'
[0.173s] Level 1:colcon.colcon_core.package_identification:_identify(src/iiwa_ros2/iiwa_description) by extensions ['ignore', 'ignore_ament_install']
[0.173s] Level 1:colcon.colcon_core.package_identification:_identify(src/iiwa_ros2/iiwa_description) by extension 'ignore'
[0.173s] Level 1:colcon.colcon_core.package_identification:_identify(src/iiwa_ros2/iiwa_description) by extension 'ignore_ament_install'
[0.173s] Level 1:colcon.colcon_core.package_identification:_identify(src/iiwa_ros2/iiwa_description) by extensions ['colcon_pkg']
[0.173s] Level 1:colcon.colcon_core.package_identification:_identify(src/iiwa_ros2/iiwa_description) by extension 'colcon_pkg'
[0.173s] Level 1:colcon.colcon_core.package_identification:_identify(src/iiwa_ros2/iiwa_description) by extensions ['colcon_meta']
[0.173s] Level 1:colcon.colcon_core.package_identification:_identify(src/iiwa_ros2/iiwa_description) by extension 'colcon_meta'
[0.173s] Level 1:colcon.colcon_core.package_identification:_identify(src/iiwa_ros2/iiwa_description) by extensions ['ros']
[0.173s] Level 1:colcon.colcon_core.package_identification:_identify(src/iiwa_ros2/iiwa_description) by extension 'ros'
[0.174s] DEBUG:colcon.colcon_core.package_identification:Package 'src/iiwa_ros2/iiwa_description' with type 'ros.ament_cmake' and name 'iiwa_description'
[0.174s] Level 1:colcon.colcon_core.package_identification:_identify(src/iiwa_ros2/iiwa_moveit2) by extensions ['ignore', 'ignore_ament_install']
[0.174s] Level 1:colcon.colcon_core.package_identification:_identify(src/iiwa_ros2/iiwa_moveit2) by extension 'ignore'
[0.174s] Level 1:colcon.colcon_core.package_identification:_identify(src/iiwa_ros2/iiwa_moveit2) by extension 'ignore_ament_install'
[0.174s] Level 1:colcon.colcon_core.package_identification:_identify(src/iiwa_ros2/iiwa_moveit2) by extensions ['colcon_pkg']
[0.174s] Level 1:colcon.colcon_core.package_identification:_identify(src/iiwa_ros2/iiwa_moveit2) by extension 'colcon_pkg'
[0.174s] Level 1:colcon.colcon_core.package_identification:_identify(src/iiwa_ros2/iiwa_moveit2) by extensions ['colcon_meta']
[0.174s] Level 1:colcon.colcon_core.package_identification:_identify(src/iiwa_ros2/iiwa_moveit2) by extension 'colcon_meta'
[0.174s] Level 1:colcon.colcon_core.package_identification:_identify(src/iiwa_ros2/iiwa_moveit2) by extensions ['ros']
[0.174s] Level 1:colcon.colcon_core.package_identification:_identify(src/iiwa_ros2/iiwa_moveit2) by extension 'ros'
[0.175s] DEBUG:colcon.colcon_core.package_identification:Package 'src/iiwa_ros2/iiwa_moveit2' with type 'ros.ament_cmake' and name 'iiwa_moveit2'
[0.175s] Level 1:colcon.colcon_core.package_identification:_identify(src/install) by extensions ['ignore', 'ignore_ament_install']
[0.175s] Level 1:colcon.colcon_core.package_identification:_identify(src/install) by extension 'ignore'
[0.175s] Level 1:colcon.colcon_core.package_identification:_identify(src/install) ignored
[0.175s] Level 1:colcon.colcon_core.package_identification:_identify(src/log) by extensions ['ignore', 'ignore_ament_install']
[0.175s] Level 1:colcon.colcon_core.package_identification:_identify(src/log) by extension 'ignore'
[0.175s] Level 1:colcon.colcon_core.package_identification:_identify(src/log) ignored
[0.175s] Level 1:colcon.colcon_core.package_discovery:discover_packages(recursive) using defaults
[0.175s] Level 1:colcon.colcon_core.package_discovery:discover_packages(ignore) discover
[0.175s] Level 1:colcon.colcon_core.package_discovery:discover_packages(ignore) using defaults
[0.175s] Level 1:colcon.colcon_core.package_discovery:discover_packages(path) discover
[0.175s] Level 1:colcon.colcon_core.package_discovery:discover_packages(path) using defaults
[0.189s] Level 1:colcon.colcon_core.package_discovery:discover_packages(prefix_path) check parameters
[0.189s] Level 1:colcon.colcon_core.package_discovery:discover_packages(prefix_path) discover
[0.190s] DEBUG:colcon.colcon_installed_package_information.package_discovery:Found 7 installed packages in /home/jang/2024_7Dof/install
[0.190s] DEBUG:colcon.colcon_installed_package_information.package_discovery:Found 367 installed packages in /opt/ros/humble
[0.191s] Level 1:colcon.colcon_core.package_discovery:discover_packages(prefix_path) using defaults
[0.214s] Level 5:colcon.colcon_core.verb:set package 'apf_nodes' build argument 'cmake_args' from command line to '['-DCMAKE_BUILD_TYPE=Release']'
[0.214s] Level 5:colcon.colcon_core.verb:set package 'apf_nodes' build argument 'cmake_target' from command line to 'None'
[0.214s] Level 5:colcon.colcon_core.verb:set package 'apf_nodes' build argument 'cmake_target_skip_unavailable' from command line to 'False'
[0.214s] Level 5:colcon.colcon_core.verb:set package 'apf_nodes' build argument 'cmake_clean_cache' from command line to 'False'
[0.214s] Level 5:colcon.colcon_core.verb:set package 'apf_nodes' build argument 'cmake_clean_first' from command line to 'False'
[0.214s] Level 5:colcon.colcon_core.verb:set package 'apf_nodes' build argument 'cmake_force_configure' from command line to 'False'
[0.214s] Level 5:colcon.colcon_core.verb:set package 'apf_nodes' build argument 'ament_cmake_args' from command line to 'None'
[0.214s] Level 5:colcon.colcon_core.verb:set package 'apf_nodes' build argument 'catkin_cmake_args' from command line to 'None'
[0.214s] Level 5:colcon.colcon_core.verb:set package 'apf_nodes' build argument 'catkin_skip_building_tests' from command line to 'False'
[0.214s] DEBUG:colcon.colcon_core.verb:Building package 'apf_nodes' with the following arguments: {'ament_cmake_args': None, 'build_base': '/home/jang/2024_7Dof/build/apf_nodes', 'catkin_cmake_args': None, 'catkin_skip_building_tests': False, 'cmake_args': ['-DCMAKE_BUILD_TYPE=Release'], 'cmake_clean_cache': False, 'cmake_clean_first': False, 'cmake_force_configure': False, 'cmake_target': None, 'cmake_target_skip_unavailable': False, 'install_base': '/home/jang/2024_7Dof/install/apf_nodes', 'merge_install': False, 'path': '/home/jang/2024_7Dof/src/apf_nodes', 'symlink_install': True, 'test_result_base': None}
[0.214s] Level 5:colcon.colcon_core.verb:set package 'culjaco' build argument 'cmake_args' from command line to '['-DCMAKE_BUILD_TYPE=Release']'
[0.214s] Level 5:colcon.colcon_core.verb:set package 'culjaco' build argument 'cmake_target' from command line to 'None'
[0.214s] Level 5:colcon.colcon_core.verb:set package 'culjaco' build argument 'cmake_target_skip_unavailable' from command line to 'False'
[0.214s] Level 5:colcon.colcon_core.verb:set package 'culjaco' build argument 'cmake_clean_cache' from command line to 'False'
[0.214s] Level 5:colcon.colcon_core.verb:set package 'culjaco' build argument 'cmake_clean_first' from command line to 'False'
[0.214s] Level 5:colcon.colcon_core.verb:set package 'culjaco' build argument 'cmake_force_configure' from command line to 'False'
[0.214s] Level 5:colcon.colcon_core.verb:set package 'culjaco' build argument 'ament_cmake_args' from command line to 'None'
[0.214s] Level 5:colcon.colcon_core.verb:set package 'culjaco' build argument 'catkin_cmake_args' from command line to 'None'
[0.214s] Level 5:colcon.colcon_core.verb:set package 'culjaco' build argument 'catkin_skip_building_tests' from command line to 'False'
[0.214s] DEBUG:colcon.colcon_core.verb:Building package 'culjaco' with the following arguments: {'ament_cmake_args': None, 'build_base': '/home/jang/2024_7Dof/build/culjaco', 'catkin_cmake_args': None, 'catkin_skip_building_tests': False, 'cmake_args': ['-DCMAKE_BUILD_TYPE=Release'], 'cmake_clean_cache': False, 'cmake_clean_first': False, 'cmake_force_configure': False, 'cmake_target': None, 'cmake_target_skip_unavailable': False, 'install_base': '/home/jang/2024_7Dof/install/culjaco', 'merge_install': False, 'path': '/home/jang/2024_7Dof/src/culjaco', 'symlink_install': True, 'test_result_base': None}
[0.214s] Level 5:colcon.colcon_core.verb:set package 'external_torque_sensor_broadcaster' build argument 'cmake_args' from command line to '['-DCMAKE_BUILD_TYPE=Release']'
[0.214s] Level 5:colcon.colcon_core.verb:set package 'external_torque_sensor_broadcaster' build argument 'cmake_target' from command line to 'None'
[0.215s] Level 5:colcon.colcon_core.verb:set package 'external_torque_sensor_broadcaster' build argument 'cmake_target_skip_unavailable' from command line to 'False'
[0.215s] Level 5:colcon.colcon_core.verb:set package 'external_torque_sensor_broadcaster' build argument 'cmake_clean_cache' from command line to 'False'
[0.215s] Level 5:colcon.colcon_core.verb:set package 'external_torque_sensor_broadcaster' build argument 'cmake_clean_first' from command line to 'False'
[0.215s] Level 5:colcon.colcon_core.verb:set package 'external_torque_sensor_broadcaster' build argument 'cmake_force_configure' from command line to 'False'
[0.215s] Level 5:colcon.colcon_core.verb:set package 'external_torque_sensor_broadcaster' build argument 'ament_cmake_args' from command line to 'None'
[0.215s] Level 5:colcon.colcon_core.verb:set package 'external_torque_sensor_broadcaster' build argument 'catkin_cmake_args' from command line to 'None'
[0.215s] Level 5:colcon.colcon_core.verb:set package 'external_torque_sensor_broadcaster' build argument 'catkin_skip_building_tests' from command line to 'False'
[0.215s] DEBUG:colcon.colcon_core.verb:Building package 'external_torque_sensor_broadcaster' with the following arguments: {'ament_cmake_args': None, 'build_base': '/home/jang/2024_7Dof/build/external_torque_sensor_broadcaster', 'catkin_cmake_args': None, 'catkin_skip_building_tests': False, 'cmake_args': ['-DCMAKE_BUILD_TYPE=Release'], 'cmake_clean_cache': False, 'cmake_clean_first': False, 'cmake_force_configure': False, 'cmake_target': None, 'cmake_target_skip_unavailable': False, 'install_base': '/home/jang/2024_7Dof/install/external_torque_sensor_broadcaster', 'merge_install': False, 'path': '/home/jang/2024_7Dof/src/iiwa_ros2/iiwa_controllers/external_torque_sensor_broadcaster', 'symlink_install': True, 'test_result_base': None}
[0.215s] Level 5:colcon.colcon_core.verb:set package 'iiwa_description' build argument 'cmake_args' from command line to '['-DCMAKE_BUILD_TYPE=Release']'
[0.215s] Level 5:colcon.colcon_core.verb:set package 'iiwa_description' build argument 'cmake_target' from command line to 'None'
[0.215s] Level 5:colcon.colcon_core.verb:set package 'iiwa_description' build argument 'cmake_target_skip_unavailable' from command line to 'False'
[0.215s] Level 5:colcon.colcon_core.verb:set package 'iiwa_description' build argument 'cmake_clean_cache' from command line to 'False'
[0.215s] Level 5:colcon.colcon_core.verb:set package 'iiwa_description' build argument 'cmake_clean_first' from command line to 'False'
[0.215s] Level 5:colcon.colcon_core.verb:set package 'iiwa_description' build argument 'cmake_force_configure' from command line to 'False'
[0.215s] Level 5:colcon.colcon_core.verb:set package 'iiwa_description' build argument 'ament_cmake_args' from command line to 'None'
[0.215s] Level 5:colcon.colcon_core.verb:set package 'iiwa_description' build argument 'catkin_cmake_args' from command line to 'None'
[0.215s] Level 5:colcon.colcon_core.verb:set package 'iiwa_description' build argument 'catkin_skip_building_tests' from command line to 'False'
[0.215s] DEBUG:colcon.colcon_core.verb:Building package 'iiwa_description' with the following arguments: {'ament_cmake_args': None, 'build_base': '/home/jang/2024_7Dof/build/iiwa_description', 'catkin_cmake_args': None, 'catkin_skip_building_tests': False, 'cmake_args': ['-DCMAKE_BUILD_TYPE=Release'], 'cmake_clean_cache': False, 'cmake_clean_first': False, 'cmake_force_configure': False, 'cmake_target': None, 'cmake_target_skip_unavailable': False, 'install_base': '/home/jang/2024_7Dof/install/iiwa_description', 'merge_install': False, 'path': '/home/jang/2024_7Dof/src/iiwa_ros2/iiwa_description', 'symlink_install': True, 'test_result_base': None}
[0.215s] Level 5:colcon.colcon_core.verb:set package 'iiwa_moveit2' build argument 'cmake_args' from command line to '['-DCMAKE_BUILD_TYPE=Release']'
[0.215s] Level 5:colcon.colcon_core.verb:set package 'iiwa_moveit2' build argument 'cmake_target' from command line to 'None'
[0.215s] Level 5:colcon.colcon_core.verb:set package 'iiwa_moveit2' build argument 'cmake_target_skip_unavailable' from command line to 'False'
[0.215s] Level 5:colcon.colcon_core.verb:set package 'iiwa_moveit2' build argument 'cmake_clean_cache' from command line to 'False'
[0.215s] Level 5:colcon.colcon_core.verb:set package 'iiwa_moveit2' build argument 'cmake_clean_first' from command line to 'False'
[0.215s] Level 5:colcon.colcon_core.verb:set package 'iiwa_moveit2' build argument 'cmake_force_configure' from command line to 'False'
[0.215s] Level 5:colcon.colcon_core.verb:set package 'iiwa_moveit2' build argument 'ament_cmake_args' from command line to 'None'
[0.215s] Level 5:colcon.colcon_core.verb:set package 'iiwa_moveit2' build argument 'catkin_cmake_args' from command line to 'None'
[0.215s] Level 5:colcon.colcon_core.verb:set package 'iiwa_moveit2' build argument 'catkin_skip_building_tests' from command line to 'False'
[0.215s] DEBUG:colcon.colcon_core.verb:Building package 'iiwa_moveit2' with the following arguments: {'ament_cmake_args': None, 'build_base': '/home/jang/2024_7Dof/build/iiwa_moveit2', 'catkin_cmake_args': None, 'catkin_skip_building_tests': False, 'cmake_args': ['-DCMAKE_BUILD_TYPE=Release'], 'cmake_clean_cache': False, 'cmake_clean_first': False, 'cmake_force_configure': False, 'cmake_target': None, 'cmake_target_skip_unavailable': False, 'install_base': '/home/jang/2024_7Dof/install/iiwa_moveit2', 'merge_install': False, 'path': '/home/jang/2024_7Dof/src/iiwa_ros2/iiwa_moveit2', 'symlink_install': True, 'test_result_base': None}
[0.215s] Level 5:colcon.colcon_core.verb:set package 'impedance_controller' build argument 'cmake_args' from command line to '['-DCMAKE_BUILD_TYPE=Release']'
[0.215s] Level 5:colcon.colcon_core.verb:set package 'impedance_controller' build argument 'cmake_target' from command line to 'None'
[0.215s] Level 5:colcon.colcon_core.verb:set package 'impedance_controller' build argument 'cmake_target_skip_unavailable' from command line to 'False'
[0.215s] Level 5:colcon.colcon_core.verb:set package 'impedance_controller' build argument 'cmake_clean_cache' from command line to 'False'
[0.215s] Level 5:colcon.colcon_core.verb:set package 'impedance_controller' build argument 'cmake_clean_first' from command line to 'False'
[0.215s] Level 5:colcon.colcon_core.verb:set package 'impedance_controller' build argument 'cmake_force_configure' from command line to 'False'
[0.215s] Level 5:colcon.colcon_core.verb:set package 'impedance_controller' build argument 'ament_cmake_args' from command line to 'None'
[0.215s] Level 5:colcon.colcon_core.verb:set package 'impedance_controller' build argument 'catkin_cmake_args' from command line to 'None'
[0.215s] Level 5:colcon.colcon_core.verb:set package 'impedance_controller' build argument 'catkin_skip_building_tests' from command line to 'False'
[0.215s] DEBUG:colcon.colcon_core.verb:Building package 'impedance_controller' with the following arguments: {'ament_cmake_args': None, 'build_base': '/home/jang/2024_7Dof/build/impedance_controller', 'catkin_cmake_args': None, 'catkin_skip_building_tests': False, 'cmake_args': ['-DCMAKE_BUILD_TYPE=Release'], 'cmake_clean_cache': False, 'cmake_clean_first': False, 'cmake_force_configure': False, 'cmake_target': None, 'cmake_target_skip_unavailable': False, 'install_base': '/home/jang/2024_7Dof/install/impedance_controller', 'merge_install': False, 'path': '/home/jang/2024_7Dof/src/iiwa_ros2/iiwa_controllers/impedance_controller', 'symlink_install': True, 'test_result_base': None}
[0.216s] Level 5:colcon.colcon_core.verb:set package 'iiwa_bringup' build argument 'cmake_args' from command line to '['-DCMAKE_BUILD_TYPE=Release']'
[0.216s] Level 5:colcon.colcon_core.verb:set package 'iiwa_bringup' build argument 'cmake_target' from command line to 'None'
[0.216s] Level 5:colcon.colcon_core.verb:set package 'iiwa_bringup' build argument 'cmake_target_skip_unavailable' from command line to 'False'
[0.216s] Level 5:colcon.colcon_core.verb:set package 'iiwa_bringup' build argument 'cmake_clean_cache' from command line to 'False'
[0.216s] Level 5:colcon.colcon_core.verb:set package 'iiwa_bringup' build argument 'cmake_clean_first' from command line to 'False'
[0.216s] Level 5:colcon.colcon_core.verb:set package 'iiwa_bringup' build argument 'cmake_force_configure' from command line to 'False'
[0.216s] Level 5:colcon.colcon_core.verb:set package 'iiwa_bringup' build argument 'ament_cmake_args' from command line to 'None'
[0.216s] Level 5:colcon.colcon_core.verb:set package 'iiwa_bringup' build argument 'catkin_cmake_args' from command line to 'None'
[0.216s] Level 5:colcon.colcon_core.verb:set package 'iiwa_bringup' build argument 'catkin_skip_building_tests' from command line to 'False'
[0.216s] DEBUG:colcon.colcon_core.verb:Building package 'iiwa_bringup' with the following arguments: {'ament_cmake_args': None, 'build_base': '/home/jang/2024_7Dof/build/iiwa_bringup', 'catkin_cmake_args': None, 'catkin_skip_building_tests': False, 'cmake_args': ['-DCMAKE_BUILD_TYPE=Release'], 'cmake_clean_cache': False, 'cmake_clean_first': False, 'cmake_force_configure': False, 'cmake_target': None, 'cmake_target_skip_unavailable': False, 'install_base': '/home/jang/2024_7Dof/install/iiwa_bringup', 'merge_install': False, 'path': '/home/jang/2024_7Dof/src/iiwa_ros2/iiwa_bringup', 'symlink_install': True, 'test_result_base': None}
[0.216s] INFO:colcon.colcon_core.executor:Executing jobs using 'parallel' executor
[0.217s] DEBUG:colcon.colcon_parallel_executor.executor.parallel:run_until_complete
[0.217s] INFO:colcon.colcon_ros.task.ament_cmake.build:Building ROS package in '/home/jang/2024_7Dof/src/iiwa_ros2/iiwa_description' with build type 'ament_cmake'
[0.217s] INFO:colcon.colcon_cmake.task.cmake.build:Building CMake package in '/home/jang/2024_7Dof/src/iiwa_ros2/iiwa_description'
[0.219s] INFO:colcon.colcon_core.plugin_system:Skipping extension 'colcon_core.shell.bat': Not used on non-Windows systems
[0.219s] INFO:colcon.colcon_core.shell:Skip shell extension 'powershell' for command environment: Not usable outside of PowerShell
[0.219s] DEBUG:colcon.colcon_core.shell:Skip shell extension 'dsv' for command environment
[0.221s] INFO:colcon.colcon_ros.task.ament_python.build:Building ROS package in '/home/jang/2024_7Dof/src/apf_nodes' with build type 'ament_python'
[0.222s] Level 1:colcon.colcon_core.shell:create_environment_hook('apf_nodes', 'ament_prefix_path')
[0.222s] INFO:colcon.colcon_core.shell:Creating environment hook '/home/jang/2024_7Dof/install/apf_nodes/share/apf_nodes/hook/ament_prefix_path.ps1'
[0.222s] INFO:colcon.colcon_core.shell:Creating environment descriptor '/home/jang/2024_7Dof/install/apf_nodes/share/apf_nodes/hook/ament_prefix_path.dsv'
[0.222s] INFO:colcon.colcon_core.shell:Creating environment hook '/home/jang/2024_7Dof/install/apf_nodes/share/apf_nodes/hook/ament_prefix_path.sh'
[0.223s] INFO:colcon.colcon_core.shell:Skip shell extension 'powershell' for command environment: Not usable outside of PowerShell
[0.223s] DEBUG:colcon.colcon_core.shell:Skip shell extension 'dsv' for command environment
[0.225s] INFO:colcon.colcon_ros.task.ament_cmake.build:Building ROS package in '/home/jang/2024_7Dof/src/culjaco' with build type 'ament_cmake'
[0.225s] INFO:colcon.colcon_cmake.task.cmake.build:Building CMake package in '/home/jang/2024_7Dof/src/culjaco'
[0.225s] INFO:colcon.colcon_core.shell:Skip shell extension 'powershell' for command environment: Not usable outside of PowerShell
[0.225s] DEBUG:colcon.colcon_core.shell:Skip shell extension 'dsv' for command environment
[0.227s] INFO:colcon.colcon_ros.task.ament_cmake.build:Building ROS package in '/home/jang/2024_7Dof/src/iiwa_ros2/iiwa_controllers/external_torque_sensor_broadcaster' with build type 'ament_cmake'
[0.227s] INFO:colcon.colcon_cmake.task.cmake.build:Building CMake package in '/home/jang/2024_7Dof/src/iiwa_ros2/iiwa_controllers/external_torque_sensor_broadcaster'
[0.227s] INFO:colcon.colcon_core.shell:Skip shell extension 'powershell' for command environment: Not usable outside of PowerShell
[0.227s] DEBUG:colcon.colcon_core.shell:Skip shell extension 'dsv' for command environment
[0.229s] INFO:colcon.colcon_ros.task.ament_cmake.build:Building ROS package in '/home/jang/2024_7Dof/src/iiwa_ros2/iiwa_moveit2' with build type 'ament_cmake'
[0.229s] INFO:colcon.colcon_cmake.task.cmake.build:Building CMake package in '/home/jang/2024_7Dof/src/iiwa_ros2/iiwa_moveit2'
[0.229s] INFO:colcon.colcon_core.shell:Skip shell extension 'powershell' for command environment: Not usable outside of PowerShell
[0.229s] DEBUG:colcon.colcon_core.shell:Skip shell extension 'dsv' for command environment
[0.232s] INFO:colcon.colcon_ros.task.ament_cmake.build:Building ROS package in '/home/jang/2024_7Dof/src/iiwa_ros2/iiwa_controllers/impedance_controller' with build type 'ament_cmake'
[0.232s] INFO:colcon.colcon_cmake.task.cmake.build:Building CMake package in '/home/jang/2024_7Dof/src/iiwa_ros2/iiwa_controllers/impedance_controller'
[0.232s] INFO:colcon.colcon_core.shell:Skip shell extension 'powershell' for command environment: Not usable outside of PowerShell
[0.232s] DEBUG:colcon.colcon_core.shell:Skip shell extension 'dsv' for command environment
[0.242s] DEBUG:colcon.colcon_core.event_handler.log_command:Invoking command in '/home/jang/2024_7Dof/build/iiwa_description': CMAKE_PREFIX_PATH=${CMAKE_PREFIX_PATH}:/home/jang/2024_7Dof/install/apf_nodes:/opt/ros/humble /usr/bin/cmake --build /home/jang/2024_7Dof/build/iiwa_description -- -j16 -l16
[0.381s] INFO:colcon.colcon_core.task.python.build:Building Python package in '/home/jang/2024_7Dof/src/apf_nodes'
[0.381s] INFO:colcon.colcon_core.shell:Skip shell extension 'powershell' for command environment: Not usable outside of PowerShell
[0.381s] DEBUG:colcon.colcon_core.shell:Skip shell extension 'dsv' for command environment
[0.387s] DEBUG:colcon.colcon_core.event_handler.log_command:Invoking command in '/home/jang/2024_7Dof/build/culjaco': CMAKE_PREFIX_PATH=${CMAKE_PREFIX_PATH}:/home/jang/2024_7Dof/install/apf_nodes:/opt/ros/humble /usr/bin/cmake --build /home/jang/2024_7Dof/build/culjaco -- -j16 -l16
[0.390s] DEBUG:colcon.colcon_core.event_handler.log_command:Invoking command in '/home/jang/2024_7Dof/build/external_torque_sensor_broadcaster': CMAKE_PREFIX_PATH=${CMAKE_PREFIX_PATH}:/home/jang/2024_7Dof/install/apf_nodes:/opt/ros/humble /usr/bin/cmake --build /home/jang/2024_7Dof/build/external_torque_sensor_broadcaster -- -j16 -l16
[0.393s] DEBUG:colcon.colcon_core.event_handler.log_command:Invoking command in '/home/jang/2024_7Dof/build/iiwa_moveit2': CMAKE_PREFIX_PATH=${CMAKE_PREFIX_PATH}:/home/jang/2024_7Dof/install/apf_nodes:/opt/ros/humble /usr/bin/cmake --build /home/jang/2024_7Dof/build/iiwa_moveit2 -- -j16 -l16
[0.400s] DEBUG:colcon.colcon_core.event_handler.log_command:Invoking command in '/home/jang/2024_7Dof/build/impedance_controller': CMAKE_PREFIX_PATH=${CMAKE_PREFIX_PATH}:/home/jang/2024_7Dof/install/apf_nodes:/opt/ros/humble /usr/bin/cmake --build /home/jang/2024_7Dof/build/impedance_controller -- -j16 -l16
[0.401s] DEBUG:colcon.colcon_core.event_handler.log_command:Invoked command in '/home/jang/2024_7Dof/build/iiwa_description' returned '0': CMAKE_PREFIX_PATH=${CMAKE_PREFIX_PATH}:/home/jang/2024_7Dof/install/apf_nodes:/opt/ros/humble /usr/bin/cmake --build /home/jang/2024_7Dof/build/iiwa_description -- -j16 -l16
[0.465s] DEBUG:colcon.colcon_core.event_handler.log_command:Invoking command in '/home/jang/2024_7Dof/build/iiwa_description': CMAKE_PREFIX_PATH=${CMAKE_PREFIX_PATH}:/home/jang/2024_7Dof/install/apf_nodes:/opt/ros/humble /usr/bin/cmake --install /home/jang/2024_7Dof/build/iiwa_description
[0.611s] Level 1:colcon.colcon_core.environment:create_environment_scripts_only(iiwa_description)
[0.614s] DEBUG:colcon.colcon_core.event_handler.log_command:Invoked command in '/home/jang/2024_7Dof/build/iiwa_description' returned '0': CMAKE_PREFIX_PATH=${CMAKE_PREFIX_PATH}:/home/jang/2024_7Dof/install/apf_nodes:/opt/ros/humble /usr/bin/cmake --install /home/jang/2024_7Dof/build/iiwa_description
[0.617s] Level 1:colcon.colcon_core.environment:checking '/home/jang/2024_7Dof/install/iiwa_description' for CMake module files
[0.618s] Level 1:colcon.colcon_core.environment:checking '/home/jang/2024_7Dof/install/iiwa_description' for CMake config files
[0.618s] Level 1:colcon.colcon_core.shell:create_environment_hook('iiwa_description', 'cmake_prefix_path')
[0.619s] INFO:colcon.colcon_core.shell:Creating environment hook '/home/jang/2024_7Dof/install/iiwa_description/share/iiwa_description/hook/cmake_prefix_path.ps1'
[0.619s] INFO:colcon.colcon_core.shell:Creating environment descriptor '/home/jang/2024_7Dof/install/iiwa_description/share/iiwa_description/hook/cmake_prefix_path.dsv'
[0.620s] INFO:colcon.colcon_core.shell:Creating environment hook '/home/jang/2024_7Dof/install/iiwa_description/share/iiwa_description/hook/cmake_prefix_path.sh'
[0.620s] Level 1:colcon.colcon_core.environment:checking '/home/jang/2024_7Dof/install/iiwa_description/bin'
[0.620s] Level 1:colcon.colcon_core.environment:checking '/home/jang/2024_7Dof/install/iiwa_description/lib/pkgconfig/iiwa_description.pc'
[0.621s] Level 1:colcon.colcon_core.environment:checking '/home/jang/2024_7Dof/install/iiwa_description/lib/python3.10/site-packages'
[0.621s] Level 1:colcon.colcon_core.environment:checking '/home/jang/2024_7Dof/install/iiwa_description/bin'
[0.621s] INFO:colcon.colcon_core.shell:Creating package script '/home/jang/2024_7Dof/install/iiwa_description/share/iiwa_description/package.ps1'
[0.622s] INFO:colcon.colcon_core.shell:Creating package descriptor '/home/jang/2024_7Dof/install/iiwa_description/share/iiwa_description/package.dsv'
[0.622s] INFO:colcon.colcon_core.shell:Creating package script '/home/jang/2024_7Dof/install/iiwa_description/share/iiwa_description/package.sh'
[0.623s] INFO:colcon.colcon_core.shell:Creating package script '/home/jang/2024_7Dof/install/iiwa_description/share/iiwa_description/package.bash'
[0.623s] INFO:colcon.colcon_core.shell:Creating package script '/home/jang/2024_7Dof/install/iiwa_description/share/iiwa_description/package.zsh'
[0.624s] Level 1:colcon.colcon_core.environment:create_file_with_runtime_dependencies(/home/jang/2024_7Dof/install/iiwa_description/share/colcon-core/packages/iiwa_description)
[0.626s] DEBUG:colcon.colcon_core.event_handler.log_command:Invoked command in '/home/jang/2024_7Dof/build/external_torque_sensor_broadcaster' returned '0': CMAKE_PREFIX_PATH=${CMAKE_PREFIX_PATH}:/home/jang/2024_7Dof/install/apf_nodes:/opt/ros/humble /usr/bin/cmake --build /home/jang/2024_7Dof/build/external_torque_sensor_broadcaster -- -j16 -l16
[0.627s] DEBUG:colcon.colcon_core.event_handler.log_command:Invoked command in '/home/jang/2024_7Dof/build/iiwa_moveit2' returned '0': CMAKE_PREFIX_PATH=${CMAKE_PREFIX_PATH}:/home/jang/2024_7Dof/install/apf_nodes:/opt/ros/humble /usr/bin/cmake --build /home/jang/2024_7Dof/build/iiwa_moveit2 -- -j16 -l16
[0.628s] DEBUG:colcon.colcon_core.event_handler.log_command:Invoked command in '/home/jang/2024_7Dof/build/impedance_controller' returned '0': CMAKE_PREFIX_PATH=${CMAKE_PREFIX_PATH}:/home/jang/2024_7Dof/install/apf_nodes:/opt/ros/humble /usr/bin/cmake --build /home/jang/2024_7Dof/build/impedance_controller -- -j16 -l16
[0.652s] Level 1:colcon.colcon_core.environment:create_environment_scripts_only(iiwa_description)
[0.653s] Level 1:colcon.colcon_core.environment:checking '/home/jang/2024_7Dof/install/iiwa_description' for CMake module files
[0.657s] Level 1:colcon.colcon_core.environment:checking '/home/jang/2024_7Dof/install/iiwa_description' for CMake config files
[0.662s] Level 1:colcon.colcon_core.shell:create_environment_hook('iiwa_description', 'cmake_prefix_path')
[0.663s] INFO:colcon.colcon_core.shell:Creating environment hook '/home/jang/2024_7Dof/install/iiwa_description/share/iiwa_description/hook/cmake_prefix_path.ps1'
[0.663s] INFO:colcon.colcon_core.shell:Creating environment descriptor '/home/jang/2024_7Dof/install/iiwa_description/share/iiwa_description/hook/cmake_prefix_path.dsv'
[0.664s] INFO:colcon.colcon_core.shell:Creating environment hook '/home/jang/2024_7Dof/install/iiwa_description/share/iiwa_description/hook/cmake_prefix_path.sh'
[0.665s] Level 1:colcon.colcon_core.environment:checking '/home/jang/2024_7Dof/install/iiwa_description/bin'
[0.665s] Level 1:colcon.colcon_core.environment:checking '/home/jang/2024_7Dof/install/iiwa_description/lib/pkgconfig/iiwa_description.pc'
[0.665s] Level 1:colcon.colcon_core.environment:checking '/home/jang/2024_7Dof/install/iiwa_description/lib/python3.10/site-packages'
[0.665s] Level 1:colcon.colcon_core.environment:checking '/home/jang/2024_7Dof/install/iiwa_description/bin'
[0.666s] INFO:colcon.colcon_core.shell:Creating package script '/home/jang/2024_7Dof/install/iiwa_description/share/iiwa_description/package.ps1'
[0.667s] INFO:colcon.colcon_core.shell:Creating package descriptor '/home/jang/2024_7Dof/install/iiwa_description/share/iiwa_description/package.dsv'
[0.668s] INFO:colcon.colcon_core.shell:Creating package script '/home/jang/2024_7Dof/install/iiwa_description/share/iiwa_description/package.sh'
[0.669s] INFO:colcon.colcon_core.shell:Creating package script '/home/jang/2024_7Dof/install/iiwa_description/share/iiwa_description/package.bash'
[0.669s] INFO:colcon.colcon_core.shell:Creating package script '/home/jang/2024_7Dof/install/iiwa_description/share/iiwa_description/package.zsh'
[0.670s] Level 1:colcon.colcon_core.environment:create_file_with_runtime_dependencies(/home/jang/2024_7Dof/install/iiwa_description/share/colcon-core/packages/iiwa_description)
[0.675s] INFO:colcon.colcon_ros.task.ament_cmake.build:Building ROS package in '/home/jang/2024_7Dof/src/iiwa_ros2/iiwa_bringup' with build type 'ament_cmake'
[0.676s] INFO:colcon.colcon_cmake.task.cmake.build:Building CMake package in '/home/jang/2024_7Dof/src/iiwa_ros2/iiwa_bringup'
[0.677s] INFO:colcon.colcon_core.shell:Skip shell extension 'powershell' for command environment: Not usable outside of PowerShell
[0.678s] DEBUG:colcon.colcon_core.shell:Skip shell extension 'dsv' for command environment
[0.685s] DEBUG:colcon.colcon_core.event_handler.log_command:Invoking command in '/home/jang/2024_7Dof/build/impedance_controller': CMAKE_PREFIX_PATH=${CMAKE_PREFIX_PATH}:/home/jang/2024_7Dof/install/apf_nodes:/opt/ros/humble /usr/bin/cmake --install /home/jang/2024_7Dof/build/impedance_controller
[0.687s] DEBUG:colcon.colcon_core.event_handler.log_command:Invoking command in '/home/jang/2024_7Dof/build/external_torque_sensor_broadcaster': CMAKE_PREFIX_PATH=${CMAKE_PREFIX_PATH}:/home/jang/2024_7Dof/install/apf_nodes:/opt/ros/humble /usr/bin/cmake --install /home/jang/2024_7Dof/build/external_torque_sensor_broadcaster
[0.689s] DEBUG:colcon.colcon_core.event_handler.log_command:Invoking command in '/home/jang/2024_7Dof/build/iiwa_moveit2': CMAKE_PREFIX_PATH=${CMAKE_PREFIX_PATH}:/home/jang/2024_7Dof/install/apf_nodes:/opt/ros/humble /usr/bin/cmake --install /home/jang/2024_7Dof/build/iiwa_moveit2
[0.711s] DEBUG:colcon.colcon_core.event_handler.log_command:Invoking command in '/home/jang/2024_7Dof/build/iiwa_bringup': CMAKE_PREFIX_PATH=/home/jang/2024_7Dof/install/iiwa_description:/home/jang/2024_7Dof/install/impedance_controller:/home/jang/2024_7Dof/install/iiwa_moveit2:/home/jang/2024_7Dof/install/iiwa_bringup:/home/jang/2024_7Dof/install/external_torque_sensor_broadcaster:/home/jang/2024_7Dof/install/culjaco:/home/jang/2024_7Dof/install/apf_nodes:/opt/ros/humble /usr/bin/cmake --build /home/jang/2024_7Dof/build/iiwa_bringup -- -j16 -l16
[0.762s] Level 1:colcon.colcon_core.environment:create_environment_scripts_only(impedance_controller)
[0.763s] Level 1:colcon.colcon_core.environment:checking '/home/jang/2024_7Dof/install/impedance_controller' for CMake module files
[0.764s] DEBUG:colcon.colcon_core.event_handler.log_command:Invoked command in '/home/jang/2024_7Dof/build/impedance_controller' returned '0': CMAKE_PREFIX_PATH=${CMAKE_PREFIX_PATH}:/home/jang/2024_7Dof/install/apf_nodes:/opt/ros/humble /usr/bin/cmake --install /home/jang/2024_7Dof/build/impedance_controller
[0.766s] Level 1:colcon.colcon_core.environment:checking '/home/jang/2024_7Dof/install/impedance_controller' for CMake config files
[0.770s] Level 1:colcon.colcon_core.shell:create_environment_hook('impedance_controller', 'cmake_prefix_path')
[0.772s] INFO:colcon.colcon_core.shell:Creating environment hook '/home/jang/2024_7Dof/install/impedance_controller/share/impedance_controller/hook/cmake_prefix_path.ps1'
[0.775s] INFO:colcon.colcon_core.shell:Creating environment descriptor '/home/jang/2024_7Dof/install/impedance_controller/share/impedance_controller/hook/cmake_prefix_path.dsv'
[0.784s] INFO:colcon.colcon_core.shell:Creating environment hook '/home/jang/2024_7Dof/install/impedance_controller/share/impedance_controller/hook/cmake_prefix_path.sh'
[0.786s] Level 1:colcon.colcon_core.environment:checking '/home/jang/2024_7Dof/install/impedance_controller/lib'
[0.787s] Level 1:colcon.colcon_core.shell:create_environment_hook('impedance_controller', 'ld_library_path_lib')
[0.787s] INFO:colcon.colcon_core.shell:Creating environment hook '/home/jang/2024_7Dof/install/impedance_controller/share/impedance_controller/hook/ld_library_path_lib.ps1'
[0.787s] INFO:colcon.colcon_core.shell:Creating environment descriptor '/home/jang/2024_7Dof/install/impedance_controller/share/impedance_controller/hook/ld_library_path_lib.dsv'
[0.787s] INFO:colcon.colcon_core.shell:Creating environment hook '/home/jang/2024_7Dof/install/impedance_controller/share/impedance_controller/hook/ld_library_path_lib.sh'
[0.788s] Level 1:colcon.colcon_core.environment:checking '/home/jang/2024_7Dof/install/impedance_controller/bin'
[0.788s] Level 1:colcon.colcon_core.environment:checking '/home/jang/2024_7Dof/install/impedance_controller/lib/pkgconfig/impedance_controller.pc'
[0.788s] Level 1:colcon.colcon_core.environment:checking '/home/jang/2024_7Dof/install/impedance_controller/lib/python3.10/site-packages'
[0.788s] Level 1:colcon.colcon_core.environment:checking '/home/jang/2024_7Dof/install/impedance_controller/bin'
[0.788s] INFO:colcon.colcon_core.shell:Creating package script '/home/jang/2024_7Dof/install/impedance_controller/share/impedance_controller/package.ps1'
[0.788s] INFO:colcon.colcon_core.shell:Creating package descriptor '/home/jang/2024_7Dof/install/impedance_controller/share/impedance_controller/package.dsv'
[0.789s] INFO:colcon.colcon_core.shell:Creating package script '/home/jang/2024_7Dof/install/impedance_controller/share/impedance_controller/package.sh'
[0.789s] INFO:colcon.colcon_core.shell:Creating package script '/home/jang/2024_7Dof/install/impedance_controller/share/impedance_controller/package.bash'
[0.789s] INFO:colcon.colcon_core.shell:Creating package script '/home/jang/2024_7Dof/install/impedance_controller/share/impedance_controller/package.zsh'
[0.790s] Level 1:colcon.colcon_core.environment:create_file_with_runtime_dependencies(/home/jang/2024_7Dof/install/impedance_controller/share/colcon-core/packages/impedance_controller)
[0.800s] Level 1:colcon.colcon_core.environment:create_environment_scripts_only(external_torque_sensor_broadcaster)
[0.801s] Level 1:colcon.colcon_core.environment:checking '/home/jang/2024_7Dof/install/external_torque_sensor_broadcaster' for CMake module files
[0.801s] DEBUG:colcon.colcon_core.event_handler.log_command:Invoked command in '/home/jang/2024_7Dof/build/external_torque_sensor_broadcaster' returned '0': CMAKE_PREFIX_PATH=${CMAKE_PREFIX_PATH}:/home/jang/2024_7Dof/install/apf_nodes:/opt/ros/humble /usr/bin/cmake --install /home/jang/2024_7Dof/build/external_torque_sensor_broadcaster
[0.801s] Level 1:colcon.colcon_core.environment:checking '/home/jang/2024_7Dof/install/external_torque_sensor_broadcaster' for CMake config files
[0.802s] Level 1:colcon.colcon_core.shell:create_environment_hook('external_torque_sensor_broadcaster', 'cmake_prefix_path')
[0.802s] INFO:colcon.colcon_core.shell:Creating environment hook '/home/jang/2024_7Dof/install/external_torque_sensor_broadcaster/share/external_torque_sensor_broadcaster/hook/cmake_prefix_path.ps1'
[0.803s] INFO:colcon.colcon_core.shell:Creating environment descriptor '/home/jang/2024_7Dof/install/external_torque_sensor_broadcaster/share/external_torque_sensor_broadcaster/hook/cmake_prefix_path.dsv'
[0.803s] INFO:colcon.colcon_core.shell:Creating environment hook '/home/jang/2024_7Dof/install/external_torque_sensor_broadcaster/share/external_torque_sensor_broadcaster/hook/cmake_prefix_path.sh'
[0.804s] Level 1:colcon.colcon_core.environment:checking '/home/jang/2024_7Dof/install/external_torque_sensor_broadcaster/lib'
[0.804s] Level 1:colcon.colcon_core.shell:create_environment_hook('external_torque_sensor_broadcaster', 'ld_library_path_lib')
[0.805s] INFO:colcon.colcon_core.shell:Creating environment hook '/home/jang/2024_7Dof/install/external_torque_sensor_broadcaster/share/external_torque_sensor_broadcaster/hook/ld_library_path_lib.ps1'
[0.808s] INFO:colcon.colcon_core.shell:Creating environment descriptor '/home/jang/2024_7Dof/install/external_torque_sensor_broadcaster/share/external_torque_sensor_broadcaster/hook/ld_library_path_lib.dsv'
[0.811s] INFO:colcon.colcon_core.shell:Creating environment hook '/home/jang/2024_7Dof/install/external_torque_sensor_broadcaster/share/external_torque_sensor_broadcaster/hook/ld_library_path_lib.sh'
[0.815s] Level 1:colcon.colcon_core.environment:checking '/home/jang/2024_7Dof/install/external_torque_sensor_broadcaster/bin'
[0.815s] Level 1:colcon.colcon_core.environment:checking '/home/jang/2024_7Dof/install/external_torque_sensor_broadcaster/lib/pkgconfig/external_torque_sensor_broadcaster.pc'
[0.815s] Level 1:colcon.colcon_core.environment:checking '/home/jang/2024_7Dof/install/external_torque_sensor_broadcaster/lib/python3.10/site-packages'
[0.815s] Level 1:colcon.colcon_core.environment:checking '/home/jang/2024_7Dof/install/external_torque_sensor_broadcaster/bin'
[0.816s] INFO:colcon.colcon_core.shell:Creating package script '/home/jang/2024_7Dof/install/external_torque_sensor_broadcaster/share/external_torque_sensor_broadcaster/package.ps1'
[0.816s] INFO:colcon.colcon_core.shell:Creating package descriptor '/home/jang/2024_7Dof/install/external_torque_sensor_broadcaster/share/external_torque_sensor_broadcaster/package.dsv'
[0.817s] INFO:colcon.colcon_core.shell:Creating package script '/home/jang/2024_7Dof/install/external_torque_sensor_broadcaster/share/external_torque_sensor_broadcaster/package.sh'
[0.817s] INFO:colcon.colcon_core.shell:Creating package script '/home/jang/2024_7Dof/install/external_torque_sensor_broadcaster/share/external_torque_sensor_broadcaster/package.bash'
[0.817s] INFO:colcon.colcon_core.shell:Creating package script '/home/jang/2024_7Dof/install/external_torque_sensor_broadcaster/share/external_torque_sensor_broadcaster/package.zsh'
[0.818s] Level 1:colcon.colcon_core.environment:create_file_with_runtime_dependencies(/home/jang/2024_7Dof/install/external_torque_sensor_broadcaster/share/colcon-core/packages/external_torque_sensor_broadcaster)
[0.823s] Level 1:colcon.colcon_core.environment:create_environment_scripts_only(iiwa_moveit2)
[0.825s] Level 1:colcon.colcon_core.environment:checking '/home/jang/2024_7Dof/install/iiwa_moveit2' for CMake module files
[0.829s] DEBUG:colcon.colcon_core.event_handler.log_command:Invoked command in '/home/jang/2024_7Dof/build/iiwa_moveit2' returned '0': CMAKE_PREFIX_PATH=${CMAKE_PREFIX_PATH}:/home/jang/2024_7Dof/install/apf_nodes:/opt/ros/humble /usr/bin/cmake --install /home/jang/2024_7Dof/build/iiwa_moveit2
[0.830s] Level 1:colcon.colcon_core.environment:checking '/home/jang/2024_7Dof/install/iiwa_moveit2' for CMake config files
[0.831s] Level 1:colcon.colcon_core.shell:create_environment_hook('iiwa_moveit2', 'cmake_prefix_path')
[0.831s] INFO:colcon.colcon_core.shell:Creating environment hook '/home/jang/2024_7Dof/install/iiwa_moveit2/share/iiwa_moveit2/hook/cmake_prefix_path.ps1'
[0.832s] INFO:colcon.colcon_core.shell:Creating environment descriptor '/home/jang/2024_7Dof/install/iiwa_moveit2/share/iiwa_moveit2/hook/cmake_prefix_path.dsv'
[0.833s] INFO:colcon.colcon_core.shell:Creating environment hook '/home/jang/2024_7Dof/install/iiwa_moveit2/share/iiwa_moveit2/hook/cmake_prefix_path.sh'
[0.834s] Level 1:colcon.colcon_core.environment:checking '/home/jang/2024_7Dof/install/iiwa_moveit2/lib'
[0.834s] Level 1:colcon.colcon_core.shell:create_environment_hook('iiwa_moveit2', 'ld_library_path_lib')
[0.835s] INFO:colcon.colcon_core.shell:Creating environment hook '/home/jang/2024_7Dof/install/iiwa_moveit2/share/iiwa_moveit2/hook/ld_library_path_lib.ps1'
[0.836s] INFO:colcon.colcon_core.shell:Creating environment descriptor '/home/jang/2024_7Dof/install/iiwa_moveit2/share/iiwa_moveit2/hook/ld_library_path_lib.dsv'
[0.836s] INFO:colcon.colcon_core.shell:Creating environment hook '/home/jang/2024_7Dof/install/iiwa_moveit2/share/iiwa_moveit2/hook/ld_library_path_lib.sh'
[0.837s] Level 1:colcon.colcon_core.environment:checking '/home/jang/2024_7Dof/install/iiwa_moveit2/bin'
[0.837s] Level 1:colcon.colcon_core.environment:checking '/home/jang/2024_7Dof/install/iiwa_moveit2/lib/pkgconfig/iiwa_moveit2.pc'
[0.837s] Level 1:colcon.colcon_core.environment:checking '/home/jang/2024_7Dof/install/iiwa_moveit2/lib/python3.10/site-packages'
[0.837s] Level 1:colcon.colcon_core.environment:checking '/home/jang/2024_7Dof/install/iiwa_moveit2/bin'
[0.838s] INFO:colcon.colcon_core.shell:Creating package script '/home/jang/2024_7Dof/install/iiwa_moveit2/share/iiwa_moveit2/package.ps1'
[0.839s] INFO:colcon.colcon_core.shell:Creating package descriptor '/home/jang/2024_7Dof/install/iiwa_moveit2/share/iiwa_moveit2/package.dsv'
[0.840s] INFO:colcon.colcon_core.shell:Creating package script '/home/jang/2024_7Dof/install/iiwa_moveit2/share/iiwa_moveit2/package.sh'
[0.840s] INFO:colcon.colcon_core.shell:Creating package script '/home/jang/2024_7Dof/install/iiwa_moveit2/share/iiwa_moveit2/package.bash'
[0.841s] INFO:colcon.colcon_core.shell:Creating package script '/home/jang/2024_7Dof/install/iiwa_moveit2/share/iiwa_moveit2/package.zsh'
[0.841s] Level 1:colcon.colcon_core.environment:create_file_with_runtime_dependencies(/home/jang/2024_7Dof/install/iiwa_moveit2/share/colcon-core/packages/iiwa_moveit2)
[0.843s] Level 1:colcon.colcon_core.environment:create_environment_scripts_only(impedance_controller)
[0.844s] Level 1:colcon.colcon_core.environment:checking '/home/jang/2024_7Dof/install/impedance_controller' for CMake module files
[0.844s] Level 1:colcon.colcon_core.environment:checking '/home/jang/2024_7Dof/install/impedance_controller' for CMake config files
[0.845s] Level 1:colcon.colcon_core.shell:create_environment_hook('impedance_controller', 'cmake_prefix_path')
[0.845s] INFO:colcon.colcon_core.shell:Creating environment hook '/home/jang/2024_7Dof/install/impedance_controller/share/impedance_controller/hook/cmake_prefix_path.ps1'
[0.846s] INFO:colcon.colcon_core.shell:Creating environment descriptor '/home/jang/2024_7Dof/install/impedance_controller/share/impedance_controller/hook/cmake_prefix_path.dsv'
[0.847s] INFO:colcon.colcon_core.shell:Creating environment hook '/home/jang/2024_7Dof/install/impedance_controller/share/impedance_controller/hook/cmake_prefix_path.sh'
[0.847s] Level 1:colcon.colcon_core.environment:checking '/home/jang/2024_7Dof/install/impedance_controller/lib'
[0.848s] Level 1:colcon.colcon_core.shell:create_environment_hook('impedance_controller', 'ld_library_path_lib')
[0.848s] INFO:colcon.colcon_core.shell:Creating environment hook '/home/jang/2024_7Dof/install/impedance_controller/share/impedance_controller/hook/ld_library_path_lib.ps1'
[0.848s] INFO:colcon.colcon_core.shell:Creating environment descriptor '/home/jang/2024_7Dof/install/impedance_controller/share/impedance_controller/hook/ld_library_path_lib.dsv'
[0.848s] INFO:colcon.colcon_core.shell:Creating environment hook '/home/jang/2024_7Dof/install/impedance_controller/share/impedance_controller/hook/ld_library_path_lib.sh'
[0.849s] Level 1:colcon.colcon_core.environment:checking '/home/jang/2024_7Dof/install/impedance_controller/bin'
[0.849s] Level 1:colcon.colcon_core.environment:checking '/home/jang/2024_7Dof/install/impedance_controller/lib/pkgconfig/impedance_controller.pc'
[0.849s] Level 1:colcon.colcon_core.environment:checking '/home/jang/2024_7Dof/install/impedance_controller/lib/python3.10/site-packages'
[0.850s] Level 1:colcon.colcon_core.environment:checking '/home/jang/2024_7Dof/install/impedance_controller/bin'
[0.852s] INFO:colcon.colcon_core.shell:Creating package script '/home/jang/2024_7Dof/install/impedance_controller/share/impedance_controller/package.ps1'
[0.855s] INFO:colcon.colcon_core.shell:Creating package descriptor '/home/jang/2024_7Dof/install/impedance_controller/share/impedance_controller/package.dsv'
[0.858s] INFO:colcon.colcon_core.shell:Creating package script '/home/jang/2024_7Dof/install/impedance_controller/share/impedance_controller/package.sh'
[0.859s] INFO:colcon.colcon_core.shell:Creating package script '/home/jang/2024_7Dof/install/impedance_controller/share/impedance_controller/package.bash'
[0.859s] INFO:colcon.colcon_core.shell:Creating package script '/home/jang/2024_7Dof/install/impedance_controller/share/impedance_controller/package.zsh'
[0.860s] Level 1:colcon.colcon_core.environment:create_file_with_runtime_dependencies(/home/jang/2024_7Dof/install/impedance_controller/share/colcon-core/packages/impedance_controller)
[0.863s] DEBUG:colcon.colcon_core.event_handler.log_command:Invoked command in '/home/jang/2024_7Dof/build/iiwa_bringup' returned '0': CMAKE_PREFIX_PATH=/home/jang/2024_7Dof/install/iiwa_description:/home/jang/2024_7Dof/install/impedance_controller:/home/jang/2024_7Dof/install/iiwa_moveit2:/home/jang/2024_7Dof/install/iiwa_bringup:/home/jang/2024_7Dof/install/external_torque_sensor_broadcaster:/home/jang/2024_7Dof/install/culjaco:/home/jang/2024_7Dof/install/apf_nodes:/opt/ros/humble /usr/bin/cmake --build /home/jang/2024_7Dof/build/iiwa_bringup -- -j16 -l16
[0.864s] Level 1:colcon.colcon_core.environment:create_environment_scripts_only(external_torque_sensor_broadcaster)
[0.864s] Level 1:colcon.colcon_core.environment:checking '/home/jang/2024_7Dof/install/external_torque_sensor_broadcaster' for CMake module files
[0.864s] Level 1:colcon.colcon_core.environment:checking '/home/jang/2024_7Dof/install/external_torque_sensor_broadcaster' for CMake config files
[0.864s] Level 1:colcon.colcon_core.shell:create_environment_hook('external_torque_sensor_broadcaster', 'cmake_prefix_path')
[0.865s] INFO:colcon.colcon_core.shell:Creating environment hook '/home/jang/2024_7Dof/install/external_torque_sensor_broadcaster/share/external_torque_sensor_broadcaster/hook/cmake_prefix_path.ps1'
[0.865s] INFO:colcon.colcon_core.shell:Creating environment descriptor '/home/jang/2024_7Dof/install/external_torque_sensor_broadcaster/share/external_torque_sensor_broadcaster/hook/cmake_prefix_path.dsv'
[0.865s] INFO:colcon.colcon_core.shell:Creating environment hook '/home/jang/2024_7Dof/install/external_torque_sensor_broadcaster/share/external_torque_sensor_broadcaster/hook/cmake_prefix_path.sh'
[0.866s] Level 1:colcon.colcon_core.environment:checking '/home/jang/2024_7Dof/install/external_torque_sensor_broadcaster/lib'
[0.866s] Level 1:colcon.colcon_core.shell:create_environment_hook('external_torque_sensor_broadcaster', 'ld_library_path_lib')
[0.866s] INFO:colcon.colcon_core.shell:Creating environment hook '/home/jang/2024_7Dof/install/external_torque_sensor_broadcaster/share/external_torque_sensor_broadcaster/hook/ld_library_path_lib.ps1'
[0.866s] INFO:colcon.colcon_core.shell:Creating environment descriptor '/home/jang/2024_7Dof/install/external_torque_sensor_broadcaster/share/external_torque_sensor_broadcaster/hook/ld_library_path_lib.dsv'
[0.866s] INFO:colcon.colcon_core.shell:Creating environment hook '/home/jang/2024_7Dof/install/external_torque_sensor_broadcaster/share/external_torque_sensor_broadcaster/hook/ld_library_path_lib.sh'
[0.867s] Level 1:colcon.colcon_core.environment:checking '/home/jang/2024_7Dof/install/external_torque_sensor_broadcaster/bin'
[0.867s] Level 1:colcon.colcon_core.environment:checking '/home/jang/2024_7Dof/install/external_torque_sensor_broadcaster/lib/pkgconfig/external_torque_sensor_broadcaster.pc'
[0.868s] Level 1:colcon.colcon_core.environment:checking '/home/jang/2024_7Dof/install/external_torque_sensor_broadcaster/lib/python3.10/site-packages'
[0.869s] Level 1:colcon.colcon_core.environment:checking '/home/jang/2024_7Dof/install/external_torque_sensor_broadcaster/bin'
[0.871s] INFO:colcon.colcon_core.shell:Creating package script '/home/jang/2024_7Dof/install/external_torque_sensor_broadcaster/share/external_torque_sensor_broadcaster/package.ps1'
[0.874s] INFO:colcon.colcon_core.shell:Creating package descriptor '/home/jang/2024_7Dof/install/external_torque_sensor_broadcaster/share/external_torque_sensor_broadcaster/package.dsv'
[0.877s] INFO:colcon.colcon_core.shell:Creating package script '/home/jang/2024_7Dof/install/external_torque_sensor_broadcaster/share/external_torque_sensor_broadcaster/package.sh'
[0.878s] INFO:colcon.colcon_core.shell:Creating package script '/home/jang/2024_7Dof/install/external_torque_sensor_broadcaster/share/external_torque_sensor_broadcaster/package.bash'
[0.878s] INFO:colcon.colcon_core.shell:Creating package script '/home/jang/2024_7Dof/install/external_torque_sensor_broadcaster/share/external_torque_sensor_broadcaster/package.zsh'
[0.879s] Level 1:colcon.colcon_core.environment:create_file_with_runtime_dependencies(/home/jang/2024_7Dof/install/external_torque_sensor_broadcaster/share/colcon-core/packages/external_torque_sensor_broadcaster)
[0.889s] Level 1:colcon.colcon_core.environment:create_environment_scripts_only(iiwa_moveit2)
[0.890s] Level 1:colcon.colcon_core.environment:checking '/home/jang/2024_7Dof/install/iiwa_moveit2' for CMake module files
[0.890s] Level 1:colcon.colcon_core.environment:checking '/home/jang/2024_7Dof/install/iiwa_moveit2' for CMake config files
[0.890s] Level 1:colcon.colcon_core.shell:create_environment_hook('iiwa_moveit2', 'cmake_prefix_path')
[0.890s] INFO:colcon.colcon_core.shell:Creating environment hook '/home/jang/2024_7Dof/install/iiwa_moveit2/share/iiwa_moveit2/hook/cmake_prefix_path.ps1'
[0.891s] INFO:colcon.colcon_core.shell:Creating environment descriptor '/home/jang/2024_7Dof/install/iiwa_moveit2/share/iiwa_moveit2/hook/cmake_prefix_path.dsv'
[0.891s] INFO:colcon.colcon_core.shell:Creating environment hook '/home/jang/2024_7Dof/install/iiwa_moveit2/share/iiwa_moveit2/hook/cmake_prefix_path.sh'
[0.892s] Level 1:colcon.colcon_core.environment:checking '/home/jang/2024_7Dof/install/iiwa_moveit2/lib'
[0.892s] Level 1:colcon.colcon_core.shell:create_environment_hook('iiwa_moveit2', 'ld_library_path_lib')
[0.892s] INFO:colcon.colcon_core.shell:Creating environment hook '/home/jang/2024_7Dof/install/iiwa_moveit2/share/iiwa_moveit2/hook/ld_library_path_lib.ps1'
[0.892s] INFO:colcon.colcon_core.shell:Creating environment descriptor '/home/jang/2024_7Dof/install/iiwa_moveit2/share/iiwa_moveit2/hook/ld_library_path_lib.dsv'
[0.892s] INFO:colcon.colcon_core.shell:Creating environment hook '/home/jang/2024_7Dof/install/iiwa_moveit2/share/iiwa_moveit2/hook/ld_library_path_lib.sh'
[0.892s] Level 1:colcon.colcon_core.environment:checking '/home/jang/2024_7Dof/install/iiwa_moveit2/bin'
[0.892s] Level 1:colcon.colcon_core.environment:checking '/home/jang/2024_7Dof/install/iiwa_moveit2/lib/pkgconfig/iiwa_moveit2.pc'
[0.893s] Level 1:colcon.colcon_core.environment:checking '/home/jang/2024_7Dof/install/iiwa_moveit2/lib/python3.10/site-packages'
[0.893s] Level 1:colcon.colcon_core.environment:checking '/home/jang/2024_7Dof/install/iiwa_moveit2/bin'
[0.893s] INFO:colcon.colcon_core.shell:Creating package script '/home/jang/2024_7Dof/install/iiwa_moveit2/share/iiwa_moveit2/package.ps1'
[0.893s] INFO:colcon.colcon_core.shell:Creating package descriptor '/home/jang/2024_7Dof/install/iiwa_moveit2/share/iiwa_moveit2/package.dsv'
[0.894s] INFO:colcon.colcon_core.shell:Creating package script '/home/jang/2024_7Dof/install/iiwa_moveit2/share/iiwa_moveit2/package.sh'
[0.894s] INFO:colcon.colcon_core.shell:Creating package script '/home/jang/2024_7Dof/install/iiwa_moveit2/share/iiwa_moveit2/package.bash'
[0.894s] INFO:colcon.colcon_core.shell:Creating package script '/home/jang/2024_7Dof/install/iiwa_moveit2/share/iiwa_moveit2/package.zsh'
[0.894s] Level 1:colcon.colcon_core.environment:create_file_with_runtime_dependencies(/home/jang/2024_7Dof/install/iiwa_moveit2/share/colcon-core/packages/iiwa_moveit2)
[0.897s] DEBUG:colcon.colcon_core.event_handler.log_command:Invoking command in '/home/jang/2024_7Dof/build/iiwa_bringup': CMAKE_PREFIX_PATH=/home/jang/2024_7Dof/install/iiwa_description:/home/jang/2024_7Dof/install/impedance_controller:/home/jang/2024_7Dof/install/iiwa_moveit2:/home/jang/2024_7Dof/install/iiwa_bringup:/home/jang/2024_7Dof/install/external_torque_sensor_broadcaster:/home/jang/2024_7Dof/install/culjaco:/home/jang/2024_7Dof/install/apf_nodes:/opt/ros/humble /usr/bin/cmake --install /home/jang/2024_7Dof/build/iiwa_bringup
[0.914s] Level 1:colcon.colcon_core.environment:create_environment_scripts_only(iiwa_bringup)
[0.914s] Level 1:colcon.colcon_core.environment:checking '/home/jang/2024_7Dof/install/iiwa_bringup' for CMake module files
[0.915s] DEBUG:colcon.colcon_core.event_handler.log_command:Invoked command in '/home/jang/2024_7Dof/build/iiwa_bringup' returned '0': CMAKE_PREFIX_PATH=/home/jang/2024_7Dof/install/iiwa_description:/home/jang/2024_7Dof/install/impedance_controller:/home/jang/2024_7Dof/install/iiwa_moveit2:/home/jang/2024_7Dof/install/iiwa_bringup:/home/jang/2024_7Dof/install/external_torque_sensor_broadcaster:/home/jang/2024_7Dof/install/culjaco:/home/jang/2024_7Dof/install/apf_nodes:/opt/ros/humble /usr/bin/cmake --install /home/jang/2024_7Dof/build/iiwa_bringup
[0.915s] Level 1:colcon.colcon_core.environment:checking '/home/jang/2024_7Dof/install/iiwa_bringup' for CMake config files
[0.915s] Level 1:colcon.colcon_core.shell:create_environment_hook('iiwa_bringup', 'cmake_prefix_path')
[0.916s] INFO:colcon.colcon_core.shell:Creating environment hook '/home/jang/2024_7Dof/install/iiwa_bringup/share/iiwa_bringup/hook/cmake_prefix_path.ps1'
[0.916s] INFO:colcon.colcon_core.shell:Creating environment descriptor '/home/jang/2024_7Dof/install/iiwa_bringup/share/iiwa_bringup/hook/cmake_prefix_path.dsv'
[0.916s] INFO:colcon.colcon_core.shell:Creating environment hook '/home/jang/2024_7Dof/install/iiwa_bringup/share/iiwa_bringup/hook/cmake_prefix_path.sh'
[0.917s] Level 1:colcon.colcon_core.environment:checking '/home/jang/2024_7Dof/install/iiwa_bringup/bin'
[0.917s] Level 1:colcon.colcon_core.environment:checking '/home/jang/2024_7Dof/install/iiwa_bringup/lib/pkgconfig/iiwa_bringup.pc'
[0.917s] Level 1:colcon.colcon_core.environment:checking '/home/jang/2024_7Dof/install/iiwa_bringup/lib/python3.10/site-packages'
[0.917s] Level 1:colcon.colcon_core.environment:checking '/home/jang/2024_7Dof/install/iiwa_bringup/bin'
[0.917s] INFO:colcon.colcon_core.shell:Creating package script '/home/jang/2024_7Dof/install/iiwa_bringup/share/iiwa_bringup/package.ps1'
[0.917s] INFO:colcon.colcon_core.shell:Creating package descriptor '/home/jang/2024_7Dof/install/iiwa_bringup/share/iiwa_bringup/package.dsv'
[0.918s] INFO:colcon.colcon_core.shell:Creating package script '/home/jang/2024_7Dof/install/iiwa_bringup/share/iiwa_bringup/package.sh'
[0.918s] INFO:colcon.colcon_core.shell:Creating package script '/home/jang/2024_7Dof/install/iiwa_bringup/share/iiwa_bringup/package.bash'
[0.918s] INFO:colcon.colcon_core.shell:Creating package script '/home/jang/2024_7Dof/install/iiwa_bringup/share/iiwa_bringup/package.zsh'
[0.919s] Level 1:colcon.colcon_core.environment:create_file_with_runtime_dependencies(/home/jang/2024_7Dof/install/iiwa_bringup/share/colcon-core/packages/iiwa_bringup)
[0.939s] Level 1:colcon.colcon_core.environment:create_environment_scripts_only(iiwa_bringup)
[0.940s] Level 1:colcon.colcon_core.environment:checking '/home/jang/2024_7Dof/install/iiwa_bringup' for CMake module files
[0.945s] Level 1:colcon.colcon_core.environment:checking '/home/jang/2024_7Dof/install/iiwa_bringup' for CMake config files
[0.949s] Level 1:colcon.colcon_core.shell:create_environment_hook('iiwa_bringup', 'cmake_prefix_path')
[0.950s] INFO:colcon.colcon_core.shell:Creating environment hook '/home/jang/2024_7Dof/install/iiwa_bringup/share/iiwa_bringup/hook/cmake_prefix_path.ps1'
[0.951s] INFO:colcon.colcon_core.shell:Creating environment descriptor '/home/jang/2024_7Dof/install/iiwa_bringup/share/iiwa_bringup/hook/cmake_prefix_path.dsv'
[0.955s] INFO:colcon.colcon_core.shell:Creating environment hook '/home/jang/2024_7Dof/install/iiwa_bringup/share/iiwa_bringup/hook/cmake_prefix_path.sh'
[0.959s] Level 1:colcon.colcon_core.environment:checking '/home/jang/2024_7Dof/install/iiwa_bringup/bin'
[0.960s] Level 1:colcon.colcon_core.environment:checking '/home/jang/2024_7Dof/install/iiwa_bringup/lib/pkgconfig/iiwa_bringup.pc'
[0.961s] Level 1:colcon.colcon_core.environment:checking '/home/jang/2024_7Dof/install/iiwa_bringup/lib/python3.10/site-packages'
[0.961s] Level 1:colcon.colcon_core.environment:checking '/home/jang/2024_7Dof/install/iiwa_bringup/bin'
[0.961s] INFO:colcon.colcon_core.shell:Creating package script '/home/jang/2024_7Dof/install/iiwa_bringup/share/iiwa_bringup/package.ps1'
[0.962s] INFO:colcon.colcon_core.shell:Creating package descriptor '/home/jang/2024_7Dof/install/iiwa_bringup/share/iiwa_bringup/package.dsv'
[0.962s] INFO:colcon.colcon_core.shell:Creating package script '/home/jang/2024_7Dof/install/iiwa_bringup/share/iiwa_bringup/package.sh'
[0.962s] INFO:colcon.colcon_core.shell:Creating package script '/home/jang/2024_7Dof/install/iiwa_bringup/share/iiwa_bringup/package.bash'
[0.965s] INFO:colcon.colcon_core.shell:Creating package script '/home/jang/2024_7Dof/install/iiwa_bringup/share/iiwa_bringup/package.zsh'
[0.969s] Level 1:colcon.colcon_core.environment:create_file_with_runtime_dependencies(/home/jang/2024_7Dof/install/iiwa_bringup/share/colcon-core/packages/iiwa_bringup)
[1.057s] DEBUG:colcon.colcon_core.event_handler.log_command:Invoking command in '/home/jang/2024_7Dof/build/apf_nodes': PYTHONPATH=/home/jang/2024_7Dof/build/apf_nodes/prefix_override:/usr/lib/python3/dist-packages/colcon_core/task/python/colcon_distutils_commands:/home/jang/2024_7Dof/install/apf_nodes/lib/python3.10/site-packages:${PYTHONPATH} /usr/bin/python3 -W ignore:setup.py install is deprecated setup.py develop --editable --build-directory /home/jang/2024_7Dof/build/apf_nodes/build --no-deps symlink_data
[1.323s] Level 1:colcon.colcon_core.shell:create_environment_hook('apf_nodes', 'pythonpath_develop')
[1.323s] INFO:colcon.colcon_core.shell:Creating environment hook '/home/jang/2024_7Dof/build/apf_nodes/share/apf_nodes/hook/pythonpath_develop.ps1'
[1.324s] DEBUG:colcon.colcon_core.event_handler.log_command:Invoked command in '/home/jang/2024_7Dof/build/apf_nodes' returned '0': PYTHONPATH=/home/jang/2024_7Dof/build/apf_nodes/prefix_override:/usr/lib/python3/dist-packages/colcon_core/task/python/colcon_distutils_commands:/home/jang/2024_7Dof/install/apf_nodes/lib/python3.10/site-packages:${PYTHONPATH} /usr/bin/python3 -W ignore:setup.py install is deprecated setup.py develop --editable --build-directory /home/jang/2024_7Dof/build/apf_nodes/build --no-deps symlink_data
[1.324s] INFO:colcon.colcon_core.shell:Creating environment descriptor '/home/jang/2024_7Dof/build/apf_nodes/share/apf_nodes/hook/pythonpath_develop.dsv'
[1.324s] INFO:colcon.colcon_core.shell:Creating environment hook '/home/jang/2024_7Dof/build/apf_nodes/share/apf_nodes/hook/pythonpath_develop.sh'
[1.325s] Level 1:colcon.colcon_core.environment:checking '/home/jang/2024_7Dof/install/apf_nodes' for CMake module files
[1.325s] Level 1:colcon.colcon_core.environment:checking '/home/jang/2024_7Dof/install/apf_nodes' for CMake config files
[1.325s] Level 1:colcon.colcon_core.environment:checking '/home/jang/2024_7Dof/install/apf_nodes/lib'
[1.325s] Level 1:colcon.colcon_core.environment:checking '/home/jang/2024_7Dof/install/apf_nodes/bin'
[1.325s] Level 1:colcon.colcon_core.environment:checking '/home/jang/2024_7Dof/install/apf_nodes/lib/pkgconfig/apf_nodes.pc'
[1.325s] Level 1:colcon.colcon_core.environment:checking '/home/jang/2024_7Dof/install/apf_nodes/lib/python3.10/site-packages'
[1.325s] Level 1:colcon.colcon_core.shell:create_environment_hook('apf_nodes', 'pythonpath')
[1.326s] INFO:colcon.colcon_core.shell:Creating environment hook '/home/jang/2024_7Dof/install/apf_nodes/share/apf_nodes/hook/pythonpath.ps1'
[1.326s] INFO:colcon.colcon_core.shell:Creating environment descriptor '/home/jang/2024_7Dof/install/apf_nodes/share/apf_nodes/hook/pythonpath.dsv'
[1.326s] INFO:colcon.colcon_core.shell:Creating environment hook '/home/jang/2024_7Dof/install/apf_nodes/share/apf_nodes/hook/pythonpath.sh'
[1.326s] Level 1:colcon.colcon_core.environment:checking '/home/jang/2024_7Dof/install/apf_nodes/bin'
[1.326s] Level 1:colcon.colcon_core.environment:create_environment_scripts_only(apf_nodes)
[1.327s] INFO:colcon.colcon_core.shell:Creating package script '/home/jang/2024_7Dof/install/apf_nodes/share/apf_nodes/package.ps1'
[1.327s] INFO:colcon.colcon_core.shell:Creating package descriptor '/home/jang/2024_7Dof/install/apf_nodes/share/apf_nodes/package.dsv'
[1.327s] INFO:colcon.colcon_core.shell:Creating package script '/home/jang/2024_7Dof/install/apf_nodes/share/apf_nodes/package.sh'
[1.327s] INFO:colcon.colcon_core.shell:Creating package script '/home/jang/2024_7Dof/install/apf_nodes/share/apf_nodes/package.bash'
[1.328s] INFO:colcon.colcon_core.shell:Creating package script '/home/jang/2024_7Dof/install/apf_nodes/share/apf_nodes/package.zsh'
[1.328s] Level 1:colcon.colcon_core.environment:create_file_with_runtime_dependencies(/home/jang/2024_7Dof/install/apf_nodes/share/colcon-core/packages/apf_nodes)
[7.129s] DEBUG:colcon.colcon_core.event_handler.log_command:Invoked command in '/home/jang/2024_7Dof/build/culjaco' returned '0': CMAKE_PREFIX_PATH=${CMAKE_PREFIX_PATH}:/home/jang/2024_7Dof/install/apf_nodes:/opt/ros/humble /usr/bin/cmake --build /home/jang/2024_7Dof/build/culjaco -- -j16 -l16
[7.165s] DEBUG:colcon.colcon_core.event_handler.log_command:Invoking command in '/home/jang/2024_7Dof/build/culjaco': CMAKE_PREFIX_PATH=${CMAKE_PREFIX_PATH}:/home/jang/2024_7Dof/install/apf_nodes:/opt/ros/humble /usr/bin/cmake --install /home/jang/2024_7Dof/build/culjaco
[7.188s] Level 1:colcon.colcon_core.environment:create_environment_scripts_only(culjaco)
[7.188s] Level 1:colcon.colcon_core.environment:checking '/home/jang/2024_7Dof/install/culjaco' for CMake module files
[7.189s] DEBUG:colcon.colcon_core.event_handler.log_command:Invoked command in '/home/jang/2024_7Dof/build/culjaco' returned '0': CMAKE_PREFIX_PATH=${CMAKE_PREFIX_PATH}:/home/jang/2024_7Dof/install/apf_nodes:/opt/ros/humble /usr/bin/cmake --install /home/jang/2024_7Dof/build/culjaco
[7.189s] Level 1:colcon.colcon_core.environment:checking '/home/jang/2024_7Dof/install/culjaco' for CMake config files
[7.189s] Level 1:colcon.colcon_core.shell:create_environment_hook('culjaco', 'cmake_prefix_path')
[7.189s] INFO:colcon.colcon_core.shell:Creating environment hook '/home/jang/2024_7Dof/install/culjaco/share/culjaco/hook/cmake_prefix_path.ps1'
[7.190s] INFO:colcon.colcon_core.shell:Creating environment descriptor '/home/jang/2024_7Dof/install/culjaco/share/culjaco/hook/cmake_prefix_path.dsv'
[7.190s] INFO:colcon.colcon_core.shell:Creating environment hook '/home/jang/2024_7Dof/install/culjaco/share/culjaco/hook/cmake_prefix_path.sh'
[7.190s] Level 1:colcon.colcon_core.environment:checking '/home/jang/2024_7Dof/install/culjaco/lib'
[7.191s] Level 1:colcon.colcon_core.environment:checking '/home/jang/2024_7Dof/install/culjaco/bin'
[7.191s] Level 1:colcon.colcon_core.environment:checking '/home/jang/2024_7Dof/install/culjaco/lib/pkgconfig/culjaco.pc'
[7.191s] Level 1:colcon.colcon_core.environment:checking '/home/jang/2024_7Dof/install/culjaco/lib/python3.10/site-packages'
[7.191s] Level 1:colcon.colcon_core.environment:checking '/home/jang/2024_7Dof/install/culjaco/bin'
[7.191s] INFO:colcon.colcon_core.shell:Creating package script '/home/jang/2024_7Dof/install/culjaco/share/culjaco/package.ps1'
[7.191s] INFO:colcon.colcon_core.shell:Creating package descriptor '/home/jang/2024_7Dof/install/culjaco/share/culjaco/package.dsv'
[7.192s] INFO:colcon.colcon_core.shell:Creating package script '/home/jang/2024_7Dof/install/culjaco/share/culjaco/package.sh'
[7.192s] INFO:colcon.colcon_core.shell:Creating package script '/home/jang/2024_7Dof/install/culjaco/share/culjaco/package.bash'
[7.192s] INFO:colcon.colcon_core.shell:Creating package script '/home/jang/2024_7Dof/install/culjaco/share/culjaco/package.zsh'
[7.192s] Level 1:colcon.colcon_core.environment:create_file_with_runtime_dependencies(/home/jang/2024_7Dof/install/culjaco/share/colcon-core/packages/culjaco)
[7.228s] Level 1:colcon.colcon_core.environment:create_environment_scripts_only(culjaco)
[7.228s] Level 1:colcon.colcon_core.environment:checking '/home/jang/2024_7Dof/install/culjaco' for CMake module files
[7.228s] Level 1:colcon.colcon_core.environment:checking '/home/jang/2024_7Dof/install/culjaco' for CMake config files
[7.228s] Level 1:colcon.colcon_core.shell:create_environment_hook('culjaco', 'cmake_prefix_path')
[7.229s] INFO:colcon.colcon_core.shell:Creating environment hook '/home/jang/2024_7Dof/install/culjaco/share/culjaco/hook/cmake_prefix_path.ps1'
[7.229s] INFO:colcon.colcon_core.shell:Creating environment descriptor '/home/jang/2024_7Dof/install/culjaco/share/culjaco/hook/cmake_prefix_path.dsv'
[7.229s] INFO:colcon.colcon_core.shell:Creating environment hook '/home/jang/2024_7Dof/install/culjaco/share/culjaco/hook/cmake_prefix_path.sh'
[7.230s] Level 1:colcon.colcon_core.environment:checking '/home/jang/2024_7Dof/install/culjaco/lib'
[7.230s] Level 1:colcon.colcon_core.environment:checking '/home/jang/2024_7Dof/install/culjaco/bin'
[7.230s] Level 1:colcon.colcon_core.environment:checking '/home/jang/2024_7Dof/install/culjaco/lib/pkgconfig/culjaco.pc'
[7.230s] Level 1:colcon.colcon_core.environment:checking '/home/jang/2024_7Dof/install/culjaco/lib/python3.10/site-packages'
[7.230s] Level 1:colcon.colcon_core.environment:checking '/home/jang/2024_7Dof/install/culjaco/bin'
[7.230s] INFO:colcon.colcon_core.shell:Creating package script '/home/jang/2024_7Dof/install/culjaco/share/culjaco/package.ps1'
[7.231s] INFO:colcon.colcon_core.shell:Creating package descriptor '/home/jang/2024_7Dof/install/culjaco/share/culjaco/package.dsv'
[7.231s] INFO:colcon.colcon_core.shell:Creating package script '/home/jang/2024_7Dof/install/culjaco/share/culjaco/package.sh'
[7.231s] INFO:colcon.colcon_core.shell:Creating package script '/home/jang/2024_7Dof/install/culjaco/share/culjaco/package.bash'
[7.232s] INFO:colcon.colcon_core.shell:Creating package script '/home/jang/2024_7Dof/install/culjaco/share/culjaco/package.zsh'
[7.232s] Level 1:colcon.colcon_core.environment:create_file_with_runtime_dependencies(/home/jang/2024_7Dof/install/culjaco/share/colcon-core/packages/culjaco)
[7.232s] DEBUG:colcon.colcon_parallel_executor.executor.parallel:closing loop
[7.232s] DEBUG:colcon.colcon_parallel_executor.executor.parallel:loop closed
[7.232s] DEBUG:colcon.colcon_parallel_executor.executor.parallel:run_until_complete finished with '0'
[7.232s] DEBUG:colcon.colcon_core.event_reactor:joining thread
[7.238s] INFO:colcon.colcon_core.plugin_system:Skipping extension 'colcon_notification.desktop_notification.terminal_notifier': Not used on non-Darwin systems
[7.238s] INFO:colcon.colcon_core.plugin_system:Skipping extension 'colcon_notification.desktop_notification.win32': Not used on non-Windows systems
[7.238s] INFO:colcon.colcon_notification.desktop_notification:Sending desktop notification using 'notify2'
[7.248s] DEBUG:colcon.colcon_core.event_reactor:joined thread
[7.249s] INFO:colcon.colcon_core.shell:Creating prefix script '/home/jang/2024_7Dof/install/local_setup.ps1'
[7.249s] INFO:colcon.colcon_core.shell:Creating prefix util module '/home/jang/2024_7Dof/install/_local_setup_util_ps1.py'
[7.250s] INFO:colcon.colcon_core.shell:Creating prefix chain script '/home/jang/2024_7Dof/install/setup.ps1'
[7.251s] INFO:colcon.colcon_core.shell:Creating prefix script '/home/jang/2024_7Dof/install/local_setup.sh'
[7.252s] INFO:colcon.colcon_core.shell:Creating prefix util module '/home/jang/2024_7Dof/install/_local_setup_util_sh.py'
[7.252s] INFO:colcon.colcon_core.shell:Creating prefix chain script '/home/jang/2024_7Dof/install/setup.sh'
[7.253s] INFO:colcon.colcon_core.shell:Creating prefix script '/home/jang/2024_7Dof/install/local_setup.bash'
[7.253s] INFO:colcon.colcon_core.shell:Creating prefix chain script '/home/jang/2024_7Dof/install/setup.bash'
[7.254s] INFO:colcon.colcon_core.shell:Creating prefix script '/home/jang/2024_7Dof/install/local_setup.zsh'
[7.255s] INFO:colcon.colcon_core.shell:Creating prefix chain script '/home/jang/2024_7Dof/install/setup.zsh'
