[0.161s] Invoking command in '/home/jang/2024_7Dof/build/culjaco': CMAKE_PREFIX_PATH=${CMAKE_PREFIX_PATH}:/home/jang/2024_7Dof/install/apf_nodes:/opt/ros/humble /usr/bin/cmake --build /home/jang/2024_7Dof/build/culjaco -- -j16 -l16
[0.253s] [35m[1mConsolidate compiler generated dependencies of target jaco_node[0m
[0.314s] [ 20%] Built target forward
[0.346s] [ 40%] Built target forward_node
[0.350s] [ 70%] [32mBuilding CXX object CMakeFiles/jaco_node.dir/src/cul_jaco.cpp.o[0m
[0.350s] [ 70%] Built target listener
[0.363s] [ 90%] Built target talker
[2.402s] [01m[K/home/jang/2024_7Dof/src/culjaco/src/cul_jaco.cpp:[m[K In constructor ‘[01m[Kjaco_node::jaco_node()[m[K’:
[2.402s] [01m[K/home/jang/2024_7Dof/src/culjaco/src/cul_jaco.cpp:18:57:[m[K [01;31m[Kerror: [m[Kexpected primary-expression before ‘[01m[K.[m[K’ token
[2.402s]    18 |       double joint_position[sensor_msgs::msg::JointState[01;31m[K.[m[Kposition.size()] = [0,];
[2.402s]       |                                                         [01;31m[K^[m[K
[2.402s] [01m[K/home/jang/2024_7Dof/src/culjaco/src/cul_jaco.cpp:18:78:[m[K [01;31m[Kerror: [m[Kexpected identifier before numeric constant
[2.402s]    18 |       double joint_position[sensor_msgs::msg::JointState.position.size()] = [[01;31m[K0[m[K,];
[2.402s]       |                                                                              [01;31m[K^[m[K
[2.403s] [01m[K/home/jang/2024_7Dof/src/culjaco/src/cul_jaco.cpp:18:79:[m[K [01;31m[Kerror: [m[Kexpected ‘[01m[K][m[K’ before ‘[01m[K,[m[K’ token
[2.403s]    18 |       double joint_position[sensor_msgs::msg::JointState.position.size()] = [0[01;31m[K,[m[K];
[2.403s]       |                                                                               [01;31m[K^[m[K
[2.403s] [01m[K/home/jang/2024_7Dof/src/culjaco/src/cul_jaco.cpp:[m[K In lambda function:
[2.403s] [01m[K/home/jang/2024_7Dof/src/culjaco/src/cul_jaco.cpp:18:79:[m[K [01;31m[Kerror: [m[Kexpected ‘[01m[K{[m[K’ before ‘[01m[K,[m[K’ token
[2.403s] [01m[K/home/jang/2024_7Dof/src/culjaco/src/cul_jaco.cpp:[m[K In constructor ‘[01m[Kjaco_node::jaco_node()[m[K’:
[2.403s] [01m[K/home/jang/2024_7Dof/src/culjaco/src/cul_jaco.cpp:18:80:[m[K [01;31m[Kerror: [m[Kexpected unqualified-id before ‘[01m[K][m[K’ token
[2.403s]    18 |       double joint_position[sensor_msgs::msg::JointState.position.size()] = [0,[01;31m[K][m[K;
[2.403s]       |                                                                                [01;31m[K^[m[K
[4.044s] gmake[2]: *** [CMakeFiles/jaco_node.dir/build.make:76: CMakeFiles/jaco_node.dir/src/cul_jaco.cpp.o] Error 1
[4.044s] gmake[1]: *** [CMakeFiles/Makefile2:249: CMakeFiles/jaco_node.dir/all] Error 2
[4.045s] gmake: *** [Makefile:146: all] Error 2
[4.048s] Invoked command in '/home/jang/2024_7Dof/build/culjaco' returned '2': CMAKE_PREFIX_PATH=${CMAKE_PREFIX_PATH}:/home/jang/2024_7Dof/install/apf_nodes:/opt/ros/humble /usr/bin/cmake --build /home/jang/2024_7Dof/build/culjaco -- -j16 -l16
