[0.008s] Invoking command in '/home/jang/2024_7Dof/build/apf_package': CMAKE_PREFIX_PATH=/home/jang/2024_7Dof/install/apf_interfaces:/home/jang/2024_7Dof/install/impedance_controller:/home/jang/2024_7Dof/install/iiwa_moveit2:/home/jang/2024_7Dof/install/iiwa_bringup:/home/jang/2024_7Dof/install/iiwa_description:/home/jang/2024_7Dof/install/external_torque_sensor_broadcaster:/home/jang/2024_7Dof/install/culjaco:/home/jang/2024_7Dof/install/apf_package:/home/jang/2024_7Dof/install/apf_nodes:/opt/ros/humble LD_LIBRARY_PATH=/home/jang/2024_7Dof/install/apf_interfaces/lib:/home/jang/2024_7Dof/install/impedance_controller/lib:/home/jang/2024_7Dof/install/iiwa_moveit2/lib:/home/jang/2024_7Dof/install/external_torque_sensor_broadcaster/lib:/usr/lib/x86_64-linux-gnu/gazebo-11/plugins:/opt/ros/humble/opt/rviz_ogre_vendor/lib:/opt/ros/humble/lib/x86_64-linux-gnu:/opt/ros/humble/lib:/usr/lib/x86_64-linux-gnu/gazebo-11/plugins /usr/bin/cmake --build /home/jang/2024_7Dof/build/apf_package -- -j16 -l16
[0.093s] [35m[1mConsolidate compiler generated dependencies of target cul_distance_node[0m
[0.103s] [35m[1mConsolidate compiler generated dependencies of target apf_main_node[0m
[0.110s] [35m[1mConsolidate compiler generated dependencies of target save_jaco[0m
[0.151s] [ 33%] Built target save_jaco
[0.151s] [100%] Built target cul_distance_node
[0.151s] [100%] Built target apf_main_node
[0.163s] Invoked command in '/home/jang/2024_7Dof/build/apf_package' returned '0': CMAKE_PREFIX_PATH=/home/jang/2024_7Dof/install/apf_interfaces:/home/jang/2024_7Dof/install/impedance_controller:/home/jang/2024_7Dof/install/iiwa_moveit2:/home/jang/2024_7Dof/install/iiwa_bringup:/home/jang/2024_7Dof/install/iiwa_description:/home/jang/2024_7Dof/install/external_torque_sensor_broadcaster:/home/jang/2024_7Dof/install/culjaco:/home/jang/2024_7Dof/install/apf_package:/home/jang/2024_7Dof/install/apf_nodes:/opt/ros/humble LD_LIBRARY_PATH=/home/jang/2024_7Dof/install/apf_interfaces/lib:/home/jang/2024_7Dof/install/impedance_controller/lib:/home/jang/2024_7Dof/install/iiwa_moveit2/lib:/home/jang/2024_7Dof/install/external_torque_sensor_broadcaster/lib:/usr/lib/x86_64-linux-gnu/gazebo-11/plugins:/opt/ros/humble/opt/rviz_ogre_vendor/lib:/opt/ros/humble/lib/x86_64-linux-gnu:/opt/ros/humble/lib:/usr/lib/x86_64-linux-gnu/gazebo-11/plugins /usr/bin/cmake --build /home/jang/2024_7Dof/build/apf_package -- -j16 -l16
[0.198s] Invoking command in '/home/jang/2024_7Dof/build/apf_package': CMAKE_PREFIX_PATH=/home/jang/2024_7Dof/install/apf_interfaces:/home/jang/2024_7Dof/install/impedance_controller:/home/jang/2024_7Dof/install/iiwa_moveit2:/home/jang/2024_7Dof/install/iiwa_bringup:/home/jang/2024_7Dof/install/iiwa_description:/home/jang/2024_7Dof/install/external_torque_sensor_broadcaster:/home/jang/2024_7Dof/install/culjaco:/home/jang/2024_7Dof/install/apf_package:/home/jang/2024_7Dof/install/apf_nodes:/opt/ros/humble LD_LIBRARY_PATH=/home/jang/2024_7Dof/install/apf_interfaces/lib:/home/jang/2024_7Dof/install/impedance_controller/lib:/home/jang/2024_7Dof/install/iiwa_moveit2/lib:/home/jang/2024_7Dof/install/external_torque_sensor_broadcaster/lib:/usr/lib/x86_64-linux-gnu/gazebo-11/plugins:/opt/ros/humble/opt/rviz_ogre_vendor/lib:/opt/ros/humble/lib/x86_64-linux-gnu:/opt/ros/humble/lib:/usr/lib/x86_64-linux-gnu/gazebo-11/plugins /usr/bin/cmake --install /home/jang/2024_7Dof/build/apf_package
[0.207s] -- Install configuration: "Release"
[0.208s] -- Execute custom install script
[0.208s] -- Up-to-date symlink: /home/jang/2024_7Dof/install/apf_package/lib/apf_package/apf_main_node
[0.208s] -- Up-to-date symlink: /home/jang/2024_7Dof/install/apf_package/lib/apf_package/cul_distance_node
[0.208s] -- Up-to-date symlink: /home/jang/2024_7Dof/install/apf_package/lib/apf_package/save_jaco
[0.209s] -- Up-to-date symlink: /home/jang/2024_7Dof/install/apf_package/share/ament_index/resource_index/package_run_dependencies/apf_package
[0.209s] -- Up-to-date symlink: /home/jang/2024_7Dof/install/apf_package/share/ament_index/resource_index/parent_prefix_path/apf_package
[0.209s] -- Up-to-date symlink: /home/jang/2024_7Dof/install/apf_package/share/apf_package/environment/ament_prefix_path.sh
[0.209s] -- Up-to-date symlink: /home/jang/2024_7Dof/install/apf_package/share/apf_package/environment/ament_prefix_path.dsv
[0.209s] -- Up-to-date symlink: /home/jang/2024_7Dof/install/apf_package/share/apf_package/environment/path.sh
[0.209s] -- Up-to-date symlink: /home/jang/2024_7Dof/install/apf_package/share/apf_package/environment/path.dsv
[0.210s] -- Up-to-date symlink: /home/jang/2024_7Dof/install/apf_package/share/apf_package/local_setup.bash
[0.210s] -- Up-to-date symlink: /home/jang/2024_7Dof/install/apf_package/share/apf_package/local_setup.sh
[0.210s] -- Up-to-date symlink: /home/jang/2024_7Dof/install/apf_package/share/apf_package/local_setup.zsh
[0.210s] -- Up-to-date symlink: /home/jang/2024_7Dof/install/apf_package/share/apf_package/local_setup.dsv
[0.210s] -- Symlinking: /home/jang/2024_7Dof/install/apf_package/share/apf_package/package.dsv
[0.221s] -- Up-to-date symlink: /home/jang/2024_7Dof/install/apf_package/share/ament_index/resource_index/packages/apf_package
[0.222s] -- Up-to-date symlink: /home/jang/2024_7Dof/install/apf_package/share/apf_package/cmake/apf_packageConfig.cmake
[0.222s] -- Up-to-date symlink: /home/jang/2024_7Dof/install/apf_package/share/apf_package/cmake/apf_packageConfig-version.cmake
[0.222s] -- Up-to-date symlink: /home/jang/2024_7Dof/install/apf_package/share/apf_package/package.xml
[0.225s] Invoked command in '/home/jang/2024_7Dof/build/apf_package' returned '0': CMAKE_PREFIX_PATH=/home/jang/2024_7Dof/install/apf_interfaces:/home/jang/2024_7Dof/install/impedance_controller:/home/jang/2024_7Dof/install/iiwa_moveit2:/home/jang/2024_7Dof/install/iiwa_bringup:/home/jang/2024_7Dof/install/iiwa_description:/home/jang/2024_7Dof/install/external_torque_sensor_broadcaster:/home/jang/2024_7Dof/install/culjaco:/home/jang/2024_7Dof/install/apf_package:/home/jang/2024_7Dof/install/apf_nodes:/opt/ros/humble LD_LIBRARY_PATH=/home/jang/2024_7Dof/install/apf_interfaces/lib:/home/jang/2024_7Dof/install/impedance_controller/lib:/home/jang/2024_7Dof/install/iiwa_moveit2/lib:/home/jang/2024_7Dof/install/external_torque_sensor_broadcaster/lib:/usr/lib/x86_64-linux-gnu/gazebo-11/plugins:/opt/ros/humble/opt/rviz_ogre_vendor/lib:/opt/ros/humble/lib/x86_64-linux-gnu:/opt/ros/humble/lib:/usr/lib/x86_64-linux-gnu/gazebo-11/plugins /usr/bin/cmake --install /home/jang/2024_7Dof/build/apf_package
