[0.021s] Invoking command in '/home/jang/2024_7Dof/build/apf_interfaces': CMAKE_PREFIX_PATH=${CMAKE_PREFIX_PATH}:/home/jang/2024_7Dof/install/apf_nodes:/opt/ros/humble /usr/bin/cmake --build /home/jang/2024_7Dof/build/apf_interfaces -- -j16 -l16
[0.547s] [  2%] Built target apf_interfaces__cpp
[0.552s] [ 12%] Built target apf_interfaces__rosidl_generator_c
[0.553s] [ 12%] Built target ament_cmake_python_symlink_apf_interfaces
[0.555s] [ 23%] Built target apf_interfaces__rosidl_typesupport_introspection_cpp
[0.559s] [ 34%] Built target apf_interfaces__rosidl_typesupport_cpp
[0.560s] [ 44%] Built target apf_interfaces__rosidl_typesupport_fastrtps_cpp
[0.561s] [ 55%] Built target apf_interfaces__rosidl_typesupport_introspection_c
[0.561s] [ 65%] Built target apf_interfaces__rosidl_typesupport_c
[0.562s] [ 76%] Built target apf_interfaces__rosidl_typesupport_fastrtps_c
[0.562s] [ 76%] Built target apf_interfaces
[0.562s] [ 78%] Built target apf_interfaces__py
[0.562s] [ 87%] Built target apf_interfaces__rosidl_generator_py
[0.562s] [ 93%] Built target apf_interfaces__rosidl_typesupport_fastrtps_c__pyext
[0.562s] [100%] Built target apf_interfaces__rosidl_typesupport_c__pyext
[0.562s] [100%] Built target apf_interfaces__rosidl_typesupport_introspection_c__pyext
[0.590s] running egg_info
[0.592s] writing apf_interfaces.egg-info/PKG-INFO
[0.593s] writing dependency_links to apf_interfaces.egg-info/dependency_links.txt
[0.593s] writing top-level names to apf_interfaces.egg-info/top_level.txt
[0.605s] reading manifest file 'apf_interfaces.egg-info/SOURCES.txt'
[0.608s] writing manifest file 'apf_interfaces.egg-info/SOURCES.txt'
[0.736s] [100%] Built target ament_cmake_python_build_apf_interfaces_egg
[0.803s] Invoked command in '/home/jang/2024_7Dof/build/apf_interfaces' returned '0': CMAKE_PREFIX_PATH=${CMAKE_PREFIX_PATH}:/home/jang/2024_7Dof/install/apf_nodes:/opt/ros/humble /usr/bin/cmake --build /home/jang/2024_7Dof/build/apf_interfaces -- -j16 -l16
[1.173s] Invoking command in '/home/jang/2024_7Dof/build/apf_interfaces': CMAKE_PREFIX_PATH=${CMAKE_PREFIX_PATH}:/home/jang/2024_7Dof/install/apf_nodes:/opt/ros/humble /usr/bin/cmake --install /home/jang/2024_7Dof/build/apf_interfaces
[1.226s] -- Install configuration: "Release"
[1.229s] -- Execute custom install script
[1.231s] -- Up-to-date symlink: /home/jang/2024_7Dof/install/apf_interfaces/share/ament_index/resource_index/rosidl_interfaces/apf_interfaces
[1.234s] -- Up-to-date symlink: /home/jang/2024_7Dof/install/apf_interfaces/include/apf_interfaces/apf_interfaces/msg/detail/distance__functions.h
[1.235s] -- Up-to-date symlink: /home/jang/2024_7Dof/install/apf_interfaces/include/apf_interfaces/apf_interfaces/msg/detail/distance__struct.h
[1.236s] -- Up-to-date symlink: /home/jang/2024_7Dof/install/apf_interfaces/include/apf_interfaces/apf_interfaces/msg/detail/distance__type_support.h
[1.237s] -- Up-to-date symlink: /home/jang/2024_7Dof/install/apf_interfaces/include/apf_interfaces/apf_interfaces/msg/detail/jacobian__functions.h
[1.239s] -- Up-to-date symlink: /home/jang/2024_7Dof/install/apf_interfaces/include/apf_interfaces/apf_interfaces/msg/detail/jacobian__struct.h
[1.239s] -- Up-to-date symlink: /home/jang/2024_7Dof/install/apf_interfaces/include/apf_interfaces/apf_interfaces/msg/detail/jacobian__type_support.h
[1.239s] -- Up-to-date symlink: /home/jang/2024_7Dof/install/apf_interfaces/include/apf_interfaces/apf_interfaces/msg/distance.h
[1.239s] -- Up-to-date symlink: /home/jang/2024_7Dof/install/apf_interfaces/include/apf_interfaces/apf_interfaces/msg/jacobian.h
[1.239s] -- Up-to-date symlink: /home/jang/2024_7Dof/install/apf_interfaces/include/apf_interfaces/apf_interfaces/msg/rosidl_generator_c__visibility_control.h
[1.240s] -- Up-to-date symlink: /home/jang/2024_7Dof/install/apf_interfaces/include/apf_interfaces/apf_interfaces/srv/detail/rrts_points__functions.h
[1.240s] -- Up-to-date symlink: /home/jang/2024_7Dof/install/apf_interfaces/include/apf_interfaces/apf_interfaces/srv/detail/rrts_points__struct.h
[1.240s] -- Up-to-date symlink: /home/jang/2024_7Dof/install/apf_interfaces/include/apf_interfaces/apf_interfaces/srv/detail/rrts_points__type_support.h
[1.240s] -- Up-to-date symlink: /home/jang/2024_7Dof/install/apf_interfaces/include/apf_interfaces/apf_interfaces/srv/rrts_points.h
[1.241s] -- Up-to-date symlink: /home/jang/2024_7Dof/install/apf_interfaces/share/apf_interfaces/environment/library_path.sh
[1.241s] -- Up-to-date symlink: /home/jang/2024_7Dof/install/apf_interfaces/share/apf_interfaces/environment/library_path.dsv
[1.241s] -- Up-to-date symlink: /home/jang/2024_7Dof/install/apf_interfaces/include/apf_interfaces/apf_interfaces/msg/detail/distance__rosidl_typesupport_fastrtps_c.h
[1.241s] -- Up-to-date symlink: /home/jang/2024_7Dof/install/apf_interfaces/include/apf_interfaces/apf_interfaces/msg/detail/jacobian__rosidl_typesupport_fastrtps_c.h
[1.241s] -- Up-to-date symlink: /home/jang/2024_7Dof/install/apf_interfaces/include/apf_interfaces/apf_interfaces/msg/rosidl_typesupport_fastrtps_c__visibility_control.h
[1.241s] -- Up-to-date symlink: /home/jang/2024_7Dof/install/apf_interfaces/include/apf_interfaces/apf_interfaces/srv/detail/rrts_points__rosidl_typesupport_fastrtps_c.h
[1.242s] -- Up-to-date symlink: /home/jang/2024_7Dof/install/apf_interfaces/include/apf_interfaces/apf_interfaces/msg/detail/distance__builder.hpp
[1.242s] -- Up-to-date symlink: /home/jang/2024_7Dof/install/apf_interfaces/include/apf_interfaces/apf_interfaces/msg/detail/distance__struct.hpp
[1.242s] -- Up-to-date symlink: /home/jang/2024_7Dof/install/apf_interfaces/include/apf_interfaces/apf_interfaces/msg/detail/distance__traits.hpp
[1.242s] -- Up-to-date symlink: /home/jang/2024_7Dof/install/apf_interfaces/include/apf_interfaces/apf_interfaces/msg/detail/jacobian__builder.hpp
[1.242s] -- Up-to-date symlink: /home/jang/2024_7Dof/install/apf_interfaces/include/apf_interfaces/apf_interfaces/msg/detail/jacobian__struct.hpp
[1.242s] -- Up-to-date symlink: /home/jang/2024_7Dof/install/apf_interfaces/include/apf_interfaces/apf_interfaces/msg/detail/jacobian__traits.hpp
[1.242s] -- Up-to-date symlink: /home/jang/2024_7Dof/install/apf_interfaces/include/apf_interfaces/apf_interfaces/msg/distance.hpp
[1.243s] -- Up-to-date symlink: /home/jang/2024_7Dof/install/apf_interfaces/include/apf_interfaces/apf_interfaces/msg/jacobian.hpp
[1.244s] -- Up-to-date symlink: /home/jang/2024_7Dof/install/apf_interfaces/include/apf_interfaces/apf_interfaces/srv/detail/rrts_points__builder.hpp
[1.246s] -- Up-to-date symlink: /home/jang/2024_7Dof/install/apf_interfaces/include/apf_interfaces/apf_interfaces/srv/detail/rrts_points__struct.hpp
[1.247s] -- Up-to-date symlink: /home/jang/2024_7Dof/install/apf_interfaces/include/apf_interfaces/apf_interfaces/srv/detail/rrts_points__traits.hpp
[1.248s] -- Up-to-date symlink: /home/jang/2024_7Dof/install/apf_interfaces/include/apf_interfaces/apf_interfaces/srv/rrts_points.hpp
[1.249s] -- Up-to-date symlink: /home/jang/2024_7Dof/install/apf_interfaces/include/apf_interfaces/apf_interfaces/msg/detail/distance__rosidl_typesupport_fastrtps_cpp.hpp
[1.250s] -- Up-to-date symlink: /home/jang/2024_7Dof/install/apf_interfaces/include/apf_interfaces/apf_interfaces/msg/detail/jacobian__rosidl_typesupport_fastrtps_cpp.hpp
[1.252s] -- Up-to-date symlink: /home/jang/2024_7Dof/install/apf_interfaces/include/apf_interfaces/apf_interfaces/msg/rosidl_typesupport_fastrtps_cpp__visibility_control.h
[1.252s] -- Up-to-date symlink: /home/jang/2024_7Dof/install/apf_interfaces/include/apf_interfaces/apf_interfaces/srv/detail/rrts_points__rosidl_typesupport_fastrtps_cpp.hpp
[1.252s] -- Up-to-date symlink: /home/jang/2024_7Dof/install/apf_interfaces/include/apf_interfaces/apf_interfaces/msg/detail/distance__rosidl_typesupport_introspection_c.h
[1.252s] -- Up-to-date symlink: /home/jang/2024_7Dof/install/apf_interfaces/include/apf_interfaces/apf_interfaces/msg/detail/jacobian__rosidl_typesupport_introspection_c.h
[1.252s] -- Up-to-date symlink: /home/jang/2024_7Dof/install/apf_interfaces/include/apf_interfaces/apf_interfaces/msg/rosidl_typesupport_introspection_c__visibility_control.h
[1.253s] -- Up-to-date symlink: /home/jang/2024_7Dof/install/apf_interfaces/include/apf_interfaces/apf_interfaces/srv/detail/rrts_points__rosidl_typesupport_introspection_c.h
[1.253s] -- Up-to-date symlink: /home/jang/2024_7Dof/install/apf_interfaces/include/apf_interfaces/apf_interfaces/msg/detail/distance__rosidl_typesupport_introspection_cpp.hpp
[1.254s] -- Up-to-date symlink: /home/jang/2024_7Dof/install/apf_interfaces/include/apf_interfaces/apf_interfaces/msg/detail/jacobian__rosidl_typesupport_introspection_cpp.hpp
[1.254s] -- Up-to-date symlink: /home/jang/2024_7Dof/install/apf_interfaces/include/apf_interfaces/apf_interfaces/srv/detail/rrts_points__rosidl_typesupport_introspection_cpp.hpp
[1.256s] -- Up-to-date symlink: /home/jang/2024_7Dof/install/apf_interfaces/share/apf_interfaces/environment/pythonpath.sh
[1.257s] -- Up-to-date symlink: /home/jang/2024_7Dof/install/apf_interfaces/share/apf_interfaces/environment/pythonpath.dsv
[1.259s] -- Up-to-date symlink: /home/jang/2024_7Dof/install/apf_interfaces/local/lib/python3.10/dist-packages/apf_interfaces-0.0.0-py3.10.egg-info/PKG-INFO
[1.260s] -- Up-to-date symlink: /home/jang/2024_7Dof/install/apf_interfaces/local/lib/python3.10/dist-packages/apf_interfaces-0.0.0-py3.10.egg-info/SOURCES.txt
[1.262s] -- Up-to-date symlink: /home/jang/2024_7Dof/install/apf_interfaces/local/lib/python3.10/dist-packages/apf_interfaces-0.0.0-py3.10.egg-info/dependency_links.txt
[1.262s] -- Up-to-date symlink: /home/jang/2024_7Dof/install/apf_interfaces/local/lib/python3.10/dist-packages/apf_interfaces-0.0.0-py3.10.egg-info/top_level.txt
[1.263s] -- Up-to-date symlink: /home/jang/2024_7Dof/install/apf_interfaces/local/lib/python3.10/dist-packages/apf_interfaces/__init__.py
[1.263s] -- Up-to-date symlink: /home/jang/2024_7Dof/install/apf_interfaces/local/lib/python3.10/dist-packages/apf_interfaces/_apf_interfaces_s.ep.rosidl_typesupport_c.c
[1.263s] -- Up-to-date symlink: /home/jang/2024_7Dof/install/apf_interfaces/local/lib/python3.10/dist-packages/apf_interfaces/_apf_interfaces_s.ep.rosidl_typesupport_fastrtps_c.c
[1.263s] -- Up-to-date symlink: /home/jang/2024_7Dof/install/apf_interfaces/local/lib/python3.10/dist-packages/apf_interfaces/_apf_interfaces_s.ep.rosidl_typesupport_introspection_c.c
[1.263s] -- Up-to-date symlink: /home/jang/2024_7Dof/install/apf_interfaces/local/lib/python3.10/dist-packages/apf_interfaces/apf_interfaces_s__rosidl_typesupport_c.cpython-310-x86_64-linux-gnu.so
[1.263s] -- Up-to-date symlink: /home/jang/2024_7Dof/install/apf_interfaces/local/lib/python3.10/dist-packages/apf_interfaces/apf_interfaces_s__rosidl_typesupport_fastrtps_c.cpython-310-x86_64-linux-gnu.so
[1.264s] -- Up-to-date symlink: /home/jang/2024_7Dof/install/apf_interfaces/local/lib/python3.10/dist-packages/apf_interfaces/apf_interfaces_s__rosidl_typesupport_introspection_c.cpython-310-x86_64-linux-gnu.so
[1.264s] -- Up-to-date symlink: /home/jang/2024_7Dof/install/apf_interfaces/local/lib/python3.10/dist-packages/apf_interfaces/libapf_interfaces__rosidl_generator_py.so
[1.264s] -- Up-to-date symlink: /home/jang/2024_7Dof/install/apf_interfaces/local/lib/python3.10/dist-packages/apf_interfaces/msg/__init__.py
[1.264s] -- Up-to-date symlink: /home/jang/2024_7Dof/install/apf_interfaces/local/lib/python3.10/dist-packages/apf_interfaces/msg/_distance.py
[1.264s] -- Up-to-date symlink: /home/jang/2024_7Dof/install/apf_interfaces/local/lib/python3.10/dist-packages/apf_interfaces/msg/_distance_s.c
[1.264s] -- Up-to-date symlink: /home/jang/2024_7Dof/install/apf_interfaces/local/lib/python3.10/dist-packages/apf_interfaces/msg/_jacobian.py
[1.264s] -- Up-to-date symlink: /home/jang/2024_7Dof/install/apf_interfaces/local/lib/python3.10/dist-packages/apf_interfaces/msg/_jacobian_s.c
[1.265s] -- Up-to-date symlink: /home/jang/2024_7Dof/install/apf_interfaces/local/lib/python3.10/dist-packages/apf_interfaces/srv/__init__.py
[1.265s] -- Up-to-date symlink: /home/jang/2024_7Dof/install/apf_interfaces/local/lib/python3.10/dist-packages/apf_interfaces/srv/_rrts_points.py
[1.265s] -- Up-to-date symlink: /home/jang/2024_7Dof/install/apf_interfaces/local/lib/python3.10/dist-packages/apf_interfaces/srv/_rrts_points_s.c
[1.266s] -- Up-to-date symlink: /home/jang/2024_7Dof/install/apf_interfaces/local/lib/python3.10/dist-packages/apf_interfaces/apf_interfaces_s__rosidl_typesupport_fastrtps_c.cpython-310-x86_64-linux-gnu.so
[1.266s] -- Up-to-date symlink: /home/jang/2024_7Dof/install/apf_interfaces/local/lib/python3.10/dist-packages/apf_interfaces/apf_interfaces_s__rosidl_typesupport_introspection_c.cpython-310-x86_64-linux-gnu.so
[1.266s] -- Up-to-date symlink: /home/jang/2024_7Dof/install/apf_interfaces/local/lib/python3.10/dist-packages/apf_interfaces/apf_interfaces_s__rosidl_typesupport_c.cpython-310-x86_64-linux-gnu.so
[1.266s] -- Up-to-date symlink: /home/jang/2024_7Dof/install/apf_interfaces/share/apf_interfaces/msg/Jacobian.idl
[1.266s] -- Up-to-date symlink: /home/jang/2024_7Dof/install/apf_interfaces/share/apf_interfaces/msg/Distance.idl
[1.267s] -- Up-to-date symlink: /home/jang/2024_7Dof/install/apf_interfaces/share/apf_interfaces/srv/RRTSPoints.idl
[1.267s] -- Up-to-date symlink: /home/jang/2024_7Dof/install/apf_interfaces/share/apf_interfaces/msg/Jacobian.msg
[1.267s] -- Up-to-date symlink: /home/jang/2024_7Dof/install/apf_interfaces/share/apf_interfaces/msg/Distance.msg
[1.267s] -- Up-to-date symlink: /home/jang/2024_7Dof/install/apf_interfaces/share/apf_interfaces/srv/RRTSPoints.srv
[1.267s] -- Up-to-date symlink: /home/jang/2024_7Dof/install/apf_interfaces/share/apf_interfaces/srv/RRTSPoints_Request.msg
[1.267s] -- Up-to-date symlink: /home/jang/2024_7Dof/install/apf_interfaces/share/apf_interfaces/srv/RRTSPoints_Response.msg
[1.267s] -- Up-to-date symlink: /home/jang/2024_7Dof/install/apf_interfaces/share/ament_index/resource_index/package_run_dependencies/apf_interfaces
[1.267s] -- Up-to-date symlink: /home/jang/2024_7Dof/install/apf_interfaces/share/ament_index/resource_index/parent_prefix_path/apf_interfaces
[1.268s] -- Up-to-date symlink: /home/jang/2024_7Dof/install/apf_interfaces/share/apf_interfaces/environment/ament_prefix_path.sh
[1.268s] -- Up-to-date symlink: /home/jang/2024_7Dof/install/apf_interfaces/share/apf_interfaces/environment/ament_prefix_path.dsv
[1.268s] -- Up-to-date symlink: /home/jang/2024_7Dof/install/apf_interfaces/share/apf_interfaces/environment/path.sh
[1.268s] -- Up-to-date symlink: /home/jang/2024_7Dof/install/apf_interfaces/share/apf_interfaces/environment/path.dsv
[1.268s] -- Up-to-date symlink: /home/jang/2024_7Dof/install/apf_interfaces/share/apf_interfaces/local_setup.bash
[1.268s] -- Up-to-date symlink: /home/jang/2024_7Dof/install/apf_interfaces/share/apf_interfaces/local_setup.sh
[1.268s] -- Up-to-date symlink: /home/jang/2024_7Dof/install/apf_interfaces/share/apf_interfaces/local_setup.zsh
[1.268s] -- Up-to-date symlink: /home/jang/2024_7Dof/install/apf_interfaces/share/apf_interfaces/local_setup.dsv
[1.268s] -- Symlinking: /home/jang/2024_7Dof/install/apf_interfaces/share/apf_interfaces/package.dsv
[1.295s] -- Up-to-date symlink: /home/jang/2024_7Dof/install/apf_interfaces/share/ament_index/resource_index/packages/apf_interfaces
[1.295s] -- Up-to-date symlink: /home/jang/2024_7Dof/install/apf_interfaces/share/apf_interfaces/cmake/rosidl_cmake-extras.cmake
[1.295s] -- Up-to-date symlink: /home/jang/2024_7Dof/install/apf_interfaces/share/apf_interfaces/cmake/ament_cmake_export_dependencies-extras.cmake
[1.295s] -- Up-to-date symlink: /home/jang/2024_7Dof/install/apf_interfaces/share/apf_interfaces/cmake/ament_cmake_export_include_directories-extras.cmake
[1.295s] -- Up-to-date symlink: /home/jang/2024_7Dof/install/apf_interfaces/share/apf_interfaces/cmake/ament_cmake_export_libraries-extras.cmake
[1.295s] -- Up-to-date symlink: /home/jang/2024_7Dof/install/apf_interfaces/share/apf_interfaces/cmake/ament_cmake_export_targets-extras.cmake
[1.295s] -- Up-to-date symlink: /home/jang/2024_7Dof/install/apf_interfaces/share/apf_interfaces/cmake/rosidl_cmake_export_typesupport_targets-extras.cmake
[1.296s] -- Up-to-date symlink: /home/jang/2024_7Dof/install/apf_interfaces/share/apf_interfaces/cmake/rosidl_cmake_export_typesupport_libraries-extras.cmake
[1.296s] -- Up-to-date symlink: /home/jang/2024_7Dof/install/apf_interfaces/share/apf_interfaces/cmake/apf_interfacesConfig.cmake
[1.296s] -- Up-to-date symlink: /home/jang/2024_7Dof/install/apf_interfaces/share/apf_interfaces/cmake/apf_interfacesConfig-version.cmake
[1.296s] -- Up-to-date symlink: /home/jang/2024_7Dof/install/apf_interfaces/share/apf_interfaces/package.xml
[1.296s] -- Up-to-date: /home/jang/2024_7Dof/install/apf_interfaces/lib/libapf_interfaces__rosidl_generator_c.so
[1.296s] -- Up-to-date: /home/jang/2024_7Dof/install/apf_interfaces/lib/libapf_interfaces__rosidl_typesupport_fastrtps_c.so
[1.299s] -- Up-to-date: /home/jang/2024_7Dof/install/apf_interfaces/lib/libapf_interfaces__rosidl_typesupport_fastrtps_cpp.so
[1.304s] -- Up-to-date: /home/jang/2024_7Dof/install/apf_interfaces/lib/libapf_interfaces__rosidl_typesupport_introspection_c.so
[1.307s] -- Up-to-date: /home/jang/2024_7Dof/install/apf_interfaces/lib/libapf_interfaces__rosidl_typesupport_c.so
[1.308s] -- Up-to-date: /home/jang/2024_7Dof/install/apf_interfaces/lib/libapf_interfaces__rosidl_typesupport_introspection_cpp.so
[1.311s] -- Up-to-date: /home/jang/2024_7Dof/install/apf_interfaces/lib/libapf_interfaces__rosidl_typesupport_cpp.so
[1.444s] Listing '/home/jang/2024_7Dof/install/apf_interfaces/local/lib/python3.10/dist-packages/apf_interfaces'...
[1.444s] Listing '/home/jang/2024_7Dof/install/apf_interfaces/local/lib/python3.10/dist-packages/apf_interfaces/msg'...
[1.445s] Listing '/home/jang/2024_7Dof/install/apf_interfaces/local/lib/python3.10/dist-packages/apf_interfaces/srv'...
[1.465s] -- Up-to-date: /home/jang/2024_7Dof/install/apf_interfaces/lib/libapf_interfaces__rosidl_generator_py.so
[1.465s] -- Up-to-date: /home/jang/2024_7Dof/install/apf_interfaces/share/apf_interfaces/cmake/export_apf_interfaces__rosidl_generator_cExport.cmake
[1.465s] -- Up-to-date: /home/jang/2024_7Dof/install/apf_interfaces/share/apf_interfaces/cmake/export_apf_interfaces__rosidl_generator_cExport-release.cmake
[1.466s] -- Up-to-date: /home/jang/2024_7Dof/install/apf_interfaces/share/apf_interfaces/cmake/export_apf_interfaces__rosidl_typesupport_fastrtps_cExport.cmake
[1.466s] -- Up-to-date: /home/jang/2024_7Dof/install/apf_interfaces/share/apf_interfaces/cmake/export_apf_interfaces__rosidl_typesupport_fastrtps_cExport-release.cmake
[1.466s] -- Up-to-date: /home/jang/2024_7Dof/install/apf_interfaces/share/apf_interfaces/cmake/export_apf_interfaces__rosidl_generator_cppExport.cmake
[1.466s] -- Up-to-date: /home/jang/2024_7Dof/install/apf_interfaces/share/apf_interfaces/cmake/export_apf_interfaces__rosidl_typesupport_fastrtps_cppExport.cmake
[1.466s] -- Up-to-date: /home/jang/2024_7Dof/install/apf_interfaces/share/apf_interfaces/cmake/export_apf_interfaces__rosidl_typesupport_fastrtps_cppExport-release.cmake
[1.467s] -- Up-to-date: /home/jang/2024_7Dof/install/apf_interfaces/share/apf_interfaces/cmake/apf_interfaces__rosidl_typesupport_introspection_cExport.cmake
[1.467s] -- Up-to-date: /home/jang/2024_7Dof/install/apf_interfaces/share/apf_interfaces/cmake/apf_interfaces__rosidl_typesupport_introspection_cExport-release.cmake
[1.467s] -- Up-to-date: /home/jang/2024_7Dof/install/apf_interfaces/share/apf_interfaces/cmake/apf_interfaces__rosidl_typesupport_cExport.cmake
[1.467s] -- Up-to-date: /home/jang/2024_7Dof/install/apf_interfaces/share/apf_interfaces/cmake/apf_interfaces__rosidl_typesupport_cExport-release.cmake
[1.467s] -- Up-to-date: /home/jang/2024_7Dof/install/apf_interfaces/share/apf_interfaces/cmake/apf_interfaces__rosidl_typesupport_introspection_cppExport.cmake
[1.467s] -- Up-to-date: /home/jang/2024_7Dof/install/apf_interfaces/share/apf_interfaces/cmake/apf_interfaces__rosidl_typesupport_introspection_cppExport-release.cmake
[1.467s] -- Up-to-date: /home/jang/2024_7Dof/install/apf_interfaces/share/apf_interfaces/cmake/apf_interfaces__rosidl_typesupport_cppExport.cmake
[1.467s] -- Up-to-date: /home/jang/2024_7Dof/install/apf_interfaces/share/apf_interfaces/cmake/apf_interfaces__rosidl_typesupport_cppExport-release.cmake
[1.467s] -- Up-to-date: /home/jang/2024_7Dof/install/apf_interfaces/share/apf_interfaces/cmake/export_apf_interfaces__rosidl_generator_pyExport.cmake
[1.467s] -- Up-to-date: /home/jang/2024_7Dof/install/apf_interfaces/share/apf_interfaces/cmake/export_apf_interfaces__rosidl_generator_pyExport-release.cmake
[1.476s] Invoked command in '/home/jang/2024_7Dof/build/apf_interfaces' returned '0': CMAKE_PREFIX_PATH=${CMAKE_PREFIX_PATH}:/home/jang/2024_7Dof/install/apf_nodes:/opt/ros/humble /usr/bin/cmake --install /home/jang/2024_7Dof/build/apf_interfaces
