[0.023s] Invoking command in '/home/jang/2024_7Dof/build/apf_interfaces': CMAKE_PREFIX_PATH=${CMAKE_PREFIX_PATH}:/home/jang/2024_7Dof/install/apf_nodes:/opt/ros/humble /usr/bin/cmake --build /home/jang/2024_7Dof/build/apf_interfaces -- -j16 -l16
[0.202s] Invoked command in '/home/jang/2024_7Dof/build/apf_interfaces' returned '0': CMAKE_PREFIX_PATH=${CMAKE_PREFIX_PATH}:/home/jang/2024_7Dof/install/apf_nodes:/opt/ros/humble /usr/bin/cmake --build /home/jang/2024_7Dof/build/apf_interfaces -- -j16 -l16
[0.358s] Invoking command in '/home/jang/2024_7Dof/build/apf_interfaces': CMAKE_PREFIX_PATH=${CMAKE_PREFIX_PATH}:/home/jang/2024_7Dof/install/apf_nodes:/opt/ros/humble /usr/bin/cmake --install /home/jang/2024_7Dof/build/apf_interfaces
[0.410s] -- Install configuration: "Release"
[0.413s] -- Execute custom install script
[0.415s] -- Up-to-date symlink: /home/jang/2024_7Dof/install/apf_interfaces/share/ament_index/resource_index/package_run_dependencies/apf_interfaces
[0.417s] -- Up-to-date symlink: /home/jang/2024_7Dof/install/apf_interfaces/share/ament_index/resource_index/parent_prefix_path/apf_interfaces
[0.422s] -- Up-to-date symlink: /home/jang/2024_7Dof/install/apf_interfaces/share/apf_interfaces/environment/ament_prefix_path.sh
[0.423s] -- Up-to-date symlink: /home/jang/2024_7Dof/install/apf_interfaces/share/apf_interfaces/environment/ament_prefix_path.dsv
[0.435s] -- Up-to-date symlink: /home/jang/2024_7Dof/install/apf_interfaces/share/apf_interfaces/environment/path.sh
[0.436s] -- Up-to-date symlink: /home/jang/2024_7Dof/install/apf_interfaces/share/apf_interfaces/environment/path.dsv
[0.442s] -- Up-to-date symlink: /home/jang/2024_7Dof/install/apf_interfaces/share/apf_interfaces/local_setup.bash
[0.443s] -- Up-to-date symlink: /home/jang/2024_7Dof/install/apf_interfaces/share/apf_interfaces/local_setup.sh
[0.443s] -- Up-to-date symlink: /home/jang/2024_7Dof/install/apf_interfaces/share/apf_interfaces/local_setup.zsh
[0.446s] -- Up-to-date symlink: /home/jang/2024_7Dof/install/apf_interfaces/share/apf_interfaces/local_setup.dsv
[0.447s] -- Symlinking: /home/jang/2024_7Dof/install/apf_interfaces/share/apf_interfaces/package.dsv
[0.506s] -- Up-to-date symlink: /home/jang/2024_7Dof/install/apf_interfaces/share/ament_index/resource_index/packages/apf_interfaces
[0.506s] -- Up-to-date symlink: /home/jang/2024_7Dof/install/apf_interfaces/share/apf_interfaces/cmake/apf_interfacesConfig.cmake
[0.507s] -- Up-to-date symlink: /home/jang/2024_7Dof/install/apf_interfaces/share/apf_interfaces/cmake/apf_interfacesConfig-version.cmake
[0.510s] -- Up-to-date symlink: /home/jang/2024_7Dof/install/apf_interfaces/share/apf_interfaces/package.xml
[0.527s] Invoked command in '/home/jang/2024_7Dof/build/apf_interfaces' returned '0': CMAKE_PREFIX_PATH=${CMAKE_PREFIX_PATH}:/home/jang/2024_7Dof/install/apf_nodes:/opt/ros/humble /usr/bin/cmake --install /home/jang/2024_7Dof/build/apf_interfaces
