[0.181s] Invoking command in '/home/jang/2024_7Dof/build/iiwa_moveit2': CMAKE_PREFIX_PATH=${CMAKE_PREFIX_PATH}:/home/jang/2024_7Dof/install/apf_nodes:/opt/ros/humble /usr/bin/cmake --build /home/jang/2024_7Dof/build/iiwa_moveit2 -- -j16 -l16
[0.527s] [ 33%] Built target servo_controller_input
[0.585s] [ 66%] Built target servo_node
[0.591s] [100%] Built target pose_tracking_servo_node
[0.691s] Invoked command in '/home/jang/2024_7Dof/build/iiwa_moveit2' returned '0': CMAKE_PREFIX_PATH=${CMAKE_PREFIX_PATH}:/home/jang/2024_7Dof/install/apf_nodes:/opt/ros/humble /usr/bin/cmake --build /home/jang/2024_7Dof/build/iiwa_moveit2 -- -j16 -l16
[0.768s] Invoking command in '/home/jang/2024_7Dof/build/iiwa_moveit2': CMAKE_PREFIX_PATH=${CMAKE_PREFIX_PATH}:/home/jang/2024_7Dof/install/apf_nodes:/opt/ros/humble /usr/bin/cmake --install /home/jang/2024_7Dof/build/iiwa_moveit2
[0.832s] -- Install configuration: "Release"
[0.837s] -- Execute custom install script
[0.850s] -- Up-to-date symlink: /home/jang/2024_7Dof/install/iiwa_moveit2/lib/iiwa_moveit2/pose_tracking_servo_node
[0.851s] -- Up-to-date symlink: /home/jang/2024_7Dof/install/iiwa_moveit2/lib/iiwa_moveit2/servo_node
[0.851s] -- Up-to-date symlink: /home/jang/2024_7Dof/install/iiwa_moveit2/share/iiwa_moveit2/environment/library_path.sh
[0.852s] -- Up-to-date symlink: /home/jang/2024_7Dof/install/iiwa_moveit2/share/iiwa_moveit2/environment/library_path.dsv
[0.853s] -- Up-to-date symlink: /home/jang/2024_7Dof/install/iiwa_moveit2/share/ament_index/resource_index/package_run_dependencies/iiwa_moveit2
[0.853s] -- Up-to-date symlink: /home/jang/2024_7Dof/install/iiwa_moveit2/share/ament_index/resource_index/parent_prefix_path/iiwa_moveit2
[0.854s] -- Up-to-date symlink: /home/jang/2024_7Dof/install/iiwa_moveit2/share/iiwa_moveit2/environment/ament_prefix_path.sh
[0.854s] -- Up-to-date symlink: /home/jang/2024_7Dof/install/iiwa_moveit2/share/iiwa_moveit2/environment/ament_prefix_path.dsv
[0.854s] -- Up-to-date symlink: /home/jang/2024_7Dof/install/iiwa_moveit2/share/iiwa_moveit2/environment/path.sh
[0.854s] -- Up-to-date symlink: /home/jang/2024_7Dof/install/iiwa_moveit2/share/iiwa_moveit2/environment/path.dsv
[0.855s] -- Up-to-date symlink: /home/jang/2024_7Dof/install/iiwa_moveit2/share/iiwa_moveit2/local_setup.bash
[0.855s] -- Up-to-date symlink: /home/jang/2024_7Dof/install/iiwa_moveit2/share/iiwa_moveit2/local_setup.sh
[0.856s] -- Up-to-date symlink: /home/jang/2024_7Dof/install/iiwa_moveit2/share/iiwa_moveit2/local_setup.zsh
[0.857s] -- Up-to-date symlink: /home/jang/2024_7Dof/install/iiwa_moveit2/share/iiwa_moveit2/local_setup.dsv
[0.857s] -- Symlinking: /home/jang/2024_7Dof/install/iiwa_moveit2/share/iiwa_moveit2/package.dsv
[0.883s] -- Up-to-date symlink: /home/jang/2024_7Dof/install/iiwa_moveit2/share/ament_index/resource_index/packages/iiwa_moveit2
[0.884s] -- Up-to-date symlink: /home/jang/2024_7Dof/install/iiwa_moveit2/share/ament_index/resource_index/rclcpp_components/iiwa_moveit2
[0.888s] -- Up-to-date symlink: /home/jang/2024_7Dof/install/iiwa_moveit2/share/iiwa_moveit2/cmake/ament_cmake_export_targets-extras.cmake
[0.889s] -- Up-to-date symlink: /home/jang/2024_7Dof/install/iiwa_moveit2/share/iiwa_moveit2/cmake/ament_cmake_export_dependencies-extras.cmake
[0.890s] -- Up-to-date symlink: /home/jang/2024_7Dof/install/iiwa_moveit2/share/iiwa_moveit2/cmake/iiwa_moveit2Config.cmake
[0.890s] -- Up-to-date symlink: /home/jang/2024_7Dof/install/iiwa_moveit2/share/iiwa_moveit2/cmake/iiwa_moveit2Config-version.cmake
[0.891s] -- Up-to-date symlink: /home/jang/2024_7Dof/install/iiwa_moveit2/share/iiwa_moveit2/package.xml
[0.891s] -- Up-to-date: /home/jang/2024_7Dof/install/iiwa_moveit2/lib/libservo_controller_input.so
[0.892s] -- Up-to-date: /home/jang/2024_7Dof/install/iiwa_moveit2/share/iiwa_moveit2/cmake/export_iiwa_moveit2Export.cmake
[0.898s] -- Up-to-date: /home/jang/2024_7Dof/install/iiwa_moveit2/share/iiwa_moveit2/cmake/export_iiwa_moveit2Export-release.cmake
[1.039s] Invoked command in '/home/jang/2024_7Dof/build/iiwa_moveit2' returned '0': CMAKE_PREFIX_PATH=${CMAKE_PREFIX_PATH}:/home/jang/2024_7Dof/install/apf_nodes:/opt/ros/humble /usr/bin/cmake --install /home/jang/2024_7Dof/build/iiwa_moveit2
