[0.291s] Invoking command in '/home/jang/2024_7Dof/build/external_torque_sensor_broadcaster': CMAKE_PREFIX_PATH=${CMAKE_PREFIX_PATH}:/home/jang/2024_7Dof/install/apf_nodes:/opt/ros/humble /usr/bin/cmake --build /home/jang/2024_7Dof/build/external_torque_sensor_broadcaster -- -j16 -l16
[0.469s] [100%] Built target external_torque_sensor_broadcaster
[0.541s] Invoked command in '/home/jang/2024_7Dof/build/external_torque_sensor_broadcaster' returned '0': CMAKE_PREFIX_PATH=${CMAKE_PREFIX_PATH}:/home/jang/2024_7Dof/install/apf_nodes:/opt/ros/humble /usr/bin/cmake --build /home/jang/2024_7Dof/build/external_torque_sensor_broadcaster -- -j16 -l16
[0.566s] Invoking command in '/home/jang/2024_7Dof/build/external_torque_sensor_broadcaster': CMAKE_PREFIX_PATH=${CMAKE_PREFIX_PATH}:/home/jang/2024_7Dof/install/apf_nodes:/opt/ros/humble /usr/bin/cmake --install /home/jang/2024_7Dof/build/external_torque_sensor_broadcaster
[0.572s] -- Install configuration: "Release"
[0.572s] -- Execute custom install script
[0.572s] -- Up-to-date symlink: /home/jang/2024_7Dof/install/external_torque_sensor_broadcaster/share/external_torque_sensor_broadcaster//external_torque_sensor_broadcaster.xml
[0.575s] -- Up-to-date symlink: /home/jang/2024_7Dof/install/external_torque_sensor_broadcaster/lib/libexternal_torque_sensor_broadcaster.so
[0.577s] -- Up-to-date symlink: /home/jang/2024_7Dof/install/external_torque_sensor_broadcaster/include/external_torque_sensor_broadcaster/external_torque_sensor.hpp
[0.579s] -- Up-to-date symlink: /home/jang/2024_7Dof/install/external_torque_sensor_broadcaster/include/external_torque_sensor_broadcaster/external_torque_sensor_broadcaster.hpp
[0.583s] -- Up-to-date symlink: /home/jang/2024_7Dof/install/external_torque_sensor_broadcaster/include/external_torque_sensor_broadcaster/visibility_control.h
[0.584s] -- Up-to-date symlink: /home/jang/2024_7Dof/install/external_torque_sensor_broadcaster/share/external_torque_sensor_broadcaster/environment/library_path.sh
[0.584s] -- Up-to-date symlink: /home/jang/2024_7Dof/install/external_torque_sensor_broadcaster/share/external_torque_sensor_broadcaster/environment/library_path.dsv
[0.584s] -- Up-to-date symlink: /home/jang/2024_7Dof/install/external_torque_sensor_broadcaster/share/ament_index/resource_index/package_run_dependencies/external_torque_sensor_broadcaster
[0.584s] -- Up-to-date symlink: /home/jang/2024_7Dof/install/external_torque_sensor_broadcaster/share/ament_index/resource_index/parent_prefix_path/external_torque_sensor_broadcaster
[0.584s] -- Up-to-date symlink: /home/jang/2024_7Dof/install/external_torque_sensor_broadcaster/share/external_torque_sensor_broadcaster/environment/ament_prefix_path.sh
[0.584s] -- Up-to-date symlink: /home/jang/2024_7Dof/install/external_torque_sensor_broadcaster/share/external_torque_sensor_broadcaster/environment/ament_prefix_path.dsv
[0.584s] -- Up-to-date symlink: /home/jang/2024_7Dof/install/external_torque_sensor_broadcaster/share/external_torque_sensor_broadcaster/environment/path.sh
[0.584s] -- Up-to-date symlink: /home/jang/2024_7Dof/install/external_torque_sensor_broadcaster/share/external_torque_sensor_broadcaster/environment/path.dsv
[0.584s] -- Up-to-date symlink: /home/jang/2024_7Dof/install/external_torque_sensor_broadcaster/share/external_torque_sensor_broadcaster/local_setup.bash
[0.584s] -- Up-to-date symlink: /home/jang/2024_7Dof/install/external_torque_sensor_broadcaster/share/external_torque_sensor_broadcaster/local_setup.sh
[0.584s] -- Up-to-date symlink: /home/jang/2024_7Dof/install/external_torque_sensor_broadcaster/share/external_torque_sensor_broadcaster/local_setup.zsh
[0.584s] -- Up-to-date symlink: /home/jang/2024_7Dof/install/external_torque_sensor_broadcaster/share/external_torque_sensor_broadcaster/local_setup.dsv
[0.584s] -- Symlinking: /home/jang/2024_7Dof/install/external_torque_sensor_broadcaster/share/external_torque_sensor_broadcaster/package.dsv
[0.592s] -- Up-to-date symlink: /home/jang/2024_7Dof/install/external_torque_sensor_broadcaster/share/ament_index/resource_index/packages/external_torque_sensor_broadcaster
[0.592s] -- Up-to-date symlink: /home/jang/2024_7Dof/install/external_torque_sensor_broadcaster/share/ament_index/resource_index/controller_interface__pluginlib__plugin/external_torque_sensor_broadcaster
[0.592s] -- Up-to-date symlink: /home/jang/2024_7Dof/install/external_torque_sensor_broadcaster/share/external_torque_sensor_broadcaster/cmake/ament_cmake_export_include_directories-extras.cmake
[0.592s] -- Up-to-date symlink: /home/jang/2024_7Dof/install/external_torque_sensor_broadcaster/share/external_torque_sensor_broadcaster/cmake/ament_cmake_export_libraries-extras.cmake
[0.592s] -- Up-to-date symlink: /home/jang/2024_7Dof/install/external_torque_sensor_broadcaster/share/external_torque_sensor_broadcaster/cmake/ament_cmake_export_dependencies-extras.cmake
[0.593s] -- Up-to-date symlink: /home/jang/2024_7Dof/install/external_torque_sensor_broadcaster/share/external_torque_sensor_broadcaster/cmake/external_torque_sensor_broadcasterConfig.cmake
[0.594s] -- Up-to-date symlink: /home/jang/2024_7Dof/install/external_torque_sensor_broadcaster/share/external_torque_sensor_broadcaster/cmake/external_torque_sensor_broadcasterConfig-version.cmake
[0.594s] -- Up-to-date symlink: /home/jang/2024_7Dof/install/external_torque_sensor_broadcaster/share/external_torque_sensor_broadcaster/package.xml
[0.602s] Invoked command in '/home/jang/2024_7Dof/build/external_torque_sensor_broadcaster' returned '0': CMAKE_PREFIX_PATH=${CMAKE_PREFIX_PATH}:/home/jang/2024_7Dof/install/apf_nodes:/opt/ros/humble /usr/bin/cmake --install /home/jang/2024_7Dof/build/external_torque_sensor_broadcaster
