[0.018s] Invoking command in '/home/jang/2024_7Dof/build/iiwa_description': CMAKE_PREFIX_PATH=${CMAKE_PREFIX_PATH}:/home/jang/2024_7Dof/install/apf_nodes:/opt/ros/humble /usr/bin/cmake /home/jang/2024_7Dof/src/iiwa_ros2/iiwa_description -DCMAKE_BUILD_TYPE=Release -DAMENT_CMAKE_SYMLINK_INSTALL=1 -DCMAKE_INSTALL_PREFIX=/home/jang/2024_7Dof/install/iiwa_description
[0.217s] -- The C compiler identification is GNU 11.4.0
[0.217s] -- The CXX compiler identification is GNU 11.4.0
[0.217s] -- Detecting C compiler ABI info
[0.217s] -- Detecting C compiler ABI info - done
[0.217s] -- Check for working C compiler: /usr/bin/cc - skipped
[0.217s] -- Detecting C compile features
[0.217s] -- Detecting C compile features - done
[0.217s] -- Detecting CXX compiler ABI info
[0.268s] -- Detecting CXX compiler ABI info - done
[0.276s] -- Check for working CXX compiler: /usr/bin/c++ - skipped
[0.276s] -- Detecting CXX compile features
[0.277s] -- Detecting CXX compile features - done
[0.280s] -- Found ament_cmake: 1.3.10 (/opt/ros/humble/share/ament_cmake/cmake)
[0.441s] -- Found Python3: /usr/bin/python3 (found version "3.10.12") found components: Interpreter 
[0.523s] -- Override CMake install command with custom implementation using symlinks instead of copying resources
[0.561s] -- Found ament_cmake_gtest: 1.3.10 (/opt/ros/humble/share/ament_cmake_gtest/cmake)
[0.562s] -- Found ament_lint_auto: 0.12.11 (/opt/ros/humble/share/ament_lint_auto/cmake)
[0.673s] -- Added test 'copyright' to check source files copyright and LICENSE
[0.680s] -- Added test 'lint_cmake' to check CMake code style
[0.685s] -- Added test 'xmllint' to check XML markup files
[0.687s] -- Configuring done
[0.691s] -- Generating done
[0.692s] -- Build files have been written to: /home/jang/2024_7Dof/build/iiwa_description
[0.698s] Invoked command in '/home/jang/2024_7Dof/build/iiwa_description' returned '0': CMAKE_PREFIX_PATH=${CMAKE_PREFIX_PATH}:/home/jang/2024_7Dof/install/apf_nodes:/opt/ros/humble /usr/bin/cmake /home/jang/2024_7Dof/src/iiwa_ros2/iiwa_description -DCMAKE_BUILD_TYPE=Release -DAMENT_CMAKE_SYMLINK_INSTALL=1 -DCMAKE_INSTALL_PREFIX=/home/jang/2024_7Dof/install/iiwa_description
[0.701s] Invoking command in '/home/jang/2024_7Dof/build/iiwa_description': CMAKE_PREFIX_PATH=${CMAKE_PREFIX_PATH}:/home/jang/2024_7Dof/install/apf_nodes:/opt/ros/humble /usr/bin/cmake --build /home/jang/2024_7Dof/build/iiwa_description -- -j16 -l16
[0.752s] Invoked command in '/home/jang/2024_7Dof/build/iiwa_description' returned '0': CMAKE_PREFIX_PATH=${CMAKE_PREFIX_PATH}:/home/jang/2024_7Dof/install/apf_nodes:/opt/ros/humble /usr/bin/cmake --build /home/jang/2024_7Dof/build/iiwa_description -- -j16 -l16
[0.782s] Invoking command in '/home/jang/2024_7Dof/build/iiwa_description': CMAKE_PREFIX_PATH=${CMAKE_PREFIX_PATH}:/home/jang/2024_7Dof/install/apf_nodes:/opt/ros/humble /usr/bin/cmake --install /home/jang/2024_7Dof/build/iiwa_description
[0.791s] -- Install configuration: "Release"
[0.792s] -- Execute custom install script
[0.793s] -- Symlinking: /home/jang/2024_7Dof/install/iiwa_description/share/iiwa_description/urdf/iiwa.urdf.xacro
[0.805s] -- Symlinking: /home/jang/2024_7Dof/install/iiwa_description/share/iiwa_description/meshes/flex_fellow_h800/flex_fellow_h800.dae
[0.818s] -- Symlinking: /home/jang/2024_7Dof/install/iiwa_description/share/iiwa_description/meshes/flex_fellow_h800/flex_fellow_h800.stl
[0.831s] -- Symlinking: /home/jang/2024_7Dof/install/iiwa_description/share/iiwa_description/meshes/lbr_iiwa_14_r820/collision/base_link.stl
[0.842s] -- Symlinking: /home/jang/2024_7Dof/install/iiwa_description/share/iiwa_description/meshes/lbr_iiwa_14_r820/collision/link_1.stl
[0.853s] -- Symlinking: /home/jang/2024_7Dof/install/iiwa_description/share/iiwa_description/meshes/lbr_iiwa_14_r820/collision/link_2.stl
[0.864s] -- Symlinking: /home/jang/2024_7Dof/install/iiwa_description/share/iiwa_description/meshes/lbr_iiwa_14_r820/collision/link_3.stl
[0.875s] -- Symlinking: /home/jang/2024_7Dof/install/iiwa_description/share/iiwa_description/meshes/lbr_iiwa_14_r820/collision/link_4.stl
[0.886s] -- Symlinking: /home/jang/2024_7Dof/install/iiwa_description/share/iiwa_description/meshes/lbr_iiwa_14_r820/collision/link_5.stl
[0.897s] -- Symlinking: /home/jang/2024_7Dof/install/iiwa_description/share/iiwa_description/meshes/lbr_iiwa_14_r820/collision/link_6.stl
[0.910s] -- Symlinking: /home/jang/2024_7Dof/install/iiwa_description/share/iiwa_description/meshes/lbr_iiwa_14_r820/collision/link_7.stl
[0.924s] -- Symlinking: /home/jang/2024_7Dof/install/iiwa_description/share/iiwa_description/meshes/lbr_iiwa_14_r820/collision/link_7_2.stl
[0.937s] -- Symlinking: /home/jang/2024_7Dof/install/iiwa_description/share/iiwa_description/meshes/lbr_iiwa_14_r820/link_7_2.stl
[0.946s] -- Symlinking: /home/jang/2024_7Dof/install/iiwa_description/share/iiwa_description/meshes/lbr_iiwa_14_r820/visual/base_link.dae
[0.958s] -- Symlinking: /home/jang/2024_7Dof/install/iiwa_description/share/iiwa_description/meshes/lbr_iiwa_14_r820/visual/link_1.dae
[0.966s] -- Symlinking: /home/jang/2024_7Dof/install/iiwa_description/share/iiwa_description/meshes/lbr_iiwa_14_r820/visual/link_2.dae
[0.978s] -- Symlinking: /home/jang/2024_7Dof/install/iiwa_description/share/iiwa_description/meshes/lbr_iiwa_14_r820/visual/link_3.dae
[0.991s] -- Symlinking: /home/jang/2024_7Dof/install/iiwa_description/share/iiwa_description/meshes/lbr_iiwa_14_r820/visual/link_4.dae
[0.999s] -- Symlinking: /home/jang/2024_7Dof/install/iiwa_description/share/iiwa_description/meshes/lbr_iiwa_14_r820/visual/link_5.dae
[1.009s] -- Symlinking: /home/jang/2024_7Dof/install/iiwa_description/share/iiwa_description/meshes/lbr_iiwa_14_r820/visual/link_6.dae
[1.018s] -- Symlinking: /home/jang/2024_7Dof/install/iiwa_description/share/iiwa_description/meshes/lbr_iiwa_14_r820/visual/link_7.dae
[1.029s] -- Symlinking: /home/jang/2024_7Dof/install/iiwa_description/share/iiwa_description/meshes/lbr_iiwa_14_r820/visual/link_7_2.stl
[1.042s] -- Symlinking: /home/jang/2024_7Dof/install/iiwa_description/share/iiwa_description/gazebo/iiwa.gazebo.xacro
[1.056s] -- Symlinking: /home/jang/2024_7Dof/install/iiwa_description/share/iiwa_description/gazebo/worlds/empty.world
[1.063s] -- Symlinking: /home/jang/2024_7Dof/install/iiwa_description/share/iiwa_description/gazebo/worlds/light.world
[1.076s] -- Symlinking: /home/jang/2024_7Dof/install/iiwa_description/share/iiwa_description/rviz/iiwa.rviz
[1.084s] -- Symlinking: /home/jang/2024_7Dof/install/iiwa_description/share/iiwa_description/rviz/moveit.rviz
[1.094s] -- Symlinking: /home/jang/2024_7Dof/install/iiwa_description/share/iiwa_description/rviz/servo_rviz_config.rviz
[1.107s] -- Symlinking: /home/jang/2024_7Dof/install/iiwa_description/share/iiwa_description/ros2_control/iiwa.r2c_hardware.xacro
[1.118s] -- Symlinking: /home/jang/2024_7Dof/install/iiwa_description/share/iiwa_description/ros2_control/iiwa.r2c_hw_ds.xacro
[1.128s] -- Symlinking: /home/jang/2024_7Dof/install/iiwa_description/share/iiwa_description/config/base_frame.yaml
[1.137s] -- Symlinking: /home/jang/2024_7Dof/install/iiwa_description/share/iiwa_description/config/iiwa.config.xacro
[1.146s] -- Symlinking: /home/jang/2024_7Dof/install/iiwa_description/share/iiwa_description/config/iiwa_controllers.yaml
[1.157s] -- Symlinking: /home/jang/2024_7Dof/install/iiwa_description/share/iiwa_description/config/initial_positions.yaml
[1.168s] -- Symlinking: /home/jang/2024_7Dof/install/iiwa_description/share/iiwa_description/moveit2/iiwa_cartesian_limits.yaml
[1.179s] -- Symlinking: /home/jang/2024_7Dof/install/iiwa_description/share/iiwa_description/moveit2/iiwa_joint_limits.yaml
[1.191s] -- Symlinking: /home/jang/2024_7Dof/install/iiwa_description/share/iiwa_description/moveit2/iiwa_moveit2_pose_tracking_config.yaml
[1.197s] -- Symlinking: /home/jang/2024_7Dof/install/iiwa_description/share/iiwa_description/moveit2/iiwa_moveit2_pose_tracking_settings.yaml
[1.206s] -- Symlinking: /home/jang/2024_7Dof/install/iiwa_description/share/iiwa_description/moveit2/iiwa_moveit2_servo_config.yaml
[1.213s] -- Symlinking: /home/jang/2024_7Dof/install/iiwa_description/share/iiwa_description/moveit2/iiwa_moveit_controller_config.yaml
[1.224s] -- Symlinking: /home/jang/2024_7Dof/install/iiwa_description/share/iiwa_description/moveit2/kinematics.yaml
[1.232s] -- Symlinking: /home/jang/2024_7Dof/install/iiwa_description/share/iiwa_description/moveit2/ompl_planning.yaml
[1.242s] -- Symlinking: /home/jang/2024_7Dof/install/iiwa_description/share/iiwa_description/moveit2/planning_pipelines_config.yaml
[1.253s] -- Symlinking: /home/jang/2024_7Dof/install/iiwa_description/share/iiwa_description/srdf/iiwa.srdf.xacro
[1.261s] -- Symlinking: /home/jang/2024_7Dof/install/iiwa_description/share/iiwa_description/srdf/iiwa_macro.srdf.xacro
[1.272s] -- Symlinking: /home/jang/2024_7Dof/install/iiwa_description/share/iiwa_description/environment/iiwa_description.sh
[1.282s] -- Symlinking: /home/jang/2024_7Dof/install/iiwa_description/share/ament_index/resource_index/package_run_dependencies/iiwa_description
[1.293s] -- Symlinking: /home/jang/2024_7Dof/install/iiwa_description/share/ament_index/resource_index/parent_prefix_path/iiwa_description
[1.303s] -- Symlinking: /home/jang/2024_7Dof/install/iiwa_description/share/iiwa_description/environment/ament_prefix_path.sh
[1.314s] -- Symlinking: /home/jang/2024_7Dof/install/iiwa_description/share/iiwa_description/environment/ament_prefix_path.dsv
[1.324s] -- Symlinking: /home/jang/2024_7Dof/install/iiwa_description/share/iiwa_description/environment/path.sh
[1.337s] -- Symlinking: /home/jang/2024_7Dof/install/iiwa_description/share/iiwa_description/environment/path.dsv
[1.346s] -- Symlinking: /home/jang/2024_7Dof/install/iiwa_description/share/iiwa_description/local_setup.bash
[1.356s] -- Symlinking: /home/jang/2024_7Dof/install/iiwa_description/share/iiwa_description/local_setup.sh
[1.365s] -- Symlinking: /home/jang/2024_7Dof/install/iiwa_description/share/iiwa_description/local_setup.zsh
[1.378s] -- Symlinking: /home/jang/2024_7Dof/install/iiwa_description/share/iiwa_description/local_setup.dsv
[1.388s] -- Symlinking: /home/jang/2024_7Dof/install/iiwa_description/share/iiwa_description/package.dsv
[1.400s] -- Symlinking: /home/jang/2024_7Dof/install/iiwa_description/share/ament_index/resource_index/packages/iiwa_description
[1.412s] -- Symlinking: /home/jang/2024_7Dof/install/iiwa_description/share/iiwa_description/cmake/iiwa_descriptionConfig.cmake
[1.424s] -- Symlinking: /home/jang/2024_7Dof/install/iiwa_description/share/iiwa_description/cmake/iiwa_descriptionConfig-version.cmake
[1.435s] -- Symlinking: /home/jang/2024_7Dof/install/iiwa_description/share/iiwa_description/package.xml
[1.444s] Invoked command in '/home/jang/2024_7Dof/build/iiwa_description' returned '0': CMAKE_PREFIX_PATH=${CMAKE_PREFIX_PATH}:/home/jang/2024_7Dof/install/apf_nodes:/opt/ros/humble /usr/bin/cmake --install /home/jang/2024_7Dof/build/iiwa_description
