[1.403s] Invoking command in '/home/jang/2024_7Dof/build/apf_nodes': PYTHONPATH=/home/jang/2024_7Dof/build/apf_nodes/prefix_override:/usr/lib/python3/dist-packages/colcon_core/task/python/colcon_distutils_commands:/home/jang/2024_7Dof/install/apf_nodes/lib/python3.10/site-packages:${PYTHONPATH} /usr/bin/python3 -W ignore:setup.py install is deprecated setup.py develop --editable --build-directory /home/jang/2024_7Dof/build/apf_nodes/build --no-deps symlink_data
[1.902s] running develop
[1.902s] /usr/lib/python3/dist-packages/setuptools/command/easy_install.py:158: EasyInstallDeprecationWarning: easy_install command is deprecated. Use build and pip and other standards-based tools.
[1.902s]   warnings.warn(
[2.374s] running egg_info
[2.375s] creating apf_nodes.egg-info
[2.376s] writing apf_nodes.egg-info/PKG-INFO
[2.376s] writing dependency_links to apf_nodes.egg-info/dependency_links.txt
[2.377s] writing entry points to apf_nodes.egg-info/entry_points.txt
[2.377s] writing requirements to apf_nodes.egg-info/requires.txt
[2.378s] writing top-level names to apf_nodes.egg-info/top_level.txt
[2.378s] writing manifest file 'apf_nodes.egg-info/SOURCES.txt'
[2.384s] reading manifest file 'apf_nodes.egg-info/SOURCES.txt'
[2.386s] writing manifest file 'apf_nodes.egg-info/SOURCES.txt'
[2.394s] running build_ext
[2.394s] Creating /home/jang/2024_7Dof/install/apf_nodes/lib/python3.10/site-packages/apf-nodes.egg-link (link to .)
[2.395s] Installing jt_test_node script to /home/jang/2024_7Dof/install/apf_nodes/lib/apf_nodes
[2.395s] 
[2.395s] Installed /home/jang/2024_7Dof/build/apf_nodes
[2.395s] running symlink_data
[2.395s] creating /home/jang/2024_7Dof/install/apf_nodes/share/ament_index
[2.395s] creating /home/jang/2024_7Dof/install/apf_nodes/share/ament_index/resource_index
[2.395s] creating /home/jang/2024_7Dof/install/apf_nodes/share/ament_index/resource_index/packages
[2.395s] symbolically linking /home/jang/2024_7Dof/build/apf_nodes/resource/apf_nodes -> /home/jang/2024_7Dof/install/apf_nodes/share/ament_index/resource_index/packages
[2.395s] symbolically linking /home/jang/2024_7Dof/build/apf_nodes/package.xml -> /home/jang/2024_7Dof/install/apf_nodes/share/apf_nodes
[2.423s] Invoked command in '/home/jang/2024_7Dof/build/apf_nodes' returned '0': PYTHONPATH=/home/jang/2024_7Dof/build/apf_nodes/prefix_override:/usr/lib/python3/dist-packages/colcon_core/task/python/colcon_distutils_commands:/home/jang/2024_7Dof/install/apf_nodes/lib/python3.10/site-packages:${PYTHONPATH} /usr/bin/python3 -W ignore:setup.py install is deprecated setup.py develop --editable --build-directory /home/jang/2024_7Dof/build/apf_nodes/build --no-deps symlink_data
