[0.558s] Invoking command in '/home/jang/2024_7Dof/build/apf_nodes': PYTHONPATH=/home/jang/2024_7Dof/build/apf_nodes/prefix_override:/usr/lib/python3/dist-packages/colcon_core/task/python/colcon_distutils_commands:/home/jang/2024_7Dof/install/apf_nodes/lib/python3.10/site-packages:${PYTHONPATH} /usr/bin/python3 -W ignore:setup.py install is deprecated setup.py develop --editable --build-directory /home/jang/2024_7Dof/build/apf_nodes/build --no-deps symlink_data
[0.763s] running develop
[0.763s] /usr/lib/python3/dist-packages/setuptools/command/easy_install.py:158: EasyInstallDeprecationWarning: easy_install command is deprecated. Use build and pip and other standards-based tools.
[0.763s]   warnings.warn(
[0.889s] running egg_info
[0.889s] creating apf_nodes.egg-info
[0.889s] writing apf_nodes.egg-info/PKG-INFO
[0.889s] writing dependency_links to apf_nodes.egg-info/dependency_links.txt
[0.889s] writing entry points to apf_nodes.egg-info/entry_points.txt
[0.889s] writing requirements to apf_nodes.egg-info/requires.txt
[0.889s] writing top-level names to apf_nodes.egg-info/top_level.txt
[0.889s] writing manifest file 'apf_nodes.egg-info/SOURCES.txt'
[0.891s] reading manifest file 'apf_nodes.egg-info/SOURCES.txt'
[0.891s] writing manifest file 'apf_nodes.egg-info/SOURCES.txt'
[0.893s] running build_ext
[0.893s] Creating /home/jang/2024_7Dof/install/apf_nodes/lib/python3.10/site-packages/apf-nodes.egg-link (link to .)
[0.893s] Installing jt_test_node script to /home/jang/2024_7Dof/install/apf_nodes/lib/apf_nodes
[0.894s] 
[0.894s] Installed /home/jang/2024_7Dof/build/apf_nodes
[0.894s] running symlink_data
[0.894s] creating /home/jang/2024_7Dof/install/apf_nodes/share/ament_index
[0.894s] creating /home/jang/2024_7Dof/install/apf_nodes/share/ament_index/resource_index
[0.894s] creating /home/jang/2024_7Dof/install/apf_nodes/share/ament_index/resource_index/packages
[0.894s] symbolically linking /home/jang/2024_7Dof/build/apf_nodes/resource/apf_nodes -> /home/jang/2024_7Dof/install/apf_nodes/share/ament_index/resource_index/packages
[0.894s] symbolically linking /home/jang/2024_7Dof/build/apf_nodes/package.xml -> /home/jang/2024_7Dof/install/apf_nodes/share/apf_nodes
[0.928s] Invoked command in '/home/jang/2024_7Dof/build/apf_nodes' returned '0': PYTHONPATH=/home/jang/2024_7Dof/build/apf_nodes/prefix_override:/usr/lib/python3/dist-packages/colcon_core/task/python/colcon_distutils_commands:/home/jang/2024_7Dof/install/apf_nodes/lib/python3.10/site-packages:${PYTHONPATH} /usr/bin/python3 -W ignore:setup.py install is deprecated setup.py develop --editable --build-directory /home/jang/2024_7Dof/build/apf_nodes/build --no-deps symlink_data
