[0.170s] Invoking command in '/home/jang/2024_7Dof/build/culjaco': CMAKE_PREFIX_PATH=${CMAKE_PREFIX_PATH}:/home/jang/2024_7Dof/install/apf_nodes:/opt/ros/humble /usr/bin/cmake --build /home/jang/2024_7Dof/build/culjaco -- -j16 -l16
[0.208s] -- Found ament_cmake: 1.3.10 (/opt/ros/humble/share/ament_cmake/cmake)
[0.625s] -- Override CMake install command with custom implementation using symlinks instead of copying resources
[0.632s] -- Found rclcpp: 16.0.10 (/opt/ros/humble/share/rclcpp/cmake)
[0.708s] -- Found rosidl_generator_c: 3.1.5 (/opt/ros/humble/share/rosidl_generator_c/cmake)
[0.714s] -- Found rosidl_adapter: 3.1.5 (/opt/ros/humble/share/rosidl_adapter/cmake)
[0.750s] -- Found rosidl_generator_cpp: 3.1.5 (/opt/ros/humble/share/rosidl_generator_cpp/cmake)
[0.762s] -- Using all available rosidl_typesupport_c: rosidl_typesupport_fastrtps_c;rosidl_typesupport_introspection_c
[0.781s] -- Using all available rosidl_typesupport_cpp: rosidl_typesupport_fastrtps_cpp;rosidl_typesupport_introspection_cpp
[0.811s] -- Found rmw_implementation_cmake: 6.1.2 (/opt/ros/humble/share/rmw_implementation_cmake/cmake)
[0.813s] -- Found rmw_fastrtps_cpp: 6.2.7 (/opt/ros/humble/share/rmw_fastrtps_cpp/cmake)
[0.886s] -- Using RMW implementation 'rmw_fastrtps_cpp' as default
[0.913s] -- Found eigen3_cmake_module: 0.1.1 (/opt/ros/humble/share/eigen3_cmake_module/cmake)
[0.914s] -- Found sensor_msgs: 4.2.4 (/opt/ros/humble/share/sensor_msgs/cmake)
[0.944s] [33mCMake Warning at CMakeLists.txt:21 (find_package):
[0.944s]   By not providing "Findvector.cmake" in CMAKE_MODULE_PATH this project has
[0.944s]   asked CMake to find a package configuration file provided by "vector", but
[0.944s]   CMake did not find one.
[0.944s] 
[0.944s]   Could not find a package configuration file provided by "vector" with any
[0.944s]   of the following names:
[0.944s] 
[0.944s]     vectorConfig.cmake
[0.944s]     vector-config.cmake
[0.944s] 
[0.944s]   Add the installation prefix of "vector" to CMAKE_PREFIX_PATH or set
[0.944s]   "vector_DIR" to a directory containing one of the above files.  If "vector"
[0.944s]   provides a separate development package or SDK, be sure it has been
[0.944s]   installed.
[0.944s] 
[0.944s] [0m
[0.946s] -- Configuring incomplete, errors occurred!
[0.946s] See also "/home/jang/2024_7Dof/build/culjaco/CMakeFiles/CMakeOutput.log".
[0.946s] [31mCMake Error at /opt/ros/humble/share/ament_cmake_target_dependencies/cmake/ament_target_dependencies.cmake:77 (message):
[0.946s]   ament_target_dependencies() the passed package name 'vector' was not found
[0.946s]   before
[0.946s] Call Stack (most recent call first):
[0.946s]   CMakeLists.txt:44 (ament_target_dependencies)
[0.946s] 
[0.946s] [0m
[0.952s] gmake: *** [Makefile:431: cmake_check_build_system] Error 1
[0.954s] Invoked command in '/home/jang/2024_7Dof/build/culjaco' returned '2': CMAKE_PREFIX_PATH=${CMAKE_PREFIX_PATH}:/home/jang/2024_7Dof/install/apf_nodes:/opt/ros/humble /usr/bin/cmake --build /home/jang/2024_7Dof/build/culjaco -- -j16 -l16
