[0.192s] Invoking command in '/home/jang/2024_7Dof/build/impedance_controller': CMAKE_PREFIX_PATH=${CMAKE_PREFIX_PATH}:/home/jang/2024_7Dof/install/apf_nodes:/opt/ros/humble /usr/bin/cmake /home/jang/2024_7Dof/src/iiwa_ros2/iiwa_controllers/impedance_controller -DCMAKE_BUILD_TYPE=Release -DAMENT_CMAKE_SYMLINK_INSTALL=1 -DCMAKE_INSTALL_PREFIX=/home/jang/2024_7Dof/install/impedance_controller
[0.381s] -- The C compiler identification is GNU 11.4.0
[0.671s] -- The CXX compiler identification is GNU 11.4.0
[0.687s] -- Detecting C compiler ABI info
[0.933s] -- Detecting C compiler ABI info - done
[0.965s] -- Check for working C compiler: /usr/bin/cc - skipped
[0.965s] -- Detecting C compile features
[0.966s] -- Detecting C compile features - done
[0.979s] -- Detecting CXX compiler ABI info
[1.275s] -- Detecting CXX compiler ABI info - done
[1.290s] -- Check for working CXX compiler: /usr/bin/c++ - skipped
[1.291s] -- Detecting CXX compile features
[1.291s] -- Detecting CXX compile features - done
[1.303s] -- Found ament_cmake: 1.3.10 (/opt/ros/humble/share/ament_cmake/cmake)
[1.769s] -- Found Python3: /usr/bin/python3 (found version "3.10.12") found components: Interpreter 
[1.860s] -- Override CMake install command with custom implementation using symlinks instead of copying resources
[1.897s] -- Found controller_interface: 2.43.1 (/opt/ros/humble/share/controller_interface/cmake)
[1.988s] -- Found rosidl_generator_c: 3.1.5 (/opt/ros/humble/share/rosidl_generator_c/cmake)
[2.001s] -- Found rosidl_adapter: 3.1.5 (/opt/ros/humble/share/rosidl_adapter/cmake)
[2.026s] -- Found rosidl_generator_cpp: 3.1.5 (/opt/ros/humble/share/rosidl_generator_cpp/cmake)
[2.092s] -- Using all available rosidl_typesupport_c: rosidl_typesupport_fastrtps_c;rosidl_typesupport_introspection_c
[2.180s] -- Using all available rosidl_typesupport_cpp: rosidl_typesupport_fastrtps_cpp;rosidl_typesupport_introspection_cpp
[2.570s] -- Found rmw_implementation_cmake: 6.1.2 (/opt/ros/humble/share/rmw_implementation_cmake/cmake)
[2.572s] -- Found rmw_fastrtps_cpp: 6.2.7 (/opt/ros/humble/share/rmw_fastrtps_cpp/cmake)
[2.589s] -- Found TinyXML2 via Config file: TinyXML2_DIR-NOTFOUND
[2.639s] -- Found OpenSSL: /usr/lib/x86_64-linux-gnu/libcrypto.so (found version "3.0.2")  
[2.642s] -- Found TinyXML2 via Config file: TinyXML2_DIR-NOTFOUND
[2.659s] -- Found FastRTPS: /opt/ros/humble/include  
[2.670s] -- Found TinyXML2 via Config file: TinyXML2_DIR-NOTFOUND
[2.678s] -- Found TinyXML2 via Config file: TinyXML2_DIR-NOTFOUND
[2.689s] -- Using RMW implementation 'rmw_fastrtps_cpp' as default
[2.695s] -- Looking for pthread.h
[2.760s] -- Looking for pthread.h - found
[2.761s] -- Performing Test CMAKE_HAVE_LIBC_PTHREAD
[2.832s] -- Performing Test CMAKE_HAVE_LIBC_PTHREAD - Success
[2.833s] -- Found Threads: TRUE  
[2.869s] -- Found realtime_tools: 2.6.0 (/opt/ros/humble/share/realtime_tools/cmake)
[2.899s] -- Found ament_cmake_gtest: 1.3.10 (/opt/ros/humble/share/ament_cmake_gtest/cmake)
[2.900s] -- Found ament_lint_auto: 0.12.11 (/opt/ros/humble/share/ament_lint_auto/cmake)
[3.025s] -- Configuring done
[3.056s] -- Generating done
[3.058s] -- Build files have been written to: /home/jang/2024_7Dof/build/impedance_controller
[3.072s] Invoked command in '/home/jang/2024_7Dof/build/impedance_controller' returned '0': CMAKE_PREFIX_PATH=${CMAKE_PREFIX_PATH}:/home/jang/2024_7Dof/install/apf_nodes:/opt/ros/humble /usr/bin/cmake /home/jang/2024_7Dof/src/iiwa_ros2/iiwa_controllers/impedance_controller -DCMAKE_BUILD_TYPE=Release -DAMENT_CMAKE_SYMLINK_INSTALL=1 -DCMAKE_INSTALL_PREFIX=/home/jang/2024_7Dof/install/impedance_controller
[3.073s] Invoking command in '/home/jang/2024_7Dof/build/impedance_controller': CMAKE_PREFIX_PATH=${CMAKE_PREFIX_PATH}:/home/jang/2024_7Dof/install/apf_nodes:/opt/ros/humble /usr/bin/cmake --build /home/jang/2024_7Dof/build/impedance_controller -- -j16 -l16
[3.121s] [ 50%] [32mBuilding CXX object CMakeFiles/impedance_controller.dir/src/impedance_controller.cpp.o[0m
[16.585s] [100%] [32m[1mLinking CXX shared library libimpedance_controller.so[0m
[16.747s] [100%] Built target impedance_controller
[16.770s] Invoked command in '/home/jang/2024_7Dof/build/impedance_controller' returned '0': CMAKE_PREFIX_PATH=${CMAKE_PREFIX_PATH}:/home/jang/2024_7Dof/install/apf_nodes:/opt/ros/humble /usr/bin/cmake --build /home/jang/2024_7Dof/build/impedance_controller -- -j16 -l16
[16.791s] Invoking command in '/home/jang/2024_7Dof/build/impedance_controller': CMAKE_PREFIX_PATH=${CMAKE_PREFIX_PATH}:/home/jang/2024_7Dof/install/apf_nodes:/opt/ros/humble /usr/bin/cmake --install /home/jang/2024_7Dof/build/impedance_controller
[16.805s] -- Install configuration: "Release"
[16.806s] -- Execute custom install script
[16.806s] -- Symlinking: /home/jang/2024_7Dof/install/impedance_controller/share/impedance_controller//impedance_plugin.xml
[16.814s] -- Symlinking: /home/jang/2024_7Dof/install/impedance_controller/include/impedance_controller/impedance_controller.hpp
[16.821s] -- Symlinking: /home/jang/2024_7Dof/install/impedance_controller/include/impedance_controller/visibility_control.h
[16.828s] -- Symlinking: /home/jang/2024_7Dof/install/impedance_controller/lib/libimpedance_controller.so
[16.845s] -- Symlinking: /home/jang/2024_7Dof/install/impedance_controller/share/impedance_controller/environment/library_path.sh
[16.852s] -- Symlinking: /home/jang/2024_7Dof/install/impedance_controller/share/impedance_controller/environment/library_path.dsv
[16.860s] -- Symlinking: /home/jang/2024_7Dof/install/impedance_controller/share/ament_index/resource_index/package_run_dependencies/impedance_controller
[16.867s] -- Symlinking: /home/jang/2024_7Dof/install/impedance_controller/share/ament_index/resource_index/parent_prefix_path/impedance_controller
[16.879s] -- Symlinking: /home/jang/2024_7Dof/install/impedance_controller/share/impedance_controller/environment/ament_prefix_path.sh
[16.889s] -- Symlinking: /home/jang/2024_7Dof/install/impedance_controller/share/impedance_controller/environment/ament_prefix_path.dsv
[16.900s] -- Symlinking: /home/jang/2024_7Dof/install/impedance_controller/share/impedance_controller/environment/path.sh
[16.910s] -- Symlinking: /home/jang/2024_7Dof/install/impedance_controller/share/impedance_controller/environment/path.dsv
[16.921s] -- Symlinking: /home/jang/2024_7Dof/install/impedance_controller/share/impedance_controller/local_setup.bash
[16.932s] -- Symlinking: /home/jang/2024_7Dof/install/impedance_controller/share/impedance_controller/local_setup.sh
[16.942s] -- Symlinking: /home/jang/2024_7Dof/install/impedance_controller/share/impedance_controller/local_setup.zsh
[16.952s] -- Symlinking: /home/jang/2024_7Dof/install/impedance_controller/share/impedance_controller/local_setup.dsv
[16.963s] -- Symlinking: /home/jang/2024_7Dof/install/impedance_controller/share/impedance_controller/package.dsv
[16.974s] -- Symlinking: /home/jang/2024_7Dof/install/impedance_controller/share/ament_index/resource_index/packages/impedance_controller
[16.984s] -- Symlinking: /home/jang/2024_7Dof/install/impedance_controller/share/ament_index/resource_index/controller_interface__pluginlib__plugin/impedance_controller
[16.995s] -- Symlinking: /home/jang/2024_7Dof/install/impedance_controller/share/impedance_controller/cmake/ament_cmake_export_dependencies-extras.cmake
[17.002s] -- Symlinking: /home/jang/2024_7Dof/install/impedance_controller/share/impedance_controller/cmake/ament_cmake_export_include_directories-extras.cmake
[17.009s] -- Symlinking: /home/jang/2024_7Dof/install/impedance_controller/share/impedance_controller/cmake/ament_cmake_export_libraries-extras.cmake
[17.017s] -- Symlinking: /home/jang/2024_7Dof/install/impedance_controller/share/impedance_controller/cmake/impedance_controllerConfig.cmake
[17.024s] -- Symlinking: /home/jang/2024_7Dof/install/impedance_controller/share/impedance_controller/cmake/impedance_controllerConfig-version.cmake
[17.031s] -- Symlinking: /home/jang/2024_7Dof/install/impedance_controller/share/impedance_controller/package.xml
[17.041s] Invoked command in '/home/jang/2024_7Dof/build/impedance_controller' returned '0': CMAKE_PREFIX_PATH=${CMAKE_PREFIX_PATH}:/home/jang/2024_7Dof/install/apf_nodes:/opt/ros/humble /usr/bin/cmake --install /home/jang/2024_7Dof/build/impedance_controller
