[0.060s] DEBUG:colcon:Command line arguments: ['/usr/bin/colcon', 'build', '--cmake-args', '-DCMAKE_BUILD_TYPE=Release', '--symlink-install']
[0.060s] DEBUG:colcon:Parsed command line arguments: Namespace(log_base=None, log_level=None, verb_name='build', build_base='build', install_base='install', merge_install=False, symlink_install=True, test_result_base=None, continue_on_error=False, executor='parallel', parallel_workers=16, event_handlers=None, ignore_user_meta=False, metas=['./colcon.meta'], base_paths=['.'], packages_ignore=None, packages_ignore_regex=None, paths=None, packages_up_to=None, packages_up_to_regex=None, packages_above=None, packages_above_and_dependencies=None, packages_above_depth=None, packages_select_by_dep=None, packages_skip_by_dep=None, packages_skip_up_to=None, packages_select_build_failed=False, packages_skip_build_finished=False, packages_select_test_failures=False, packages_skip_test_passed=False, packages_select=None, packages_skip=None, packages_select_regex=None, packages_skip_regex=None, packages_start=None, packages_end=None, allow_overriding=[], cmake_args=['-DCMAKE_BUILD_TYPE=Release'], cmake_target=None, cmake_target_skip_unavailable=False, cmake_clean_cache=False, cmake_clean_first=False, cmake_force_configure=False, ament_cmake_args=None, catkin_cmake_args=None, catkin_skip_building_tests=False, mixin_files=None, mixin=None, verb_parser=<colcon_mixin.mixin.mixin_argument.MixinArgumentDecorator object at 0x77a89d043610>, verb_extension=<colcon_core.verb.build.BuildVerb object at 0x77a89d0428f0>, main=<bound method BuildVerb.main of <colcon_core.verb.build.BuildVerb object at 0x77a89d0428f0>>, mixin_verb=('build',))
[0.149s] Level 1:colcon.colcon_core.package_discovery:discover_packages(colcon_meta) check parameters
[0.150s] Level 1:colcon.colcon_core.package_discovery:discover_packages(recursive) check parameters
[0.150s] Level 1:colcon.colcon_core.package_discovery:discover_packages(ignore) check parameters
[0.150s] Level 1:colcon.colcon_core.package_discovery:discover_packages(path) check parameters
[0.150s] Level 1:colcon.colcon_core.package_discovery:discover_packages(colcon_meta) discover
[0.150s] Level 1:colcon.colcon_core.package_discovery:discover_packages(recursive) discover
[0.150s] INFO:colcon.colcon_core.package_discovery:Crawling recursively for packages in '/home/jang/2024_7Dof'
[0.150s] Level 1:colcon.colcon_core.package_identification:_identify(.) by extensions ['ignore', 'ignore_ament_install']
[0.150s] Level 1:colcon.colcon_core.package_identification:_identify(.) by extension 'ignore'
[0.150s] Level 1:colcon.colcon_core.package_identification:_identify(.) by extension 'ignore_ament_install'
[0.150s] Level 1:colcon.colcon_core.package_identification:_identify(.) by extensions ['colcon_pkg']
[0.150s] Level 1:colcon.colcon_core.package_identification:_identify(.) by extension 'colcon_pkg'
[0.150s] Level 1:colcon.colcon_core.package_identification:_identify(.) by extensions ['colcon_meta']
[0.150s] Level 1:colcon.colcon_core.package_identification:_identify(.) by extension 'colcon_meta'
[0.150s] Level 1:colcon.colcon_core.package_identification:_identify(.) by extensions ['ros']
[0.150s] Level 1:colcon.colcon_core.package_identification:_identify(.) by extension 'ros'
[0.164s] Level 1:colcon.colcon_core.package_identification:_identify(.) by extensions ['cmake', 'python']
[0.164s] Level 1:colcon.colcon_core.package_identification:_identify(.) by extension 'cmake'
[0.164s] Level 1:colcon.colcon_core.package_identification:_identify(.) by extension 'python'
[0.164s] Level 1:colcon.colcon_core.package_identification:_identify(.) by extensions ['python_setup_py']
[0.164s] Level 1:colcon.colcon_core.package_identification:_identify(.) by extension 'python_setup_py'
[0.164s] Level 1:colcon.colcon_core.package_identification:_identify(build) by extensions ['ignore', 'ignore_ament_install']
[0.164s] Level 1:colcon.colcon_core.package_identification:_identify(build) by extension 'ignore'
[0.164s] Level 1:colcon.colcon_core.package_identification:_identify(build) ignored
[0.165s] Level 1:colcon.colcon_core.package_identification:_identify(install) by extensions ['ignore', 'ignore_ament_install']
[0.165s] Level 1:colcon.colcon_core.package_identification:_identify(install) by extension 'ignore'
[0.165s] Level 1:colcon.colcon_core.package_identification:_identify(install) ignored
[0.165s] Level 1:colcon.colcon_core.package_identification:_identify(log) by extensions ['ignore', 'ignore_ament_install']
[0.165s] Level 1:colcon.colcon_core.package_identification:_identify(log) by extension 'ignore'
[0.165s] Level 1:colcon.colcon_core.package_identification:_identify(log) ignored
[0.165s] Level 1:colcon.colcon_core.package_identification:_identify(src) by extensions ['ignore', 'ignore_ament_install']
[0.165s] Level 1:colcon.colcon_core.package_identification:_identify(src) by extension 'ignore'
[0.165s] Level 1:colcon.colcon_core.package_identification:_identify(src) by extension 'ignore_ament_install'
[0.165s] Level 1:colcon.colcon_core.package_identification:_identify(src) by extensions ['colcon_pkg']
[0.165s] Level 1:colcon.colcon_core.package_identification:_identify(src) by extension 'colcon_pkg'
[0.165s] Level 1:colcon.colcon_core.package_identification:_identify(src) by extensions ['colcon_meta']
[0.165s] Level 1:colcon.colcon_core.package_identification:_identify(src) by extension 'colcon_meta'
[0.165s] Level 1:colcon.colcon_core.package_identification:_identify(src) by extensions ['ros']
[0.165s] Level 1:colcon.colcon_core.package_identification:_identify(src) by extension 'ros'
[0.165s] Level 1:colcon.colcon_core.package_identification:_identify(src) by extensions ['cmake', 'python']
[0.165s] Level 1:colcon.colcon_core.package_identification:_identify(src) by extension 'cmake'
[0.165s] Level 1:colcon.colcon_core.package_identification:_identify(src) by extension 'python'
[0.165s] Level 1:colcon.colcon_core.package_identification:_identify(src) by extensions ['python_setup_py']
[0.165s] Level 1:colcon.colcon_core.package_identification:_identify(src) by extension 'python_setup_py'
[0.165s] Level 1:colcon.colcon_core.package_identification:_identify(src/apf_nodes) by extensions ['ignore', 'ignore_ament_install']
[0.165s] Level 1:colcon.colcon_core.package_identification:_identify(src/apf_nodes) by extension 'ignore'
[0.165s] Level 1:colcon.colcon_core.package_identification:_identify(src/apf_nodes) by extension 'ignore_ament_install'
[0.165s] Level 1:colcon.colcon_core.package_identification:_identify(src/apf_nodes) by extensions ['colcon_pkg']
[0.165s] Level 1:colcon.colcon_core.package_identification:_identify(src/apf_nodes) by extension 'colcon_pkg'
[0.165s] Level 1:colcon.colcon_core.package_identification:_identify(src/apf_nodes) by extensions ['colcon_meta']
[0.165s] Level 1:colcon.colcon_core.package_identification:_identify(src/apf_nodes) by extension 'colcon_meta'
[0.165s] Level 1:colcon.colcon_core.package_identification:_identify(src/apf_nodes) by extensions ['ros']
[0.165s] Level 1:colcon.colcon_core.package_identification:_identify(src/apf_nodes) by extension 'ros'
[0.167s] DEBUG:colcon.colcon_core.package_identification:Package 'src/apf_nodes' with type 'ros.ament_python' and name 'apf_nodes'
[0.167s] Level 1:colcon.colcon_core.package_identification:_identify(src/build) by extensions ['ignore', 'ignore_ament_install']
[0.167s] Level 1:colcon.colcon_core.package_identification:_identify(src/build) by extension 'ignore'
[0.167s] Level 1:colcon.colcon_core.package_identification:_identify(src/build) ignored
[0.167s] Level 1:colcon.colcon_core.package_identification:_identify(src/culjaco) by extensions ['ignore', 'ignore_ament_install']
[0.167s] Level 1:colcon.colcon_core.package_identification:_identify(src/culjaco) by extension 'ignore'
[0.167s] Level 1:colcon.colcon_core.package_identification:_identify(src/culjaco) by extension 'ignore_ament_install'
[0.167s] Level 1:colcon.colcon_core.package_identification:_identify(src/culjaco) by extensions ['colcon_pkg']
[0.167s] Level 1:colcon.colcon_core.package_identification:_identify(src/culjaco) by extension 'colcon_pkg'
[0.167s] Level 1:colcon.colcon_core.package_identification:_identify(src/culjaco) by extensions ['colcon_meta']
[0.167s] Level 1:colcon.colcon_core.package_identification:_identify(src/culjaco) by extension 'colcon_meta'
[0.167s] Level 1:colcon.colcon_core.package_identification:_identify(src/culjaco) by extensions ['ros']
[0.167s] Level 1:colcon.colcon_core.package_identification:_identify(src/culjaco) by extension 'ros'
[0.168s] DEBUG:colcon.colcon_core.package_identification:Package 'src/culjaco' with type 'ros.ament_cmake' and name 'culjaco'
[0.168s] Level 1:colcon.colcon_core.package_identification:_identify(src/iiwa_ros2) by extensions ['ignore', 'ignore_ament_install']
[0.168s] Level 1:colcon.colcon_core.package_identification:_identify(src/iiwa_ros2) by extension 'ignore'
[0.168s] Level 1:colcon.colcon_core.package_identification:_identify(src/iiwa_ros2) by extension 'ignore_ament_install'
[0.168s] Level 1:colcon.colcon_core.package_identification:_identify(src/iiwa_ros2) by extensions ['colcon_pkg']
[0.168s] Level 1:colcon.colcon_core.package_identification:_identify(src/iiwa_ros2) by extension 'colcon_pkg'
[0.168s] Level 1:colcon.colcon_core.package_identification:_identify(src/iiwa_ros2) by extensions ['colcon_meta']
[0.168s] Level 1:colcon.colcon_core.package_identification:_identify(src/iiwa_ros2) by extension 'colcon_meta'
[0.168s] Level 1:colcon.colcon_core.package_identification:_identify(src/iiwa_ros2) by extensions ['ros']
[0.168s] Level 1:colcon.colcon_core.package_identification:_identify(src/iiwa_ros2) by extension 'ros'
[0.168s] Level 1:colcon.colcon_core.package_identification:_identify(src/iiwa_ros2) by extensions ['cmake', 'python']
[0.168s] Level 1:colcon.colcon_core.package_identification:_identify(src/iiwa_ros2) by extension 'cmake'
[0.168s] Level 1:colcon.colcon_core.package_identification:_identify(src/iiwa_ros2) by extension 'python'
[0.168s] Level 1:colcon.colcon_core.package_identification:_identify(src/iiwa_ros2) by extensions ['python_setup_py']
[0.168s] Level 1:colcon.colcon_core.package_identification:_identify(src/iiwa_ros2) by extension 'python_setup_py'
[0.168s] Level 1:colcon.colcon_core.package_identification:_identify(src/iiwa_ros2/iiwa_bringup) by extensions ['ignore', 'ignore_ament_install']
[0.168s] Level 1:colcon.colcon_core.package_identification:_identify(src/iiwa_ros2/iiwa_bringup) by extension 'ignore'
[0.168s] Level 1:colcon.colcon_core.package_identification:_identify(src/iiwa_ros2/iiwa_bringup) by extension 'ignore_ament_install'
[0.168s] Level 1:colcon.colcon_core.package_identification:_identify(src/iiwa_ros2/iiwa_bringup) by extensions ['colcon_pkg']
[0.168s] Level 1:colcon.colcon_core.package_identification:_identify(src/iiwa_ros2/iiwa_bringup) by extension 'colcon_pkg'
[0.168s] Level 1:colcon.colcon_core.package_identification:_identify(src/iiwa_ros2/iiwa_bringup) by extensions ['colcon_meta']
[0.168s] Level 1:colcon.colcon_core.package_identification:_identify(src/iiwa_ros2/iiwa_bringup) by extension 'colcon_meta'
[0.168s] Level 1:colcon.colcon_core.package_identification:_identify(src/iiwa_ros2/iiwa_bringup) by extensions ['ros']
[0.168s] Level 1:colcon.colcon_core.package_identification:_identify(src/iiwa_ros2/iiwa_bringup) by extension 'ros'
[0.169s] DEBUG:colcon.colcon_core.package_identification:Package 'src/iiwa_ros2/iiwa_bringup' with type 'ros.ament_cmake' and name 'iiwa_bringup'
[0.169s] Level 1:colcon.colcon_core.package_identification:_identify(src/iiwa_ros2/iiwa_controllers) by extensions ['ignore', 'ignore_ament_install']
[0.169s] Level 1:colcon.colcon_core.package_identification:_identify(src/iiwa_ros2/iiwa_controllers) by extension 'ignore'
[0.169s] Level 1:colcon.colcon_core.package_identification:_identify(src/iiwa_ros2/iiwa_controllers) by extension 'ignore_ament_install'
[0.169s] Level 1:colcon.colcon_core.package_identification:_identify(src/iiwa_ros2/iiwa_controllers) by extensions ['colcon_pkg']
[0.169s] Level 1:colcon.colcon_core.package_identification:_identify(src/iiwa_ros2/iiwa_controllers) by extension 'colcon_pkg'
[0.169s] Level 1:colcon.colcon_core.package_identification:_identify(src/iiwa_ros2/iiwa_controllers) by extensions ['colcon_meta']
[0.169s] Level 1:colcon.colcon_core.package_identification:_identify(src/iiwa_ros2/iiwa_controllers) by extension 'colcon_meta'
[0.169s] Level 1:colcon.colcon_core.package_identification:_identify(src/iiwa_ros2/iiwa_controllers) by extensions ['ros']
[0.169s] Level 1:colcon.colcon_core.package_identification:_identify(src/iiwa_ros2/iiwa_controllers) by extension 'ros'
[0.169s] Level 1:colcon.colcon_core.package_identification:_identify(src/iiwa_ros2/iiwa_controllers) by extensions ['cmake', 'python']
[0.169s] Level 1:colcon.colcon_core.package_identification:_identify(src/iiwa_ros2/iiwa_controllers) by extension 'cmake'
[0.169s] Level 1:colcon.colcon_core.package_identification:_identify(src/iiwa_ros2/iiwa_controllers) by extension 'python'
[0.169s] Level 1:colcon.colcon_core.package_identification:_identify(src/iiwa_ros2/iiwa_controllers) by extensions ['python_setup_py']
[0.169s] Level 1:colcon.colcon_core.package_identification:_identify(src/iiwa_ros2/iiwa_controllers) by extension 'python_setup_py'
[0.169s] Level 1:colcon.colcon_core.package_identification:_identify(src/iiwa_ros2/iiwa_controllers/admittance_controller) by extensions ['ignore', 'ignore_ament_install']
[0.169s] Level 1:colcon.colcon_core.package_identification:_identify(src/iiwa_ros2/iiwa_controllers/admittance_controller) by extension 'ignore'
[0.169s] Level 1:colcon.colcon_core.package_identification:_identify(src/iiwa_ros2/iiwa_controllers/admittance_controller) by extension 'ignore_ament_install'
[0.169s] Level 1:colcon.colcon_core.package_identification:_identify(src/iiwa_ros2/iiwa_controllers/admittance_controller) by extensions ['colcon_pkg']
[0.169s] Level 1:colcon.colcon_core.package_identification:_identify(src/iiwa_ros2/iiwa_controllers/admittance_controller) by extension 'colcon_pkg'
[0.169s] Level 1:colcon.colcon_core.package_identification:_identify(src/iiwa_ros2/iiwa_controllers/admittance_controller) by extensions ['colcon_meta']
[0.169s] Level 1:colcon.colcon_core.package_identification:_identify(src/iiwa_ros2/iiwa_controllers/admittance_controller) by extension 'colcon_meta'
[0.169s] Level 1:colcon.colcon_core.package_identification:_identify(src/iiwa_ros2/iiwa_controllers/admittance_controller) by extensions ['ros']
[0.169s] Level 1:colcon.colcon_core.package_identification:_identify(src/iiwa_ros2/iiwa_controllers/admittance_controller) by extension 'ros'
[0.169s] Level 1:colcon.colcon_core.package_identification:_identify(src/iiwa_ros2/iiwa_controllers/admittance_controller) ignored
[0.169s] Level 1:colcon.colcon_core.package_identification:_identify(src/iiwa_ros2/iiwa_controllers/external_torque_sensor_broadcaster) by extensions ['ignore', 'ignore_ament_install']
[0.169s] Level 1:colcon.colcon_core.package_identification:_identify(src/iiwa_ros2/iiwa_controllers/external_torque_sensor_broadcaster) by extension 'ignore'
[0.169s] Level 1:colcon.colcon_core.package_identification:_identify(src/iiwa_ros2/iiwa_controllers/external_torque_sensor_broadcaster) by extension 'ignore_ament_install'
[0.169s] Level 1:colcon.colcon_core.package_identification:_identify(src/iiwa_ros2/iiwa_controllers/external_torque_sensor_broadcaster) by extensions ['colcon_pkg']
[0.169s] Level 1:colcon.colcon_core.package_identification:_identify(src/iiwa_ros2/iiwa_controllers/external_torque_sensor_broadcaster) by extension 'colcon_pkg'
[0.169s] Level 1:colcon.colcon_core.package_identification:_identify(src/iiwa_ros2/iiwa_controllers/external_torque_sensor_broadcaster) by extensions ['colcon_meta']
[0.169s] Level 1:colcon.colcon_core.package_identification:_identify(src/iiwa_ros2/iiwa_controllers/external_torque_sensor_broadcaster) by extension 'colcon_meta'
[0.169s] Level 1:colcon.colcon_core.package_identification:_identify(src/iiwa_ros2/iiwa_controllers/external_torque_sensor_broadcaster) by extensions ['ros']
[0.169s] Level 1:colcon.colcon_core.package_identification:_identify(src/iiwa_ros2/iiwa_controllers/external_torque_sensor_broadcaster) by extension 'ros'
[0.170s] DEBUG:colcon.colcon_core.package_identification:Package 'src/iiwa_ros2/iiwa_controllers/external_torque_sensor_broadcaster' with type 'ros.ament_cmake' and name 'external_torque_sensor_broadcaster'
[0.170s] Level 1:colcon.colcon_core.package_identification:_identify(src/iiwa_ros2/iiwa_controllers/impedance_controller) by extensions ['ignore', 'ignore_ament_install']
[0.170s] Level 1:colcon.colcon_core.package_identification:_identify(src/iiwa_ros2/iiwa_controllers/impedance_controller) by extension 'ignore'
[0.170s] Level 1:colcon.colcon_core.package_identification:_identify(src/iiwa_ros2/iiwa_controllers/impedance_controller) by extension 'ignore_ament_install'
[0.170s] Level 1:colcon.colcon_core.package_identification:_identify(src/iiwa_ros2/iiwa_controllers/impedance_controller) by extensions ['colcon_pkg']
[0.170s] Level 1:colcon.colcon_core.package_identification:_identify(src/iiwa_ros2/iiwa_controllers/impedance_controller) by extension 'colcon_pkg'
[0.170s] Level 1:colcon.colcon_core.package_identification:_identify(src/iiwa_ros2/iiwa_controllers/impedance_controller) by extensions ['colcon_meta']
[0.170s] Level 1:colcon.colcon_core.package_identification:_identify(src/iiwa_ros2/iiwa_controllers/impedance_controller) by extension 'colcon_meta'
[0.170s] Level 1:colcon.colcon_core.package_identification:_identify(src/iiwa_ros2/iiwa_controllers/impedance_controller) by extensions ['ros']
[0.170s] Level 1:colcon.colcon_core.package_identification:_identify(src/iiwa_ros2/iiwa_controllers/impedance_controller) by extension 'ros'
[0.171s] DEBUG:colcon.colcon_core.package_identification:Package 'src/iiwa_ros2/iiwa_controllers/impedance_controller' with type 'ros.ament_cmake' and name 'impedance_controller'
[0.171s] Level 1:colcon.colcon_core.package_identification:_identify(src/iiwa_ros2/iiwa_description) by extensions ['ignore', 'ignore_ament_install']
[0.171s] Level 1:colcon.colcon_core.package_identification:_identify(src/iiwa_ros2/iiwa_description) by extension 'ignore'
[0.171s] Level 1:colcon.colcon_core.package_identification:_identify(src/iiwa_ros2/iiwa_description) by extension 'ignore_ament_install'
[0.171s] Level 1:colcon.colcon_core.package_identification:_identify(src/iiwa_ros2/iiwa_description) by extensions ['colcon_pkg']
[0.171s] Level 1:colcon.colcon_core.package_identification:_identify(src/iiwa_ros2/iiwa_description) by extension 'colcon_pkg'
[0.171s] Level 1:colcon.colcon_core.package_identification:_identify(src/iiwa_ros2/iiwa_description) by extensions ['colcon_meta']
[0.171s] Level 1:colcon.colcon_core.package_identification:_identify(src/iiwa_ros2/iiwa_description) by extension 'colcon_meta'
[0.171s] Level 1:colcon.colcon_core.package_identification:_identify(src/iiwa_ros2/iiwa_description) by extensions ['ros']
[0.171s] Level 1:colcon.colcon_core.package_identification:_identify(src/iiwa_ros2/iiwa_description) by extension 'ros'
[0.171s] DEBUG:colcon.colcon_core.package_identification:Package 'src/iiwa_ros2/iiwa_description' with type 'ros.ament_cmake' and name 'iiwa_description'
[0.171s] Level 1:colcon.colcon_core.package_identification:_identify(src/iiwa_ros2/iiwa_moveit2) by extensions ['ignore', 'ignore_ament_install']
[0.171s] Level 1:colcon.colcon_core.package_identification:_identify(src/iiwa_ros2/iiwa_moveit2) by extension 'ignore'
[0.171s] Level 1:colcon.colcon_core.package_identification:_identify(src/iiwa_ros2/iiwa_moveit2) by extension 'ignore_ament_install'
[0.171s] Level 1:colcon.colcon_core.package_identification:_identify(src/iiwa_ros2/iiwa_moveit2) by extensions ['colcon_pkg']
[0.171s] Level 1:colcon.colcon_core.package_identification:_identify(src/iiwa_ros2/iiwa_moveit2) by extension 'colcon_pkg'
[0.171s] Level 1:colcon.colcon_core.package_identification:_identify(src/iiwa_ros2/iiwa_moveit2) by extensions ['colcon_meta']
[0.171s] Level 1:colcon.colcon_core.package_identification:_identify(src/iiwa_ros2/iiwa_moveit2) by extension 'colcon_meta'
[0.171s] Level 1:colcon.colcon_core.package_identification:_identify(src/iiwa_ros2/iiwa_moveit2) by extensions ['ros']
[0.171s] Level 1:colcon.colcon_core.package_identification:_identify(src/iiwa_ros2/iiwa_moveit2) by extension 'ros'
[0.172s] DEBUG:colcon.colcon_core.package_identification:Package 'src/iiwa_ros2/iiwa_moveit2' with type 'ros.ament_cmake' and name 'iiwa_moveit2'
[0.172s] Level 1:colcon.colcon_core.package_identification:_identify(src/install) by extensions ['ignore', 'ignore_ament_install']
[0.172s] Level 1:colcon.colcon_core.package_identification:_identify(src/install) by extension 'ignore'
[0.172s] Level 1:colcon.colcon_core.package_identification:_identify(src/install) ignored
[0.172s] Level 1:colcon.colcon_core.package_identification:_identify(src/log) by extensions ['ignore', 'ignore_ament_install']
[0.172s] Level 1:colcon.colcon_core.package_identification:_identify(src/log) by extension 'ignore'
[0.172s] Level 1:colcon.colcon_core.package_identification:_identify(src/log) ignored
[0.172s] Level 1:colcon.colcon_core.package_discovery:discover_packages(recursive) using defaults
[0.172s] Level 1:colcon.colcon_core.package_discovery:discover_packages(ignore) discover
[0.172s] Level 1:colcon.colcon_core.package_discovery:discover_packages(ignore) using defaults
[0.172s] Level 1:colcon.colcon_core.package_discovery:discover_packages(path) discover
[0.172s] Level 1:colcon.colcon_core.package_discovery:discover_packages(path) using defaults
[0.184s] Level 1:colcon.colcon_core.package_discovery:discover_packages(prefix_path) check parameters
[0.185s] Level 1:colcon.colcon_core.package_discovery:discover_packages(prefix_path) discover
[0.186s] DEBUG:colcon.colcon_installed_package_information.package_discovery:Found 7 installed packages in /home/jang/2024_7Dof/install
[0.186s] DEBUG:colcon.colcon_installed_package_information.package_discovery:Found 367 installed packages in /opt/ros/humble
[0.187s] Level 1:colcon.colcon_core.package_discovery:discover_packages(prefix_path) using defaults
[0.209s] Level 5:colcon.colcon_core.verb:set package 'apf_nodes' build argument 'cmake_args' from command line to '['-DCMAKE_BUILD_TYPE=Release']'
[0.209s] Level 5:colcon.colcon_core.verb:set package 'apf_nodes' build argument 'cmake_target' from command line to 'None'
[0.209s] Level 5:colcon.colcon_core.verb:set package 'apf_nodes' build argument 'cmake_target_skip_unavailable' from command line to 'False'
[0.209s] Level 5:colcon.colcon_core.verb:set package 'apf_nodes' build argument 'cmake_clean_cache' from command line to 'False'
[0.210s] Level 5:colcon.colcon_core.verb:set package 'apf_nodes' build argument 'cmake_clean_first' from command line to 'False'
[0.210s] Level 5:colcon.colcon_core.verb:set package 'apf_nodes' build argument 'cmake_force_configure' from command line to 'False'
[0.210s] Level 5:colcon.colcon_core.verb:set package 'apf_nodes' build argument 'ament_cmake_args' from command line to 'None'
[0.210s] Level 5:colcon.colcon_core.verb:set package 'apf_nodes' build argument 'catkin_cmake_args' from command line to 'None'
[0.210s] Level 5:colcon.colcon_core.verb:set package 'apf_nodes' build argument 'catkin_skip_building_tests' from command line to 'False'
[0.210s] DEBUG:colcon.colcon_core.verb:Building package 'apf_nodes' with the following arguments: {'ament_cmake_args': None, 'build_base': '/home/jang/2024_7Dof/build/apf_nodes', 'catkin_cmake_args': None, 'catkin_skip_building_tests': False, 'cmake_args': ['-DCMAKE_BUILD_TYPE=Release'], 'cmake_clean_cache': False, 'cmake_clean_first': False, 'cmake_force_configure': False, 'cmake_target': None, 'cmake_target_skip_unavailable': False, 'install_base': '/home/jang/2024_7Dof/install/apf_nodes', 'merge_install': False, 'path': '/home/jang/2024_7Dof/src/apf_nodes', 'symlink_install': True, 'test_result_base': None}
[0.210s] Level 5:colcon.colcon_core.verb:set package 'culjaco' build argument 'cmake_args' from command line to '['-DCMAKE_BUILD_TYPE=Release']'
[0.210s] Level 5:colcon.colcon_core.verb:set package 'culjaco' build argument 'cmake_target' from command line to 'None'
[0.210s] Level 5:colcon.colcon_core.verb:set package 'culjaco' build argument 'cmake_target_skip_unavailable' from command line to 'False'
[0.210s] Level 5:colcon.colcon_core.verb:set package 'culjaco' build argument 'cmake_clean_cache' from command line to 'False'
[0.210s] Level 5:colcon.colcon_core.verb:set package 'culjaco' build argument 'cmake_clean_first' from command line to 'False'
[0.210s] Level 5:colcon.colcon_core.verb:set package 'culjaco' build argument 'cmake_force_configure' from command line to 'False'
[0.210s] Level 5:colcon.colcon_core.verb:set package 'culjaco' build argument 'ament_cmake_args' from command line to 'None'
[0.210s] Level 5:colcon.colcon_core.verb:set package 'culjaco' build argument 'catkin_cmake_args' from command line to 'None'
[0.210s] Level 5:colcon.colcon_core.verb:set package 'culjaco' build argument 'catkin_skip_building_tests' from command line to 'False'
[0.210s] DEBUG:colcon.colcon_core.verb:Building package 'culjaco' with the following arguments: {'ament_cmake_args': None, 'build_base': '/home/jang/2024_7Dof/build/culjaco', 'catkin_cmake_args': None, 'catkin_skip_building_tests': False, 'cmake_args': ['-DCMAKE_BUILD_TYPE=Release'], 'cmake_clean_cache': False, 'cmake_clean_first': False, 'cmake_force_configure': False, 'cmake_target': None, 'cmake_target_skip_unavailable': False, 'install_base': '/home/jang/2024_7Dof/install/culjaco', 'merge_install': False, 'path': '/home/jang/2024_7Dof/src/culjaco', 'symlink_install': True, 'test_result_base': None}
[0.210s] Level 5:colcon.colcon_core.verb:set package 'external_torque_sensor_broadcaster' build argument 'cmake_args' from command line to '['-DCMAKE_BUILD_TYPE=Release']'
[0.210s] Level 5:colcon.colcon_core.verb:set package 'external_torque_sensor_broadcaster' build argument 'cmake_target' from command line to 'None'
[0.210s] Level 5:colcon.colcon_core.verb:set package 'external_torque_sensor_broadcaster' build argument 'cmake_target_skip_unavailable' from command line to 'False'
[0.210s] Level 5:colcon.colcon_core.verb:set package 'external_torque_sensor_broadcaster' build argument 'cmake_clean_cache' from command line to 'False'
[0.210s] Level 5:colcon.colcon_core.verb:set package 'external_torque_sensor_broadcaster' build argument 'cmake_clean_first' from command line to 'False'
[0.210s] Level 5:colcon.colcon_core.verb:set package 'external_torque_sensor_broadcaster' build argument 'cmake_force_configure' from command line to 'False'
[0.210s] Level 5:colcon.colcon_core.verb:set package 'external_torque_sensor_broadcaster' build argument 'ament_cmake_args' from command line to 'None'
[0.210s] Level 5:colcon.colcon_core.verb:set package 'external_torque_sensor_broadcaster' build argument 'catkin_cmake_args' from command line to 'None'
[0.210s] Level 5:colcon.colcon_core.verb:set package 'external_torque_sensor_broadcaster' build argument 'catkin_skip_building_tests' from command line to 'False'
[0.210s] DEBUG:colcon.colcon_core.verb:Building package 'external_torque_sensor_broadcaster' with the following arguments: {'ament_cmake_args': None, 'build_base': '/home/jang/2024_7Dof/build/external_torque_sensor_broadcaster', 'catkin_cmake_args': None, 'catkin_skip_building_tests': False, 'cmake_args': ['-DCMAKE_BUILD_TYPE=Release'], 'cmake_clean_cache': False, 'cmake_clean_first': False, 'cmake_force_configure': False, 'cmake_target': None, 'cmake_target_skip_unavailable': False, 'install_base': '/home/jang/2024_7Dof/install/external_torque_sensor_broadcaster', 'merge_install': False, 'path': '/home/jang/2024_7Dof/src/iiwa_ros2/iiwa_controllers/external_torque_sensor_broadcaster', 'symlink_install': True, 'test_result_base': None}
[0.210s] Level 5:colcon.colcon_core.verb:set package 'iiwa_description' build argument 'cmake_args' from command line to '['-DCMAKE_BUILD_TYPE=Release']'
[0.210s] Level 5:colcon.colcon_core.verb:set package 'iiwa_description' build argument 'cmake_target' from command line to 'None'
[0.210s] Level 5:colcon.colcon_core.verb:set package 'iiwa_description' build argument 'cmake_target_skip_unavailable' from command line to 'False'
[0.210s] Level 5:colcon.colcon_core.verb:set package 'iiwa_description' build argument 'cmake_clean_cache' from command line to 'False'
[0.210s] Level 5:colcon.colcon_core.verb:set package 'iiwa_description' build argument 'cmake_clean_first' from command line to 'False'
[0.210s] Level 5:colcon.colcon_core.verb:set package 'iiwa_description' build argument 'cmake_force_configure' from command line to 'False'
[0.210s] Level 5:colcon.colcon_core.verb:set package 'iiwa_description' build argument 'ament_cmake_args' from command line to 'None'
[0.210s] Level 5:colcon.colcon_core.verb:set package 'iiwa_description' build argument 'catkin_cmake_args' from command line to 'None'
[0.210s] Level 5:colcon.colcon_core.verb:set package 'iiwa_description' build argument 'catkin_skip_building_tests' from command line to 'False'
[0.210s] DEBUG:colcon.colcon_core.verb:Building package 'iiwa_description' with the following arguments: {'ament_cmake_args': None, 'build_base': '/home/jang/2024_7Dof/build/iiwa_description', 'catkin_cmake_args': None, 'catkin_skip_building_tests': False, 'cmake_args': ['-DCMAKE_BUILD_TYPE=Release'], 'cmake_clean_cache': False, 'cmake_clean_first': False, 'cmake_force_configure': False, 'cmake_target': None, 'cmake_target_skip_unavailable': False, 'install_base': '/home/jang/2024_7Dof/install/iiwa_description', 'merge_install': False, 'path': '/home/jang/2024_7Dof/src/iiwa_ros2/iiwa_description', 'symlink_install': True, 'test_result_base': None}
[0.211s] Level 5:colcon.colcon_core.verb:set package 'iiwa_moveit2' build argument 'cmake_args' from command line to '['-DCMAKE_BUILD_TYPE=Release']'
[0.211s] Level 5:colcon.colcon_core.verb:set package 'iiwa_moveit2' build argument 'cmake_target' from command line to 'None'
[0.211s] Level 5:colcon.colcon_core.verb:set package 'iiwa_moveit2' build argument 'cmake_target_skip_unavailable' from command line to 'False'
[0.211s] Level 5:colcon.colcon_core.verb:set package 'iiwa_moveit2' build argument 'cmake_clean_cache' from command line to 'False'
[0.211s] Level 5:colcon.colcon_core.verb:set package 'iiwa_moveit2' build argument 'cmake_clean_first' from command line to 'False'
[0.211s] Level 5:colcon.colcon_core.verb:set package 'iiwa_moveit2' build argument 'cmake_force_configure' from command line to 'False'
[0.211s] Level 5:colcon.colcon_core.verb:set package 'iiwa_moveit2' build argument 'ament_cmake_args' from command line to 'None'
[0.211s] Level 5:colcon.colcon_core.verb:set package 'iiwa_moveit2' build argument 'catkin_cmake_args' from command line to 'None'
[0.211s] Level 5:colcon.colcon_core.verb:set package 'iiwa_moveit2' build argument 'catkin_skip_building_tests' from command line to 'False'
[0.211s] DEBUG:colcon.colcon_core.verb:Building package 'iiwa_moveit2' with the following arguments: {'ament_cmake_args': None, 'build_base': '/home/jang/2024_7Dof/build/iiwa_moveit2', 'catkin_cmake_args': None, 'catkin_skip_building_tests': False, 'cmake_args': ['-DCMAKE_BUILD_TYPE=Release'], 'cmake_clean_cache': False, 'cmake_clean_first': False, 'cmake_force_configure': False, 'cmake_target': None, 'cmake_target_skip_unavailable': False, 'install_base': '/home/jang/2024_7Dof/install/iiwa_moveit2', 'merge_install': False, 'path': '/home/jang/2024_7Dof/src/iiwa_ros2/iiwa_moveit2', 'symlink_install': True, 'test_result_base': None}
[0.211s] Level 5:colcon.colcon_core.verb:set package 'impedance_controller' build argument 'cmake_args' from command line to '['-DCMAKE_BUILD_TYPE=Release']'
[0.211s] Level 5:colcon.colcon_core.verb:set package 'impedance_controller' build argument 'cmake_target' from command line to 'None'
[0.211s] Level 5:colcon.colcon_core.verb:set package 'impedance_controller' build argument 'cmake_target_skip_unavailable' from command line to 'False'
[0.211s] Level 5:colcon.colcon_core.verb:set package 'impedance_controller' build argument 'cmake_clean_cache' from command line to 'False'
[0.211s] Level 5:colcon.colcon_core.verb:set package 'impedance_controller' build argument 'cmake_clean_first' from command line to 'False'
[0.211s] Level 5:colcon.colcon_core.verb:set package 'impedance_controller' build argument 'cmake_force_configure' from command line to 'False'
[0.211s] Level 5:colcon.colcon_core.verb:set package 'impedance_controller' build argument 'ament_cmake_args' from command line to 'None'
[0.211s] Level 5:colcon.colcon_core.verb:set package 'impedance_controller' build argument 'catkin_cmake_args' from command line to 'None'
[0.211s] Level 5:colcon.colcon_core.verb:set package 'impedance_controller' build argument 'catkin_skip_building_tests' from command line to 'False'
[0.211s] DEBUG:colcon.colcon_core.verb:Building package 'impedance_controller' with the following arguments: {'ament_cmake_args': None, 'build_base': '/home/jang/2024_7Dof/build/impedance_controller', 'catkin_cmake_args': None, 'catkin_skip_building_tests': False, 'cmake_args': ['-DCMAKE_BUILD_TYPE=Release'], 'cmake_clean_cache': False, 'cmake_clean_first': False, 'cmake_force_configure': False, 'cmake_target': None, 'cmake_target_skip_unavailable': False, 'install_base': '/home/jang/2024_7Dof/install/impedance_controller', 'merge_install': False, 'path': '/home/jang/2024_7Dof/src/iiwa_ros2/iiwa_controllers/impedance_controller', 'symlink_install': True, 'test_result_base': None}
[0.211s] Level 5:colcon.colcon_core.verb:set package 'iiwa_bringup' build argument 'cmake_args' from command line to '['-DCMAKE_BUILD_TYPE=Release']'
[0.211s] Level 5:colcon.colcon_core.verb:set package 'iiwa_bringup' build argument 'cmake_target' from command line to 'None'
[0.211s] Level 5:colcon.colcon_core.verb:set package 'iiwa_bringup' build argument 'cmake_target_skip_unavailable' from command line to 'False'
[0.211s] Level 5:colcon.colcon_core.verb:set package 'iiwa_bringup' build argument 'cmake_clean_cache' from command line to 'False'
[0.211s] Level 5:colcon.colcon_core.verb:set package 'iiwa_bringup' build argument 'cmake_clean_first' from command line to 'False'
[0.211s] Level 5:colcon.colcon_core.verb:set package 'iiwa_bringup' build argument 'cmake_force_configure' from command line to 'False'
[0.211s] Level 5:colcon.colcon_core.verb:set package 'iiwa_bringup' build argument 'ament_cmake_args' from command line to 'None'
[0.211s] Level 5:colcon.colcon_core.verb:set package 'iiwa_bringup' build argument 'catkin_cmake_args' from command line to 'None'
[0.211s] Level 5:colcon.colcon_core.verb:set package 'iiwa_bringup' build argument 'catkin_skip_building_tests' from command line to 'False'
[0.211s] DEBUG:colcon.colcon_core.verb:Building package 'iiwa_bringup' with the following arguments: {'ament_cmake_args': None, 'build_base': '/home/jang/2024_7Dof/build/iiwa_bringup', 'catkin_cmake_args': None, 'catkin_skip_building_tests': False, 'cmake_args': ['-DCMAKE_BUILD_TYPE=Release'], 'cmake_clean_cache': False, 'cmake_clean_first': False, 'cmake_force_configure': False, 'cmake_target': None, 'cmake_target_skip_unavailable': False, 'install_base': '/home/jang/2024_7Dof/install/iiwa_bringup', 'merge_install': False, 'path': '/home/jang/2024_7Dof/src/iiwa_ros2/iiwa_bringup', 'symlink_install': True, 'test_result_base': None}
[0.211s] INFO:colcon.colcon_core.executor:Executing jobs using 'parallel' executor
[0.212s] DEBUG:colcon.colcon_parallel_executor.executor.parallel:run_until_complete
[0.212s] INFO:colcon.colcon_ros.task.ament_cmake.build:Building ROS package in '/home/jang/2024_7Dof/src/iiwa_ros2/iiwa_description' with build type 'ament_cmake'
[0.212s] INFO:colcon.colcon_cmake.task.cmake.build:Building CMake package in '/home/jang/2024_7Dof/src/iiwa_ros2/iiwa_description'
[0.214s] INFO:colcon.colcon_core.plugin_system:Skipping extension 'colcon_core.shell.bat': Not used on non-Windows systems
[0.214s] INFO:colcon.colcon_core.shell:Skip shell extension 'powershell' for command environment: Not usable outside of PowerShell
[0.214s] DEBUG:colcon.colcon_core.shell:Skip shell extension 'dsv' for command environment
[0.216s] INFO:colcon.colcon_ros.task.ament_python.build:Building ROS package in '/home/jang/2024_7Dof/src/apf_nodes' with build type 'ament_python'
[0.216s] Level 1:colcon.colcon_core.shell:create_environment_hook('apf_nodes', 'ament_prefix_path')
[0.216s] INFO:colcon.colcon_core.shell:Creating environment hook '/home/jang/2024_7Dof/install/apf_nodes/share/apf_nodes/hook/ament_prefix_path.ps1'
[0.217s] INFO:colcon.colcon_core.shell:Creating environment descriptor '/home/jang/2024_7Dof/install/apf_nodes/share/apf_nodes/hook/ament_prefix_path.dsv'
[0.217s] INFO:colcon.colcon_core.shell:Creating environment hook '/home/jang/2024_7Dof/install/apf_nodes/share/apf_nodes/hook/ament_prefix_path.sh'
[0.217s] INFO:colcon.colcon_core.shell:Skip shell extension 'powershell' for command environment: Not usable outside of PowerShell
[0.217s] DEBUG:colcon.colcon_core.shell:Skip shell extension 'dsv' for command environment
[0.219s] INFO:colcon.colcon_ros.task.ament_cmake.build:Building ROS package in '/home/jang/2024_7Dof/src/culjaco' with build type 'ament_cmake'
[0.219s] INFO:colcon.colcon_cmake.task.cmake.build:Building CMake package in '/home/jang/2024_7Dof/src/culjaco'
[0.219s] INFO:colcon.colcon_core.shell:Skip shell extension 'powershell' for command environment: Not usable outside of PowerShell
[0.219s] DEBUG:colcon.colcon_core.shell:Skip shell extension 'dsv' for command environment
[0.221s] INFO:colcon.colcon_ros.task.ament_cmake.build:Building ROS package in '/home/jang/2024_7Dof/src/iiwa_ros2/iiwa_controllers/external_torque_sensor_broadcaster' with build type 'ament_cmake'
[0.221s] INFO:colcon.colcon_cmake.task.cmake.build:Building CMake package in '/home/jang/2024_7Dof/src/iiwa_ros2/iiwa_controllers/external_torque_sensor_broadcaster'
[0.222s] INFO:colcon.colcon_core.shell:Skip shell extension 'powershell' for command environment: Not usable outside of PowerShell
[0.222s] DEBUG:colcon.colcon_core.shell:Skip shell extension 'dsv' for command environment
[0.224s] INFO:colcon.colcon_ros.task.ament_cmake.build:Building ROS package in '/home/jang/2024_7Dof/src/iiwa_ros2/iiwa_moveit2' with build type 'ament_cmake'
[0.224s] INFO:colcon.colcon_cmake.task.cmake.build:Building CMake package in '/home/jang/2024_7Dof/src/iiwa_ros2/iiwa_moveit2'
[0.224s] INFO:colcon.colcon_core.shell:Skip shell extension 'powershell' for command environment: Not usable outside of PowerShell
[0.224s] DEBUG:colcon.colcon_core.shell:Skip shell extension 'dsv' for command environment
[0.226s] INFO:colcon.colcon_ros.task.ament_cmake.build:Building ROS package in '/home/jang/2024_7Dof/src/iiwa_ros2/iiwa_controllers/impedance_controller' with build type 'ament_cmake'
[0.226s] INFO:colcon.colcon_cmake.task.cmake.build:Building CMake package in '/home/jang/2024_7Dof/src/iiwa_ros2/iiwa_controllers/impedance_controller'
[0.226s] INFO:colcon.colcon_core.shell:Skip shell extension 'powershell' for command environment: Not usable outside of PowerShell
[0.226s] DEBUG:colcon.colcon_core.shell:Skip shell extension 'dsv' for command environment
[0.234s] DEBUG:colcon.colcon_core.event_handler.log_command:Invoking command in '/home/jang/2024_7Dof/build/iiwa_description': CMAKE_PREFIX_PATH=${CMAKE_PREFIX_PATH}:/home/jang/2024_7Dof/install/apf_nodes:/opt/ros/humble /usr/bin/cmake --build /home/jang/2024_7Dof/build/iiwa_description -- -j16 -l16
[0.372s] INFO:colcon.colcon_core.task.python.build:Building Python package in '/home/jang/2024_7Dof/src/apf_nodes'
[0.372s] INFO:colcon.colcon_core.shell:Skip shell extension 'powershell' for command environment: Not usable outside of PowerShell
[0.372s] DEBUG:colcon.colcon_core.shell:Skip shell extension 'dsv' for command environment
[0.378s] DEBUG:colcon.colcon_core.event_handler.log_command:Invoking command in '/home/jang/2024_7Dof/build/culjaco': CMAKE_PREFIX_PATH=${CMAKE_PREFIX_PATH}:/home/jang/2024_7Dof/install/apf_nodes:/opt/ros/humble /usr/bin/cmake --build /home/jang/2024_7Dof/build/culjaco -- -j16 -l16
[0.381s] DEBUG:colcon.colcon_core.event_handler.log_command:Invoking command in '/home/jang/2024_7Dof/build/external_torque_sensor_broadcaster': CMAKE_PREFIX_PATH=${CMAKE_PREFIX_PATH}:/home/jang/2024_7Dof/install/apf_nodes:/opt/ros/humble /usr/bin/cmake --build /home/jang/2024_7Dof/build/external_torque_sensor_broadcaster -- -j16 -l16
[0.382s] DEBUG:colcon.colcon_core.event_handler.log_command:Invoking command in '/home/jang/2024_7Dof/build/iiwa_moveit2': CMAKE_PREFIX_PATH=${CMAKE_PREFIX_PATH}:/home/jang/2024_7Dof/install/apf_nodes:/opt/ros/humble /usr/bin/cmake --build /home/jang/2024_7Dof/build/iiwa_moveit2 -- -j16 -l16
[0.388s] DEBUG:colcon.colcon_core.event_handler.log_command:Invoking command in '/home/jang/2024_7Dof/build/impedance_controller': CMAKE_PREFIX_PATH=${CMAKE_PREFIX_PATH}:/home/jang/2024_7Dof/install/apf_nodes:/opt/ros/humble /usr/bin/cmake --build /home/jang/2024_7Dof/build/impedance_controller -- -j16 -l16
[0.389s] DEBUG:colcon.colcon_core.event_handler.log_command:Invoked command in '/home/jang/2024_7Dof/build/iiwa_description' returned '0': CMAKE_PREFIX_PATH=${CMAKE_PREFIX_PATH}:/home/jang/2024_7Dof/install/apf_nodes:/opt/ros/humble /usr/bin/cmake --build /home/jang/2024_7Dof/build/iiwa_description -- -j16 -l16
[0.514s] DEBUG:colcon.colcon_core.event_handler.log_command:Invoking command in '/home/jang/2024_7Dof/build/iiwa_description': CMAKE_PREFIX_PATH=${CMAKE_PREFIX_PATH}:/home/jang/2024_7Dof/install/apf_nodes:/opt/ros/humble /usr/bin/cmake --install /home/jang/2024_7Dof/build/iiwa_description
[0.652s] DEBUG:colcon.colcon_core.event_handler.log_command:Invoked command in '/home/jang/2024_7Dof/build/external_torque_sensor_broadcaster' returned '0': CMAKE_PREFIX_PATH=${CMAKE_PREFIX_PATH}:/home/jang/2024_7Dof/install/apf_nodes:/opt/ros/humble /usr/bin/cmake --build /home/jang/2024_7Dof/build/external_torque_sensor_broadcaster -- -j16 -l16
[0.668s] Level 1:colcon.colcon_core.environment:create_environment_scripts_only(iiwa_description)
[0.669s] DEBUG:colcon.colcon_core.event_handler.log_command:Invoked command in '/home/jang/2024_7Dof/build/iiwa_description' returned '0': CMAKE_PREFIX_PATH=${CMAKE_PREFIX_PATH}:/home/jang/2024_7Dof/install/apf_nodes:/opt/ros/humble /usr/bin/cmake --install /home/jang/2024_7Dof/build/iiwa_description
[0.671s] Level 1:colcon.colcon_core.environment:checking '/home/jang/2024_7Dof/install/iiwa_description' for CMake module files
[0.671s] Level 1:colcon.colcon_core.environment:checking '/home/jang/2024_7Dof/install/iiwa_description' for CMake config files
[0.671s] Level 1:colcon.colcon_core.shell:create_environment_hook('iiwa_description', 'cmake_prefix_path')
[0.672s] INFO:colcon.colcon_core.shell:Creating environment hook '/home/jang/2024_7Dof/install/iiwa_description/share/iiwa_description/hook/cmake_prefix_path.ps1'
[0.672s] INFO:colcon.colcon_core.shell:Creating environment descriptor '/home/jang/2024_7Dof/install/iiwa_description/share/iiwa_description/hook/cmake_prefix_path.dsv'
[0.673s] INFO:colcon.colcon_core.shell:Creating environment hook '/home/jang/2024_7Dof/install/iiwa_description/share/iiwa_description/hook/cmake_prefix_path.sh'
[0.673s] Level 1:colcon.colcon_core.environment:checking '/home/jang/2024_7Dof/install/iiwa_description/bin'
[0.673s] Level 1:colcon.colcon_core.environment:checking '/home/jang/2024_7Dof/install/iiwa_description/lib/pkgconfig/iiwa_description.pc'
[0.674s] Level 1:colcon.colcon_core.environment:checking '/home/jang/2024_7Dof/install/iiwa_description/lib/python3.10/site-packages'
[0.674s] Level 1:colcon.colcon_core.environment:checking '/home/jang/2024_7Dof/install/iiwa_description/bin'
[0.674s] INFO:colcon.colcon_core.shell:Creating package script '/home/jang/2024_7Dof/install/iiwa_description/share/iiwa_description/package.ps1'
[0.675s] INFO:colcon.colcon_core.shell:Creating package descriptor '/home/jang/2024_7Dof/install/iiwa_description/share/iiwa_description/package.dsv'
[0.675s] INFO:colcon.colcon_core.shell:Creating package script '/home/jang/2024_7Dof/install/iiwa_description/share/iiwa_description/package.sh'
[0.675s] INFO:colcon.colcon_core.shell:Creating package script '/home/jang/2024_7Dof/install/iiwa_description/share/iiwa_description/package.bash'
[0.676s] INFO:colcon.colcon_core.shell:Creating package script '/home/jang/2024_7Dof/install/iiwa_description/share/iiwa_description/package.zsh'
[0.676s] Level 1:colcon.colcon_core.environment:create_file_with_runtime_dependencies(/home/jang/2024_7Dof/install/iiwa_description/share/colcon-core/packages/iiwa_description)
[0.679s] DEBUG:colcon.colcon_core.event_handler.log_command:Invoked command in '/home/jang/2024_7Dof/build/iiwa_moveit2' returned '0': CMAKE_PREFIX_PATH=${CMAKE_PREFIX_PATH}:/home/jang/2024_7Dof/install/apf_nodes:/opt/ros/humble /usr/bin/cmake --build /home/jang/2024_7Dof/build/iiwa_moveit2 -- -j16 -l16
[0.680s] DEBUG:colcon.colcon_core.event_handler.log_command:Invoked command in '/home/jang/2024_7Dof/build/impedance_controller' returned '0': CMAKE_PREFIX_PATH=${CMAKE_PREFIX_PATH}:/home/jang/2024_7Dof/install/apf_nodes:/opt/ros/humble /usr/bin/cmake --build /home/jang/2024_7Dof/build/impedance_controller -- -j16 -l16
[0.705s] DEBUG:colcon.colcon_core.event_handler.log_command:Invoking command in '/home/jang/2024_7Dof/build/external_torque_sensor_broadcaster': CMAKE_PREFIX_PATH=${CMAKE_PREFIX_PATH}:/home/jang/2024_7Dof/install/apf_nodes:/opt/ros/humble /usr/bin/cmake --install /home/jang/2024_7Dof/build/external_torque_sensor_broadcaster
[0.750s] Level 1:colcon.colcon_core.environment:create_environment_scripts_only(iiwa_description)
[0.755s] Level 1:colcon.colcon_core.environment:checking '/home/jang/2024_7Dof/install/iiwa_description' for CMake module files
[0.760s] Level 1:colcon.colcon_core.environment:checking '/home/jang/2024_7Dof/install/iiwa_description' for CMake config files
[0.764s] Level 1:colcon.colcon_core.shell:create_environment_hook('iiwa_description', 'cmake_prefix_path')
[0.766s] INFO:colcon.colcon_core.shell:Creating environment hook '/home/jang/2024_7Dof/install/iiwa_description/share/iiwa_description/hook/cmake_prefix_path.ps1'
[0.769s] INFO:colcon.colcon_core.shell:Creating environment descriptor '/home/jang/2024_7Dof/install/iiwa_description/share/iiwa_description/hook/cmake_prefix_path.dsv'
[0.772s] INFO:colcon.colcon_core.shell:Creating environment hook '/home/jang/2024_7Dof/install/iiwa_description/share/iiwa_description/hook/cmake_prefix_path.sh'
[0.777s] Level 1:colcon.colcon_core.environment:checking '/home/jang/2024_7Dof/install/iiwa_description/bin'
[0.778s] Level 1:colcon.colcon_core.environment:checking '/home/jang/2024_7Dof/install/iiwa_description/lib/pkgconfig/iiwa_description.pc'
[0.779s] Level 1:colcon.colcon_core.environment:checking '/home/jang/2024_7Dof/install/iiwa_description/lib/python3.10/site-packages'
[0.779s] Level 1:colcon.colcon_core.environment:checking '/home/jang/2024_7Dof/install/iiwa_description/bin'
[0.779s] INFO:colcon.colcon_core.shell:Creating package script '/home/jang/2024_7Dof/install/iiwa_description/share/iiwa_description/package.ps1'
[0.780s] INFO:colcon.colcon_core.shell:Creating package descriptor '/home/jang/2024_7Dof/install/iiwa_description/share/iiwa_description/package.dsv'
[0.785s] INFO:colcon.colcon_core.shell:Creating package script '/home/jang/2024_7Dof/install/iiwa_description/share/iiwa_description/package.sh'
[0.791s] INFO:colcon.colcon_core.shell:Creating package script '/home/jang/2024_7Dof/install/iiwa_description/share/iiwa_description/package.bash'
[0.801s] INFO:colcon.colcon_core.shell:Creating package script '/home/jang/2024_7Dof/install/iiwa_description/share/iiwa_description/package.zsh'
[0.807s] Level 1:colcon.colcon_core.environment:create_file_with_runtime_dependencies(/home/jang/2024_7Dof/install/iiwa_description/share/colcon-core/packages/iiwa_description)
[0.811s] INFO:colcon.colcon_ros.task.ament_cmake.build:Building ROS package in '/home/jang/2024_7Dof/src/iiwa_ros2/iiwa_bringup' with build type 'ament_cmake'
[0.811s] INFO:colcon.colcon_cmake.task.cmake.build:Building CMake package in '/home/jang/2024_7Dof/src/iiwa_ros2/iiwa_bringup'
[0.812s] INFO:colcon.colcon_core.shell:Skip shell extension 'powershell' for command environment: Not usable outside of PowerShell
[0.812s] DEBUG:colcon.colcon_core.shell:Skip shell extension 'dsv' for command environment
[0.851s] DEBUG:colcon.colcon_core.event_handler.log_command:Invoking command in '/home/jang/2024_7Dof/build/iiwa_moveit2': CMAKE_PREFIX_PATH=${CMAKE_PREFIX_PATH}:/home/jang/2024_7Dof/install/apf_nodes:/opt/ros/humble /usr/bin/cmake --install /home/jang/2024_7Dof/build/iiwa_moveit2
[0.856s] DEBUG:colcon.colcon_core.event_handler.log_command:Invoking command in '/home/jang/2024_7Dof/build/impedance_controller': CMAKE_PREFIX_PATH=${CMAKE_PREFIX_PATH}:/home/jang/2024_7Dof/install/apf_nodes:/opt/ros/humble /usr/bin/cmake --install /home/jang/2024_7Dof/build/impedance_controller
[0.857s] Level 1:colcon.colcon_core.environment:create_environment_scripts_only(external_torque_sensor_broadcaster)
[0.857s] Level 1:colcon.colcon_core.environment:checking '/home/jang/2024_7Dof/install/external_torque_sensor_broadcaster' for CMake module files
[0.859s] DEBUG:colcon.colcon_core.event_handler.log_command:Invoked command in '/home/jang/2024_7Dof/build/external_torque_sensor_broadcaster' returned '0': CMAKE_PREFIX_PATH=${CMAKE_PREFIX_PATH}:/home/jang/2024_7Dof/install/apf_nodes:/opt/ros/humble /usr/bin/cmake --install /home/jang/2024_7Dof/build/external_torque_sensor_broadcaster
[0.863s] Level 1:colcon.colcon_core.environment:checking '/home/jang/2024_7Dof/install/external_torque_sensor_broadcaster' for CMake config files
[0.865s] Level 1:colcon.colcon_core.shell:create_environment_hook('external_torque_sensor_broadcaster', 'cmake_prefix_path')
[0.867s] INFO:colcon.colcon_core.shell:Creating environment hook '/home/jang/2024_7Dof/install/external_torque_sensor_broadcaster/share/external_torque_sensor_broadcaster/hook/cmake_prefix_path.ps1'
[0.869s] INFO:colcon.colcon_core.shell:Creating environment descriptor '/home/jang/2024_7Dof/install/external_torque_sensor_broadcaster/share/external_torque_sensor_broadcaster/hook/cmake_prefix_path.dsv'
[0.875s] INFO:colcon.colcon_core.shell:Creating environment hook '/home/jang/2024_7Dof/install/external_torque_sensor_broadcaster/share/external_torque_sensor_broadcaster/hook/cmake_prefix_path.sh'
[0.879s] Level 1:colcon.colcon_core.environment:checking '/home/jang/2024_7Dof/install/external_torque_sensor_broadcaster/lib'
[0.881s] Level 1:colcon.colcon_core.shell:create_environment_hook('external_torque_sensor_broadcaster', 'ld_library_path_lib')
[0.883s] INFO:colcon.colcon_core.shell:Creating environment hook '/home/jang/2024_7Dof/install/external_torque_sensor_broadcaster/share/external_torque_sensor_broadcaster/hook/ld_library_path_lib.ps1'
[0.886s] INFO:colcon.colcon_core.shell:Creating environment descriptor '/home/jang/2024_7Dof/install/external_torque_sensor_broadcaster/share/external_torque_sensor_broadcaster/hook/ld_library_path_lib.dsv'
[0.888s] INFO:colcon.colcon_core.shell:Creating environment hook '/home/jang/2024_7Dof/install/external_torque_sensor_broadcaster/share/external_torque_sensor_broadcaster/hook/ld_library_path_lib.sh'
[0.889s] Level 1:colcon.colcon_core.environment:checking '/home/jang/2024_7Dof/install/external_torque_sensor_broadcaster/bin'
[0.890s] Level 1:colcon.colcon_core.environment:checking '/home/jang/2024_7Dof/install/external_torque_sensor_broadcaster/lib/pkgconfig/external_torque_sensor_broadcaster.pc'
[0.893s] Level 1:colcon.colcon_core.environment:checking '/home/jang/2024_7Dof/install/external_torque_sensor_broadcaster/lib/python3.10/site-packages'
[0.894s] Level 1:colcon.colcon_core.environment:checking '/home/jang/2024_7Dof/install/external_torque_sensor_broadcaster/bin'
[0.897s] INFO:colcon.colcon_core.shell:Creating package script '/home/jang/2024_7Dof/install/external_torque_sensor_broadcaster/share/external_torque_sensor_broadcaster/package.ps1'
[0.901s] INFO:colcon.colcon_core.shell:Creating package descriptor '/home/jang/2024_7Dof/install/external_torque_sensor_broadcaster/share/external_torque_sensor_broadcaster/package.dsv'
[0.902s] INFO:colcon.colcon_core.shell:Creating package script '/home/jang/2024_7Dof/install/external_torque_sensor_broadcaster/share/external_torque_sensor_broadcaster/package.sh'
[0.907s] INFO:colcon.colcon_core.shell:Creating package script '/home/jang/2024_7Dof/install/external_torque_sensor_broadcaster/share/external_torque_sensor_broadcaster/package.bash'
[0.912s] INFO:colcon.colcon_core.shell:Creating package script '/home/jang/2024_7Dof/install/external_torque_sensor_broadcaster/share/external_torque_sensor_broadcaster/package.zsh'
[0.913s] Level 1:colcon.colcon_core.environment:create_file_with_runtime_dependencies(/home/jang/2024_7Dof/install/external_torque_sensor_broadcaster/share/colcon-core/packages/external_torque_sensor_broadcaster)
[0.942s] DEBUG:colcon.colcon_core.event_handler.log_command:Invoking command in '/home/jang/2024_7Dof/build/iiwa_bringup': CMAKE_PREFIX_PATH=/home/jang/2024_7Dof/install/iiwa_description:/home/jang/2024_7Dof/install/impedance_controller:/home/jang/2024_7Dof/install/iiwa_moveit2:/home/jang/2024_7Dof/install/iiwa_bringup:/home/jang/2024_7Dof/install/external_torque_sensor_broadcaster:/home/jang/2024_7Dof/install/culjaco:/home/jang/2024_7Dof/install/apf_nodes:/opt/ros/humble /usr/bin/cmake --build /home/jang/2024_7Dof/build/iiwa_bringup -- -j16 -l16
[0.968s] Level 1:colcon.colcon_core.environment:create_environment_scripts_only(iiwa_moveit2)
[0.969s] Level 1:colcon.colcon_core.environment:checking '/home/jang/2024_7Dof/install/iiwa_moveit2' for CMake module files
[0.973s] DEBUG:colcon.colcon_core.event_handler.log_command:Invoked command in '/home/jang/2024_7Dof/build/iiwa_moveit2' returned '0': CMAKE_PREFIX_PATH=${CMAKE_PREFIX_PATH}:/home/jang/2024_7Dof/install/apf_nodes:/opt/ros/humble /usr/bin/cmake --install /home/jang/2024_7Dof/build/iiwa_moveit2
[0.974s] Level 1:colcon.colcon_core.environment:checking '/home/jang/2024_7Dof/install/iiwa_moveit2' for CMake config files
[0.978s] Level 1:colcon.colcon_core.shell:create_environment_hook('iiwa_moveit2', 'cmake_prefix_path')
[0.980s] INFO:colcon.colcon_core.shell:Creating environment hook '/home/jang/2024_7Dof/install/iiwa_moveit2/share/iiwa_moveit2/hook/cmake_prefix_path.ps1'
[0.981s] INFO:colcon.colcon_core.shell:Creating environment descriptor '/home/jang/2024_7Dof/install/iiwa_moveit2/share/iiwa_moveit2/hook/cmake_prefix_path.dsv'
[0.981s] INFO:colcon.colcon_core.shell:Creating environment hook '/home/jang/2024_7Dof/install/iiwa_moveit2/share/iiwa_moveit2/hook/cmake_prefix_path.sh'
[0.982s] Level 1:colcon.colcon_core.environment:checking '/home/jang/2024_7Dof/install/iiwa_moveit2/lib'
[0.982s] Level 1:colcon.colcon_core.shell:create_environment_hook('iiwa_moveit2', 'ld_library_path_lib')
[0.983s] INFO:colcon.colcon_core.shell:Creating environment hook '/home/jang/2024_7Dof/install/iiwa_moveit2/share/iiwa_moveit2/hook/ld_library_path_lib.ps1'
[0.983s] INFO:colcon.colcon_core.shell:Creating environment descriptor '/home/jang/2024_7Dof/install/iiwa_moveit2/share/iiwa_moveit2/hook/ld_library_path_lib.dsv'
[0.983s] INFO:colcon.colcon_core.shell:Creating environment hook '/home/jang/2024_7Dof/install/iiwa_moveit2/share/iiwa_moveit2/hook/ld_library_path_lib.sh'
[0.984s] Level 1:colcon.colcon_core.environment:checking '/home/jang/2024_7Dof/install/iiwa_moveit2/bin'
[0.984s] Level 1:colcon.colcon_core.environment:checking '/home/jang/2024_7Dof/install/iiwa_moveit2/lib/pkgconfig/iiwa_moveit2.pc'
[0.984s] Level 1:colcon.colcon_core.environment:checking '/home/jang/2024_7Dof/install/iiwa_moveit2/lib/python3.10/site-packages'
[0.984s] Level 1:colcon.colcon_core.environment:checking '/home/jang/2024_7Dof/install/iiwa_moveit2/bin'
[0.985s] INFO:colcon.colcon_core.shell:Creating package script '/home/jang/2024_7Dof/install/iiwa_moveit2/share/iiwa_moveit2/package.ps1'
[0.985s] INFO:colcon.colcon_core.shell:Creating package descriptor '/home/jang/2024_7Dof/install/iiwa_moveit2/share/iiwa_moveit2/package.dsv'
[0.986s] INFO:colcon.colcon_core.shell:Creating package script '/home/jang/2024_7Dof/install/iiwa_moveit2/share/iiwa_moveit2/package.sh'
[0.986s] INFO:colcon.colcon_core.shell:Creating package script '/home/jang/2024_7Dof/install/iiwa_moveit2/share/iiwa_moveit2/package.bash'
[0.986s] INFO:colcon.colcon_core.shell:Creating package script '/home/jang/2024_7Dof/install/iiwa_moveit2/share/iiwa_moveit2/package.zsh'
[0.987s] Level 1:colcon.colcon_core.environment:create_file_with_runtime_dependencies(/home/jang/2024_7Dof/install/iiwa_moveit2/share/colcon-core/packages/iiwa_moveit2)
[0.992s] Level 1:colcon.colcon_core.environment:create_environment_scripts_only(impedance_controller)
[0.995s] Level 1:colcon.colcon_core.environment:checking '/home/jang/2024_7Dof/install/impedance_controller' for CMake module files
[0.997s] DEBUG:colcon.colcon_core.event_handler.log_command:Invoked command in '/home/jang/2024_7Dof/build/impedance_controller' returned '0': CMAKE_PREFIX_PATH=${CMAKE_PREFIX_PATH}:/home/jang/2024_7Dof/install/apf_nodes:/opt/ros/humble /usr/bin/cmake --install /home/jang/2024_7Dof/build/impedance_controller
[0.999s] Level 1:colcon.colcon_core.environment:checking '/home/jang/2024_7Dof/install/impedance_controller' for CMake config files
[1.003s] Level 1:colcon.colcon_core.shell:create_environment_hook('impedance_controller', 'cmake_prefix_path')
[1.005s] INFO:colcon.colcon_core.shell:Creating environment hook '/home/jang/2024_7Dof/install/impedance_controller/share/impedance_controller/hook/cmake_prefix_path.ps1'
[1.007s] INFO:colcon.colcon_core.shell:Creating environment descriptor '/home/jang/2024_7Dof/install/impedance_controller/share/impedance_controller/hook/cmake_prefix_path.dsv'
[1.010s] INFO:colcon.colcon_core.shell:Creating environment hook '/home/jang/2024_7Dof/install/impedance_controller/share/impedance_controller/hook/cmake_prefix_path.sh'
[1.014s] Level 1:colcon.colcon_core.environment:checking '/home/jang/2024_7Dof/install/impedance_controller/lib'
[1.015s] Level 1:colcon.colcon_core.shell:create_environment_hook('impedance_controller', 'ld_library_path_lib')
[1.017s] INFO:colcon.colcon_core.shell:Creating environment hook '/home/jang/2024_7Dof/install/impedance_controller/share/impedance_controller/hook/ld_library_path_lib.ps1'
[1.019s] INFO:colcon.colcon_core.shell:Creating environment descriptor '/home/jang/2024_7Dof/install/impedance_controller/share/impedance_controller/hook/ld_library_path_lib.dsv'
[1.023s] INFO:colcon.colcon_core.shell:Creating environment hook '/home/jang/2024_7Dof/install/impedance_controller/share/impedance_controller/hook/ld_library_path_lib.sh'
[1.028s] Level 1:colcon.colcon_core.environment:checking '/home/jang/2024_7Dof/install/impedance_controller/bin'
[1.028s] Level 1:colcon.colcon_core.environment:checking '/home/jang/2024_7Dof/install/impedance_controller/lib/pkgconfig/impedance_controller.pc'
[1.029s] Level 1:colcon.colcon_core.environment:checking '/home/jang/2024_7Dof/install/impedance_controller/lib/python3.10/site-packages'
[1.031s] Level 1:colcon.colcon_core.environment:checking '/home/jang/2024_7Dof/install/impedance_controller/bin'
[1.033s] INFO:colcon.colcon_core.shell:Creating package script '/home/jang/2024_7Dof/install/impedance_controller/share/impedance_controller/package.ps1'
[1.037s] INFO:colcon.colcon_core.shell:Creating package descriptor '/home/jang/2024_7Dof/install/impedance_controller/share/impedance_controller/package.dsv'
[1.038s] INFO:colcon.colcon_core.shell:Creating package script '/home/jang/2024_7Dof/install/impedance_controller/share/impedance_controller/package.sh'
[1.041s] INFO:colcon.colcon_core.shell:Creating package script '/home/jang/2024_7Dof/install/impedance_controller/share/impedance_controller/package.bash'
[1.044s] INFO:colcon.colcon_core.shell:Creating package script '/home/jang/2024_7Dof/install/impedance_controller/share/impedance_controller/package.zsh'
[1.047s] Level 1:colcon.colcon_core.environment:create_file_with_runtime_dependencies(/home/jang/2024_7Dof/install/impedance_controller/share/colcon-core/packages/impedance_controller)
[1.052s] Level 1:colcon.colcon_core.environment:create_environment_scripts_only(external_torque_sensor_broadcaster)
[1.054s] Level 1:colcon.colcon_core.environment:checking '/home/jang/2024_7Dof/install/external_torque_sensor_broadcaster' for CMake module files
[1.059s] Level 1:colcon.colcon_core.environment:checking '/home/jang/2024_7Dof/install/external_torque_sensor_broadcaster' for CMake config files
[1.061s] Level 1:colcon.colcon_core.shell:create_environment_hook('external_torque_sensor_broadcaster', 'cmake_prefix_path')
[1.063s] INFO:colcon.colcon_core.shell:Creating environment hook '/home/jang/2024_7Dof/install/external_torque_sensor_broadcaster/share/external_torque_sensor_broadcaster/hook/cmake_prefix_path.ps1'
[1.067s] INFO:colcon.colcon_core.shell:Creating environment descriptor '/home/jang/2024_7Dof/install/external_torque_sensor_broadcaster/share/external_torque_sensor_broadcaster/hook/cmake_prefix_path.dsv'
[1.070s] INFO:colcon.colcon_core.shell:Creating environment hook '/home/jang/2024_7Dof/install/external_torque_sensor_broadcaster/share/external_torque_sensor_broadcaster/hook/cmake_prefix_path.sh'
[1.074s] Level 1:colcon.colcon_core.environment:checking '/home/jang/2024_7Dof/install/external_torque_sensor_broadcaster/lib'
[1.075s] Level 1:colcon.colcon_core.shell:create_environment_hook('external_torque_sensor_broadcaster', 'ld_library_path_lib')
[1.077s] INFO:colcon.colcon_core.shell:Creating environment hook '/home/jang/2024_7Dof/install/external_torque_sensor_broadcaster/share/external_torque_sensor_broadcaster/hook/ld_library_path_lib.ps1'
[1.080s] INFO:colcon.colcon_core.shell:Creating environment descriptor '/home/jang/2024_7Dof/install/external_torque_sensor_broadcaster/share/external_torque_sensor_broadcaster/hook/ld_library_path_lib.dsv'
[1.082s] INFO:colcon.colcon_core.shell:Creating environment hook '/home/jang/2024_7Dof/install/external_torque_sensor_broadcaster/share/external_torque_sensor_broadcaster/hook/ld_library_path_lib.sh'
[1.085s] Level 1:colcon.colcon_core.environment:checking '/home/jang/2024_7Dof/install/external_torque_sensor_broadcaster/bin'
[1.085s] Level 1:colcon.colcon_core.environment:checking '/home/jang/2024_7Dof/install/external_torque_sensor_broadcaster/lib/pkgconfig/external_torque_sensor_broadcaster.pc'
[1.087s] Level 1:colcon.colcon_core.environment:checking '/home/jang/2024_7Dof/install/external_torque_sensor_broadcaster/lib/python3.10/site-packages'
[1.088s] Level 1:colcon.colcon_core.environment:checking '/home/jang/2024_7Dof/install/external_torque_sensor_broadcaster/bin'
[1.090s] INFO:colcon.colcon_core.shell:Creating package script '/home/jang/2024_7Dof/install/external_torque_sensor_broadcaster/share/external_torque_sensor_broadcaster/package.ps1'
[1.092s] INFO:colcon.colcon_core.shell:Creating package descriptor '/home/jang/2024_7Dof/install/external_torque_sensor_broadcaster/share/external_torque_sensor_broadcaster/package.dsv'
[1.095s] INFO:colcon.colcon_core.shell:Creating package script '/home/jang/2024_7Dof/install/external_torque_sensor_broadcaster/share/external_torque_sensor_broadcaster/package.sh'
[1.097s] INFO:colcon.colcon_core.shell:Creating package script '/home/jang/2024_7Dof/install/external_torque_sensor_broadcaster/share/external_torque_sensor_broadcaster/package.bash'
[1.100s] INFO:colcon.colcon_core.shell:Creating package script '/home/jang/2024_7Dof/install/external_torque_sensor_broadcaster/share/external_torque_sensor_broadcaster/package.zsh'
[1.101s] Level 1:colcon.colcon_core.environment:create_file_with_runtime_dependencies(/home/jang/2024_7Dof/install/external_torque_sensor_broadcaster/share/colcon-core/packages/external_torque_sensor_broadcaster)
[1.111s] DEBUG:colcon.colcon_core.event_handler.log_command:Invoked command in '/home/jang/2024_7Dof/build/iiwa_bringup' returned '0': CMAKE_PREFIX_PATH=/home/jang/2024_7Dof/install/iiwa_description:/home/jang/2024_7Dof/install/impedance_controller:/home/jang/2024_7Dof/install/iiwa_moveit2:/home/jang/2024_7Dof/install/iiwa_bringup:/home/jang/2024_7Dof/install/external_torque_sensor_broadcaster:/home/jang/2024_7Dof/install/culjaco:/home/jang/2024_7Dof/install/apf_nodes:/opt/ros/humble /usr/bin/cmake --build /home/jang/2024_7Dof/build/iiwa_bringup -- -j16 -l16
[1.151s] Level 1:colcon.colcon_core.environment:create_environment_scripts_only(iiwa_moveit2)
[1.154s] Level 1:colcon.colcon_core.environment:checking '/home/jang/2024_7Dof/install/iiwa_moveit2' for CMake module files
[1.156s] Level 1:colcon.colcon_core.environment:checking '/home/jang/2024_7Dof/install/iiwa_moveit2' for CMake config files
[1.158s] Level 1:colcon.colcon_core.shell:create_environment_hook('iiwa_moveit2', 'cmake_prefix_path')
[1.159s] INFO:colcon.colcon_core.shell:Creating environment hook '/home/jang/2024_7Dof/install/iiwa_moveit2/share/iiwa_moveit2/hook/cmake_prefix_path.ps1'
[1.162s] INFO:colcon.colcon_core.shell:Creating environment descriptor '/home/jang/2024_7Dof/install/iiwa_moveit2/share/iiwa_moveit2/hook/cmake_prefix_path.dsv'
[1.164s] INFO:colcon.colcon_core.shell:Creating environment hook '/home/jang/2024_7Dof/install/iiwa_moveit2/share/iiwa_moveit2/hook/cmake_prefix_path.sh'
[1.165s] Level 1:colcon.colcon_core.environment:checking '/home/jang/2024_7Dof/install/iiwa_moveit2/lib'
[1.166s] Level 1:colcon.colcon_core.shell:create_environment_hook('iiwa_moveit2', 'ld_library_path_lib')
[1.167s] INFO:colcon.colcon_core.shell:Creating environment hook '/home/jang/2024_7Dof/install/iiwa_moveit2/share/iiwa_moveit2/hook/ld_library_path_lib.ps1'
[1.169s] INFO:colcon.colcon_core.shell:Creating environment descriptor '/home/jang/2024_7Dof/install/iiwa_moveit2/share/iiwa_moveit2/hook/ld_library_path_lib.dsv'
[1.171s] INFO:colcon.colcon_core.shell:Creating environment hook '/home/jang/2024_7Dof/install/iiwa_moveit2/share/iiwa_moveit2/hook/ld_library_path_lib.sh'
[1.173s] Level 1:colcon.colcon_core.environment:checking '/home/jang/2024_7Dof/install/iiwa_moveit2/bin'
[1.174s] Level 1:colcon.colcon_core.environment:checking '/home/jang/2024_7Dof/install/iiwa_moveit2/lib/pkgconfig/iiwa_moveit2.pc'
[1.175s] Level 1:colcon.colcon_core.environment:checking '/home/jang/2024_7Dof/install/iiwa_moveit2/lib/python3.10/site-packages'
[1.175s] Level 1:colcon.colcon_core.environment:checking '/home/jang/2024_7Dof/install/iiwa_moveit2/bin'
[1.175s] INFO:colcon.colcon_core.shell:Creating package script '/home/jang/2024_7Dof/install/iiwa_moveit2/share/iiwa_moveit2/package.ps1'
[1.177s] INFO:colcon.colcon_core.shell:Creating package descriptor '/home/jang/2024_7Dof/install/iiwa_moveit2/share/iiwa_moveit2/package.dsv'
[1.179s] INFO:colcon.colcon_core.shell:Creating package script '/home/jang/2024_7Dof/install/iiwa_moveit2/share/iiwa_moveit2/package.sh'
[1.182s] INFO:colcon.colcon_core.shell:Creating package script '/home/jang/2024_7Dof/install/iiwa_moveit2/share/iiwa_moveit2/package.bash'
[1.184s] INFO:colcon.colcon_core.shell:Creating package script '/home/jang/2024_7Dof/install/iiwa_moveit2/share/iiwa_moveit2/package.zsh'
[1.185s] Level 1:colcon.colcon_core.environment:create_file_with_runtime_dependencies(/home/jang/2024_7Dof/install/iiwa_moveit2/share/colcon-core/packages/iiwa_moveit2)
[1.186s] Level 1:colcon.colcon_core.environment:create_environment_scripts_only(impedance_controller)
[1.186s] Level 1:colcon.colcon_core.environment:checking '/home/jang/2024_7Dof/install/impedance_controller' for CMake module files
[1.187s] Level 1:colcon.colcon_core.environment:checking '/home/jang/2024_7Dof/install/impedance_controller' for CMake config files
[1.188s] Level 1:colcon.colcon_core.shell:create_environment_hook('impedance_controller', 'cmake_prefix_path')
[1.188s] INFO:colcon.colcon_core.shell:Creating environment hook '/home/jang/2024_7Dof/install/impedance_controller/share/impedance_controller/hook/cmake_prefix_path.ps1'
[1.189s] INFO:colcon.colcon_core.shell:Creating environment descriptor '/home/jang/2024_7Dof/install/impedance_controller/share/impedance_controller/hook/cmake_prefix_path.dsv'
[1.189s] INFO:colcon.colcon_core.shell:Creating environment hook '/home/jang/2024_7Dof/install/impedance_controller/share/impedance_controller/hook/cmake_prefix_path.sh'
[1.190s] Level 1:colcon.colcon_core.environment:checking '/home/jang/2024_7Dof/install/impedance_controller/lib'
[1.190s] Level 1:colcon.colcon_core.shell:create_environment_hook('impedance_controller', 'ld_library_path_lib')
[1.190s] INFO:colcon.colcon_core.shell:Creating environment hook '/home/jang/2024_7Dof/install/impedance_controller/share/impedance_controller/hook/ld_library_path_lib.ps1'
[1.191s] INFO:colcon.colcon_core.shell:Creating environment descriptor '/home/jang/2024_7Dof/install/impedance_controller/share/impedance_controller/hook/ld_library_path_lib.dsv'
[1.191s] INFO:colcon.colcon_core.shell:Creating environment hook '/home/jang/2024_7Dof/install/impedance_controller/share/impedance_controller/hook/ld_library_path_lib.sh'
[1.192s] Level 1:colcon.colcon_core.environment:checking '/home/jang/2024_7Dof/install/impedance_controller/bin'
[1.192s] Level 1:colcon.colcon_core.environment:checking '/home/jang/2024_7Dof/install/impedance_controller/lib/pkgconfig/impedance_controller.pc'
[1.192s] Level 1:colcon.colcon_core.environment:checking '/home/jang/2024_7Dof/install/impedance_controller/lib/python3.10/site-packages'
[1.192s] Level 1:colcon.colcon_core.environment:checking '/home/jang/2024_7Dof/install/impedance_controller/bin'
[1.193s] INFO:colcon.colcon_core.shell:Creating package script '/home/jang/2024_7Dof/install/impedance_controller/share/impedance_controller/package.ps1'
[1.193s] INFO:colcon.colcon_core.shell:Creating package descriptor '/home/jang/2024_7Dof/install/impedance_controller/share/impedance_controller/package.dsv'
[1.194s] INFO:colcon.colcon_core.shell:Creating package script '/home/jang/2024_7Dof/install/impedance_controller/share/impedance_controller/package.sh'
[1.195s] INFO:colcon.colcon_core.shell:Creating package script '/home/jang/2024_7Dof/install/impedance_controller/share/impedance_controller/package.bash'
[1.195s] INFO:colcon.colcon_core.shell:Creating package script '/home/jang/2024_7Dof/install/impedance_controller/share/impedance_controller/package.zsh'
[1.195s] Level 1:colcon.colcon_core.environment:create_file_with_runtime_dependencies(/home/jang/2024_7Dof/install/impedance_controller/share/colcon-core/packages/impedance_controller)
[1.206s] DEBUG:colcon.colcon_core.event_handler.log_command:Invoking command in '/home/jang/2024_7Dof/build/iiwa_bringup': CMAKE_PREFIX_PATH=/home/jang/2024_7Dof/install/iiwa_description:/home/jang/2024_7Dof/install/impedance_controller:/home/jang/2024_7Dof/install/iiwa_moveit2:/home/jang/2024_7Dof/install/iiwa_bringup:/home/jang/2024_7Dof/install/external_torque_sensor_broadcaster:/home/jang/2024_7Dof/install/culjaco:/home/jang/2024_7Dof/install/apf_nodes:/opt/ros/humble /usr/bin/cmake --install /home/jang/2024_7Dof/build/iiwa_bringup
[1.272s] Level 1:colcon.colcon_core.environment:create_environment_scripts_only(iiwa_bringup)
[1.273s] Level 1:colcon.colcon_core.environment:checking '/home/jang/2024_7Dof/install/iiwa_bringup' for CMake module files
[1.274s] DEBUG:colcon.colcon_core.event_handler.log_command:Invoked command in '/home/jang/2024_7Dof/build/iiwa_bringup' returned '0': CMAKE_PREFIX_PATH=/home/jang/2024_7Dof/install/iiwa_description:/home/jang/2024_7Dof/install/impedance_controller:/home/jang/2024_7Dof/install/iiwa_moveit2:/home/jang/2024_7Dof/install/iiwa_bringup:/home/jang/2024_7Dof/install/external_torque_sensor_broadcaster:/home/jang/2024_7Dof/install/culjaco:/home/jang/2024_7Dof/install/apf_nodes:/opt/ros/humble /usr/bin/cmake --install /home/jang/2024_7Dof/build/iiwa_bringup
[1.274s] Level 1:colcon.colcon_core.environment:checking '/home/jang/2024_7Dof/install/iiwa_bringup' for CMake config files
[1.275s] Level 1:colcon.colcon_core.shell:create_environment_hook('iiwa_bringup', 'cmake_prefix_path')
[1.275s] INFO:colcon.colcon_core.shell:Creating environment hook '/home/jang/2024_7Dof/install/iiwa_bringup/share/iiwa_bringup/hook/cmake_prefix_path.ps1'
[1.275s] INFO:colcon.colcon_core.shell:Creating environment descriptor '/home/jang/2024_7Dof/install/iiwa_bringup/share/iiwa_bringup/hook/cmake_prefix_path.dsv'
[1.276s] INFO:colcon.colcon_core.shell:Creating environment hook '/home/jang/2024_7Dof/install/iiwa_bringup/share/iiwa_bringup/hook/cmake_prefix_path.sh'
[1.276s] Level 1:colcon.colcon_core.environment:checking '/home/jang/2024_7Dof/install/iiwa_bringup/bin'
[1.276s] Level 1:colcon.colcon_core.environment:checking '/home/jang/2024_7Dof/install/iiwa_bringup/lib/pkgconfig/iiwa_bringup.pc'
[1.276s] Level 1:colcon.colcon_core.environment:checking '/home/jang/2024_7Dof/install/iiwa_bringup/lib/python3.10/site-packages'
[1.276s] Level 1:colcon.colcon_core.environment:checking '/home/jang/2024_7Dof/install/iiwa_bringup/bin'
[1.277s] INFO:colcon.colcon_core.shell:Creating package script '/home/jang/2024_7Dof/install/iiwa_bringup/share/iiwa_bringup/package.ps1'
[1.277s] INFO:colcon.colcon_core.shell:Creating package descriptor '/home/jang/2024_7Dof/install/iiwa_bringup/share/iiwa_bringup/package.dsv'
[1.277s] INFO:colcon.colcon_core.shell:Creating package script '/home/jang/2024_7Dof/install/iiwa_bringup/share/iiwa_bringup/package.sh'
[1.279s] INFO:colcon.colcon_core.shell:Creating package script '/home/jang/2024_7Dof/install/iiwa_bringup/share/iiwa_bringup/package.bash'
[1.280s] INFO:colcon.colcon_core.shell:Creating package script '/home/jang/2024_7Dof/install/iiwa_bringup/share/iiwa_bringup/package.zsh'
[1.282s] Level 1:colcon.colcon_core.environment:create_file_with_runtime_dependencies(/home/jang/2024_7Dof/install/iiwa_bringup/share/colcon-core/packages/iiwa_bringup)
[1.307s] Level 1:colcon.colcon_core.environment:create_environment_scripts_only(iiwa_bringup)
[1.307s] Level 1:colcon.colcon_core.environment:checking '/home/jang/2024_7Dof/install/iiwa_bringup' for CMake module files
[1.307s] Level 1:colcon.colcon_core.environment:checking '/home/jang/2024_7Dof/install/iiwa_bringup' for CMake config files
[1.308s] Level 1:colcon.colcon_core.shell:create_environment_hook('iiwa_bringup', 'cmake_prefix_path')
[1.308s] INFO:colcon.colcon_core.shell:Creating environment hook '/home/jang/2024_7Dof/install/iiwa_bringup/share/iiwa_bringup/hook/cmake_prefix_path.ps1'
[1.308s] INFO:colcon.colcon_core.shell:Creating environment descriptor '/home/jang/2024_7Dof/install/iiwa_bringup/share/iiwa_bringup/hook/cmake_prefix_path.dsv'
[1.308s] INFO:colcon.colcon_core.shell:Creating environment hook '/home/jang/2024_7Dof/install/iiwa_bringup/share/iiwa_bringup/hook/cmake_prefix_path.sh'
[1.309s] Level 1:colcon.colcon_core.environment:checking '/home/jang/2024_7Dof/install/iiwa_bringup/bin'
[1.309s] Level 1:colcon.colcon_core.environment:checking '/home/jang/2024_7Dof/install/iiwa_bringup/lib/pkgconfig/iiwa_bringup.pc'
[1.309s] Level 1:colcon.colcon_core.environment:checking '/home/jang/2024_7Dof/install/iiwa_bringup/lib/python3.10/site-packages'
[1.309s] Level 1:colcon.colcon_core.environment:checking '/home/jang/2024_7Dof/install/iiwa_bringup/bin'
[1.309s] INFO:colcon.colcon_core.shell:Creating package script '/home/jang/2024_7Dof/install/iiwa_bringup/share/iiwa_bringup/package.ps1'
[1.310s] INFO:colcon.colcon_core.shell:Creating package descriptor '/home/jang/2024_7Dof/install/iiwa_bringup/share/iiwa_bringup/package.dsv'
[1.310s] INFO:colcon.colcon_core.shell:Creating package script '/home/jang/2024_7Dof/install/iiwa_bringup/share/iiwa_bringup/package.sh'
[1.310s] INFO:colcon.colcon_core.shell:Creating package script '/home/jang/2024_7Dof/install/iiwa_bringup/share/iiwa_bringup/package.bash'
[1.310s] INFO:colcon.colcon_core.shell:Creating package script '/home/jang/2024_7Dof/install/iiwa_bringup/share/iiwa_bringup/package.zsh'
[1.311s] Level 1:colcon.colcon_core.environment:create_file_with_runtime_dependencies(/home/jang/2024_7Dof/install/iiwa_bringup/share/colcon-core/packages/iiwa_bringup)
[1.353s] DEBUG:colcon.colcon_core.event_handler.log_command:Invoking command in '/home/jang/2024_7Dof/build/apf_nodes': PYTHONPATH=/home/jang/2024_7Dof/build/apf_nodes/prefix_override:/usr/lib/python3/dist-packages/colcon_core/task/python/colcon_distutils_commands:/home/jang/2024_7Dof/install/apf_nodes/lib/python3.10/site-packages:${PYTHONPATH} /usr/bin/python3 -W ignore:setup.py install is deprecated setup.py develop --editable --build-directory /home/jang/2024_7Dof/build/apf_nodes/build --no-deps symlink_data
[1.613s] Level 1:colcon.colcon_core.shell:create_environment_hook('apf_nodes', 'pythonpath_develop')
[1.613s] DEBUG:colcon.colcon_core.event_handler.log_command:Invoked command in '/home/jang/2024_7Dof/build/apf_nodes' returned '0': PYTHONPATH=/home/jang/2024_7Dof/build/apf_nodes/prefix_override:/usr/lib/python3/dist-packages/colcon_core/task/python/colcon_distutils_commands:/home/jang/2024_7Dof/install/apf_nodes/lib/python3.10/site-packages:${PYTHONPATH} /usr/bin/python3 -W ignore:setup.py install is deprecated setup.py develop --editable --build-directory /home/jang/2024_7Dof/build/apf_nodes/build --no-deps symlink_data
[1.613s] INFO:colcon.colcon_core.shell:Creating environment hook '/home/jang/2024_7Dof/build/apf_nodes/share/apf_nodes/hook/pythonpath_develop.ps1'
[1.614s] INFO:colcon.colcon_core.shell:Creating environment descriptor '/home/jang/2024_7Dof/build/apf_nodes/share/apf_nodes/hook/pythonpath_develop.dsv'
[1.614s] INFO:colcon.colcon_core.shell:Creating environment hook '/home/jang/2024_7Dof/build/apf_nodes/share/apf_nodes/hook/pythonpath_develop.sh'
[1.615s] Level 1:colcon.colcon_core.environment:checking '/home/jang/2024_7Dof/install/apf_nodes' for CMake module files
[1.615s] Level 1:colcon.colcon_core.environment:checking '/home/jang/2024_7Dof/install/apf_nodes' for CMake config files
[1.615s] Level 1:colcon.colcon_core.environment:checking '/home/jang/2024_7Dof/install/apf_nodes/lib'
[1.615s] Level 1:colcon.colcon_core.environment:checking '/home/jang/2024_7Dof/install/apf_nodes/bin'
[1.615s] Level 1:colcon.colcon_core.environment:checking '/home/jang/2024_7Dof/install/apf_nodes/lib/pkgconfig/apf_nodes.pc'
[1.615s] Level 1:colcon.colcon_core.environment:checking '/home/jang/2024_7Dof/install/apf_nodes/lib/python3.10/site-packages'
[1.616s] Level 1:colcon.colcon_core.shell:create_environment_hook('apf_nodes', 'pythonpath')
[1.616s] INFO:colcon.colcon_core.shell:Creating environment hook '/home/jang/2024_7Dof/install/apf_nodes/share/apf_nodes/hook/pythonpath.ps1'
[1.616s] INFO:colcon.colcon_core.shell:Creating environment descriptor '/home/jang/2024_7Dof/install/apf_nodes/share/apf_nodes/hook/pythonpath.dsv'
[1.616s] INFO:colcon.colcon_core.shell:Creating environment hook '/home/jang/2024_7Dof/install/apf_nodes/share/apf_nodes/hook/pythonpath.sh'
[1.616s] Level 1:colcon.colcon_core.environment:checking '/home/jang/2024_7Dof/install/apf_nodes/bin'
[1.616s] Level 1:colcon.colcon_core.environment:create_environment_scripts_only(apf_nodes)
[1.617s] INFO:colcon.colcon_core.shell:Creating package script '/home/jang/2024_7Dof/install/apf_nodes/share/apf_nodes/package.ps1'
[1.617s] INFO:colcon.colcon_core.shell:Creating package descriptor '/home/jang/2024_7Dof/install/apf_nodes/share/apf_nodes/package.dsv'
[1.617s] INFO:colcon.colcon_core.shell:Creating package script '/home/jang/2024_7Dof/install/apf_nodes/share/apf_nodes/package.sh'
[1.617s] INFO:colcon.colcon_core.shell:Creating package script '/home/jang/2024_7Dof/install/apf_nodes/share/apf_nodes/package.bash'
[1.617s] INFO:colcon.colcon_core.shell:Creating package script '/home/jang/2024_7Dof/install/apf_nodes/share/apf_nodes/package.zsh'
[1.618s] Level 1:colcon.colcon_core.environment:create_file_with_runtime_dependencies(/home/jang/2024_7Dof/install/apf_nodes/share/colcon-core/packages/apf_nodes)
[4.054s] DEBUG:colcon.colcon_core.event_handler.log_command:Invoked command in '/home/jang/2024_7Dof/build/culjaco' returned '2': CMAKE_PREFIX_PATH=${CMAKE_PREFIX_PATH}:/home/jang/2024_7Dof/install/apf_nodes:/opt/ros/humble /usr/bin/cmake --build /home/jang/2024_7Dof/build/culjaco -- -j16 -l16
[4.088s] Level 1:colcon.colcon_core.environment:create_environment_scripts_only(culjaco)
[4.088s] Level 1:colcon.colcon_core.environment:checking '/home/jang/2024_7Dof/install/culjaco' for CMake module files
[4.089s] Level 1:colcon.colcon_core.environment:checking '/home/jang/2024_7Dof/install/culjaco' for CMake config files
[4.089s] Level 1:colcon.colcon_core.shell:create_environment_hook('culjaco', 'cmake_prefix_path')
[4.089s] INFO:colcon.colcon_core.shell:Creating environment hook '/home/jang/2024_7Dof/install/culjaco/share/culjaco/hook/cmake_prefix_path.ps1'
[4.090s] INFO:colcon.colcon_core.shell:Creating environment descriptor '/home/jang/2024_7Dof/install/culjaco/share/culjaco/hook/cmake_prefix_path.dsv'
[4.090s] INFO:colcon.colcon_core.shell:Creating environment hook '/home/jang/2024_7Dof/install/culjaco/share/culjaco/hook/cmake_prefix_path.sh'
[4.091s] Level 1:colcon.colcon_core.environment:checking '/home/jang/2024_7Dof/install/culjaco/lib'
[4.091s] Level 1:colcon.colcon_core.environment:checking '/home/jang/2024_7Dof/install/culjaco/bin'
[4.091s] Level 1:colcon.colcon_core.environment:checking '/home/jang/2024_7Dof/install/culjaco/lib/pkgconfig/culjaco.pc'
[4.091s] Level 1:colcon.colcon_core.environment:checking '/home/jang/2024_7Dof/install/culjaco/lib/python3.10/site-packages'
[4.091s] Level 1:colcon.colcon_core.environment:checking '/home/jang/2024_7Dof/install/culjaco/bin'
[4.091s] INFO:colcon.colcon_core.shell:Creating package script '/home/jang/2024_7Dof/install/culjaco/share/culjaco/package.ps1'
[4.091s] INFO:colcon.colcon_core.shell:Creating package descriptor '/home/jang/2024_7Dof/install/culjaco/share/culjaco/package.dsv'
[4.092s] INFO:colcon.colcon_core.shell:Creating package script '/home/jang/2024_7Dof/install/culjaco/share/culjaco/package.sh'
[4.092s] INFO:colcon.colcon_core.shell:Creating package script '/home/jang/2024_7Dof/install/culjaco/share/culjaco/package.bash'
[4.092s] INFO:colcon.colcon_core.shell:Creating package script '/home/jang/2024_7Dof/install/culjaco/share/culjaco/package.zsh'
[4.092s] Level 1:colcon.colcon_core.environment:create_file_with_runtime_dependencies(/home/jang/2024_7Dof/install/culjaco/share/colcon-core/packages/culjaco)
[4.103s] DEBUG:colcon.colcon_parallel_executor.executor.parallel:closing loop
[4.103s] DEBUG:colcon.colcon_parallel_executor.executor.parallel:loop closed
[4.103s] DEBUG:colcon.colcon_parallel_executor.executor.parallel:run_until_complete finished with '2'
[4.103s] DEBUG:colcon.colcon_core.event_reactor:joining thread
[4.111s] INFO:colcon.colcon_core.plugin_system:Skipping extension 'colcon_notification.desktop_notification.terminal_notifier': Not used on non-Darwin systems
[4.111s] INFO:colcon.colcon_core.plugin_system:Skipping extension 'colcon_notification.desktop_notification.win32': Not used on non-Windows systems
[4.111s] INFO:colcon.colcon_notification.desktop_notification:Sending desktop notification using 'notify2'
[4.127s] DEBUG:colcon.colcon_core.event_reactor:joined thread
[4.127s] INFO:colcon.colcon_core.shell:Creating prefix script '/home/jang/2024_7Dof/install/local_setup.ps1'
[4.128s] INFO:colcon.colcon_core.shell:Creating prefix util module '/home/jang/2024_7Dof/install/_local_setup_util_ps1.py'
[4.128s] INFO:colcon.colcon_core.shell:Creating prefix chain script '/home/jang/2024_7Dof/install/setup.ps1'
[4.129s] INFO:colcon.colcon_core.shell:Creating prefix script '/home/jang/2024_7Dof/install/local_setup.sh'
[4.129s] INFO:colcon.colcon_core.shell:Creating prefix util module '/home/jang/2024_7Dof/install/_local_setup_util_sh.py'
[4.130s] INFO:colcon.colcon_core.shell:Creating prefix chain script '/home/jang/2024_7Dof/install/setup.sh'
[4.130s] INFO:colcon.colcon_core.shell:Creating prefix script '/home/jang/2024_7Dof/install/local_setup.bash'
[4.130s] INFO:colcon.colcon_core.shell:Creating prefix chain script '/home/jang/2024_7Dof/install/setup.bash'
[4.131s] INFO:colcon.colcon_core.shell:Creating prefix script '/home/jang/2024_7Dof/install/local_setup.zsh'
[4.131s] INFO:colcon.colcon_core.shell:Creating prefix chain script '/home/jang/2024_7Dof/install/setup.zsh'
