[0.164s] Invoking command in '/home/jang/2024_7Dof/build/culjaco': CMAKE_PREFIX_PATH=${CMAKE_PREFIX_PATH}:/home/jang/2024_7Dof/install/apf_nodes:/opt/ros/humble /usr/bin/cmake --build /home/jang/2024_7Dof/build/culjaco -- -j16 -l16
[0.202s] [35m[1mConsolidate compiler generated dependencies of target jaco_node[0m
[0.208s] [ 20%] Built target forward
[0.210s] [ 40%] Built target talker
[0.216s] [ 60%] Built target listener
[0.217s] [ 80%] Built target forward_node
[0.219s] [ 90%] [32mBuilding CXX object CMakeFiles/jaco_node.dir/src/cul_jaco.cpp.o[0m
[8.315s] [100%] [32m[1mLinking CXX executable jaco_node[0m
[8.437s] [100%] Built target jaco_node
[8.451s] Invoked command in '/home/jang/2024_7Dof/build/culjaco' returned '0': CMAKE_PREFIX_PATH=${CMAKE_PREFIX_PATH}:/home/jang/2024_7Dof/install/apf_nodes:/opt/ros/humble /usr/bin/cmake --build /home/jang/2024_7Dof/build/culjaco -- -j16 -l16
[8.482s] Invoking command in '/home/jang/2024_7Dof/build/culjaco': CMAKE_PREFIX_PATH=${CMAKE_PREFIX_PATH}:/home/jang/2024_7Dof/install/apf_nodes:/opt/ros/humble /usr/bin/cmake --install /home/jang/2024_7Dof/build/culjaco
[8.487s] -- Install configuration: "Release"
[8.487s] -- Execute custom install script
[8.488s] -- Up-to-date symlink: /home/jang/2024_7Dof/install/culjaco/lib/culjaco/forward
[8.488s] -- Up-to-date symlink: /home/jang/2024_7Dof/install/culjaco/lib/culjaco/talker
[8.488s] -- Up-to-date symlink: /home/jang/2024_7Dof/install/culjaco/lib/culjaco/listener
[8.488s] -- Up-to-date symlink: /home/jang/2024_7Dof/install/culjaco/lib/culjaco/forward_node
[8.488s] -- Up-to-date symlink: /home/jang/2024_7Dof/install/culjaco/lib/culjaco/jaco_node
[8.488s] -- Up-to-date symlink: /home/jang/2024_7Dof/install/culjaco/share/ament_index/resource_index/package_run_dependencies/culjaco
[8.489s] -- Up-to-date symlink: /home/jang/2024_7Dof/install/culjaco/share/ament_index/resource_index/parent_prefix_path/culjaco
[8.489s] -- Up-to-date symlink: /home/jang/2024_7Dof/install/culjaco/share/culjaco/environment/ament_prefix_path.sh
[8.489s] -- Up-to-date symlink: /home/jang/2024_7Dof/install/culjaco/share/culjaco/environment/ament_prefix_path.dsv
[8.489s] -- Up-to-date symlink: /home/jang/2024_7Dof/install/culjaco/share/culjaco/environment/path.sh
[8.489s] -- Up-to-date symlink: /home/jang/2024_7Dof/install/culjaco/share/culjaco/environment/path.dsv
[8.489s] -- Up-to-date symlink: /home/jang/2024_7Dof/install/culjaco/share/culjaco/local_setup.bash
[8.489s] -- Up-to-date symlink: /home/jang/2024_7Dof/install/culjaco/share/culjaco/local_setup.sh
[8.489s] -- Up-to-date symlink: /home/jang/2024_7Dof/install/culjaco/share/culjaco/local_setup.zsh
[8.489s] -- Up-to-date symlink: /home/jang/2024_7Dof/install/culjaco/share/culjaco/local_setup.dsv
[8.489s] -- Symlinking: /home/jang/2024_7Dof/install/culjaco/share/culjaco/package.dsv
[8.497s] -- Up-to-date symlink: /home/jang/2024_7Dof/install/culjaco/share/ament_index/resource_index/packages/culjaco
[8.498s] -- Up-to-date symlink: /home/jang/2024_7Dof/install/culjaco/share/culjaco/cmake/culjacoConfig.cmake
[8.498s] -- Up-to-date symlink: /home/jang/2024_7Dof/install/culjaco/share/culjaco/cmake/culjacoConfig-version.cmake
[8.498s] -- Up-to-date symlink: /home/jang/2024_7Dof/install/culjaco/share/culjaco/package.xml
[8.500s] Invoked command in '/home/jang/2024_7Dof/build/culjaco' returned '0': CMAKE_PREFIX_PATH=${CMAKE_PREFIX_PATH}:/home/jang/2024_7Dof/install/apf_nodes:/opt/ros/humble /usr/bin/cmake --install /home/jang/2024_7Dof/build/culjaco
