[0.025s] Invoking command in '/home/jang/2024_7Dof/build/apf_interfaces': CMAKE_PREFIX_PATH=${CMAKE_PREFIX_PATH}:/home/jang/2024_7Dof/install/apf_nodes:/opt/ros/humble /usr/bin/cmake /home/jang/2024_7Dof/src/apf_interfaces -DCMAKE_BUILD_TYPE=Release -DAMENT_CMAKE_SYMLINK_INSTALL=1 -DCMAKE_INSTALL_PREFIX=/home/jang/2024_7Dof/install/apf_interfaces
[0.213s] -- The C compiler identification is GNU 11.4.0
[0.214s] -- The CXX compiler identification is GNU 11.4.0
[0.214s] -- Detecting C compiler ABI info
[0.214s] -- Detecting C compiler ABI info - done
[0.214s] -- Check for working C compiler: /usr/bin/cc - skipped
[0.215s] -- Detecting C compile features
[0.215s] -- Detecting C compile features - done
[0.215s] -- Detecting CXX compiler ABI info
[0.269s] -- Detecting CXX compiler ABI info - done
[0.276s] -- Check for working CXX compiler: /usr/bin/c++ - skipped
[0.276s] -- Detecting CXX compile features
[0.277s] -- Detecting CXX compile features - done
[0.278s] -- Found ament_cmake: 1.3.10 (/opt/ros/humble/share/ament_cmake/cmake)
[0.452s] -- Found Python3: /usr/bin/python3 (found version "3.10.12") found components: Interpreter 
[0.516s] -- Override CMake install command with custom implementation using symlinks instead of copying resources
[0.550s] -- Found ament_lint_auto: 0.12.11 (/opt/ros/humble/share/ament_lint_auto/cmake)
[0.657s] -- Found geometry_msgs: 4.2.4 (/opt/ros/humble/share/geometry_msgs/cmake)
[0.683s] -- Found rosidl_generator_c: 3.1.5 (/opt/ros/humble/share/rosidl_generator_c/cmake)
[0.687s] -- Found rosidl_adapter: 3.1.5 (/opt/ros/humble/share/rosidl_adapter/cmake)
[0.694s] -- Found rosidl_generator_cpp: 3.1.5 (/opt/ros/humble/share/rosidl_generator_cpp/cmake)
[0.704s] -- Using all available rosidl_typesupport_c: rosidl_typesupport_fastrtps_c;rosidl_typesupport_introspection_c
[0.716s] -- Using all available rosidl_typesupport_cpp: rosidl_typesupport_fastrtps_cpp;rosidl_typesupport_introspection_cpp
[0.744s] -- Found rosidl_default_generators: 1.2.0 (/opt/ros/humble/share/rosidl_default_generators/cmake)
[0.988s] -- Found ament_cmake_ros: 0.10.0 (/opt/ros/humble/share/ament_cmake_ros/cmake)
[1.392s] -- Using all available rosidl_typesupport_c: rosidl_typesupport_fastrtps_c;rosidl_typesupport_introspection_c
[1.555s] -- Using all available rosidl_typesupport_cpp: rosidl_typesupport_fastrtps_cpp;rosidl_typesupport_introspection_cpp
[1.575s] -- Found PythonInterp: /usr/bin/python3 (found suitable version "3.10.12", minimum required is "3.6") 
[1.577s] -- Found python_cmake_module: 0.10.0 (/opt/ros/humble/share/python_cmake_module/cmake)
[1.604s] -- Found PythonLibs: /usr/lib/x86_64-linux-gnu/libpython3.10.so (found suitable version "3.10.12", minimum required is "3.5") 
[1.604s] -- Using PYTHON_EXECUTABLE: /usr/bin/python3
[1.604s] -- Using PYTHON_INCLUDE_DIRS: /usr/include/python3.10
[1.604s] -- Using PYTHON_LIBRARIES: /usr/lib/x86_64-linux-gnu/libpython3.10.so
[1.622s] -- Found PythonExtra: .so  
[1.705s] -- Added test 'lint_cmake' to check CMake code style
[1.706s] -- Added test 'xmllint' to check XML markup files
[1.712s] -- Configuring done
[1.757s] -- Generating done
[1.760s] -- Build files have been written to: /home/jang/2024_7Dof/build/apf_interfaces
[1.770s] Invoked command in '/home/jang/2024_7Dof/build/apf_interfaces' returned '0': CMAKE_PREFIX_PATH=${CMAKE_PREFIX_PATH}:/home/jang/2024_7Dof/install/apf_nodes:/opt/ros/humble /usr/bin/cmake /home/jang/2024_7Dof/src/apf_interfaces -DCMAKE_BUILD_TYPE=Release -DAMENT_CMAKE_SYMLINK_INSTALL=1 -DCMAKE_INSTALL_PREFIX=/home/jang/2024_7Dof/install/apf_interfaces
[1.772s] Invoking command in '/home/jang/2024_7Dof/build/apf_interfaces': CMAKE_PREFIX_PATH=${CMAKE_PREFIX_PATH}:/home/jang/2024_7Dof/install/apf_nodes:/opt/ros/humble /usr/bin/cmake --build /home/jang/2024_7Dof/build/apf_interfaces -- -j16 -l16
[1.817s] [  2%] [34m[1mGenerating C code for ROS interfaces[0m
[1.829s] [  4%] [34m[1mGenerating C++ code for ROS interfaces[0m
[1.837s] [  4%] Built target ament_cmake_python_symlink_apf_interfaces
[2.171s] running egg_info
[2.172s] creating apf_interfaces.egg-info
[2.173s] writing apf_interfaces.egg-info/PKG-INFO
[2.173s] writing dependency_links to apf_interfaces.egg-info/dependency_links.txt
[2.173s] writing top-level names to apf_interfaces.egg-info/top_level.txt
[2.174s] writing manifest file 'apf_interfaces.egg-info/SOURCES.txt'
[2.176s] reading manifest file 'apf_interfaces.egg-info/SOURCES.txt'
[2.177s] writing manifest file 'apf_interfaces.egg-info/SOURCES.txt'
[2.216s] [  4%] Built target ament_cmake_python_build_apf_interfaces_egg
[2.226s] [  4%] Built target apf_interfaces__cpp
[2.234s] [  6%] [34m[1mGenerating C++ type support dispatch for ROS interfaces[0m
[2.236s] [  8%] [34m[1mGenerating C++ type support for eProsima Fast-RTPS[0m
[2.238s] [ 10%] [34m[1mGenerating C++ introspection for ROS interfaces[0m
[2.305s] [ 12%] [32mBuilding C object CMakeFiles/apf_interfaces__rosidl_generator_c.dir/rosidl_generator_c/apf_interfaces/msg/detail/jacobian__functions.c.o[0m
[2.305s] [ 14%] [32mBuilding C object CMakeFiles/apf_interfaces__rosidl_generator_c.dir/rosidl_generator_c/apf_interfaces/srv/detail/rrts_points__functions.c.o[0m
[2.305s] [ 17%] [32mBuilding C object CMakeFiles/apf_interfaces__rosidl_generator_c.dir/rosidl_generator_c/apf_interfaces/msg/detail/distance__functions.c.o[0m
[2.431s] [ 19%] [32m[1mLinking C shared library libapf_interfaces__rosidl_generator_c.so[0m
[2.466s] [ 19%] Built target apf_interfaces__rosidl_generator_c
[2.475s] [ 21%] [34m[1mGenerating C type support for eProsima Fast-RTPS[0m
[2.477s] [ 23%] [34m[1mGenerating C type support dispatch for ROS interfaces[0m
[2.479s] [ 25%] [34m[1mGenerating C introspection for ROS interfaces[0m
[2.509s] [ 29%] [32mBuilding CXX object CMakeFiles/apf_interfaces__rosidl_typesupport_cpp.dir/rosidl_typesupport_cpp/apf_interfaces/msg/distance__type_support.cpp.o[0m
[2.509s] [ 31%] [32mBuilding CXX object CMakeFiles/apf_interfaces__rosidl_typesupport_cpp.dir/rosidl_typesupport_cpp/apf_interfaces/srv/rrts_points__type_support.cpp.o[0m
[2.509s] [ 31%] [32mBuilding CXX object CMakeFiles/apf_interfaces__rosidl_typesupport_cpp.dir/rosidl_typesupport_cpp/apf_interfaces/msg/jacobian__type_support.cpp.o[0m
[2.650s] [ 34%] [32mBuilding CXX object CMakeFiles/apf_interfaces__rosidl_typesupport_introspection_cpp.dir/rosidl_typesupport_introspection_cpp/apf_interfaces/msg/detail/jacobian__type_support.cpp.o[0m
[2.652s] [ 36%] [32mBuilding CXX object CMakeFiles/apf_interfaces__rosidl_typesupport_introspection_cpp.dir/rosidl_typesupport_introspection_cpp/apf_interfaces/msg/detail/distance__type_support.cpp.o[0m
[2.653s] [ 38%] [32mBuilding CXX object CMakeFiles/apf_interfaces__rosidl_typesupport_introspection_cpp.dir/rosidl_typesupport_introspection_cpp/apf_interfaces/srv/detail/rrts_points__type_support.cpp.o[0m
[2.817s] [ 40%] [32mBuilding CXX object CMakeFiles/apf_interfaces__rosidl_typesupport_fastrtps_cpp.dir/rosidl_typesupport_fastrtps_cpp/apf_interfaces/msg/detail/dds_fastrtps/jacobian__type_support.cpp.o[0m
[2.822s] [ 42%] [32mBuilding CXX object CMakeFiles/apf_interfaces__rosidl_typesupport_fastrtps_cpp.dir/rosidl_typesupport_fastrtps_cpp/apf_interfaces/msg/detail/dds_fastrtps/distance__type_support.cpp.o[0m
[2.843s] [ 44%] [32mBuilding CXX object CMakeFiles/apf_interfaces__rosidl_typesupport_fastrtps_cpp.dir/rosidl_typesupport_fastrtps_cpp/apf_interfaces/srv/detail/dds_fastrtps/rrts_points__type_support.cpp.o[0m
[2.896s] [ 46%] [32m[1mLinking CXX shared library libapf_interfaces__rosidl_typesupport_cpp.so[0m
[2.966s] [ 46%] Built target apf_interfaces__rosidl_typesupport_cpp
[3.058s] [ 48%] [32mBuilding C object CMakeFiles/apf_interfaces__rosidl_typesupport_introspection_c.dir/rosidl_typesupport_introspection_c/apf_interfaces/srv/detail/rrts_points__type_support.c.o[0m
[3.065s] [ 51%] [32mBuilding CXX object CMakeFiles/apf_interfaces__rosidl_typesupport_c.dir/rosidl_typesupport_c/apf_interfaces/msg/distance__type_support.cpp.o[0m
[3.066s] [ 53%] [32mBuilding C object CMakeFiles/apf_interfaces__rosidl_typesupport_introspection_c.dir/rosidl_typesupport_introspection_c/apf_interfaces/msg/detail/jacobian__type_support.c.o[0m
[3.066s] [ 55%] [32mBuilding CXX object CMakeFiles/apf_interfaces__rosidl_typesupport_c.dir/rosidl_typesupport_c/apf_interfaces/srv/rrts_points__type_support.cpp.o[0m
[3.068s] [ 57%] [32mBuilding C object CMakeFiles/apf_interfaces__rosidl_typesupport_introspection_c.dir/rosidl_typesupport_introspection_c/apf_interfaces/msg/detail/distance__type_support.c.o[0m
[3.070s] [ 59%] [32mBuilding CXX object CMakeFiles/apf_interfaces__rosidl_typesupport_c.dir/rosidl_typesupport_c/apf_interfaces/msg/jacobian__type_support.cpp.o[0m
[3.070s] [ 61%] [32mBuilding CXX object CMakeFiles/apf_interfaces__rosidl_typesupport_fastrtps_c.dir/rosidl_typesupport_fastrtps_c/apf_interfaces/msg/detail/jacobian__type_support_c.cpp.o[0m
[3.076s] [ 63%] [32mBuilding CXX object CMakeFiles/apf_interfaces__rosidl_typesupport_fastrtps_c.dir/rosidl_typesupport_fastrtps_c/apf_interfaces/msg/detail/distance__type_support_c.cpp.o[0m
[3.085s] [ 65%] [32mBuilding CXX object CMakeFiles/apf_interfaces__rosidl_typesupport_fastrtps_c.dir/rosidl_typesupport_fastrtps_c/apf_interfaces/srv/detail/rrts_points__type_support_c.cpp.o[0m
[3.145s] [ 68%] [32m[1mLinking CXX shared library libapf_interfaces__rosidl_typesupport_c.so[0m
[3.210s] [ 68%] Built target apf_interfaces__rosidl_typesupport_c
[3.260s] [ 70%] [32m[1mLinking C shared library libapf_interfaces__rosidl_typesupport_introspection_c.so[0m
[3.303s] [ 70%] Built target apf_interfaces__rosidl_typesupport_introspection_c
[3.443s] [ 72%] [32m[1mLinking CXX shared library libapf_interfaces__rosidl_typesupport_introspection_cpp.so[0m
[3.523s] [ 72%] Built target apf_interfaces__rosidl_typesupport_introspection_cpp
[3.653s] [ 74%] [32m[1mLinking CXX shared library libapf_interfaces__rosidl_typesupport_fastrtps_c.so[0m
[3.671s] [ 76%] [32m[1mLinking CXX shared library libapf_interfaces__rosidl_typesupport_fastrtps_cpp.so[0m
[3.758s] [ 76%] Built target apf_interfaces__rosidl_typesupport_fastrtps_c
[3.770s] [ 76%] Built target apf_interfaces__rosidl_typesupport_fastrtps_cpp
[3.792s] [ 76%] Built target apf_interfaces
[3.819s] [ 78%] [34m[1mGenerating Python code for ROS interfaces[0m
[4.352s] [ 78%] Built target apf_interfaces__py
[4.373s] [ 80%] [32mBuilding C object CMakeFiles/apf_interfaces__rosidl_generator_py.dir/rosidl_generator_py/apf_interfaces/msg/_distance_s.c.o[0m
[4.375s] [ 85%] [32mBuilding C object CMakeFiles/apf_interfaces__rosidl_generator_py.dir/rosidl_generator_py/apf_interfaces/msg/_jacobian_s.c.o[0m
[4.375s] [ 85%] [32mBuilding C object CMakeFiles/apf_interfaces__rosidl_generator_py.dir/rosidl_generator_py/apf_interfaces/srv/_rrts_points_s.c.o[0m
[4.625s] [ 87%] [32m[1mLinking C shared library rosidl_generator_py/apf_interfaces/libapf_interfaces__rosidl_generator_py.so[0m
[4.675s] [ 87%] Built target apf_interfaces__rosidl_generator_py
[4.701s] [ 93%] [32mBuilding C object CMakeFiles/apf_interfaces__rosidl_typesupport_introspection_c__pyext.dir/rosidl_generator_py/apf_interfaces/_apf_interfaces_s.ep.rosidl_typesupport_introspection_c.c.o[0m
[4.701s] [ 93%] [32mBuilding C object CMakeFiles/apf_interfaces__rosidl_typesupport_fastrtps_c__pyext.dir/rosidl_generator_py/apf_interfaces/_apf_interfaces_s.ep.rosidl_typesupport_fastrtps_c.c.o[0m
[4.701s] [ 93%] [32mBuilding C object CMakeFiles/apf_interfaces__rosidl_typesupport_c__pyext.dir/rosidl_generator_py/apf_interfaces/_apf_interfaces_s.ep.rosidl_typesupport_c.c.o[0m
[4.877s] [ 95%] [32m[1mLinking C shared library rosidl_generator_py/apf_interfaces/apf_interfaces_s__rosidl_typesupport_fastrtps_c.cpython-310-x86_64-linux-gnu.so[0m
[4.888s] [ 97%] [32m[1mLinking C shared library rosidl_generator_py/apf_interfaces/apf_interfaces_s__rosidl_typesupport_introspection_c.cpython-310-x86_64-linux-gnu.so[0m
[4.890s] [100%] [32m[1mLinking C shared library rosidl_generator_py/apf_interfaces/apf_interfaces_s__rosidl_typesupport_c.cpython-310-x86_64-linux-gnu.so[0m
[4.927s] [100%] Built target apf_interfaces__rosidl_typesupport_fastrtps_c__pyext
[4.927s] [100%] Built target apf_interfaces__rosidl_typesupport_introspection_c__pyext
[4.929s] [100%] Built target apf_interfaces__rosidl_typesupport_c__pyext
[4.940s] Invoked command in '/home/jang/2024_7Dof/build/apf_interfaces' returned '0': CMAKE_PREFIX_PATH=${CMAKE_PREFIX_PATH}:/home/jang/2024_7Dof/install/apf_nodes:/opt/ros/humble /usr/bin/cmake --build /home/jang/2024_7Dof/build/apf_interfaces -- -j16 -l16
[5.046s] Invoking command in '/home/jang/2024_7Dof/build/apf_interfaces': CMAKE_PREFIX_PATH=${CMAKE_PREFIX_PATH}:/home/jang/2024_7Dof/install/apf_nodes:/opt/ros/humble /usr/bin/cmake --install /home/jang/2024_7Dof/build/apf_interfaces
[5.053s] -- Install configuration: "Release"
[5.053s] -- Execute custom install script
[5.053s] -- Symlinking: /home/jang/2024_7Dof/install/apf_interfaces/share/ament_index/resource_index/rosidl_interfaces/apf_interfaces
[5.060s] -- Symlinking: /home/jang/2024_7Dof/install/apf_interfaces/include/apf_interfaces/apf_interfaces/msg/detail/distance__functions.h
[5.069s] -- Symlinking: /home/jang/2024_7Dof/install/apf_interfaces/include/apf_interfaces/apf_interfaces/msg/detail/distance__struct.h
[5.079s] -- Symlinking: /home/jang/2024_7Dof/install/apf_interfaces/include/apf_interfaces/apf_interfaces/msg/detail/distance__type_support.h
[5.089s] -- Symlinking: /home/jang/2024_7Dof/install/apf_interfaces/include/apf_interfaces/apf_interfaces/msg/detail/jacobian__functions.h
[5.097s] -- Symlinking: /home/jang/2024_7Dof/install/apf_interfaces/include/apf_interfaces/apf_interfaces/msg/detail/jacobian__struct.h
[5.107s] -- Symlinking: /home/jang/2024_7Dof/install/apf_interfaces/include/apf_interfaces/apf_interfaces/msg/detail/jacobian__type_support.h
[5.118s] -- Symlinking: /home/jang/2024_7Dof/install/apf_interfaces/include/apf_interfaces/apf_interfaces/msg/distance.h
[5.128s] -- Symlinking: /home/jang/2024_7Dof/install/apf_interfaces/include/apf_interfaces/apf_interfaces/msg/jacobian.h
[5.137s] -- Symlinking: /home/jang/2024_7Dof/install/apf_interfaces/include/apf_interfaces/apf_interfaces/msg/rosidl_generator_c__visibility_control.h
[5.147s] -- Symlinking: /home/jang/2024_7Dof/install/apf_interfaces/include/apf_interfaces/apf_interfaces/srv/detail/rrts_points__functions.h
[5.156s] -- Symlinking: /home/jang/2024_7Dof/install/apf_interfaces/include/apf_interfaces/apf_interfaces/srv/detail/rrts_points__struct.h
[5.167s] -- Symlinking: /home/jang/2024_7Dof/install/apf_interfaces/include/apf_interfaces/apf_interfaces/srv/detail/rrts_points__type_support.h
[5.174s] -- Symlinking: /home/jang/2024_7Dof/install/apf_interfaces/include/apf_interfaces/apf_interfaces/srv/rrts_points.h
[5.184s] -- Symlinking: /home/jang/2024_7Dof/install/apf_interfaces/share/apf_interfaces/environment/library_path.sh
[5.194s] -- Symlinking: /home/jang/2024_7Dof/install/apf_interfaces/share/apf_interfaces/environment/library_path.dsv
[5.204s] -- Symlinking: /home/jang/2024_7Dof/install/apf_interfaces/include/apf_interfaces/apf_interfaces/msg/detail/distance__rosidl_typesupport_fastrtps_c.h
[5.212s] -- Symlinking: /home/jang/2024_7Dof/install/apf_interfaces/include/apf_interfaces/apf_interfaces/msg/detail/jacobian__rosidl_typesupport_fastrtps_c.h
[5.221s] -- Symlinking: /home/jang/2024_7Dof/install/apf_interfaces/include/apf_interfaces/apf_interfaces/msg/rosidl_typesupport_fastrtps_c__visibility_control.h
[5.230s] -- Symlinking: /home/jang/2024_7Dof/install/apf_interfaces/include/apf_interfaces/apf_interfaces/srv/detail/rrts_points__rosidl_typesupport_fastrtps_c.h
[5.241s] -- Symlinking: /home/jang/2024_7Dof/install/apf_interfaces/include/apf_interfaces/apf_interfaces/msg/detail/distance__builder.hpp
[5.252s] -- Symlinking: /home/jang/2024_7Dof/install/apf_interfaces/include/apf_interfaces/apf_interfaces/msg/detail/distance__struct.hpp
[5.262s] -- Symlinking: /home/jang/2024_7Dof/install/apf_interfaces/include/apf_interfaces/apf_interfaces/msg/detail/distance__traits.hpp
[5.270s] -- Symlinking: /home/jang/2024_7Dof/install/apf_interfaces/include/apf_interfaces/apf_interfaces/msg/detail/jacobian__builder.hpp
[5.280s] -- Symlinking: /home/jang/2024_7Dof/install/apf_interfaces/include/apf_interfaces/apf_interfaces/msg/detail/jacobian__struct.hpp
[5.287s] -- Symlinking: /home/jang/2024_7Dof/install/apf_interfaces/include/apf_interfaces/apf_interfaces/msg/detail/jacobian__traits.hpp
[5.297s] -- Symlinking: /home/jang/2024_7Dof/install/apf_interfaces/include/apf_interfaces/apf_interfaces/msg/distance.hpp
[5.306s] -- Symlinking: /home/jang/2024_7Dof/install/apf_interfaces/include/apf_interfaces/apf_interfaces/msg/jacobian.hpp
[5.317s] -- Symlinking: /home/jang/2024_7Dof/install/apf_interfaces/include/apf_interfaces/apf_interfaces/srv/detail/rrts_points__builder.hpp
[5.324s] -- Symlinking: /home/jang/2024_7Dof/install/apf_interfaces/include/apf_interfaces/apf_interfaces/srv/detail/rrts_points__struct.hpp
[5.334s] -- Symlinking: /home/jang/2024_7Dof/install/apf_interfaces/include/apf_interfaces/apf_interfaces/srv/detail/rrts_points__traits.hpp
[5.343s] -- Symlinking: /home/jang/2024_7Dof/install/apf_interfaces/include/apf_interfaces/apf_interfaces/srv/rrts_points.hpp
[5.352s] -- Symlinking: /home/jang/2024_7Dof/install/apf_interfaces/include/apf_interfaces/apf_interfaces/msg/detail/distance__rosidl_typesupport_fastrtps_cpp.hpp
[5.362s] -- Symlinking: /home/jang/2024_7Dof/install/apf_interfaces/include/apf_interfaces/apf_interfaces/msg/detail/jacobian__rosidl_typesupport_fastrtps_cpp.hpp
[5.370s] -- Symlinking: /home/jang/2024_7Dof/install/apf_interfaces/include/apf_interfaces/apf_interfaces/msg/rosidl_typesupport_fastrtps_cpp__visibility_control.h
[5.376s] -- Symlinking: /home/jang/2024_7Dof/install/apf_interfaces/include/apf_interfaces/apf_interfaces/srv/detail/rrts_points__rosidl_typesupport_fastrtps_cpp.hpp
[5.384s] -- Symlinking: /home/jang/2024_7Dof/install/apf_interfaces/include/apf_interfaces/apf_interfaces/msg/detail/distance__rosidl_typesupport_introspection_c.h
[5.390s] -- Symlinking: /home/jang/2024_7Dof/install/apf_interfaces/include/apf_interfaces/apf_interfaces/msg/detail/jacobian__rosidl_typesupport_introspection_c.h
[5.400s] -- Symlinking: /home/jang/2024_7Dof/install/apf_interfaces/include/apf_interfaces/apf_interfaces/msg/rosidl_typesupport_introspection_c__visibility_control.h
[5.408s] -- Symlinking: /home/jang/2024_7Dof/install/apf_interfaces/include/apf_interfaces/apf_interfaces/srv/detail/rrts_points__rosidl_typesupport_introspection_c.h
[5.416s] -- Symlinking: /home/jang/2024_7Dof/install/apf_interfaces/include/apf_interfaces/apf_interfaces/msg/detail/distance__rosidl_typesupport_introspection_cpp.hpp
[5.424s] -- Symlinking: /home/jang/2024_7Dof/install/apf_interfaces/include/apf_interfaces/apf_interfaces/msg/detail/jacobian__rosidl_typesupport_introspection_cpp.hpp
[5.431s] -- Symlinking: /home/jang/2024_7Dof/install/apf_interfaces/include/apf_interfaces/apf_interfaces/srv/detail/rrts_points__rosidl_typesupport_introspection_cpp.hpp
[5.438s] -- Symlinking: /home/jang/2024_7Dof/install/apf_interfaces/share/apf_interfaces/environment/pythonpath.sh
[5.446s] -- Symlinking: /home/jang/2024_7Dof/install/apf_interfaces/share/apf_interfaces/environment/pythonpath.dsv
[5.456s] -- Symlinking: /home/jang/2024_7Dof/install/apf_interfaces/local/lib/python3.10/dist-packages/apf_interfaces-0.0.0-py3.10.egg-info/PKG-INFO
[5.466s] -- Symlinking: /home/jang/2024_7Dof/install/apf_interfaces/local/lib/python3.10/dist-packages/apf_interfaces-0.0.0-py3.10.egg-info/SOURCES.txt
[5.475s] -- Symlinking: /home/jang/2024_7Dof/install/apf_interfaces/local/lib/python3.10/dist-packages/apf_interfaces-0.0.0-py3.10.egg-info/dependency_links.txt
[5.485s] -- Symlinking: /home/jang/2024_7Dof/install/apf_interfaces/local/lib/python3.10/dist-packages/apf_interfaces-0.0.0-py3.10.egg-info/top_level.txt
[5.495s] -- Symlinking: /home/jang/2024_7Dof/install/apf_interfaces/local/lib/python3.10/dist-packages/apf_interfaces/__init__.py
[5.505s] -- Symlinking: /home/jang/2024_7Dof/install/apf_interfaces/local/lib/python3.10/dist-packages/apf_interfaces/_apf_interfaces_s.ep.rosidl_typesupport_c.c
[5.516s] -- Symlinking: /home/jang/2024_7Dof/install/apf_interfaces/local/lib/python3.10/dist-packages/apf_interfaces/_apf_interfaces_s.ep.rosidl_typesupport_fastrtps_c.c
[5.526s] -- Symlinking: /home/jang/2024_7Dof/install/apf_interfaces/local/lib/python3.10/dist-packages/apf_interfaces/_apf_interfaces_s.ep.rosidl_typesupport_introspection_c.c
[5.536s] -- Symlinking: /home/jang/2024_7Dof/install/apf_interfaces/local/lib/python3.10/dist-packages/apf_interfaces/apf_interfaces_s__rosidl_typesupport_c.cpython-310-x86_64-linux-gnu.so
[5.546s] -- Symlinking: /home/jang/2024_7Dof/install/apf_interfaces/local/lib/python3.10/dist-packages/apf_interfaces/apf_interfaces_s__rosidl_typesupport_fastrtps_c.cpython-310-x86_64-linux-gnu.so
[5.556s] -- Symlinking: /home/jang/2024_7Dof/install/apf_interfaces/local/lib/python3.10/dist-packages/apf_interfaces/apf_interfaces_s__rosidl_typesupport_introspection_c.cpython-310-x86_64-linux-gnu.so
[5.566s] -- Symlinking: /home/jang/2024_7Dof/install/apf_interfaces/local/lib/python3.10/dist-packages/apf_interfaces/libapf_interfaces__rosidl_generator_py.so
[5.576s] -- Symlinking: /home/jang/2024_7Dof/install/apf_interfaces/local/lib/python3.10/dist-packages/apf_interfaces/msg/__init__.py
[5.586s] -- Symlinking: /home/jang/2024_7Dof/install/apf_interfaces/local/lib/python3.10/dist-packages/apf_interfaces/msg/_distance.py
[5.596s] -- Symlinking: /home/jang/2024_7Dof/install/apf_interfaces/local/lib/python3.10/dist-packages/apf_interfaces/msg/_distance_s.c
[5.606s] -- Symlinking: /home/jang/2024_7Dof/install/apf_interfaces/local/lib/python3.10/dist-packages/apf_interfaces/msg/_jacobian.py
[5.616s] -- Symlinking: /home/jang/2024_7Dof/install/apf_interfaces/local/lib/python3.10/dist-packages/apf_interfaces/msg/_jacobian_s.c
[5.626s] -- Symlinking: /home/jang/2024_7Dof/install/apf_interfaces/local/lib/python3.10/dist-packages/apf_interfaces/srv/__init__.py
[5.636s] -- Symlinking: /home/jang/2024_7Dof/install/apf_interfaces/local/lib/python3.10/dist-packages/apf_interfaces/srv/_rrts_points.py
[5.645s] -- Symlinking: /home/jang/2024_7Dof/install/apf_interfaces/local/lib/python3.10/dist-packages/apf_interfaces/srv/_rrts_points_s.c
[5.657s] -- Up-to-date symlink: /home/jang/2024_7Dof/install/apf_interfaces/local/lib/python3.10/dist-packages/apf_interfaces/apf_interfaces_s__rosidl_typesupport_fastrtps_c.cpython-310-x86_64-linux-gnu.so
[5.657s] -- Up-to-date symlink: /home/jang/2024_7Dof/install/apf_interfaces/local/lib/python3.10/dist-packages/apf_interfaces/apf_interfaces_s__rosidl_typesupport_introspection_c.cpython-310-x86_64-linux-gnu.so
[5.657s] -- Up-to-date symlink: /home/jang/2024_7Dof/install/apf_interfaces/local/lib/python3.10/dist-packages/apf_interfaces/apf_interfaces_s__rosidl_typesupport_c.cpython-310-x86_64-linux-gnu.so
[5.657s] -- Symlinking: /home/jang/2024_7Dof/install/apf_interfaces/share/apf_interfaces/msg/Jacobian.idl
[5.668s] -- Symlinking: /home/jang/2024_7Dof/install/apf_interfaces/share/apf_interfaces/msg/Distance.idl
[5.679s] -- Symlinking: /home/jang/2024_7Dof/install/apf_interfaces/share/apf_interfaces/srv/RRTSPoints.idl
[5.689s] -- Symlinking: /home/jang/2024_7Dof/install/apf_interfaces/share/apf_interfaces/msg/Jacobian.msg
[5.699s] -- Symlinking: /home/jang/2024_7Dof/install/apf_interfaces/share/apf_interfaces/msg/Distance.msg
[5.709s] -- Symlinking: /home/jang/2024_7Dof/install/apf_interfaces/share/apf_interfaces/srv/RRTSPoints.srv
[5.720s] -- Symlinking: /home/jang/2024_7Dof/install/apf_interfaces/share/apf_interfaces/srv/RRTSPoints_Request.msg
[5.730s] -- Symlinking: /home/jang/2024_7Dof/install/apf_interfaces/share/apf_interfaces/srv/RRTSPoints_Response.msg
[5.741s] -- Symlinking: /home/jang/2024_7Dof/install/apf_interfaces/share/ament_index/resource_index/package_run_dependencies/apf_interfaces
[5.752s] -- Symlinking: /home/jang/2024_7Dof/install/apf_interfaces/share/ament_index/resource_index/parent_prefix_path/apf_interfaces
[5.762s] -- Symlinking: /home/jang/2024_7Dof/install/apf_interfaces/share/apf_interfaces/environment/ament_prefix_path.sh
[5.772s] -- Symlinking: /home/jang/2024_7Dof/install/apf_interfaces/share/apf_interfaces/environment/ament_prefix_path.dsv
[5.784s] -- Symlinking: /home/jang/2024_7Dof/install/apf_interfaces/share/apf_interfaces/environment/path.sh
[5.794s] -- Symlinking: /home/jang/2024_7Dof/install/apf_interfaces/share/apf_interfaces/environment/path.dsv
[5.804s] -- Symlinking: /home/jang/2024_7Dof/install/apf_interfaces/share/apf_interfaces/local_setup.bash
[5.813s] -- Symlinking: /home/jang/2024_7Dof/install/apf_interfaces/share/apf_interfaces/local_setup.sh
[5.825s] -- Symlinking: /home/jang/2024_7Dof/install/apf_interfaces/share/apf_interfaces/local_setup.zsh
[5.835s] -- Symlinking: /home/jang/2024_7Dof/install/apf_interfaces/share/apf_interfaces/local_setup.dsv
[5.845s] -- Symlinking: /home/jang/2024_7Dof/install/apf_interfaces/share/apf_interfaces/package.dsv
[5.856s] -- Symlinking: /home/jang/2024_7Dof/install/apf_interfaces/share/ament_index/resource_index/packages/apf_interfaces
[5.867s] -- Symlinking: /home/jang/2024_7Dof/install/apf_interfaces/share/apf_interfaces/cmake/rosidl_cmake-extras.cmake
[5.878s] -- Symlinking: /home/jang/2024_7Dof/install/apf_interfaces/share/apf_interfaces/cmake/ament_cmake_export_dependencies-extras.cmake
[5.889s] -- Symlinking: /home/jang/2024_7Dof/install/apf_interfaces/share/apf_interfaces/cmake/ament_cmake_export_include_directories-extras.cmake
[5.899s] -- Symlinking: /home/jang/2024_7Dof/install/apf_interfaces/share/apf_interfaces/cmake/ament_cmake_export_libraries-extras.cmake
[5.910s] -- Symlinking: /home/jang/2024_7Dof/install/apf_interfaces/share/apf_interfaces/cmake/ament_cmake_export_targets-extras.cmake
[5.921s] -- Symlinking: /home/jang/2024_7Dof/install/apf_interfaces/share/apf_interfaces/cmake/rosidl_cmake_export_typesupport_targets-extras.cmake
[5.931s] -- Symlinking: /home/jang/2024_7Dof/install/apf_interfaces/share/apf_interfaces/cmake/rosidl_cmake_export_typesupport_libraries-extras.cmake
[5.942s] -- Symlinking: /home/jang/2024_7Dof/install/apf_interfaces/share/apf_interfaces/cmake/apf_interfacesConfig.cmake
[5.954s] -- Symlinking: /home/jang/2024_7Dof/install/apf_interfaces/share/apf_interfaces/cmake/apf_interfacesConfig-version.cmake
[5.965s] -- Symlinking: /home/jang/2024_7Dof/install/apf_interfaces/share/apf_interfaces/package.xml
[5.975s] -- Installing: /home/jang/2024_7Dof/install/apf_interfaces/lib/libapf_interfaces__rosidl_generator_c.so
[5.975s] -- Set runtime path of "/home/jang/2024_7Dof/install/apf_interfaces/lib/libapf_interfaces__rosidl_generator_c.so" to ""
[5.975s] -- Installing: /home/jang/2024_7Dof/install/apf_interfaces/lib/libapf_interfaces__rosidl_typesupport_fastrtps_c.so
[5.976s] -- Set runtime path of "/home/jang/2024_7Dof/install/apf_interfaces/lib/libapf_interfaces__rosidl_typesupport_fastrtps_c.so" to ""
[5.976s] -- Installing: /home/jang/2024_7Dof/install/apf_interfaces/lib/libapf_interfaces__rosidl_typesupport_fastrtps_cpp.so
[5.976s] -- Set runtime path of "/home/jang/2024_7Dof/install/apf_interfaces/lib/libapf_interfaces__rosidl_typesupport_fastrtps_cpp.so" to ""
[5.977s] -- Installing: /home/jang/2024_7Dof/install/apf_interfaces/lib/libapf_interfaces__rosidl_typesupport_introspection_c.so
[5.977s] -- Set runtime path of "/home/jang/2024_7Dof/install/apf_interfaces/lib/libapf_interfaces__rosidl_typesupport_introspection_c.so" to ""
[5.977s] -- Installing: /home/jang/2024_7Dof/install/apf_interfaces/lib/libapf_interfaces__rosidl_typesupport_c.so
[5.977s] -- Set runtime path of "/home/jang/2024_7Dof/install/apf_interfaces/lib/libapf_interfaces__rosidl_typesupport_c.so" to ""
[5.977s] -- Installing: /home/jang/2024_7Dof/install/apf_interfaces/lib/libapf_interfaces__rosidl_typesupport_introspection_cpp.so
[5.978s] -- Set runtime path of "/home/jang/2024_7Dof/install/apf_interfaces/lib/libapf_interfaces__rosidl_typesupport_introspection_cpp.so" to ""
[5.978s] -- Installing: /home/jang/2024_7Dof/install/apf_interfaces/lib/libapf_interfaces__rosidl_typesupport_cpp.so
[5.978s] -- Set runtime path of "/home/jang/2024_7Dof/install/apf_interfaces/lib/libapf_interfaces__rosidl_typesupport_cpp.so" to ""
[6.028s] Listing '/home/jang/2024_7Dof/install/apf_interfaces/local/lib/python3.10/dist-packages/apf_interfaces'...
[6.028s] Compiling '/home/jang/2024_7Dof/install/apf_interfaces/local/lib/python3.10/dist-packages/apf_interfaces/__init__.py'...
[6.028s] Listing '/home/jang/2024_7Dof/install/apf_interfaces/local/lib/python3.10/dist-packages/apf_interfaces/msg'...
[6.029s] Compiling '/home/jang/2024_7Dof/install/apf_interfaces/local/lib/python3.10/dist-packages/apf_interfaces/msg/__init__.py'...
[6.029s] Compiling '/home/jang/2024_7Dof/install/apf_interfaces/local/lib/python3.10/dist-packages/apf_interfaces/msg/_distance.py'...
[6.029s] Compiling '/home/jang/2024_7Dof/install/apf_interfaces/local/lib/python3.10/dist-packages/apf_interfaces/msg/_jacobian.py'...
[6.029s] Listing '/home/jang/2024_7Dof/install/apf_interfaces/local/lib/python3.10/dist-packages/apf_interfaces/srv'...
[6.029s] Compiling '/home/jang/2024_7Dof/install/apf_interfaces/local/lib/python3.10/dist-packages/apf_interfaces/srv/__init__.py'...
[6.029s] Compiling '/home/jang/2024_7Dof/install/apf_interfaces/local/lib/python3.10/dist-packages/apf_interfaces/srv/_rrts_points.py'...
[6.034s] -- Installing: /home/jang/2024_7Dof/install/apf_interfaces/lib/libapf_interfaces__rosidl_generator_py.so
[6.034s] -- Set runtime path of "/home/jang/2024_7Dof/install/apf_interfaces/lib/libapf_interfaces__rosidl_generator_py.so" to ""
[6.034s] -- Installing: /home/jang/2024_7Dof/install/apf_interfaces/share/apf_interfaces/cmake/export_apf_interfaces__rosidl_generator_cExport.cmake
[6.035s] -- Installing: /home/jang/2024_7Dof/install/apf_interfaces/share/apf_interfaces/cmake/export_apf_interfaces__rosidl_generator_cExport-release.cmake
[6.035s] -- Installing: /home/jang/2024_7Dof/install/apf_interfaces/share/apf_interfaces/cmake/export_apf_interfaces__rosidl_typesupport_fastrtps_cExport.cmake
[6.035s] -- Installing: /home/jang/2024_7Dof/install/apf_interfaces/share/apf_interfaces/cmake/export_apf_interfaces__rosidl_typesupport_fastrtps_cExport-release.cmake
[6.035s] -- Installing: /home/jang/2024_7Dof/install/apf_interfaces/share/apf_interfaces/cmake/export_apf_interfaces__rosidl_generator_cppExport.cmake
[6.035s] -- Installing: /home/jang/2024_7Dof/install/apf_interfaces/share/apf_interfaces/cmake/export_apf_interfaces__rosidl_typesupport_fastrtps_cppExport.cmake
[6.035s] -- Installing: /home/jang/2024_7Dof/install/apf_interfaces/share/apf_interfaces/cmake/export_apf_interfaces__rosidl_typesupport_fastrtps_cppExport-release.cmake
[6.035s] -- Installing: /home/jang/2024_7Dof/install/apf_interfaces/share/apf_interfaces/cmake/apf_interfaces__rosidl_typesupport_introspection_cExport.cmake
[6.035s] -- Installing: /home/jang/2024_7Dof/install/apf_interfaces/share/apf_interfaces/cmake/apf_interfaces__rosidl_typesupport_introspection_cExport-release.cmake
[6.036s] -- Installing: /home/jang/2024_7Dof/install/apf_interfaces/share/apf_interfaces/cmake/apf_interfaces__rosidl_typesupport_cExport.cmake
[6.036s] -- Installing: /home/jang/2024_7Dof/install/apf_interfaces/share/apf_interfaces/cmake/apf_interfaces__rosidl_typesupport_cExport-release.cmake
[6.036s] -- Installing: /home/jang/2024_7Dof/install/apf_interfaces/share/apf_interfaces/cmake/apf_interfaces__rosidl_typesupport_introspection_cppExport.cmake
[6.036s] -- Installing: /home/jang/2024_7Dof/install/apf_interfaces/share/apf_interfaces/cmake/apf_interfaces__rosidl_typesupport_introspection_cppExport-release.cmake
[6.036s] -- Installing: /home/jang/2024_7Dof/install/apf_interfaces/share/apf_interfaces/cmake/apf_interfaces__rosidl_typesupport_cppExport.cmake
[6.036s] -- Installing: /home/jang/2024_7Dof/install/apf_interfaces/share/apf_interfaces/cmake/apf_interfaces__rosidl_typesupport_cppExport-release.cmake
[6.037s] -- Installing: /home/jang/2024_7Dof/install/apf_interfaces/share/apf_interfaces/cmake/export_apf_interfaces__rosidl_generator_pyExport.cmake
[6.037s] -- Installing: /home/jang/2024_7Dof/install/apf_interfaces/share/apf_interfaces/cmake/export_apf_interfaces__rosidl_generator_pyExport-release.cmake
[6.040s] Invoked command in '/home/jang/2024_7Dof/build/apf_interfaces' returned '0': CMAKE_PREFIX_PATH=${CMAKE_PREFIX_PATH}:/home/jang/2024_7Dof/install/apf_nodes:/opt/ros/humble /usr/bin/cmake --install /home/jang/2024_7Dof/build/apf_interfaces
