[0.009s] Invoking command in '/home/jang/2024_7Dof/src/build/iiwa_bringup': AMENT_PREFIX_PATH=/home/jang/2024_7Dof/src/install/iiwa_description:${AMENT_PREFIX_PATH} CMAKE_PREFIX_PATH=/home/jang/2024_7Dof/src/install/iiwa_description:/opt/ros/humble GAZEBO_MODEL_PATH=/home/jang/2024_7Dof/src/install/iiwa_description/share/iiwa_description/meshes:${GAZEBO_MODEL_PATH} GAZEBO_RESOURCE_PATH=/home/jang/2024_7Dof/src/install/iiwa_description/share/iiwa_description/meshes:${GAZEBO_RESOURCE_PATH} GZ_SIM_RESOURCE_PATH=/home/jang/2024_7Dof/src/install/iiwa_description/share/iiwa_description/meshes IGN_GAZEBO_RESOURCE_PATH=/home/jang/2024_7Dof/src/install/iiwa_description/share/iiwa_description/meshes /usr/bin/cmake /home/jang/2024_7Dof/src/iiwa_ros2/iiwa_bringup -DCMAKE_BUILD_TYPE=Release -DAMENT_CMAKE_SYMLINK_INSTALL=1 -DCMAKE_INSTALL_PREFIX=/home/jang/2024_7Dof/src/install/iiwa_bringup
[0.061s] -- The C compiler identification is GNU 11.4.0
[0.116s] -- The CXX compiler identification is GNU 11.4.0
[0.123s] -- Detecting C compiler ABI info
[0.191s] -- Detecting C compiler ABI info - done
[0.243s] -- Check for working C compiler: /usr/bin/cc - skipped
[0.243s] -- Detecting C compile features
[0.244s] -- Detecting C compile features - done
[0.257s] -- Detecting CXX compiler ABI info
[0.351s] -- Detecting CXX compiler ABI info - done
[0.357s] -- Check for working CXX compiler: /usr/bin/c++ - skipped
[0.357s] -- Detecting CXX compile features
[0.357s] -- Detecting CXX compile features - done
[0.359s] -- Found ament_cmake: 1.3.10 (/opt/ros/humble/share/ament_cmake/cmake)
[0.482s] -- Found Python3: /usr/bin/python3 (found version "3.10.12") found components: Interpreter 
[0.531s] -- Override CMake install command with custom implementation using symlinks instead of copying resources
[0.556s] -- Found rclcpp: 16.0.10 (/opt/ros/humble/share/rclcpp/cmake)
[0.586s] -- Found rosidl_generator_c: 3.1.5 (/opt/ros/humble/share/rosidl_generator_c/cmake)
[0.589s] -- Found rosidl_adapter: 3.1.5 (/opt/ros/humble/share/rosidl_adapter/cmake)
[0.595s] -- Found rosidl_generator_cpp: 3.1.5 (/opt/ros/humble/share/rosidl_generator_cpp/cmake)
[0.603s] -- Using all available rosidl_typesupport_c: rosidl_typesupport_fastrtps_c;rosidl_typesupport_introspection_c
[0.614s] -- Using all available rosidl_typesupport_cpp: rosidl_typesupport_fastrtps_cpp;rosidl_typesupport_introspection_cpp
[0.658s] -- Found rmw_implementation_cmake: 6.1.2 (/opt/ros/humble/share/rmw_implementation_cmake/cmake)
[0.659s] -- Found rmw_fastrtps_cpp: 6.2.7 (/opt/ros/humble/share/rmw_fastrtps_cpp/cmake)
[0.749s] -- Found OpenSSL: /usr/lib/x86_64-linux-gnu/libcrypto.so (found version "3.0.2")  
[0.772s] -- Found FastRTPS: /opt/ros/humble/include  
[0.806s] -- Using RMW implementation 'rmw_fastrtps_cpp' as default
[0.812s] -- Looking for pthread.h
[0.879s] -- Looking for pthread.h - found
[0.879s] -- Performing Test CMAKE_HAVE_LIBC_PTHREAD
[0.952s] -- Performing Test CMAKE_HAVE_LIBC_PTHREAD - Success
[0.954s] -- Found Threads: TRUE  
[1.001s] -- Found rclpy: 3.3.14 (/opt/ros/humble/share/rclpy/cmake)
[1.002s] -- Found sensor_msgs: 4.2.4 (/opt/ros/humble/share/sensor_msgs/cmake)
[1.024s] -- Found visualization_msgs: 4.2.4 (/opt/ros/humble/share/visualization_msgs/cmake)
[1.038s] -- Found ament_cmake_gtest: 1.3.10 (/opt/ros/humble/share/ament_cmake_gtest/cmake)
[1.039s] -- Found ament_lint_auto: 0.12.11 (/opt/ros/humble/share/ament_lint_auto/cmake)
[1.123s] -- Added test 'copyright' to check source files copyright and LICENSE
[1.125s] -- Added test 'flake8' to check Python code syntax and style conventions
[1.125s] -- Added test 'lint_cmake' to check CMake code style
[1.126s] -- Added test 'pep257' to check Python code against some of the docstring style conventions in PEP 257
[1.127s] -- Added test 'xmllint' to check XML markup files
[1.129s] -- Configuring done
[1.142s] -- Generating done
[1.144s] -- Build files have been written to: /home/jang/2024_7Dof/src/build/iiwa_bringup
[1.154s] Invoked command in '/home/jang/2024_7Dof/src/build/iiwa_bringup' returned '0': AMENT_PREFIX_PATH=/home/jang/2024_7Dof/src/install/iiwa_description:${AMENT_PREFIX_PATH} CMAKE_PREFIX_PATH=/home/jang/2024_7Dof/src/install/iiwa_description:/opt/ros/humble GAZEBO_MODEL_PATH=/home/jang/2024_7Dof/src/install/iiwa_description/share/iiwa_description/meshes:${GAZEBO_MODEL_PATH} GAZEBO_RESOURCE_PATH=/home/jang/2024_7Dof/src/install/iiwa_description/share/iiwa_description/meshes:${GAZEBO_RESOURCE_PATH} GZ_SIM_RESOURCE_PATH=/home/jang/2024_7Dof/src/install/iiwa_description/share/iiwa_description/meshes IGN_GAZEBO_RESOURCE_PATH=/home/jang/2024_7Dof/src/install/iiwa_description/share/iiwa_description/meshes /usr/bin/cmake /home/jang/2024_7Dof/src/iiwa_ros2/iiwa_bringup -DCMAKE_BUILD_TYPE=Release -DAMENT_CMAKE_SYMLINK_INSTALL=1 -DCMAKE_INSTALL_PREFIX=/home/jang/2024_7Dof/src/install/iiwa_bringup
[1.156s] Invoking command in '/home/jang/2024_7Dof/src/build/iiwa_bringup': AMENT_PREFIX_PATH=/home/jang/2024_7Dof/src/install/iiwa_description:${AMENT_PREFIX_PATH} CMAKE_PREFIX_PATH=/home/jang/2024_7Dof/src/install/iiwa_description:/opt/ros/humble GAZEBO_MODEL_PATH=/home/jang/2024_7Dof/src/install/iiwa_description/share/iiwa_description/meshes:${GAZEBO_MODEL_PATH} GAZEBO_RESOURCE_PATH=/home/jang/2024_7Dof/src/install/iiwa_description/share/iiwa_description/meshes:${GAZEBO_RESOURCE_PATH} GZ_SIM_RESOURCE_PATH=/home/jang/2024_7Dof/src/install/iiwa_description/share/iiwa_description/meshes IGN_GAZEBO_RESOURCE_PATH=/home/jang/2024_7Dof/src/install/iiwa_description/share/iiwa_description/meshes /usr/bin/cmake --build /home/jang/2024_7Dof/src/build/iiwa_bringup -- -j16 -l16
[1.199s] Invoked command in '/home/jang/2024_7Dof/src/build/iiwa_bringup' returned '0': AMENT_PREFIX_PATH=/home/jang/2024_7Dof/src/install/iiwa_description:${AMENT_PREFIX_PATH} CMAKE_PREFIX_PATH=/home/jang/2024_7Dof/src/install/iiwa_description:/opt/ros/humble GAZEBO_MODEL_PATH=/home/jang/2024_7Dof/src/install/iiwa_description/share/iiwa_description/meshes:${GAZEBO_MODEL_PATH} GAZEBO_RESOURCE_PATH=/home/jang/2024_7Dof/src/install/iiwa_description/share/iiwa_description/meshes:${GAZEBO_RESOURCE_PATH} GZ_SIM_RESOURCE_PATH=/home/jang/2024_7Dof/src/install/iiwa_description/share/iiwa_description/meshes IGN_GAZEBO_RESOURCE_PATH=/home/jang/2024_7Dof/src/install/iiwa_description/share/iiwa_description/meshes /usr/bin/cmake --build /home/jang/2024_7Dof/src/build/iiwa_bringup -- -j16 -l16
[1.222s] Invoking command in '/home/jang/2024_7Dof/src/build/iiwa_bringup': AMENT_PREFIX_PATH=/home/jang/2024_7Dof/src/install/iiwa_description:${AMENT_PREFIX_PATH} CMAKE_PREFIX_PATH=/home/jang/2024_7Dof/src/install/iiwa_description:/opt/ros/humble GAZEBO_MODEL_PATH=/home/jang/2024_7Dof/src/install/iiwa_description/share/iiwa_description/meshes:${GAZEBO_MODEL_PATH} GAZEBO_RESOURCE_PATH=/home/jang/2024_7Dof/src/install/iiwa_description/share/iiwa_description/meshes:${GAZEBO_RESOURCE_PATH} GZ_SIM_RESOURCE_PATH=/home/jang/2024_7Dof/src/install/iiwa_description/share/iiwa_description/meshes IGN_GAZEBO_RESOURCE_PATH=/home/jang/2024_7Dof/src/install/iiwa_description/share/iiwa_description/meshes /usr/bin/cmake --install /home/jang/2024_7Dof/src/build/iiwa_bringup
[1.229s] -- Install configuration: "Release"
[1.230s] -- Execute custom install script
[1.230s] -- Symlinking: /home/jang/2024_7Dof/src/install/iiwa_bringup/share/iiwa_bringup/launch/iiwa.launch.py
[1.241s] -- Symlinking: /home/jang/2024_7Dof/src/install/iiwa_bringup/share/iiwa_bringup/launch/iiwa_planning.launch.py
[1.249s] -- Symlinking: /home/jang/2024_7Dof/src/install/iiwa_bringup/share/iiwa_bringup/launch/iiwa_pose_tracking.launch.py
[1.267s] -- Symlinking: /home/jang/2024_7Dof/src/install/iiwa_bringup/share/iiwa_bringup/launch/iiwa_servoing.launch.py
[1.276s] -- Symlinking: /home/jang/2024_7Dof/src/install/iiwa_bringup/share/iiwa_bringup/launch/iiwa_test_joint_trajectory_controller.launch.py
[1.284s] -- Symlinking: /home/jang/2024_7Dof/src/install/iiwa_bringup/share/iiwa_bringup/launch/joy_servo_teleop.launch.py
[1.301s] -- Symlinking: /home/jang/2024_7Dof/src/install/iiwa_bringup/share/iiwa_bringup/config/test_trajectory_config.yaml
[1.312s] -- Symlinking: /home/jang/2024_7Dof/src/install/iiwa_bringup/share/ament_index/resource_index/package_run_dependencies/iiwa_bringup
[1.320s] -- Symlinking: /home/jang/2024_7Dof/src/install/iiwa_bringup/share/ament_index/resource_index/parent_prefix_path/iiwa_bringup
[1.329s] -- Symlinking: /home/jang/2024_7Dof/src/install/iiwa_bringup/share/iiwa_bringup/environment/ament_prefix_path.sh
[1.339s] -- Symlinking: /home/jang/2024_7Dof/src/install/iiwa_bringup/share/iiwa_bringup/environment/ament_prefix_path.dsv
[1.349s] -- Symlinking: /home/jang/2024_7Dof/src/install/iiwa_bringup/share/iiwa_bringup/environment/path.sh
[1.358s] -- Symlinking: /home/jang/2024_7Dof/src/install/iiwa_bringup/share/iiwa_bringup/environment/path.dsv
[1.368s] -- Symlinking: /home/jang/2024_7Dof/src/install/iiwa_bringup/share/iiwa_bringup/local_setup.bash
[1.378s] -- Symlinking: /home/jang/2024_7Dof/src/install/iiwa_bringup/share/iiwa_bringup/local_setup.sh
[1.389s] -- Symlinking: /home/jang/2024_7Dof/src/install/iiwa_bringup/share/iiwa_bringup/local_setup.zsh
[1.399s] -- Symlinking: /home/jang/2024_7Dof/src/install/iiwa_bringup/share/iiwa_bringup/local_setup.dsv
[1.409s] -- Symlinking: /home/jang/2024_7Dof/src/install/iiwa_bringup/share/iiwa_bringup/package.dsv
[1.420s] -- Symlinking: /home/jang/2024_7Dof/src/install/iiwa_bringup/share/ament_index/resource_index/packages/iiwa_bringup
[1.428s] -- Symlinking: /home/jang/2024_7Dof/src/install/iiwa_bringup/share/iiwa_bringup/cmake/iiwa_bringupConfig.cmake
[1.437s] -- Symlinking: /home/jang/2024_7Dof/src/install/iiwa_bringup/share/iiwa_bringup/cmake/iiwa_bringupConfig-version.cmake
[1.446s] -- Symlinking: /home/jang/2024_7Dof/src/install/iiwa_bringup/share/iiwa_bringup/package.xml
[1.457s] Invoked command in '/home/jang/2024_7Dof/src/build/iiwa_bringup' returned '0': AMENT_PREFIX_PATH=/home/jang/2024_7Dof/src/install/iiwa_description:${AMENT_PREFIX_PATH} CMAKE_PREFIX_PATH=/home/jang/2024_7Dof/src/install/iiwa_description:/opt/ros/humble GAZEBO_MODEL_PATH=/home/jang/2024_7Dof/src/install/iiwa_description/share/iiwa_description/meshes:${GAZEBO_MODEL_PATH} GAZEBO_RESOURCE_PATH=/home/jang/2024_7Dof/src/install/iiwa_description/share/iiwa_description/meshes:${GAZEBO_RESOURCE_PATH} GZ_SIM_RESOURCE_PATH=/home/jang/2024_7Dof/src/install/iiwa_description/share/iiwa_description/meshes IGN_GAZEBO_RESOURCE_PATH=/home/jang/2024_7Dof/src/install/iiwa_description/share/iiwa_description/meshes /usr/bin/cmake --install /home/jang/2024_7Dof/src/build/iiwa_bringup
