[0.158s] Invoking command in '/home/jang/2024_7Dof/build/culjaco': CMAKE_PREFIX_PATH=${CMAKE_PREFIX_PATH}:/home/jang/2024_7Dof/install/apf_nodes:/opt/ros/humble /usr/bin/cmake --build /home/jang/2024_7Dof/build/culjaco -- -j16 -l16
[0.233s] -- Found ament_cmake: 1.3.10 (/opt/ros/humble/share/ament_cmake/cmake)
[0.833s] -- Override CMake install command with custom implementation using symlinks instead of copying resources
[0.854s] -- Found rclcpp: 16.0.10 (/opt/ros/humble/share/rclcpp/cmake)
[0.949s] -- Found rosidl_generator_c: 3.1.5 (/opt/ros/humble/share/rosidl_generator_c/cmake)
[0.956s] -- Found rosidl_adapter: 3.1.5 (/opt/ros/humble/share/rosidl_adapter/cmake)
[0.985s] -- Found rosidl_generator_cpp: 3.1.5 (/opt/ros/humble/share/rosidl_generator_cpp/cmake)
[0.995s] -- Using all available rosidl_typesupport_c: rosidl_typesupport_fastrtps_c;rosidl_typesupport_introspection_c
[1.047s] -- Using all available rosidl_typesupport_cpp: rosidl_typesupport_fastrtps_cpp;rosidl_typesupport_introspection_cpp
[1.105s] -- Found rmw_implementation_cmake: 6.1.2 (/opt/ros/humble/share/rmw_implementation_cmake/cmake)
[1.105s] -- Found rmw_fastrtps_cpp: 6.2.7 (/opt/ros/humble/share/rmw_fastrtps_cpp/cmake)
[1.179s] -- Using RMW implementation 'rmw_fastrtps_cpp' as default
[1.209s] -- Found eigen3_cmake_module: 0.1.1 (/opt/ros/humble/share/eigen3_cmake_module/cmake)
[1.210s] -- Found sensor_msgs: 4.2.4 (/opt/ros/humble/share/sensor_msgs/cmake)
[1.238s] -- Found ament_lint_auto: 0.12.11 (/opt/ros/humble/share/ament_lint_auto/cmake)
[1.281s] -- Added test 'cppcheck' to perform static code analysis on C / C++ code
[1.281s] -- Configured cppcheck include dirs: $<BUILD_INTERFACE:/home/jang/2024_7Dof/src/culjaco/include>
[1.281s] -- Configured cppcheck exclude dirs and/or files: 
[1.282s] -- Added test 'flake8' to check Python code syntax and style conventions
[1.282s] -- Added test 'lint_cmake' to check CMake code style
[1.282s] -- Added test 'pep257' to check Python code against some of the docstring style conventions in PEP 257
[1.283s] -- Added test 'uncrustify' to check C / C++ code style
[1.283s] -- Configured uncrustify additional arguments: 
[1.283s] -- Added test 'xmllint' to check XML markup files
[1.284s] -- Configuring done
[1.295s] -- Generating done
[1.296s] -- Build files have been written to: /home/jang/2024_7Dof/build/culjaco
[1.344s] [35m[1mConsolidate compiler generated dependencies of target forward[0m
[1.349s] [35m[1mConsolidate compiler generated dependencies of target listener[0m
[1.355s] [35m[1mConsolidate compiler generated dependencies of target jaco_node[0m
[1.361s] [35m[1mConsolidate compiler generated dependencies of target talker[0m
[1.364s] [35m[1mConsolidate compiler generated dependencies of target forward_node[0m
[1.412s] [ 20%] Built target forward
[1.438s] [ 30%] [32mBuilding CXX object CMakeFiles/jaco_node.dir/src/cul_jaco.cpp.o[0m
[1.439s] [ 50%] Built target listener
[1.472s] [ 70%] Built target talker
[1.473s] [ 90%] Built target forward_node
[1.610s] [01m[K/home/jang/2024_7Dof/src/culjaco/src/cul_jaco.cpp:5:10:[m[K [01;31m[Kfatal error: [m[Ksensor_msgs/msg/JointState.hpp: No such file or directory
[1.610s]     5 | #include [01;31m[K"sensor_msgs/msg/JointState.hpp"[m[K
[1.611s]       |          [01;31m[K^~~~~~~~~~~~~~~~~~~~~~~~~~~~~~~~[m[K
[1.611s] compilation terminated.
[1.613s] gmake[2]: *** [CMakeFiles/jaco_node.dir/build.make:76: CMakeFiles/jaco_node.dir/src/cul_jaco.cpp.o] Error 1
[1.613s] gmake[1]: *** [CMakeFiles/Makefile2:249: CMakeFiles/jaco_node.dir/all] Error 2
[1.613s] gmake: *** [Makefile:146: all] Error 2
[1.617s] Invoked command in '/home/jang/2024_7Dof/build/culjaco' returned '2': CMAKE_PREFIX_PATH=${CMAKE_PREFIX_PATH}:/home/jang/2024_7Dof/install/apf_nodes:/opt/ros/humble /usr/bin/cmake --build /home/jang/2024_7Dof/build/culjaco -- -j16 -l16
