[0.020s] Invoking command in '/home/jang/2024_7Dof/build/apf_interfaces': CMAKE_PREFIX_PATH=${CMAKE_PREFIX_PATH}:/home/jang/2024_7Dof/install/apf_nodes:/opt/ros/humble /usr/bin/cmake /home/jang/2024_7Dof/src/apf_interfaces -DCMAKE_BUILD_TYPE=Release -DAMENT_CMAKE_SYMLINK_INSTALL=1 -DCMAKE_INSTALL_PREFIX=/home/jang/2024_7Dof/install/apf_interfaces
[0.218s] -- The C compiler identification is GNU 11.4.0
[0.219s] -- The CXX compiler identification is GNU 11.4.0
[0.220s] -- Detecting C compiler ABI info
[0.220s] -- Detecting C compiler ABI info - done
[0.221s] -- Check for working C compiler: /usr/bin/cc - skipped
[0.221s] -- Detecting C compile features
[0.221s] -- Detecting C compile features - done
[0.221s] -- Detecting CXX compiler ABI info
[0.279s] -- Detecting CXX compiler ABI info - done
[0.289s] -- Check for working CXX compiler: /usr/bin/c++ - skipped
[0.289s] -- Detecting CXX compile features
[0.290s] -- Detecting CXX compile features - done
[0.293s] -- Found ament_cmake: 1.3.10 (/opt/ros/humble/share/ament_cmake/cmake)
[0.470s] -- Found Python3: /usr/bin/python3 (found version "3.10.12") found components: Interpreter 
[0.525s] -- Override CMake install command with custom implementation using symlinks instead of copying resources
[0.545s] -- Found ament_lint_auto: 0.12.11 (/opt/ros/humble/share/ament_lint_auto/cmake)
[0.648s] -- Found geometry_msgs: 4.2.4 (/opt/ros/humble/share/geometry_msgs/cmake)
[0.678s] -- Found rosidl_generator_c: 3.1.5 (/opt/ros/humble/share/rosidl_generator_c/cmake)
[0.682s] -- Found rosidl_adapter: 3.1.5 (/opt/ros/humble/share/rosidl_adapter/cmake)
[0.689s] -- Found rosidl_generator_cpp: 3.1.5 (/opt/ros/humble/share/rosidl_generator_cpp/cmake)
[0.700s] -- Using all available rosidl_typesupport_c: rosidl_typesupport_fastrtps_c;rosidl_typesupport_introspection_c
[0.714s] -- Using all available rosidl_typesupport_cpp: rosidl_typesupport_fastrtps_cpp;rosidl_typesupport_introspection_cpp
[0.756s] -- Found rosidl_default_generators: 1.2.0 (/opt/ros/humble/share/rosidl_default_generators/cmake)
[1.022s] -- Found ament_cmake_ros: 0.10.0 (/opt/ros/humble/share/ament_cmake_ros/cmake)
[1.465s] -- Using all available rosidl_typesupport_c: rosidl_typesupport_fastrtps_c;rosidl_typesupport_introspection_c
[1.652s] -- Using all available rosidl_typesupport_cpp: rosidl_typesupport_fastrtps_cpp;rosidl_typesupport_introspection_cpp
[1.686s] -- Found PythonInterp: /usr/bin/python3 (found suitable version "3.10.12", minimum required is "3.6") 
[1.688s] -- Found python_cmake_module: 0.10.0 (/opt/ros/humble/share/python_cmake_module/cmake)
[1.726s] -- Found PythonLibs: /usr/lib/x86_64-linux-gnu/libpython3.10.so (found suitable version "3.10.12", minimum required is "3.5") 
[1.726s] -- Using PYTHON_EXECUTABLE: /usr/bin/python3
[1.727s] -- Using PYTHON_INCLUDE_DIRS: /usr/include/python3.10
[1.727s] -- Using PYTHON_LIBRARIES: /usr/lib/x86_64-linux-gnu/libpython3.10.so
[1.747s] -- Found PythonExtra: .so  
[1.815s] -- Added test 'lint_cmake' to check CMake code style
[1.816s] -- Added test 'xmllint' to check XML markup files
[1.820s] -- Configuring done
[1.851s] -- Generating done
[1.853s] -- Build files have been written to: /home/jang/2024_7Dof/build/apf_interfaces
[1.866s] Invoked command in '/home/jang/2024_7Dof/build/apf_interfaces' returned '0': CMAKE_PREFIX_PATH=${CMAKE_PREFIX_PATH}:/home/jang/2024_7Dof/install/apf_nodes:/opt/ros/humble /usr/bin/cmake /home/jang/2024_7Dof/src/apf_interfaces -DCMAKE_BUILD_TYPE=Release -DAMENT_CMAKE_SYMLINK_INSTALL=1 -DCMAKE_INSTALL_PREFIX=/home/jang/2024_7Dof/install/apf_interfaces
[1.868s] Invoking command in '/home/jang/2024_7Dof/build/apf_interfaces': CMAKE_PREFIX_PATH=${CMAKE_PREFIX_PATH}:/home/jang/2024_7Dof/install/apf_nodes:/opt/ros/humble /usr/bin/cmake --build /home/jang/2024_7Dof/build/apf_interfaces -- -j16 -l16
[1.918s] [  2%] [34m[1mGenerating C code for ROS interfaces[0m
[1.929s] [  5%] [34m[1mGenerating C++ code for ROS interfaces[0m
[1.940s] [  5%] Built target ament_cmake_python_symlink_apf_interfaces
[2.176s] running egg_info
[2.176s] creating apf_interfaces.egg-info
[2.176s] writing apf_interfaces.egg-info/PKG-INFO
[2.176s] writing dependency_links to apf_interfaces.egg-info/dependency_links.txt
[2.176s] writing top-level names to apf_interfaces.egg-info/top_level.txt
[2.176s] writing manifest file 'apf_interfaces.egg-info/SOURCES.txt'
[2.180s] reading manifest file 'apf_interfaces.egg-info/SOURCES.txt'
[2.180s] writing manifest file 'apf_interfaces.egg-info/SOURCES.txt'
[2.202s] [  7%] [32mBuilding C object CMakeFiles/apf_interfaces__rosidl_generator_c.dir/rosidl_generator_c/apf_interfaces/msg/detail/distance__functions.c.o[0m
[2.205s] [ 10%] [32mBuilding C object CMakeFiles/apf_interfaces__rosidl_generator_c.dir/rosidl_generator_c/apf_interfaces/msg/detail/jacobian__functions.c.o[0m
[2.211s] [ 10%] Built target ament_cmake_python_build_apf_interfaces_egg
[2.308s] [ 12%] [32m[1mLinking C shared library libapf_interfaces__rosidl_generator_c.so[0m
[2.348s] [ 12%] Built target apf_interfaces__cpp
[2.359s] [ 15%] [34m[1mGenerating C++ type support dispatch for ROS interfaces[0m
[2.362s] [ 17%] [34m[1mGenerating C++ type support for eProsima Fast-RTPS[0m
[2.362s] [ 17%] Built target apf_interfaces__rosidl_generator_c
[2.363s] [ 20%] [34m[1mGenerating C++ introspection for ROS interfaces[0m
[2.373s] [ 25%] [34m[1mGenerating C type support dispatch for ROS interfaces[0m
[2.374s] [ 25%] [34m[1mGenerating C type support for eProsima Fast-RTPS[0m
[2.377s] [ 28%] [34m[1mGenerating C introspection for ROS interfaces[0m
[2.655s] [ 33%] [32mBuilding C object CMakeFiles/apf_interfaces__rosidl_typesupport_introspection_c.dir/rosidl_typesupport_introspection_c/apf_interfaces/msg/detail/jacobian__type_support.c.o[0m
[2.655s] [ 33%] [32mBuilding C object CMakeFiles/apf_interfaces__rosidl_typesupport_introspection_c.dir/rosidl_typesupport_introspection_c/apf_interfaces/msg/detail/distance__type_support.c.o[0m
[2.686s] [ 35%] [32mBuilding CXX object CMakeFiles/apf_interfaces__rosidl_typesupport_fastrtps_cpp.dir/rosidl_typesupport_fastrtps_cpp/apf_interfaces/msg/detail/dds_fastrtps/distance__type_support.cpp.o[0m
[2.688s] [ 38%] [32mBuilding CXX object CMakeFiles/apf_interfaces__rosidl_typesupport_fastrtps_cpp.dir/rosidl_typesupport_fastrtps_cpp/apf_interfaces/msg/detail/dds_fastrtps/jacobian__type_support.cpp.o[0m
[2.726s] [ 41%] [32m[1mLinking C shared library libapf_interfaces__rosidl_typesupport_introspection_c.so[0m
[2.748s] [ 43%] [32mBuilding CXX object CMakeFiles/apf_interfaces__rosidl_typesupport_cpp.dir/rosidl_typesupport_cpp/apf_interfaces/msg/distance__type_support.cpp.o[0m
[2.750s] [ 46%] [32mBuilding CXX object CMakeFiles/apf_interfaces__rosidl_typesupport_cpp.dir/rosidl_typesupport_cpp/apf_interfaces/msg/jacobian__type_support.cpp.o[0m
[2.769s] [ 48%] [32mBuilding CXX object CMakeFiles/apf_interfaces__rosidl_typesupport_c.dir/rosidl_typesupport_c/apf_interfaces/msg/jacobian__type_support.cpp.o[0m
[2.775s] [ 51%] [32mBuilding CXX object CMakeFiles/apf_interfaces__rosidl_typesupport_c.dir/rosidl_typesupport_c/apf_interfaces/msg/distance__type_support.cpp.o[0m
[2.789s] [ 51%] Built target apf_interfaces__rosidl_typesupport_introspection_c
[2.798s] [ 53%] [32mBuilding CXX object CMakeFiles/apf_interfaces__rosidl_typesupport_introspection_cpp.dir/rosidl_typesupport_introspection_cpp/apf_interfaces/msg/detail/jacobian__type_support.cpp.o[0m
[2.801s] [ 56%] [32mBuilding CXX object CMakeFiles/apf_interfaces__rosidl_typesupport_introspection_cpp.dir/rosidl_typesupport_introspection_cpp/apf_interfaces/msg/detail/distance__type_support.cpp.o[0m
[2.815s] [ 58%] [32mBuilding CXX object CMakeFiles/apf_interfaces__rosidl_typesupport_fastrtps_c.dir/rosidl_typesupport_fastrtps_c/apf_interfaces/msg/detail/jacobian__type_support_c.cpp.o[0m
[2.815s] [ 61%] [32mBuilding CXX object CMakeFiles/apf_interfaces__rosidl_typesupport_fastrtps_c.dir/rosidl_typesupport_fastrtps_c/apf_interfaces/msg/detail/distance__type_support_c.cpp.o[0m
[2.832s] [ 64%] [32m[1mLinking CXX shared library libapf_interfaces__rosidl_typesupport_c.so[0m
[2.914s] [ 64%] Built target apf_interfaces__rosidl_typesupport_c
[3.222s] [ 66%] [32m[1mLinking CXX shared library libapf_interfaces__rosidl_typesupport_cpp.so[0m
[3.276s] [ 66%] Built target apf_interfaces__rosidl_typesupport_cpp
[3.395s] [ 69%] [32m[1mLinking CXX shared library libapf_interfaces__rosidl_typesupport_fastrtps_c.so[0m
[3.436s] [ 71%] [32m[1mLinking CXX shared library libapf_interfaces__rosidl_typesupport_fastrtps_cpp.so[0m
[3.507s] [ 71%] Built target apf_interfaces__rosidl_typesupport_fastrtps_c
[3.515s] [ 71%] Built target apf_interfaces__rosidl_typesupport_fastrtps_cpp
[3.570s] [ 74%] [32m[1mLinking CXX shared library libapf_interfaces__rosidl_typesupport_introspection_cpp.so[0m
[3.657s] [ 74%] Built target apf_interfaces__rosidl_typesupport_introspection_cpp
[3.686s] [ 74%] Built target apf_interfaces
[3.713s] [ 76%] [34m[1mGenerating Python code for ROS interfaces[0m
[4.101s] [ 76%] Built target apf_interfaces__py
[4.131s] [ 82%] [32mBuilding C object CMakeFiles/apf_interfaces__rosidl_generator_py.dir/rosidl_generator_py/apf_interfaces/msg/_jacobian_s.c.o[0m
[4.132s] [ 82%] [32mBuilding C object CMakeFiles/apf_interfaces__rosidl_generator_py.dir/rosidl_generator_py/apf_interfaces/msg/_distance_s.c.o[0m
[4.324s] [ 84%] [32m[1mLinking C shared library rosidl_generator_py/apf_interfaces/libapf_interfaces__rosidl_generator_py.so[0m
[4.373s] [ 84%] Built target apf_interfaces__rosidl_generator_py
[4.397s] [ 87%] [32mBuilding C object CMakeFiles/apf_interfaces__rosidl_typesupport_introspection_c__pyext.dir/rosidl_generator_py/apf_interfaces/_apf_interfaces_s.ep.rosidl_typesupport_introspection_c.c.o[0m
[4.398s] [ 89%] [32mBuilding C object CMakeFiles/apf_interfaces__rosidl_typesupport_c__pyext.dir/rosidl_generator_py/apf_interfaces/_apf_interfaces_s.ep.rosidl_typesupport_c.c.o[0m
[4.401s] [ 92%] [32mBuilding C object CMakeFiles/apf_interfaces__rosidl_typesupport_fastrtps_c__pyext.dir/rosidl_generator_py/apf_interfaces/_apf_interfaces_s.ep.rosidl_typesupport_fastrtps_c.c.o[0m
[4.520s] [ 94%] [32m[1mLinking C shared library rosidl_generator_py/apf_interfaces/apf_interfaces_s__rosidl_typesupport_introspection_c.cpython-310-x86_64-linux-gnu.so[0m
[4.551s] [ 97%] [32m[1mLinking C shared library rosidl_generator_py/apf_interfaces/apf_interfaces_s__rosidl_typesupport_c.cpython-310-x86_64-linux-gnu.so[0m
[4.561s] [ 97%] Built target apf_interfaces__rosidl_typesupport_introspection_c__pyext
[4.587s] [100%] [32m[1mLinking C shared library rosidl_generator_py/apf_interfaces/apf_interfaces_s__rosidl_typesupport_fastrtps_c.cpython-310-x86_64-linux-gnu.so[0m
[4.598s] [100%] Built target apf_interfaces__rosidl_typesupport_c__pyext
[4.633s] [100%] Built target apf_interfaces__rosidl_typesupport_fastrtps_c__pyext
[4.646s] Invoked command in '/home/jang/2024_7Dof/build/apf_interfaces' returned '0': CMAKE_PREFIX_PATH=${CMAKE_PREFIX_PATH}:/home/jang/2024_7Dof/install/apf_nodes:/opt/ros/humble /usr/bin/cmake --build /home/jang/2024_7Dof/build/apf_interfaces -- -j16 -l16
[4.747s] Invoking command in '/home/jang/2024_7Dof/build/apf_interfaces': CMAKE_PREFIX_PATH=${CMAKE_PREFIX_PATH}:/home/jang/2024_7Dof/install/apf_nodes:/opt/ros/humble /usr/bin/cmake --install /home/jang/2024_7Dof/build/apf_interfaces
[4.756s] -- Install configuration: "Release"
[4.757s] -- Execute custom install script
[4.758s] -- Symlinking: /home/jang/2024_7Dof/install/apf_interfaces/share/ament_index/resource_index/rosidl_interfaces/apf_interfaces
[4.769s] -- Symlinking: /home/jang/2024_7Dof/install/apf_interfaces/include/apf_interfaces/apf_interfaces/msg/detail/distance__functions.h
[4.779s] -- Symlinking: /home/jang/2024_7Dof/install/apf_interfaces/include/apf_interfaces/apf_interfaces/msg/detail/distance__struct.h
[4.791s] -- Symlinking: /home/jang/2024_7Dof/install/apf_interfaces/include/apf_interfaces/apf_interfaces/msg/detail/distance__type_support.h
[4.800s] -- Symlinking: /home/jang/2024_7Dof/install/apf_interfaces/include/apf_interfaces/apf_interfaces/msg/detail/jacobian__functions.h
[4.811s] -- Symlinking: /home/jang/2024_7Dof/install/apf_interfaces/include/apf_interfaces/apf_interfaces/msg/detail/jacobian__struct.h
[4.819s] -- Symlinking: /home/jang/2024_7Dof/install/apf_interfaces/include/apf_interfaces/apf_interfaces/msg/detail/jacobian__type_support.h
[4.830s] -- Symlinking: /home/jang/2024_7Dof/install/apf_interfaces/include/apf_interfaces/apf_interfaces/msg/distance.h
[4.842s] -- Symlinking: /home/jang/2024_7Dof/install/apf_interfaces/include/apf_interfaces/apf_interfaces/msg/jacobian.h
[4.854s] -- Symlinking: /home/jang/2024_7Dof/install/apf_interfaces/include/apf_interfaces/apf_interfaces/msg/rosidl_generator_c__visibility_control.h
[4.866s] -- Symlinking: /home/jang/2024_7Dof/install/apf_interfaces/share/apf_interfaces/environment/library_path.sh
[4.878s] -- Symlinking: /home/jang/2024_7Dof/install/apf_interfaces/share/apf_interfaces/environment/library_path.dsv
[4.891s] -- Symlinking: /home/jang/2024_7Dof/install/apf_interfaces/include/apf_interfaces/apf_interfaces/msg/detail/distance__rosidl_typesupport_fastrtps_c.h
[4.903s] -- Symlinking: /home/jang/2024_7Dof/install/apf_interfaces/include/apf_interfaces/apf_interfaces/msg/detail/jacobian__rosidl_typesupport_fastrtps_c.h
[4.915s] -- Symlinking: /home/jang/2024_7Dof/install/apf_interfaces/include/apf_interfaces/apf_interfaces/msg/rosidl_typesupport_fastrtps_c__visibility_control.h
[4.926s] -- Symlinking: /home/jang/2024_7Dof/install/apf_interfaces/include/apf_interfaces/apf_interfaces/msg/detail/distance__builder.hpp
[4.938s] -- Symlinking: /home/jang/2024_7Dof/install/apf_interfaces/include/apf_interfaces/apf_interfaces/msg/detail/distance__struct.hpp
[4.950s] -- Symlinking: /home/jang/2024_7Dof/install/apf_interfaces/include/apf_interfaces/apf_interfaces/msg/detail/distance__traits.hpp
[4.962s] -- Symlinking: /home/jang/2024_7Dof/install/apf_interfaces/include/apf_interfaces/apf_interfaces/msg/detail/jacobian__builder.hpp
[4.973s] -- Symlinking: /home/jang/2024_7Dof/install/apf_interfaces/include/apf_interfaces/apf_interfaces/msg/detail/jacobian__struct.hpp
[4.985s] -- Symlinking: /home/jang/2024_7Dof/install/apf_interfaces/include/apf_interfaces/apf_interfaces/msg/detail/jacobian__traits.hpp
[4.996s] -- Symlinking: /home/jang/2024_7Dof/install/apf_interfaces/include/apf_interfaces/apf_interfaces/msg/distance.hpp
[5.007s] -- Symlinking: /home/jang/2024_7Dof/install/apf_interfaces/include/apf_interfaces/apf_interfaces/msg/jacobian.hpp
[5.019s] -- Symlinking: /home/jang/2024_7Dof/install/apf_interfaces/include/apf_interfaces/apf_interfaces/msg/detail/distance__rosidl_typesupport_fastrtps_cpp.hpp
[5.031s] -- Symlinking: /home/jang/2024_7Dof/install/apf_interfaces/include/apf_interfaces/apf_interfaces/msg/detail/jacobian__rosidl_typesupport_fastrtps_cpp.hpp
[5.044s] -- Symlinking: /home/jang/2024_7Dof/install/apf_interfaces/include/apf_interfaces/apf_interfaces/msg/rosidl_typesupport_fastrtps_cpp__visibility_control.h
[5.056s] -- Symlinking: /home/jang/2024_7Dof/install/apf_interfaces/include/apf_interfaces/apf_interfaces/msg/detail/distance__rosidl_typesupport_introspection_c.h
[5.068s] -- Symlinking: /home/jang/2024_7Dof/install/apf_interfaces/include/apf_interfaces/apf_interfaces/msg/detail/jacobian__rosidl_typesupport_introspection_c.h
[5.076s] -- Symlinking: /home/jang/2024_7Dof/install/apf_interfaces/include/apf_interfaces/apf_interfaces/msg/rosidl_typesupport_introspection_c__visibility_control.h
[5.086s] -- Symlinking: /home/jang/2024_7Dof/install/apf_interfaces/include/apf_interfaces/apf_interfaces/msg/detail/distance__rosidl_typesupport_introspection_cpp.hpp
[5.098s] -- Symlinking: /home/jang/2024_7Dof/install/apf_interfaces/include/apf_interfaces/apf_interfaces/msg/detail/jacobian__rosidl_typesupport_introspection_cpp.hpp
[5.107s] -- Symlinking: /home/jang/2024_7Dof/install/apf_interfaces/share/apf_interfaces/environment/pythonpath.sh
[5.119s] -- Symlinking: /home/jang/2024_7Dof/install/apf_interfaces/share/apf_interfaces/environment/pythonpath.dsv
[5.128s] -- Symlinking: /home/jang/2024_7Dof/install/apf_interfaces/local/lib/python3.10/dist-packages/apf_interfaces-0.0.0-py3.10.egg-info/PKG-INFO
[5.139s] -- Symlinking: /home/jang/2024_7Dof/install/apf_interfaces/local/lib/python3.10/dist-packages/apf_interfaces-0.0.0-py3.10.egg-info/SOURCES.txt
[5.149s] -- Symlinking: /home/jang/2024_7Dof/install/apf_interfaces/local/lib/python3.10/dist-packages/apf_interfaces-0.0.0-py3.10.egg-info/dependency_links.txt
[5.156s] -- Symlinking: /home/jang/2024_7Dof/install/apf_interfaces/local/lib/python3.10/dist-packages/apf_interfaces-0.0.0-py3.10.egg-info/top_level.txt
[5.168s] -- Symlinking: /home/jang/2024_7Dof/install/apf_interfaces/local/lib/python3.10/dist-packages/apf_interfaces/__init__.py
[5.179s] -- Symlinking: /home/jang/2024_7Dof/install/apf_interfaces/local/lib/python3.10/dist-packages/apf_interfaces/_apf_interfaces_s.ep.rosidl_typesupport_c.c
[5.192s] -- Symlinking: /home/jang/2024_7Dof/install/apf_interfaces/local/lib/python3.10/dist-packages/apf_interfaces/_apf_interfaces_s.ep.rosidl_typesupport_fastrtps_c.c
[5.205s] -- Symlinking: /home/jang/2024_7Dof/install/apf_interfaces/local/lib/python3.10/dist-packages/apf_interfaces/_apf_interfaces_s.ep.rosidl_typesupport_introspection_c.c
[5.219s] -- Symlinking: /home/jang/2024_7Dof/install/apf_interfaces/local/lib/python3.10/dist-packages/apf_interfaces/apf_interfaces_s__rosidl_typesupport_c.cpython-310-x86_64-linux-gnu.so
[5.233s] -- Symlinking: /home/jang/2024_7Dof/install/apf_interfaces/local/lib/python3.10/dist-packages/apf_interfaces/apf_interfaces_s__rosidl_typesupport_fastrtps_c.cpython-310-x86_64-linux-gnu.so
[5.246s] -- Symlinking: /home/jang/2024_7Dof/install/apf_interfaces/local/lib/python3.10/dist-packages/apf_interfaces/apf_interfaces_s__rosidl_typesupport_introspection_c.cpython-310-x86_64-linux-gnu.so
[5.260s] -- Symlinking: /home/jang/2024_7Dof/install/apf_interfaces/local/lib/python3.10/dist-packages/apf_interfaces/libapf_interfaces__rosidl_generator_py.so
[5.272s] -- Symlinking: /home/jang/2024_7Dof/install/apf_interfaces/local/lib/python3.10/dist-packages/apf_interfaces/msg/__init__.py
[5.285s] -- Symlinking: /home/jang/2024_7Dof/install/apf_interfaces/local/lib/python3.10/dist-packages/apf_interfaces/msg/_distance.py
[5.299s] -- Symlinking: /home/jang/2024_7Dof/install/apf_interfaces/local/lib/python3.10/dist-packages/apf_interfaces/msg/_distance_s.c
[5.312s] -- Symlinking: /home/jang/2024_7Dof/install/apf_interfaces/local/lib/python3.10/dist-packages/apf_interfaces/msg/_jacobian.py
[5.324s] -- Symlinking: /home/jang/2024_7Dof/install/apf_interfaces/local/lib/python3.10/dist-packages/apf_interfaces/msg/_jacobian_s.c
[5.338s] -- Up-to-date symlink: /home/jang/2024_7Dof/install/apf_interfaces/local/lib/python3.10/dist-packages/apf_interfaces/apf_interfaces_s__rosidl_typesupport_fastrtps_c.cpython-310-x86_64-linux-gnu.so
[5.338s] -- Up-to-date symlink: /home/jang/2024_7Dof/install/apf_interfaces/local/lib/python3.10/dist-packages/apf_interfaces/apf_interfaces_s__rosidl_typesupport_introspection_c.cpython-310-x86_64-linux-gnu.so
[5.338s] -- Up-to-date symlink: /home/jang/2024_7Dof/install/apf_interfaces/local/lib/python3.10/dist-packages/apf_interfaces/apf_interfaces_s__rosidl_typesupport_c.cpython-310-x86_64-linux-gnu.so
[5.339s] -- Symlinking: /home/jang/2024_7Dof/install/apf_interfaces/share/apf_interfaces/msg/Jacobian.idl
[5.352s] -- Symlinking: /home/jang/2024_7Dof/install/apf_interfaces/share/apf_interfaces/msg/Distance.idl
[5.366s] -- Symlinking: /home/jang/2024_7Dof/install/apf_interfaces/share/apf_interfaces/msg/Jacobian.msg
[5.380s] -- Symlinking: /home/jang/2024_7Dof/install/apf_interfaces/share/apf_interfaces/msg/Distance.msg
[5.393s] -- Symlinking: /home/jang/2024_7Dof/install/apf_interfaces/share/ament_index/resource_index/package_run_dependencies/apf_interfaces
[5.407s] -- Symlinking: /home/jang/2024_7Dof/install/apf_interfaces/share/ament_index/resource_index/parent_prefix_path/apf_interfaces
[5.420s] -- Symlinking: /home/jang/2024_7Dof/install/apf_interfaces/share/apf_interfaces/environment/ament_prefix_path.sh
[5.433s] -- Symlinking: /home/jang/2024_7Dof/install/apf_interfaces/share/apf_interfaces/environment/ament_prefix_path.dsv
[5.447s] -- Symlinking: /home/jang/2024_7Dof/install/apf_interfaces/share/apf_interfaces/environment/path.sh
[5.461s] -- Symlinking: /home/jang/2024_7Dof/install/apf_interfaces/share/apf_interfaces/environment/path.dsv
[5.474s] -- Symlinking: /home/jang/2024_7Dof/install/apf_interfaces/share/apf_interfaces/local_setup.bash
[5.486s] -- Symlinking: /home/jang/2024_7Dof/install/apf_interfaces/share/apf_interfaces/local_setup.sh
[5.499s] -- Symlinking: /home/jang/2024_7Dof/install/apf_interfaces/share/apf_interfaces/local_setup.zsh
[5.512s] -- Symlinking: /home/jang/2024_7Dof/install/apf_interfaces/share/apf_interfaces/local_setup.dsv
[5.526s] -- Symlinking: /home/jang/2024_7Dof/install/apf_interfaces/share/apf_interfaces/package.dsv
[5.539s] -- Symlinking: /home/jang/2024_7Dof/install/apf_interfaces/share/ament_index/resource_index/packages/apf_interfaces
[5.553s] -- Symlinking: /home/jang/2024_7Dof/install/apf_interfaces/share/apf_interfaces/cmake/rosidl_cmake-extras.cmake
[5.567s] -- Symlinking: /home/jang/2024_7Dof/install/apf_interfaces/share/apf_interfaces/cmake/ament_cmake_export_dependencies-extras.cmake
[5.580s] -- Symlinking: /home/jang/2024_7Dof/install/apf_interfaces/share/apf_interfaces/cmake/ament_cmake_export_include_directories-extras.cmake
[5.593s] -- Symlinking: /home/jang/2024_7Dof/install/apf_interfaces/share/apf_interfaces/cmake/ament_cmake_export_libraries-extras.cmake
[5.606s] -- Symlinking: /home/jang/2024_7Dof/install/apf_interfaces/share/apf_interfaces/cmake/ament_cmake_export_targets-extras.cmake
[5.619s] -- Symlinking: /home/jang/2024_7Dof/install/apf_interfaces/share/apf_interfaces/cmake/rosidl_cmake_export_typesupport_targets-extras.cmake
[5.632s] -- Symlinking: /home/jang/2024_7Dof/install/apf_interfaces/share/apf_interfaces/cmake/rosidl_cmake_export_typesupport_libraries-extras.cmake
[5.646s] -- Symlinking: /home/jang/2024_7Dof/install/apf_interfaces/share/apf_interfaces/cmake/apf_interfacesConfig.cmake
[5.659s] -- Symlinking: /home/jang/2024_7Dof/install/apf_interfaces/share/apf_interfaces/cmake/apf_interfacesConfig-version.cmake
[5.672s] -- Symlinking: /home/jang/2024_7Dof/install/apf_interfaces/share/apf_interfaces/package.xml
[5.685s] -- Installing: /home/jang/2024_7Dof/install/apf_interfaces/lib/libapf_interfaces__rosidl_generator_c.so
[5.685s] -- Set runtime path of "/home/jang/2024_7Dof/install/apf_interfaces/lib/libapf_interfaces__rosidl_generator_c.so" to ""
[5.685s] -- Installing: /home/jang/2024_7Dof/install/apf_interfaces/lib/libapf_interfaces__rosidl_typesupport_fastrtps_c.so
[5.686s] -- Set runtime path of "/home/jang/2024_7Dof/install/apf_interfaces/lib/libapf_interfaces__rosidl_typesupport_fastrtps_c.so" to ""
[5.686s] -- Installing: /home/jang/2024_7Dof/install/apf_interfaces/lib/libapf_interfaces__rosidl_typesupport_fastrtps_cpp.so
[5.686s] -- Set runtime path of "/home/jang/2024_7Dof/install/apf_interfaces/lib/libapf_interfaces__rosidl_typesupport_fastrtps_cpp.so" to ""
[5.686s] -- Installing: /home/jang/2024_7Dof/install/apf_interfaces/lib/libapf_interfaces__rosidl_typesupport_introspection_c.so
[5.687s] -- Set runtime path of "/home/jang/2024_7Dof/install/apf_interfaces/lib/libapf_interfaces__rosidl_typesupport_introspection_c.so" to ""
[5.687s] -- Installing: /home/jang/2024_7Dof/install/apf_interfaces/lib/libapf_interfaces__rosidl_typesupport_c.so
[5.687s] -- Set runtime path of "/home/jang/2024_7Dof/install/apf_interfaces/lib/libapf_interfaces__rosidl_typesupport_c.so" to ""
[5.687s] -- Installing: /home/jang/2024_7Dof/install/apf_interfaces/lib/libapf_interfaces__rosidl_typesupport_introspection_cpp.so
[5.688s] -- Set runtime path of "/home/jang/2024_7Dof/install/apf_interfaces/lib/libapf_interfaces__rosidl_typesupport_introspection_cpp.so" to ""
[5.688s] -- Installing: /home/jang/2024_7Dof/install/apf_interfaces/lib/libapf_interfaces__rosidl_typesupport_cpp.so
[5.688s] -- Set runtime path of "/home/jang/2024_7Dof/install/apf_interfaces/lib/libapf_interfaces__rosidl_typesupport_cpp.so" to ""
[5.739s] Listing '/home/jang/2024_7Dof/install/apf_interfaces/local/lib/python3.10/dist-packages/apf_interfaces'...
[5.739s] Compiling '/home/jang/2024_7Dof/install/apf_interfaces/local/lib/python3.10/dist-packages/apf_interfaces/__init__.py'...
[5.740s] Listing '/home/jang/2024_7Dof/install/apf_interfaces/local/lib/python3.10/dist-packages/apf_interfaces/msg'...
[5.740s] Compiling '/home/jang/2024_7Dof/install/apf_interfaces/local/lib/python3.10/dist-packages/apf_interfaces/msg/__init__.py'...
[5.740s] Compiling '/home/jang/2024_7Dof/install/apf_interfaces/local/lib/python3.10/dist-packages/apf_interfaces/msg/_distance.py'...
[5.740s] Compiling '/home/jang/2024_7Dof/install/apf_interfaces/local/lib/python3.10/dist-packages/apf_interfaces/msg/_jacobian.py'...
[5.746s] -- Installing: /home/jang/2024_7Dof/install/apf_interfaces/lib/libapf_interfaces__rosidl_generator_py.so
[5.746s] -- Set runtime path of "/home/jang/2024_7Dof/install/apf_interfaces/lib/libapf_interfaces__rosidl_generator_py.so" to ""
[5.747s] -- Installing: /home/jang/2024_7Dof/install/apf_interfaces/share/apf_interfaces/cmake/export_apf_interfaces__rosidl_generator_cExport.cmake
[5.747s] -- Installing: /home/jang/2024_7Dof/install/apf_interfaces/share/apf_interfaces/cmake/export_apf_interfaces__rosidl_generator_cExport-release.cmake
[5.747s] -- Installing: /home/jang/2024_7Dof/install/apf_interfaces/share/apf_interfaces/cmake/export_apf_interfaces__rosidl_typesupport_fastrtps_cExport.cmake
[5.747s] -- Installing: /home/jang/2024_7Dof/install/apf_interfaces/share/apf_interfaces/cmake/export_apf_interfaces__rosidl_typesupport_fastrtps_cExport-release.cmake
[5.747s] -- Installing: /home/jang/2024_7Dof/install/apf_interfaces/share/apf_interfaces/cmake/export_apf_interfaces__rosidl_generator_cppExport.cmake
[5.748s] -- Installing: /home/jang/2024_7Dof/install/apf_interfaces/share/apf_interfaces/cmake/export_apf_interfaces__rosidl_typesupport_fastrtps_cppExport.cmake
[5.748s] -- Installing: /home/jang/2024_7Dof/install/apf_interfaces/share/apf_interfaces/cmake/export_apf_interfaces__rosidl_typesupport_fastrtps_cppExport-release.cmake
[5.748s] -- Installing: /home/jang/2024_7Dof/install/apf_interfaces/share/apf_interfaces/cmake/apf_interfaces__rosidl_typesupport_introspection_cExport.cmake
[5.748s] -- Installing: /home/jang/2024_7Dof/install/apf_interfaces/share/apf_interfaces/cmake/apf_interfaces__rosidl_typesupport_introspection_cExport-release.cmake
[5.748s] -- Installing: /home/jang/2024_7Dof/install/apf_interfaces/share/apf_interfaces/cmake/apf_interfaces__rosidl_typesupport_cExport.cmake
[5.748s] -- Installing: /home/jang/2024_7Dof/install/apf_interfaces/share/apf_interfaces/cmake/apf_interfaces__rosidl_typesupport_cExport-release.cmake
[5.748s] -- Installing: /home/jang/2024_7Dof/install/apf_interfaces/share/apf_interfaces/cmake/apf_interfaces__rosidl_typesupport_introspection_cppExport.cmake
[5.748s] -- Installing: /home/jang/2024_7Dof/install/apf_interfaces/share/apf_interfaces/cmake/apf_interfaces__rosidl_typesupport_introspection_cppExport-release.cmake
[5.749s] -- Installing: /home/jang/2024_7Dof/install/apf_interfaces/share/apf_interfaces/cmake/apf_interfaces__rosidl_typesupport_cppExport.cmake
[5.749s] -- Installing: /home/jang/2024_7Dof/install/apf_interfaces/share/apf_interfaces/cmake/apf_interfaces__rosidl_typesupport_cppExport-release.cmake
[5.749s] -- Installing: /home/jang/2024_7Dof/install/apf_interfaces/share/apf_interfaces/cmake/export_apf_interfaces__rosidl_generator_pyExport.cmake
[5.749s] -- Installing: /home/jang/2024_7Dof/install/apf_interfaces/share/apf_interfaces/cmake/export_apf_interfaces__rosidl_generator_pyExport-release.cmake
[5.753s] Invoked command in '/home/jang/2024_7Dof/build/apf_interfaces' returned '0': CMAKE_PREFIX_PATH=${CMAKE_PREFIX_PATH}:/home/jang/2024_7Dof/install/apf_nodes:/opt/ros/humble /usr/bin/cmake --install /home/jang/2024_7Dof/build/apf_interfaces
