[0.218s] Invoking command in '/home/jang/2024_7Dof/build/iiwa_moveit2': CMAKE_PREFIX_PATH=${CMAKE_PREFIX_PATH}:/home/jang/2024_7Dof/install/apf_nodes:/opt/ros/humble /usr/bin/cmake /home/jang/2024_7Dof/src/iiwa_ros2/iiwa_moveit2 -DCMAKE_BUILD_TYPE=Release -DAMENT_CMAKE_SYMLINK_INSTALL=1 -DCMAKE_INSTALL_PREFIX=/home/jang/2024_7Dof/install/iiwa_moveit2
[0.462s] -- The C compiler identification is GNU 11.4.0
[0.795s] -- The CXX compiler identification is GNU 11.4.0
[0.844s] -- Detecting C compiler ABI info
[1.114s] -- Detecting C compiler ABI info - done
[1.142s] -- Check for working C compiler: /usr/bin/cc - skipped
[1.143s] -- Detecting C compile features
[1.145s] -- Detecting C compile features - done
[1.164s] -- Detecting CXX compiler ABI info
[1.481s] -- Detecting CXX compiler ABI info - done
[1.522s] -- Check for working CXX compiler: /usr/bin/c++ - skipped
[1.523s] -- Detecting CXX compile features
[1.523s] -- Detecting CXX compile features - done
[1.529s] -- Found moveit_common: 2.5.5 (/opt/ros/humble/share/moveit_common/cmake)
[1.546s] -- Found ament_cmake: 1.3.10 (/opt/ros/humble/share/ament_cmake/cmake)
[2.062s] -- Found Python3: /usr/bin/python3 (found version "3.10.12") found components: Interpreter 
[2.270s] -- Override CMake install command with custom implementation using symlinks instead of copying resources
[2.428s] -- Found control_msgs: 4.6.0 (/opt/ros/humble/share/control_msgs/cmake)
[2.463s] -- Found rosidl_generator_c: 3.1.5 (/opt/ros/humble/share/rosidl_generator_c/cmake)
[2.466s] -- Found rosidl_adapter: 3.1.5 (/opt/ros/humble/share/rosidl_adapter/cmake)
[2.472s] -- Found rosidl_generator_cpp: 3.1.5 (/opt/ros/humble/share/rosidl_generator_cpp/cmake)
[2.480s] -- Using all available rosidl_typesupport_c: rosidl_typesupport_fastrtps_c;rosidl_typesupport_introspection_c
[2.491s] -- Using all available rosidl_typesupport_cpp: rosidl_typesupport_fastrtps_cpp;rosidl_typesupport_introspection_cpp
[2.644s] -- Found moveit_core: 2.5.5 (/opt/ros/humble/share/moveit_core/cmake)
[2.815s] -- Found Boost: /usr/lib/x86_64-linux-gnu/cmake/Boost-1.74.0/BoostConfig.cmake (found version "1.74.0") found components: chrono date_time filesystem iostreams program_options regex serialization system thread 
[2.850s] -- Found parameter_traits: 0.3.8 (/opt/ros/humble/share/parameter_traits/cmake)
[2.902s] -- Found rmw_implementation_cmake: 6.1.2 (/opt/ros/humble/share/rmw_implementation_cmake/cmake)
[2.905s] -- Found rmw_fastrtps_cpp: 6.2.7 (/opt/ros/humble/share/rmw_fastrtps_cpp/cmake)
[3.006s] -- Found OpenSSL: /usr/lib/x86_64-linux-gnu/libcrypto.so (found version "3.0.2")  
[3.032s] -- Found FastRTPS: /opt/ros/humble/include  
[3.069s] -- Using RMW implementation 'rmw_fastrtps_cpp' as default
[3.075s] -- Found Threads: TRUE  
[3.124s] -- Found rclcpp_lifecycle: 16.0.10 (/opt/ros/humble/share/rclcpp_lifecycle/cmake)
[3.146s] -- Found Boost: /usr/lib/x86_64-linux-gnu/cmake/Boost-1.74.0/BoostConfig.cmake (found version "1.74.0") found components: filesystem 
[3.222s] -- library: /usr/lib/x86_64-linux-gnu/libcurl.so
[3.267s] -- Found Eigen3: TRUE (found version "3.4.0") 
[3.267s] -- Ensuring Eigen3 include directory is part of orocos-kdl CMake target
[3.499s] -- Found moveit_servo: 2.5.5 (/opt/ros/humble/share/moveit_servo/cmake)
[3.554s] -- Found Boost: /usr/lib/x86_64-linux-gnu/cmake/Boost-1.74.0/BoostConfig.cmake (found version "1.74.0") found components: system filesystem date_time program_options thread chrono 
[3.640s] -- Found ament_cmake_gtest: 1.3.10 (/opt/ros/humble/share/ament_cmake_gtest/cmake)
[3.642s] -- Found ament_lint_auto: 0.12.11 (/opt/ros/humble/share/ament_lint_auto/cmake)
[3.684s] -- Added test 'copyright' to check source files copyright and LICENSE
[3.685s] -- Added test 'cppcheck' to perform static code analysis on C / C++ code
[3.686s] -- Configured cppcheck include dirs: 
[3.686s] -- Configured cppcheck exclude dirs and/or files: 
[3.687s] -- Added test 'cpplint' to check C / C++ code against the Google style
[3.687s] -- Configured cpplint exclude dirs and/or files: 
[3.687s] -- Added test 'lint_cmake' to check CMake code style
[3.688s] -- Added test 'uncrustify' to check C / C++ code style
[3.689s] -- Configured uncrustify additional arguments: 
[3.689s] -- Added test 'xmllint' to check XML markup files
[3.692s] -- Configuring done
[3.816s] -- Generating done
[3.820s] -- Build files have been written to: /home/jang/2024_7Dof/build/iiwa_moveit2
[3.848s] Invoked command in '/home/jang/2024_7Dof/build/iiwa_moveit2' returned '0': CMAKE_PREFIX_PATH=${CMAKE_PREFIX_PATH}:/home/jang/2024_7Dof/install/apf_nodes:/opt/ros/humble /usr/bin/cmake /home/jang/2024_7Dof/src/iiwa_ros2/iiwa_moveit2 -DCMAKE_BUILD_TYPE=Release -DAMENT_CMAKE_SYMLINK_INSTALL=1 -DCMAKE_INSTALL_PREFIX=/home/jang/2024_7Dof/install/iiwa_moveit2
[3.850s] Invoking command in '/home/jang/2024_7Dof/build/iiwa_moveit2': CMAKE_PREFIX_PATH=${CMAKE_PREFIX_PATH}:/home/jang/2024_7Dof/install/apf_nodes:/opt/ros/humble /usr/bin/cmake --build /home/jang/2024_7Dof/build/iiwa_moveit2 -- -j16 -l16
[3.963s] [ 16%] [32mBuilding CXX object CMakeFiles/servo_controller_input.dir/src/joystick_servo.cpp.o[0m
[3.964s] [ 33%] [32mBuilding CXX object CMakeFiles/servo_node.dir/src/servo_node.cpp.o[0m
[3.966s] [ 50%] [32mBuilding CXX object CMakeFiles/pose_tracking_servo_node.dir/src/pose_tracking_servo.cpp.o[0m
[20.126s] [ 66%] [32m[1mLinking CXX executable servo_node[0m
[20.560s] [ 66%] Built target servo_node
[22.785s] [ 83%] [32m[1mLinking CXX shared library libservo_controller_input.so[0m
[23.446s] [ 83%] Built target servo_controller_input
[30.115s] [100%] [32m[1mLinking CXX executable pose_tracking_servo_node[0m
[30.396s] [100%] Built target pose_tracking_servo_node
[30.410s] Invoked command in '/home/jang/2024_7Dof/build/iiwa_moveit2' returned '0': CMAKE_PREFIX_PATH=${CMAKE_PREFIX_PATH}:/home/jang/2024_7Dof/install/apf_nodes:/opt/ros/humble /usr/bin/cmake --build /home/jang/2024_7Dof/build/iiwa_moveit2 -- -j16 -l16
[30.448s] Invoking command in '/home/jang/2024_7Dof/build/iiwa_moveit2': CMAKE_PREFIX_PATH=${CMAKE_PREFIX_PATH}:/home/jang/2024_7Dof/install/apf_nodes:/opt/ros/humble /usr/bin/cmake --install /home/jang/2024_7Dof/build/iiwa_moveit2
[30.455s] -- Install configuration: "Release"
[30.456s] -- Execute custom install script
[30.456s] -- Symlinking: /home/jang/2024_7Dof/install/iiwa_moveit2/lib/iiwa_moveit2/pose_tracking_servo_node
[30.464s] -- Symlinking: /home/jang/2024_7Dof/install/iiwa_moveit2/lib/iiwa_moveit2/servo_node
[30.473s] -- Symlinking: /home/jang/2024_7Dof/install/iiwa_moveit2/share/iiwa_moveit2/environment/library_path.sh
[30.481s] -- Symlinking: /home/jang/2024_7Dof/install/iiwa_moveit2/share/iiwa_moveit2/environment/library_path.dsv
[30.487s] -- Symlinking: /home/jang/2024_7Dof/install/iiwa_moveit2/share/ament_index/resource_index/package_run_dependencies/iiwa_moveit2
[30.493s] -- Symlinking: /home/jang/2024_7Dof/install/iiwa_moveit2/share/ament_index/resource_index/parent_prefix_path/iiwa_moveit2
[30.503s] -- Symlinking: /home/jang/2024_7Dof/install/iiwa_moveit2/share/iiwa_moveit2/environment/ament_prefix_path.sh
[30.511s] -- Symlinking: /home/jang/2024_7Dof/install/iiwa_moveit2/share/iiwa_moveit2/environment/ament_prefix_path.dsv
[30.518s] -- Symlinking: /home/jang/2024_7Dof/install/iiwa_moveit2/share/iiwa_moveit2/environment/path.sh
[30.525s] -- Symlinking: /home/jang/2024_7Dof/install/iiwa_moveit2/share/iiwa_moveit2/environment/path.dsv
[30.535s] -- Symlinking: /home/jang/2024_7Dof/install/iiwa_moveit2/share/iiwa_moveit2/local_setup.bash
[30.541s] -- Symlinking: /home/jang/2024_7Dof/install/iiwa_moveit2/share/iiwa_moveit2/local_setup.sh
[30.550s] -- Symlinking: /home/jang/2024_7Dof/install/iiwa_moveit2/share/iiwa_moveit2/local_setup.zsh
[30.556s] -- Symlinking: /home/jang/2024_7Dof/install/iiwa_moveit2/share/iiwa_moveit2/local_setup.dsv
[30.565s] -- Symlinking: /home/jang/2024_7Dof/install/iiwa_moveit2/share/iiwa_moveit2/package.dsv
[30.572s] -- Symlinking: /home/jang/2024_7Dof/install/iiwa_moveit2/share/ament_index/resource_index/packages/iiwa_moveit2
[30.583s] -- Symlinking: /home/jang/2024_7Dof/install/iiwa_moveit2/share/ament_index/resource_index/rclcpp_components/iiwa_moveit2
[30.592s] -- Symlinking: /home/jang/2024_7Dof/install/iiwa_moveit2/share/iiwa_moveit2/cmake/ament_cmake_export_targets-extras.cmake
[30.601s] -- Symlinking: /home/jang/2024_7Dof/install/iiwa_moveit2/share/iiwa_moveit2/cmake/ament_cmake_export_dependencies-extras.cmake
[30.609s] -- Symlinking: /home/jang/2024_7Dof/install/iiwa_moveit2/share/iiwa_moveit2/cmake/iiwa_moveit2Config.cmake
[30.616s] -- Symlinking: /home/jang/2024_7Dof/install/iiwa_moveit2/share/iiwa_moveit2/cmake/iiwa_moveit2Config-version.cmake
[30.625s] -- Symlinking: /home/jang/2024_7Dof/install/iiwa_moveit2/share/iiwa_moveit2/package.xml
[30.632s] -- Installing: /home/jang/2024_7Dof/install/iiwa_moveit2/lib/libservo_controller_input.so
[30.633s] -- Set runtime path of "/home/jang/2024_7Dof/install/iiwa_moveit2/lib/libservo_controller_input.so" to ""
[30.633s] -- Installing: /home/jang/2024_7Dof/install/iiwa_moveit2/share/iiwa_moveit2/cmake/export_iiwa_moveit2Export.cmake
[30.633s] -- Installing: /home/jang/2024_7Dof/install/iiwa_moveit2/share/iiwa_moveit2/cmake/export_iiwa_moveit2Export-release.cmake
[30.635s] Invoked command in '/home/jang/2024_7Dof/build/iiwa_moveit2' returned '0': CMAKE_PREFIX_PATH=${CMAKE_PREFIX_PATH}:/home/jang/2024_7Dof/install/apf_nodes:/opt/ros/humble /usr/bin/cmake --install /home/jang/2024_7Dof/build/iiwa_moveit2
