[0.020s] Invoking command in '/home/jang/2024_7Dof/build/apf_interfaces': CMAKE_PREFIX_PATH=${CMAKE_PREFIX_PATH}:/home/jang/2024_7Dof/install/apf_nodes:/opt/ros/humble /usr/bin/cmake /home/jang/2024_7Dof/src/apf_interfaces -DCMAKE_BUILD_TYPE=Release -DAMENT_CMAKE_SYMLINK_INSTALL=1 -DCMAKE_INSTALL_PREFIX=/home/jang/2024_7Dof/install/apf_interfaces
[0.197s] -- The C compiler identification is GNU 11.4.0
[0.198s] -- The CXX compiler identification is GNU 11.4.0
[0.198s] -- Detecting C compiler ABI info
[0.214s] -- Detecting C compiler ABI info - done
[0.224s] -- Check for working C compiler: /usr/bin/cc - skipped
[0.225s] -- Detecting C compile features
[0.225s] -- Detecting C compile features - done
[0.229s] -- Detecting CXX compiler ABI info
[0.301s] -- Detecting CXX compiler ABI info - done
[0.308s] -- Check for working CXX compiler: /usr/bin/c++ - skipped
[0.308s] -- Detecting CXX compile features
[0.308s] -- Detecting CXX compile features - done
[0.310s] -- Found ament_cmake: 1.3.10 (/opt/ros/humble/share/ament_cmake/cmake)
[0.448s] -- Found Python3: /usr/bin/python3 (found version "3.10.12") found components: Interpreter 
[0.503s] -- Override CMake install command with custom implementation using symlinks instead of copying resources
[0.523s] -- Found ament_lint_auto: 0.12.11 (/opt/ros/humble/share/ament_lint_auto/cmake)
[0.584s] -- Found geometry_msgs: 4.2.4 (/opt/ros/humble/share/geometry_msgs/cmake)
[0.614s] -- Found rosidl_generator_c: 3.1.5 (/opt/ros/humble/share/rosidl_generator_c/cmake)
[0.619s] -- Found rosidl_adapter: 3.1.5 (/opt/ros/humble/share/rosidl_adapter/cmake)
[0.625s] -- Found rosidl_generator_cpp: 3.1.5 (/opt/ros/humble/share/rosidl_generator_cpp/cmake)
[0.634s] -- Using all available rosidl_typesupport_c: rosidl_typesupport_fastrtps_c;rosidl_typesupport_introspection_c
[0.646s] -- Using all available rosidl_typesupport_cpp: rosidl_typesupport_fastrtps_cpp;rosidl_typesupport_introspection_cpp
[0.675s] -- Found rosidl_default_generators: 1.2.0 (/opt/ros/humble/share/rosidl_default_generators/cmake)
[0.894s] -- Found ament_cmake_ros: 0.10.0 (/opt/ros/humble/share/ament_cmake_ros/cmake)
[1.323s] -- Using all available rosidl_typesupport_c: rosidl_typesupport_fastrtps_c;rosidl_typesupport_introspection_c
[1.464s] -- Using all available rosidl_typesupport_cpp: rosidl_typesupport_fastrtps_cpp;rosidl_typesupport_introspection_cpp
[1.492s] -- Found PythonInterp: /usr/bin/python3 (found suitable version "3.10.12", minimum required is "3.6") 
[1.493s] -- Found python_cmake_module: 0.10.0 (/opt/ros/humble/share/python_cmake_module/cmake)
[1.526s] -- Found PythonLibs: /usr/lib/x86_64-linux-gnu/libpython3.10.so (found suitable version "3.10.12", minimum required is "3.5") 
[1.526s] -- Using PYTHON_EXECUTABLE: /usr/bin/python3
[1.526s] -- Using PYTHON_INCLUDE_DIRS: /usr/include/python3.10
[1.526s] -- Using PYTHON_LIBRARIES: /usr/lib/x86_64-linux-gnu/libpython3.10.so
[1.544s] -- Found PythonExtra: .so  
[1.597s] -- Added test 'lint_cmake' to check CMake code style
[1.597s] -- Added test 'xmllint' to check XML markup files
[1.600s] -- Configuring done
[1.629s] -- Generating done
[1.630s] -- Build files have been written to: /home/jang/2024_7Dof/build/apf_interfaces
[1.643s] Invoked command in '/home/jang/2024_7Dof/build/apf_interfaces' returned '0': CMAKE_PREFIX_PATH=${CMAKE_PREFIX_PATH}:/home/jang/2024_7Dof/install/apf_nodes:/opt/ros/humble /usr/bin/cmake /home/jang/2024_7Dof/src/apf_interfaces -DCMAKE_BUILD_TYPE=Release -DAMENT_CMAKE_SYMLINK_INSTALL=1 -DCMAKE_INSTALL_PREFIX=/home/jang/2024_7Dof/install/apf_interfaces
[1.644s] Invoking command in '/home/jang/2024_7Dof/build/apf_interfaces': CMAKE_PREFIX_PATH=${CMAKE_PREFIX_PATH}:/home/jang/2024_7Dof/install/apf_nodes:/opt/ros/humble /usr/bin/cmake --build /home/jang/2024_7Dof/build/apf_interfaces -- -j16 -l16
[1.684s] [  2%] [34m[1mGenerating C code for ROS interfaces[0m
[1.696s] [  5%] [34m[1mGenerating C++ code for ROS interfaces[0m
[1.709s] [  5%] Built target ament_cmake_python_symlink_apf_interfaces
[1.927s] [  7%] [32mBuilding C object CMakeFiles/apf_interfaces__rosidl_generator_c.dir/rosidl_generator_c/apf_interfaces/msg/detail/distance__functions.c.o[0m
[1.928s] [ 10%] [32mBuilding C object CMakeFiles/apf_interfaces__rosidl_generator_c.dir/rosidl_generator_c/apf_interfaces/msg/detail/jacobian__functions.c.o[0m
[1.928s] [ 10%] Built target apf_interfaces__cpp
[1.937s] [ 12%] [34m[1mGenerating C++ introspection for ROS interfaces[0m
[1.941s] [ 15%] [34m[1mGenerating C++ type support dispatch for ROS interfaces[0m
[1.941s] [ 17%] [34m[1mGenerating C++ type support for eProsima Fast-RTPS[0m
[2.012s] running egg_info
[2.013s] creating apf_interfaces.egg-info
[2.013s] writing apf_interfaces.egg-info/PKG-INFO
[2.014s] writing dependency_links to apf_interfaces.egg-info/dependency_links.txt
[2.014s] writing top-level names to apf_interfaces.egg-info/top_level.txt
[2.014s] writing manifest file 'apf_interfaces.egg-info/SOURCES.txt'
[2.016s] reading manifest file 'apf_interfaces.egg-info/SOURCES.txt'
[2.017s] writing manifest file 'apf_interfaces.egg-info/SOURCES.txt'
[2.045s] [ 20%] [32m[1mLinking C shared library libapf_interfaces__rosidl_generator_c.so[0m
[2.052s] [ 20%] Built target ament_cmake_python_build_apf_interfaces_egg
[2.092s] [ 20%] Built target apf_interfaces__rosidl_generator_c
[2.107s] [ 28%] [34m[1mGenerating C type support for eProsima Fast-RTPS[0m
[2.107s] [ 28%] [34m[1mGenerating C type support dispatch for ROS interfaces[0m
[2.107s] [ 28%] [34m[1mGenerating C introspection for ROS interfaces[0m
[2.152s] [ 30%] [32mBuilding CXX object CMakeFiles/apf_interfaces__rosidl_typesupport_introspection_cpp.dir/rosidl_typesupport_introspection_cpp/apf_interfaces/msg/detail/distance__type_support.cpp.o[0m
[2.153s] [ 33%] [32mBuilding CXX object CMakeFiles/apf_interfaces__rosidl_typesupport_introspection_cpp.dir/rosidl_typesupport_introspection_cpp/apf_interfaces/msg/detail/jacobian__type_support.cpp.o[0m
[2.165s] [ 35%] [32mBuilding CXX object CMakeFiles/apf_interfaces__rosidl_typesupport_fastrtps_cpp.dir/rosidl_typesupport_fastrtps_cpp/apf_interfaces/msg/detail/dds_fastrtps/jacobian__type_support.cpp.o[0m
[2.167s] [ 38%] [32mBuilding CXX object CMakeFiles/apf_interfaces__rosidl_typesupport_fastrtps_cpp.dir/rosidl_typesupport_fastrtps_cpp/apf_interfaces/msg/detail/dds_fastrtps/distance__type_support.cpp.o[0m
[2.245s] [ 43%] [32mBuilding CXX object CMakeFiles/apf_interfaces__rosidl_typesupport_cpp.dir/rosidl_typesupport_cpp/apf_interfaces/msg/jacobian__type_support.cpp.o[0m
[2.245s] [ 43%] [32mBuilding CXX object CMakeFiles/apf_interfaces__rosidl_typesupport_cpp.dir/rosidl_typesupport_cpp/apf_interfaces/msg/distance__type_support.cpp.o[0m
[2.363s] [ 46%] [32mBuilding C object CMakeFiles/apf_interfaces__rosidl_typesupport_introspection_c.dir/rosidl_typesupport_introspection_c/apf_interfaces/msg/detail/distance__type_support.c.o[0m
[2.363s] [ 48%] [32mBuilding C object CMakeFiles/apf_interfaces__rosidl_typesupport_introspection_c.dir/rosidl_typesupport_introspection_c/apf_interfaces/msg/detail/jacobian__type_support.c.o[0m
[2.426s] [ 51%] [32m[1mLinking C shared library libapf_interfaces__rosidl_typesupport_introspection_c.so[0m
[2.430s] [ 53%] [32mBuilding CXX object CMakeFiles/apf_interfaces__rosidl_typesupport_c.dir/rosidl_typesupport_c/apf_interfaces/msg/jacobian__type_support.cpp.o[0m
[2.431s] [ 56%] [32mBuilding CXX object CMakeFiles/apf_interfaces__rosidl_typesupport_c.dir/rosidl_typesupport_c/apf_interfaces/msg/distance__type_support.cpp.o[0m
[2.467s] [ 56%] Built target apf_interfaces__rosidl_typesupport_introspection_c
[2.479s] [ 58%] [32m[1mLinking CXX shared library libapf_interfaces__rosidl_typesupport_c.so[0m
[2.482s] [ 64%] [32mBuilding CXX object CMakeFiles/apf_interfaces__rosidl_typesupport_fastrtps_c.dir/rosidl_typesupport_fastrtps_c/apf_interfaces/msg/detail/jacobian__type_support_c.cpp.o[0m
[2.482s] [ 64%] [32mBuilding CXX object CMakeFiles/apf_interfaces__rosidl_typesupport_fastrtps_c.dir/rosidl_typesupport_fastrtps_c/apf_interfaces/msg/detail/distance__type_support_c.cpp.o[0m
[2.550s] [ 64%] Built target apf_interfaces__rosidl_typesupport_c
[2.680s] [ 66%] [32m[1mLinking CXX shared library libapf_interfaces__rosidl_typesupport_cpp.so[0m
[2.717s] [ 69%] [32m[1mLinking CXX shared library libapf_interfaces__rosidl_typesupport_introspection_cpp.so[0m
[2.727s] [ 71%] [32m[1mLinking CXX shared library libapf_interfaces__rosidl_typesupport_fastrtps_cpp.so[0m
[2.728s] [ 71%] Built target apf_interfaces__rosidl_typesupport_cpp
[2.793s] [ 71%] Built target apf_interfaces__rosidl_typesupport_introspection_cpp
[2.815s] [ 71%] Built target apf_interfaces__rosidl_typesupport_fastrtps_cpp
[2.934s] [ 74%] [32m[1mLinking CXX shared library libapf_interfaces__rosidl_typesupport_fastrtps_c.so[0m
[3.013s] [ 74%] Built target apf_interfaces__rosidl_typesupport_fastrtps_c
[3.032s] [ 74%] Built target apf_interfaces
[3.055s] [ 76%] [34m[1mGenerating Python code for ROS interfaces[0m
[3.332s] [ 76%] Built target apf_interfaces__py
[3.353s] [ 79%] [32mBuilding C object CMakeFiles/apf_interfaces__rosidl_generator_py.dir/rosidl_generator_py/apf_interfaces/msg/_jacobian_s.c.o[0m
[3.354s] [ 82%] [32mBuilding C object CMakeFiles/apf_interfaces__rosidl_generator_py.dir/rosidl_generator_py/apf_interfaces/msg/_distance_s.c.o[0m
[3.492s] [ 84%] [32m[1mLinking C shared library rosidl_generator_py/apf_interfaces/libapf_interfaces__rosidl_generator_py.so[0m
[3.540s] [ 84%] Built target apf_interfaces__rosidl_generator_py
[3.565s] [ 87%] [32mBuilding C object CMakeFiles/apf_interfaces__rosidl_typesupport_c__pyext.dir/rosidl_generator_py/apf_interfaces/_apf_interfaces_s.ep.rosidl_typesupport_c.c.o[0m
[3.566s] [ 92%] [32mBuilding C object CMakeFiles/apf_interfaces__rosidl_typesupport_introspection_c__pyext.dir/rosidl_generator_py/apf_interfaces/_apf_interfaces_s.ep.rosidl_typesupport_introspection_c.c.o[0m
[3.567s] [ 92%] [32mBuilding C object CMakeFiles/apf_interfaces__rosidl_typesupport_fastrtps_c__pyext.dir/rosidl_generator_py/apf_interfaces/_apf_interfaces_s.ep.rosidl_typesupport_fastrtps_c.c.o[0m
[3.674s] [ 94%] [32m[1mLinking C shared library rosidl_generator_py/apf_interfaces/apf_interfaces_s__rosidl_typesupport_fastrtps_c.cpython-310-x86_64-linux-gnu.so[0m
[3.699s] [ 97%] [32m[1mLinking C shared library rosidl_generator_py/apf_interfaces/apf_interfaces_s__rosidl_typesupport_c.cpython-310-x86_64-linux-gnu.so[0m
[3.711s] [ 97%] Built target apf_interfaces__rosidl_typesupport_fastrtps_c__pyext
[3.715s] [100%] [32m[1mLinking C shared library rosidl_generator_py/apf_interfaces/apf_interfaces_s__rosidl_typesupport_introspection_c.cpython-310-x86_64-linux-gnu.so[0m
[3.742s] [100%] Built target apf_interfaces__rosidl_typesupport_c__pyext
[3.761s] [100%] Built target apf_interfaces__rosidl_typesupport_introspection_c__pyext
[3.775s] Invoked command in '/home/jang/2024_7Dof/build/apf_interfaces' returned '0': CMAKE_PREFIX_PATH=${CMAKE_PREFIX_PATH}:/home/jang/2024_7Dof/install/apf_nodes:/opt/ros/humble /usr/bin/cmake --build /home/jang/2024_7Dof/build/apf_interfaces -- -j16 -l16
[3.853s] Invoking command in '/home/jang/2024_7Dof/build/apf_interfaces': CMAKE_PREFIX_PATH=${CMAKE_PREFIX_PATH}:/home/jang/2024_7Dof/install/apf_nodes:/opt/ros/humble /usr/bin/cmake --install /home/jang/2024_7Dof/build/apf_interfaces
[3.862s] -- Install configuration: "Release"
[3.862s] -- Execute custom install script
[3.863s] -- Symlinking: /home/jang/2024_7Dof/install/apf_interfaces/share/ament_index/resource_index/rosidl_interfaces/apf_interfaces
[3.872s] -- Symlinking: /home/jang/2024_7Dof/install/apf_interfaces/include/apf_interfaces/apf_interfaces/msg/detail/distance__functions.h
[3.881s] -- Symlinking: /home/jang/2024_7Dof/install/apf_interfaces/include/apf_interfaces/apf_interfaces/msg/detail/distance__struct.h
[3.889s] -- Symlinking: /home/jang/2024_7Dof/install/apf_interfaces/include/apf_interfaces/apf_interfaces/msg/detail/distance__type_support.h
[3.898s] -- Symlinking: /home/jang/2024_7Dof/install/apf_interfaces/include/apf_interfaces/apf_interfaces/msg/detail/jacobian__functions.h
[3.907s] -- Symlinking: /home/jang/2024_7Dof/install/apf_interfaces/include/apf_interfaces/apf_interfaces/msg/detail/jacobian__struct.h
[3.916s] -- Symlinking: /home/jang/2024_7Dof/install/apf_interfaces/include/apf_interfaces/apf_interfaces/msg/detail/jacobian__type_support.h
[3.925s] -- Symlinking: /home/jang/2024_7Dof/install/apf_interfaces/include/apf_interfaces/apf_interfaces/msg/distance.h
[3.933s] -- Symlinking: /home/jang/2024_7Dof/install/apf_interfaces/include/apf_interfaces/apf_interfaces/msg/jacobian.h
[3.944s] -- Symlinking: /home/jang/2024_7Dof/install/apf_interfaces/include/apf_interfaces/apf_interfaces/msg/rosidl_generator_c__visibility_control.h
[3.953s] -- Symlinking: /home/jang/2024_7Dof/install/apf_interfaces/share/apf_interfaces/environment/library_path.sh
[3.961s] -- Symlinking: /home/jang/2024_7Dof/install/apf_interfaces/share/apf_interfaces/environment/library_path.dsv
[3.970s] -- Symlinking: /home/jang/2024_7Dof/install/apf_interfaces/include/apf_interfaces/apf_interfaces/msg/detail/distance__rosidl_typesupport_fastrtps_c.h
[3.980s] -- Symlinking: /home/jang/2024_7Dof/install/apf_interfaces/include/apf_interfaces/apf_interfaces/msg/detail/jacobian__rosidl_typesupport_fastrtps_c.h
[3.987s] -- Symlinking: /home/jang/2024_7Dof/install/apf_interfaces/include/apf_interfaces/apf_interfaces/msg/rosidl_typesupport_fastrtps_c__visibility_control.h
[3.996s] -- Symlinking: /home/jang/2024_7Dof/install/apf_interfaces/include/apf_interfaces/apf_interfaces/msg/detail/distance__builder.hpp
[4.003s] -- Symlinking: /home/jang/2024_7Dof/install/apf_interfaces/include/apf_interfaces/apf_interfaces/msg/detail/distance__struct.hpp
[4.014s] -- Symlinking: /home/jang/2024_7Dof/install/apf_interfaces/include/apf_interfaces/apf_interfaces/msg/detail/distance__traits.hpp
[4.024s] -- Symlinking: /home/jang/2024_7Dof/install/apf_interfaces/include/apf_interfaces/apf_interfaces/msg/detail/jacobian__builder.hpp
[4.032s] -- Symlinking: /home/jang/2024_7Dof/install/apf_interfaces/include/apf_interfaces/apf_interfaces/msg/detail/jacobian__struct.hpp
[4.043s] -- Symlinking: /home/jang/2024_7Dof/install/apf_interfaces/include/apf_interfaces/apf_interfaces/msg/detail/jacobian__traits.hpp
[4.051s] -- Symlinking: /home/jang/2024_7Dof/install/apf_interfaces/include/apf_interfaces/apf_interfaces/msg/distance.hpp
[4.062s] -- Symlinking: /home/jang/2024_7Dof/install/apf_interfaces/include/apf_interfaces/apf_interfaces/msg/jacobian.hpp
[4.072s] -- Symlinking: /home/jang/2024_7Dof/install/apf_interfaces/include/apf_interfaces/apf_interfaces/msg/detail/distance__rosidl_typesupport_fastrtps_cpp.hpp
[4.081s] -- Symlinking: /home/jang/2024_7Dof/install/apf_interfaces/include/apf_interfaces/apf_interfaces/msg/detail/jacobian__rosidl_typesupport_fastrtps_cpp.hpp
[4.090s] -- Symlinking: /home/jang/2024_7Dof/install/apf_interfaces/include/apf_interfaces/apf_interfaces/msg/rosidl_typesupport_fastrtps_cpp__visibility_control.h
[4.099s] -- Symlinking: /home/jang/2024_7Dof/install/apf_interfaces/include/apf_interfaces/apf_interfaces/msg/detail/distance__rosidl_typesupport_introspection_c.h
[4.110s] -- Symlinking: /home/jang/2024_7Dof/install/apf_interfaces/include/apf_interfaces/apf_interfaces/msg/detail/jacobian__rosidl_typesupport_introspection_c.h
[4.119s] -- Symlinking: /home/jang/2024_7Dof/install/apf_interfaces/include/apf_interfaces/apf_interfaces/msg/rosidl_typesupport_introspection_c__visibility_control.h
[4.129s] -- Symlinking: /home/jang/2024_7Dof/install/apf_interfaces/include/apf_interfaces/apf_interfaces/msg/detail/distance__rosidl_typesupport_introspection_cpp.hpp
[4.138s] -- Symlinking: /home/jang/2024_7Dof/install/apf_interfaces/include/apf_interfaces/apf_interfaces/msg/detail/jacobian__rosidl_typesupport_introspection_cpp.hpp
[4.147s] -- Symlinking: /home/jang/2024_7Dof/install/apf_interfaces/share/apf_interfaces/environment/pythonpath.sh
[4.156s] -- Symlinking: /home/jang/2024_7Dof/install/apf_interfaces/share/apf_interfaces/environment/pythonpath.dsv
[4.166s] -- Symlinking: /home/jang/2024_7Dof/install/apf_interfaces/local/lib/python3.10/dist-packages/apf_interfaces-0.0.0-py3.10.egg-info/PKG-INFO
[4.175s] -- Symlinking: /home/jang/2024_7Dof/install/apf_interfaces/local/lib/python3.10/dist-packages/apf_interfaces-0.0.0-py3.10.egg-info/SOURCES.txt
[4.184s] -- Symlinking: /home/jang/2024_7Dof/install/apf_interfaces/local/lib/python3.10/dist-packages/apf_interfaces-0.0.0-py3.10.egg-info/dependency_links.txt
[4.194s] -- Symlinking: /home/jang/2024_7Dof/install/apf_interfaces/local/lib/python3.10/dist-packages/apf_interfaces-0.0.0-py3.10.egg-info/top_level.txt
[4.203s] -- Symlinking: /home/jang/2024_7Dof/install/apf_interfaces/local/lib/python3.10/dist-packages/apf_interfaces/__init__.py
[4.213s] -- Symlinking: /home/jang/2024_7Dof/install/apf_interfaces/local/lib/python3.10/dist-packages/apf_interfaces/_apf_interfaces_s.ep.rosidl_typesupport_c.c
[4.223s] -- Symlinking: /home/jang/2024_7Dof/install/apf_interfaces/local/lib/python3.10/dist-packages/apf_interfaces/_apf_interfaces_s.ep.rosidl_typesupport_fastrtps_c.c
[4.230s] -- Symlinking: /home/jang/2024_7Dof/install/apf_interfaces/local/lib/python3.10/dist-packages/apf_interfaces/_apf_interfaces_s.ep.rosidl_typesupport_introspection_c.c
[4.238s] -- Symlinking: /home/jang/2024_7Dof/install/apf_interfaces/local/lib/python3.10/dist-packages/apf_interfaces/apf_interfaces_s__rosidl_typesupport_c.cpython-310-x86_64-linux-gnu.so
[4.246s] -- Symlinking: /home/jang/2024_7Dof/install/apf_interfaces/local/lib/python3.10/dist-packages/apf_interfaces/apf_interfaces_s__rosidl_typesupport_fastrtps_c.cpython-310-x86_64-linux-gnu.so
[4.254s] -- Symlinking: /home/jang/2024_7Dof/install/apf_interfaces/local/lib/python3.10/dist-packages/apf_interfaces/apf_interfaces_s__rosidl_typesupport_introspection_c.cpython-310-x86_64-linux-gnu.so
[4.263s] -- Symlinking: /home/jang/2024_7Dof/install/apf_interfaces/local/lib/python3.10/dist-packages/apf_interfaces/libapf_interfaces__rosidl_generator_py.so
[4.273s] -- Symlinking: /home/jang/2024_7Dof/install/apf_interfaces/local/lib/python3.10/dist-packages/apf_interfaces/msg/__init__.py
[4.282s] -- Symlinking: /home/jang/2024_7Dof/install/apf_interfaces/local/lib/python3.10/dist-packages/apf_interfaces/msg/_distance.py
[4.291s] -- Symlinking: /home/jang/2024_7Dof/install/apf_interfaces/local/lib/python3.10/dist-packages/apf_interfaces/msg/_distance_s.c
[4.300s] -- Symlinking: /home/jang/2024_7Dof/install/apf_interfaces/local/lib/python3.10/dist-packages/apf_interfaces/msg/_jacobian.py
[4.310s] -- Symlinking: /home/jang/2024_7Dof/install/apf_interfaces/local/lib/python3.10/dist-packages/apf_interfaces/msg/_jacobian_s.c
[4.319s] -- Up-to-date symlink: /home/jang/2024_7Dof/install/apf_interfaces/local/lib/python3.10/dist-packages/apf_interfaces/apf_interfaces_s__rosidl_typesupport_fastrtps_c.cpython-310-x86_64-linux-gnu.so
[4.319s] -- Up-to-date symlink: /home/jang/2024_7Dof/install/apf_interfaces/local/lib/python3.10/dist-packages/apf_interfaces/apf_interfaces_s__rosidl_typesupport_introspection_c.cpython-310-x86_64-linux-gnu.so
[4.319s] -- Up-to-date symlink: /home/jang/2024_7Dof/install/apf_interfaces/local/lib/python3.10/dist-packages/apf_interfaces/apf_interfaces_s__rosidl_typesupport_c.cpython-310-x86_64-linux-gnu.so
[4.320s] -- Symlinking: /home/jang/2024_7Dof/install/apf_interfaces/share/apf_interfaces/msg/Jacobian.idl
[4.329s] -- Symlinking: /home/jang/2024_7Dof/install/apf_interfaces/share/apf_interfaces/msg/Distance.idl
[4.338s] -- Symlinking: /home/jang/2024_7Dof/install/apf_interfaces/share/apf_interfaces/msg/Jacobian.msg
[4.348s] -- Symlinking: /home/jang/2024_7Dof/install/apf_interfaces/share/apf_interfaces/msg/Distance.msg
[4.357s] -- Symlinking: /home/jang/2024_7Dof/install/apf_interfaces/share/ament_index/resource_index/package_run_dependencies/apf_interfaces
[4.365s] -- Symlinking: /home/jang/2024_7Dof/install/apf_interfaces/share/ament_index/resource_index/parent_prefix_path/apf_interfaces
[4.375s] -- Symlinking: /home/jang/2024_7Dof/install/apf_interfaces/share/apf_interfaces/environment/ament_prefix_path.sh
[4.384s] -- Symlinking: /home/jang/2024_7Dof/install/apf_interfaces/share/apf_interfaces/environment/ament_prefix_path.dsv
[4.393s] -- Symlinking: /home/jang/2024_7Dof/install/apf_interfaces/share/apf_interfaces/environment/path.sh
[4.401s] -- Symlinking: /home/jang/2024_7Dof/install/apf_interfaces/share/apf_interfaces/environment/path.dsv
[4.412s] -- Symlinking: /home/jang/2024_7Dof/install/apf_interfaces/share/apf_interfaces/local_setup.bash
[4.422s] -- Symlinking: /home/jang/2024_7Dof/install/apf_interfaces/share/apf_interfaces/local_setup.sh
[4.431s] -- Symlinking: /home/jang/2024_7Dof/install/apf_interfaces/share/apf_interfaces/local_setup.zsh
[4.442s] -- Symlinking: /home/jang/2024_7Dof/install/apf_interfaces/share/apf_interfaces/local_setup.dsv
[4.451s] -- Symlinking: /home/jang/2024_7Dof/install/apf_interfaces/share/apf_interfaces/package.dsv
[4.462s] -- Symlinking: /home/jang/2024_7Dof/install/apf_interfaces/share/ament_index/resource_index/packages/apf_interfaces
[4.471s] -- Symlinking: /home/jang/2024_7Dof/install/apf_interfaces/share/apf_interfaces/cmake/rosidl_cmake-extras.cmake
[4.479s] -- Symlinking: /home/jang/2024_7Dof/install/apf_interfaces/share/apf_interfaces/cmake/ament_cmake_export_dependencies-extras.cmake
[4.488s] -- Symlinking: /home/jang/2024_7Dof/install/apf_interfaces/share/apf_interfaces/cmake/ament_cmake_export_include_directories-extras.cmake
[4.497s] -- Symlinking: /home/jang/2024_7Dof/install/apf_interfaces/share/apf_interfaces/cmake/ament_cmake_export_libraries-extras.cmake
[4.507s] -- Symlinking: /home/jang/2024_7Dof/install/apf_interfaces/share/apf_interfaces/cmake/ament_cmake_export_targets-extras.cmake
[4.525s] -- Symlinking: /home/jang/2024_7Dof/install/apf_interfaces/share/apf_interfaces/cmake/rosidl_cmake_export_typesupport_targets-extras.cmake
[4.534s] -- Symlinking: /home/jang/2024_7Dof/install/apf_interfaces/share/apf_interfaces/cmake/rosidl_cmake_export_typesupport_libraries-extras.cmake
[4.545s] -- Symlinking: /home/jang/2024_7Dof/install/apf_interfaces/share/apf_interfaces/cmake/apf_interfacesConfig.cmake
[4.554s] -- Symlinking: /home/jang/2024_7Dof/install/apf_interfaces/share/apf_interfaces/cmake/apf_interfacesConfig-version.cmake
[4.564s] -- Symlinking: /home/jang/2024_7Dof/install/apf_interfaces/share/apf_interfaces/package.xml
[4.573s] -- Installing: /home/jang/2024_7Dof/install/apf_interfaces/lib/libapf_interfaces__rosidl_generator_c.so
[4.573s] -- Set runtime path of "/home/jang/2024_7Dof/install/apf_interfaces/lib/libapf_interfaces__rosidl_generator_c.so" to ""
[4.574s] -- Installing: /home/jang/2024_7Dof/install/apf_interfaces/lib/libapf_interfaces__rosidl_typesupport_fastrtps_c.so
[4.574s] -- Set runtime path of "/home/jang/2024_7Dof/install/apf_interfaces/lib/libapf_interfaces__rosidl_typesupport_fastrtps_c.so" to ""
[4.574s] -- Installing: /home/jang/2024_7Dof/install/apf_interfaces/lib/libapf_interfaces__rosidl_typesupport_fastrtps_cpp.so
[4.574s] -- Set runtime path of "/home/jang/2024_7Dof/install/apf_interfaces/lib/libapf_interfaces__rosidl_typesupport_fastrtps_cpp.so" to ""
[4.575s] -- Installing: /home/jang/2024_7Dof/install/apf_interfaces/lib/libapf_interfaces__rosidl_typesupport_introspection_c.so
[4.575s] -- Set runtime path of "/home/jang/2024_7Dof/install/apf_interfaces/lib/libapf_interfaces__rosidl_typesupport_introspection_c.so" to ""
[4.575s] -- Installing: /home/jang/2024_7Dof/install/apf_interfaces/lib/libapf_interfaces__rosidl_typesupport_c.so
[4.575s] -- Set runtime path of "/home/jang/2024_7Dof/install/apf_interfaces/lib/libapf_interfaces__rosidl_typesupport_c.so" to ""
[4.575s] -- Installing: /home/jang/2024_7Dof/install/apf_interfaces/lib/libapf_interfaces__rosidl_typesupport_introspection_cpp.so
[4.576s] -- Set runtime path of "/home/jang/2024_7Dof/install/apf_interfaces/lib/libapf_interfaces__rosidl_typesupport_introspection_cpp.so" to ""
[4.576s] -- Installing: /home/jang/2024_7Dof/install/apf_interfaces/lib/libapf_interfaces__rosidl_typesupport_cpp.so
[4.576s] -- Set runtime path of "/home/jang/2024_7Dof/install/apf_interfaces/lib/libapf_interfaces__rosidl_typesupport_cpp.so" to ""
[4.613s] Listing '/home/jang/2024_7Dof/install/apf_interfaces/local/lib/python3.10/dist-packages/apf_interfaces'...
[4.613s] Compiling '/home/jang/2024_7Dof/install/apf_interfaces/local/lib/python3.10/dist-packages/apf_interfaces/__init__.py'...
[4.613s] Listing '/home/jang/2024_7Dof/install/apf_interfaces/local/lib/python3.10/dist-packages/apf_interfaces/msg'...
[4.613s] Compiling '/home/jang/2024_7Dof/install/apf_interfaces/local/lib/python3.10/dist-packages/apf_interfaces/msg/__init__.py'...
[4.613s] Compiling '/home/jang/2024_7Dof/install/apf_interfaces/local/lib/python3.10/dist-packages/apf_interfaces/msg/_distance.py'...
[4.613s] Compiling '/home/jang/2024_7Dof/install/apf_interfaces/local/lib/python3.10/dist-packages/apf_interfaces/msg/_jacobian.py'...
[4.617s] -- Installing: /home/jang/2024_7Dof/install/apf_interfaces/lib/libapf_interfaces__rosidl_generator_py.so
[4.617s] -- Set runtime path of "/home/jang/2024_7Dof/install/apf_interfaces/lib/libapf_interfaces__rosidl_generator_py.so" to ""
[4.617s] -- Installing: /home/jang/2024_7Dof/install/apf_interfaces/share/apf_interfaces/cmake/export_apf_interfaces__rosidl_generator_cExport.cmake
[4.618s] -- Installing: /home/jang/2024_7Dof/install/apf_interfaces/share/apf_interfaces/cmake/export_apf_interfaces__rosidl_generator_cExport-release.cmake
[4.618s] -- Installing: /home/jang/2024_7Dof/install/apf_interfaces/share/apf_interfaces/cmake/export_apf_interfaces__rosidl_typesupport_fastrtps_cExport.cmake
[4.618s] -- Installing: /home/jang/2024_7Dof/install/apf_interfaces/share/apf_interfaces/cmake/export_apf_interfaces__rosidl_typesupport_fastrtps_cExport-release.cmake
[4.618s] -- Installing: /home/jang/2024_7Dof/install/apf_interfaces/share/apf_interfaces/cmake/export_apf_interfaces__rosidl_generator_cppExport.cmake
[4.618s] -- Installing: /home/jang/2024_7Dof/install/apf_interfaces/share/apf_interfaces/cmake/export_apf_interfaces__rosidl_typesupport_fastrtps_cppExport.cmake
[4.618s] -- Installing: /home/jang/2024_7Dof/install/apf_interfaces/share/apf_interfaces/cmake/export_apf_interfaces__rosidl_typesupport_fastrtps_cppExport-release.cmake
[4.618s] -- Installing: /home/jang/2024_7Dof/install/apf_interfaces/share/apf_interfaces/cmake/apf_interfaces__rosidl_typesupport_introspection_cExport.cmake
[4.619s] -- Installing: /home/jang/2024_7Dof/install/apf_interfaces/share/apf_interfaces/cmake/apf_interfaces__rosidl_typesupport_introspection_cExport-release.cmake
[4.619s] -- Installing: /home/jang/2024_7Dof/install/apf_interfaces/share/apf_interfaces/cmake/apf_interfaces__rosidl_typesupport_cExport.cmake
[4.619s] -- Installing: /home/jang/2024_7Dof/install/apf_interfaces/share/apf_interfaces/cmake/apf_interfaces__rosidl_typesupport_cExport-release.cmake
[4.619s] -- Installing: /home/jang/2024_7Dof/install/apf_interfaces/share/apf_interfaces/cmake/apf_interfaces__rosidl_typesupport_introspection_cppExport.cmake
[4.619s] -- Installing: /home/jang/2024_7Dof/install/apf_interfaces/share/apf_interfaces/cmake/apf_interfaces__rosidl_typesupport_introspection_cppExport-release.cmake
[4.620s] -- Installing: /home/jang/2024_7Dof/install/apf_interfaces/share/apf_interfaces/cmake/apf_interfaces__rosidl_typesupport_cppExport.cmake
[4.620s] -- Installing: /home/jang/2024_7Dof/install/apf_interfaces/share/apf_interfaces/cmake/apf_interfaces__rosidl_typesupport_cppExport-release.cmake
[4.620s] -- Installing: /home/jang/2024_7Dof/install/apf_interfaces/share/apf_interfaces/cmake/export_apf_interfaces__rosidl_generator_pyExport.cmake
[4.620s] -- Installing: /home/jang/2024_7Dof/install/apf_interfaces/share/apf_interfaces/cmake/export_apf_interfaces__rosidl_generator_pyExport-release.cmake
[4.623s] Invoked command in '/home/jang/2024_7Dof/build/apf_interfaces' returned '0': CMAKE_PREFIX_PATH=${CMAKE_PREFIX_PATH}:/home/jang/2024_7Dof/install/apf_nodes:/opt/ros/humble /usr/bin/cmake --install /home/jang/2024_7Dof/build/apf_interfaces
