[0.020s] Invoking command in '/home/jang/2024_7Dof/build/apf_interfaces': CMAKE_PREFIX_PATH=${CMAKE_PREFIX_PATH}:/home/jang/2024_7Dof/install/apf_nodes:/opt/ros/humble /usr/bin/cmake --build /home/jang/2024_7Dof/build/apf_interfaces -- -j16 -l16
[0.523s] [  2%] Built target apf_interfaces__cpp
[0.524s] [ 12%] Built target apf_interfaces__rosidl_generator_c
[0.524s] [ 12%] Built target ament_cmake_python_symlink_apf_interfaces
[0.524s] [ 23%] Built target apf_interfaces__rosidl_typesupport_cpp
[0.524s] [ 43%] Built target apf_interfaces__rosidl_typesupport_introspection_c
[0.524s] [ 43%] Built target apf_interfaces__rosidl_typesupport_c
[0.524s] [ 53%] Built target apf_interfaces__rosidl_typesupport_fastrtps_cpp
[0.524s] [ 64%] Built target apf_interfaces__rosidl_typesupport_introspection_cpp
[0.525s] [ 74%] Built target apf_interfaces__rosidl_typesupport_fastrtps_c
[0.525s] [ 74%] Built target apf_interfaces
[0.525s] [ 76%] Built target apf_interfaces__py
[0.525s] [ 84%] Built target apf_interfaces__rosidl_generator_py
[0.525s] [ 89%] Built target apf_interfaces__rosidl_typesupport_fastrtps_c__pyext
[0.525s] [ 94%] Built target apf_interfaces__rosidl_typesupport_c__pyext
[0.525s] [100%] Built target apf_interfaces__rosidl_typesupport_introspection_c__pyext
[0.533s] running egg_info
[0.534s] writing apf_interfaces.egg-info/PKG-INFO
[0.534s] writing dependency_links to apf_interfaces.egg-info/dependency_links.txt
[0.534s] writing top-level names to apf_interfaces.egg-info/top_level.txt
[0.535s] reading manifest file 'apf_interfaces.egg-info/SOURCES.txt'
[0.535s] writing manifest file 'apf_interfaces.egg-info/SOURCES.txt'
[0.573s] [100%] Built target ament_cmake_python_build_apf_interfaces_egg
[0.645s] Invoked command in '/home/jang/2024_7Dof/build/apf_interfaces' returned '0': CMAKE_PREFIX_PATH=${CMAKE_PREFIX_PATH}:/home/jang/2024_7Dof/install/apf_nodes:/opt/ros/humble /usr/bin/cmake --build /home/jang/2024_7Dof/build/apf_interfaces -- -j16 -l16
[1.070s] Invoking command in '/home/jang/2024_7Dof/build/apf_interfaces': CMAKE_PREFIX_PATH=${CMAKE_PREFIX_PATH}:/home/jang/2024_7Dof/install/apf_nodes:/opt/ros/humble /usr/bin/cmake --install /home/jang/2024_7Dof/build/apf_interfaces
[1.091s] -- Install configuration: "Release"
[1.093s] -- Execute custom install script
[1.094s] -- Up-to-date symlink: /home/jang/2024_7Dof/install/apf_interfaces/share/ament_index/resource_index/rosidl_interfaces/apf_interfaces
[1.099s] -- Up-to-date symlink: /home/jang/2024_7Dof/install/apf_interfaces/include/apf_interfaces/apf_interfaces/msg/detail/distance__functions.h
[1.102s] -- Up-to-date symlink: /home/jang/2024_7Dof/install/apf_interfaces/include/apf_interfaces/apf_interfaces/msg/detail/distance__struct.h
[1.103s] -- Up-to-date symlink: /home/jang/2024_7Dof/install/apf_interfaces/include/apf_interfaces/apf_interfaces/msg/detail/distance__type_support.h
[1.107s] -- Up-to-date symlink: /home/jang/2024_7Dof/install/apf_interfaces/include/apf_interfaces/apf_interfaces/msg/detail/jacobian__functions.h
[1.111s] -- Up-to-date symlink: /home/jang/2024_7Dof/install/apf_interfaces/include/apf_interfaces/apf_interfaces/msg/detail/jacobian__struct.h
[1.114s] -- Up-to-date symlink: /home/jang/2024_7Dof/install/apf_interfaces/include/apf_interfaces/apf_interfaces/msg/detail/jacobian__type_support.h
[1.117s] -- Up-to-date symlink: /home/jang/2024_7Dof/install/apf_interfaces/include/apf_interfaces/apf_interfaces/msg/distance.h
[1.121s] -- Up-to-date symlink: /home/jang/2024_7Dof/install/apf_interfaces/include/apf_interfaces/apf_interfaces/msg/jacobian.h
[1.123s] -- Up-to-date symlink: /home/jang/2024_7Dof/install/apf_interfaces/include/apf_interfaces/apf_interfaces/msg/rosidl_generator_c__visibility_control.h
[1.125s] -- Up-to-date symlink: /home/jang/2024_7Dof/install/apf_interfaces/share/apf_interfaces/environment/library_path.sh
[1.126s] -- Up-to-date symlink: /home/jang/2024_7Dof/install/apf_interfaces/share/apf_interfaces/environment/library_path.dsv
[1.127s] -- Up-to-date symlink: /home/jang/2024_7Dof/install/apf_interfaces/include/apf_interfaces/apf_interfaces/msg/detail/distance__rosidl_typesupport_fastrtps_c.h
[1.128s] -- Up-to-date symlink: /home/jang/2024_7Dof/install/apf_interfaces/include/apf_interfaces/apf_interfaces/msg/detail/jacobian__rosidl_typesupport_fastrtps_c.h
[1.135s] -- Up-to-date symlink: /home/jang/2024_7Dof/install/apf_interfaces/include/apf_interfaces/apf_interfaces/msg/rosidl_typesupport_fastrtps_c__visibility_control.h
[1.136s] -- Up-to-date symlink: /home/jang/2024_7Dof/install/apf_interfaces/include/apf_interfaces/apf_interfaces/msg/detail/distance__builder.hpp
[1.137s] -- Up-to-date symlink: /home/jang/2024_7Dof/install/apf_interfaces/include/apf_interfaces/apf_interfaces/msg/detail/distance__struct.hpp
[1.138s] -- Up-to-date symlink: /home/jang/2024_7Dof/install/apf_interfaces/include/apf_interfaces/apf_interfaces/msg/detail/distance__traits.hpp
[1.139s] -- Up-to-date symlink: /home/jang/2024_7Dof/install/apf_interfaces/include/apf_interfaces/apf_interfaces/msg/detail/jacobian__builder.hpp
[1.140s] -- Up-to-date symlink: /home/jang/2024_7Dof/install/apf_interfaces/include/apf_interfaces/apf_interfaces/msg/detail/jacobian__struct.hpp
[1.144s] -- Up-to-date symlink: /home/jang/2024_7Dof/install/apf_interfaces/include/apf_interfaces/apf_interfaces/msg/detail/jacobian__traits.hpp
[1.145s] -- Up-to-date symlink: /home/jang/2024_7Dof/install/apf_interfaces/include/apf_interfaces/apf_interfaces/msg/distance.hpp
[1.145s] -- Up-to-date symlink: /home/jang/2024_7Dof/install/apf_interfaces/include/apf_interfaces/apf_interfaces/msg/jacobian.hpp
[1.145s] -- Up-to-date symlink: /home/jang/2024_7Dof/install/apf_interfaces/include/apf_interfaces/apf_interfaces/msg/detail/distance__rosidl_typesupport_fastrtps_cpp.hpp
[1.146s] -- Up-to-date symlink: /home/jang/2024_7Dof/install/apf_interfaces/include/apf_interfaces/apf_interfaces/msg/detail/jacobian__rosidl_typesupport_fastrtps_cpp.hpp
[1.148s] -- Up-to-date symlink: /home/jang/2024_7Dof/install/apf_interfaces/include/apf_interfaces/apf_interfaces/msg/rosidl_typesupport_fastrtps_cpp__visibility_control.h
[1.150s] -- Up-to-date symlink: /home/jang/2024_7Dof/install/apf_interfaces/include/apf_interfaces/apf_interfaces/msg/detail/distance__rosidl_typesupport_introspection_c.h
[1.164s] -- Up-to-date symlink: /home/jang/2024_7Dof/install/apf_interfaces/include/apf_interfaces/apf_interfaces/msg/detail/jacobian__rosidl_typesupport_introspection_c.h
[1.167s] -- Up-to-date symlink: /home/jang/2024_7Dof/install/apf_interfaces/include/apf_interfaces/apf_interfaces/msg/rosidl_typesupport_introspection_c__visibility_control.h
[1.168s] -- Up-to-date symlink: /home/jang/2024_7Dof/install/apf_interfaces/include/apf_interfaces/apf_interfaces/msg/detail/distance__rosidl_typesupport_introspection_cpp.hpp
[1.169s] -- Up-to-date symlink: /home/jang/2024_7Dof/install/apf_interfaces/include/apf_interfaces/apf_interfaces/msg/detail/jacobian__rosidl_typesupport_introspection_cpp.hpp
[1.172s] -- Up-to-date symlink: /home/jang/2024_7Dof/install/apf_interfaces/share/apf_interfaces/environment/pythonpath.sh
[1.175s] -- Up-to-date symlink: /home/jang/2024_7Dof/install/apf_interfaces/share/apf_interfaces/environment/pythonpath.dsv
[1.180s] -- Up-to-date symlink: /home/jang/2024_7Dof/install/apf_interfaces/local/lib/python3.10/dist-packages/apf_interfaces-0.0.0-py3.10.egg-info/PKG-INFO
[1.185s] -- Up-to-date symlink: /home/jang/2024_7Dof/install/apf_interfaces/local/lib/python3.10/dist-packages/apf_interfaces-0.0.0-py3.10.egg-info/SOURCES.txt
[1.192s] -- Up-to-date symlink: /home/jang/2024_7Dof/install/apf_interfaces/local/lib/python3.10/dist-packages/apf_interfaces-0.0.0-py3.10.egg-info/dependency_links.txt
[1.194s] -- Up-to-date symlink: /home/jang/2024_7Dof/install/apf_interfaces/local/lib/python3.10/dist-packages/apf_interfaces-0.0.0-py3.10.egg-info/top_level.txt
[1.195s] -- Up-to-date symlink: /home/jang/2024_7Dof/install/apf_interfaces/local/lib/python3.10/dist-packages/apf_interfaces/__init__.py
[1.196s] -- Up-to-date symlink: /home/jang/2024_7Dof/install/apf_interfaces/local/lib/python3.10/dist-packages/apf_interfaces/_apf_interfaces_s.ep.rosidl_typesupport_c.c
[1.198s] -- Up-to-date symlink: /home/jang/2024_7Dof/install/apf_interfaces/local/lib/python3.10/dist-packages/apf_interfaces/_apf_interfaces_s.ep.rosidl_typesupport_fastrtps_c.c
[1.199s] -- Up-to-date symlink: /home/jang/2024_7Dof/install/apf_interfaces/local/lib/python3.10/dist-packages/apf_interfaces/_apf_interfaces_s.ep.rosidl_typesupport_introspection_c.c
[1.202s] -- Up-to-date symlink: /home/jang/2024_7Dof/install/apf_interfaces/local/lib/python3.10/dist-packages/apf_interfaces/apf_interfaces_s__rosidl_typesupport_c.cpython-310-x86_64-linux-gnu.so
[1.203s] -- Up-to-date symlink: /home/jang/2024_7Dof/install/apf_interfaces/local/lib/python3.10/dist-packages/apf_interfaces/apf_interfaces_s__rosidl_typesupport_fastrtps_c.cpython-310-x86_64-linux-gnu.so
[1.205s] -- Up-to-date symlink: /home/jang/2024_7Dof/install/apf_interfaces/local/lib/python3.10/dist-packages/apf_interfaces/apf_interfaces_s__rosidl_typesupport_introspection_c.cpython-310-x86_64-linux-gnu.so
[1.207s] -- Up-to-date symlink: /home/jang/2024_7Dof/install/apf_interfaces/local/lib/python3.10/dist-packages/apf_interfaces/libapf_interfaces__rosidl_generator_py.so
[1.208s] -- Up-to-date symlink: /home/jang/2024_7Dof/install/apf_interfaces/local/lib/python3.10/dist-packages/apf_interfaces/msg/__init__.py
[1.209s] -- Up-to-date symlink: /home/jang/2024_7Dof/install/apf_interfaces/local/lib/python3.10/dist-packages/apf_interfaces/msg/_distance.py
[1.211s] -- Up-to-date symlink: /home/jang/2024_7Dof/install/apf_interfaces/local/lib/python3.10/dist-packages/apf_interfaces/msg/_distance_s.c
[1.212s] -- Up-to-date symlink: /home/jang/2024_7Dof/install/apf_interfaces/local/lib/python3.10/dist-packages/apf_interfaces/msg/_jacobian.py
[1.214s] -- Up-to-date symlink: /home/jang/2024_7Dof/install/apf_interfaces/local/lib/python3.10/dist-packages/apf_interfaces/msg/_jacobian_s.c
[1.215s] -- Up-to-date symlink: /home/jang/2024_7Dof/install/apf_interfaces/local/lib/python3.10/dist-packages/apf_interfaces/apf_interfaces_s__rosidl_typesupport_fastrtps_c.cpython-310-x86_64-linux-gnu.so
[1.216s] -- Up-to-date symlink: /home/jang/2024_7Dof/install/apf_interfaces/local/lib/python3.10/dist-packages/apf_interfaces/apf_interfaces_s__rosidl_typesupport_introspection_c.cpython-310-x86_64-linux-gnu.so
[1.216s] -- Up-to-date symlink: /home/jang/2024_7Dof/install/apf_interfaces/local/lib/python3.10/dist-packages/apf_interfaces/apf_interfaces_s__rosidl_typesupport_c.cpython-310-x86_64-linux-gnu.so
[1.216s] -- Up-to-date symlink: /home/jang/2024_7Dof/install/apf_interfaces/share/apf_interfaces/msg/Jacobian.idl
[1.218s] -- Up-to-date symlink: /home/jang/2024_7Dof/install/apf_interfaces/share/apf_interfaces/msg/Distance.idl
[1.220s] -- Up-to-date symlink: /home/jang/2024_7Dof/install/apf_interfaces/share/apf_interfaces/msg/Jacobian.msg
[1.221s] -- Up-to-date symlink: /home/jang/2024_7Dof/install/apf_interfaces/share/apf_interfaces/msg/Distance.msg
[1.222s] -- Up-to-date symlink: /home/jang/2024_7Dof/install/apf_interfaces/share/ament_index/resource_index/package_run_dependencies/apf_interfaces
[1.225s] -- Up-to-date symlink: /home/jang/2024_7Dof/install/apf_interfaces/share/ament_index/resource_index/parent_prefix_path/apf_interfaces
[1.226s] -- Up-to-date symlink: /home/jang/2024_7Dof/install/apf_interfaces/share/apf_interfaces/environment/ament_prefix_path.sh
[1.228s] -- Up-to-date symlink: /home/jang/2024_7Dof/install/apf_interfaces/share/apf_interfaces/environment/ament_prefix_path.dsv
[1.231s] -- Up-to-date symlink: /home/jang/2024_7Dof/install/apf_interfaces/share/apf_interfaces/environment/path.sh
[1.233s] -- Up-to-date symlink: /home/jang/2024_7Dof/install/apf_interfaces/share/apf_interfaces/environment/path.dsv
[1.233s] -- Up-to-date symlink: /home/jang/2024_7Dof/install/apf_interfaces/share/apf_interfaces/local_setup.bash
[1.235s] -- Up-to-date symlink: /home/jang/2024_7Dof/install/apf_interfaces/share/apf_interfaces/local_setup.sh
[1.239s] -- Up-to-date symlink: /home/jang/2024_7Dof/install/apf_interfaces/share/apf_interfaces/local_setup.zsh
[1.241s] -- Up-to-date symlink: /home/jang/2024_7Dof/install/apf_interfaces/share/apf_interfaces/local_setup.dsv
[1.242s] -- Symlinking: /home/jang/2024_7Dof/install/apf_interfaces/share/apf_interfaces/package.dsv
[1.243s] -- Up-to-date symlink: /home/jang/2024_7Dof/install/apf_interfaces/share/ament_index/resource_index/packages/apf_interfaces
[1.245s] -- Up-to-date symlink: /home/jang/2024_7Dof/install/apf_interfaces/share/apf_interfaces/cmake/rosidl_cmake-extras.cmake
[1.246s] -- Up-to-date symlink: /home/jang/2024_7Dof/install/apf_interfaces/share/apf_interfaces/cmake/ament_cmake_export_dependencies-extras.cmake
[1.247s] -- Up-to-date symlink: /home/jang/2024_7Dof/install/apf_interfaces/share/apf_interfaces/cmake/ament_cmake_export_include_directories-extras.cmake
[1.247s] -- Up-to-date symlink: /home/jang/2024_7Dof/install/apf_interfaces/share/apf_interfaces/cmake/ament_cmake_export_libraries-extras.cmake
[1.247s] -- Up-to-date symlink: /home/jang/2024_7Dof/install/apf_interfaces/share/apf_interfaces/cmake/ament_cmake_export_targets-extras.cmake
[1.247s] -- Up-to-date symlink: /home/jang/2024_7Dof/install/apf_interfaces/share/apf_interfaces/cmake/rosidl_cmake_export_typesupport_targets-extras.cmake
[1.250s] -- Up-to-date symlink: /home/jang/2024_7Dof/install/apf_interfaces/share/apf_interfaces/cmake/rosidl_cmake_export_typesupport_libraries-extras.cmake
[1.252s] -- Up-to-date symlink: /home/jang/2024_7Dof/install/apf_interfaces/share/apf_interfaces/cmake/apf_interfacesConfig.cmake
[1.253s] -- Up-to-date symlink: /home/jang/2024_7Dof/install/apf_interfaces/share/apf_interfaces/cmake/apf_interfacesConfig-version.cmake
[1.254s] -- Up-to-date symlink: /home/jang/2024_7Dof/install/apf_interfaces/share/apf_interfaces/package.xml
[1.256s] -- Up-to-date: /home/jang/2024_7Dof/install/apf_interfaces/lib/libapf_interfaces__rosidl_generator_c.so
[1.257s] -- Up-to-date: /home/jang/2024_7Dof/install/apf_interfaces/lib/libapf_interfaces__rosidl_typesupport_fastrtps_c.so
[1.258s] -- Up-to-date: /home/jang/2024_7Dof/install/apf_interfaces/lib/libapf_interfaces__rosidl_typesupport_fastrtps_cpp.so
[1.259s] -- Up-to-date: /home/jang/2024_7Dof/install/apf_interfaces/lib/libapf_interfaces__rosidl_typesupport_introspection_c.so
[1.261s] -- Up-to-date: /home/jang/2024_7Dof/install/apf_interfaces/lib/libapf_interfaces__rosidl_typesupport_c.so
[1.266s] -- Up-to-date: /home/jang/2024_7Dof/install/apf_interfaces/lib/libapf_interfaces__rosidl_typesupport_introspection_cpp.so
[1.267s] -- Up-to-date: /home/jang/2024_7Dof/install/apf_interfaces/lib/libapf_interfaces__rosidl_typesupport_cpp.so
[1.331s] Listing '/home/jang/2024_7Dof/install/apf_interfaces/local/lib/python3.10/dist-packages/apf_interfaces'...
[1.332s] Listing '/home/jang/2024_7Dof/install/apf_interfaces/local/lib/python3.10/dist-packages/apf_interfaces/msg'...
[1.352s] -- Up-to-date: /home/jang/2024_7Dof/install/apf_interfaces/lib/libapf_interfaces__rosidl_generator_py.so
[1.354s] -- Up-to-date: /home/jang/2024_7Dof/install/apf_interfaces/share/apf_interfaces/cmake/export_apf_interfaces__rosidl_generator_cExport.cmake
[1.355s] -- Up-to-date: /home/jang/2024_7Dof/install/apf_interfaces/share/apf_interfaces/cmake/export_apf_interfaces__rosidl_generator_cExport-release.cmake
[1.358s] -- Up-to-date: /home/jang/2024_7Dof/install/apf_interfaces/share/apf_interfaces/cmake/export_apf_interfaces__rosidl_typesupport_fastrtps_cExport.cmake
[1.358s] -- Up-to-date: /home/jang/2024_7Dof/install/apf_interfaces/share/apf_interfaces/cmake/export_apf_interfaces__rosidl_typesupport_fastrtps_cExport-release.cmake
[1.360s] -- Up-to-date: /home/jang/2024_7Dof/install/apf_interfaces/share/apf_interfaces/cmake/export_apf_interfaces__rosidl_generator_cppExport.cmake
[1.362s] -- Up-to-date: /home/jang/2024_7Dof/install/apf_interfaces/share/apf_interfaces/cmake/export_apf_interfaces__rosidl_typesupport_fastrtps_cppExport.cmake
[1.363s] -- Up-to-date: /home/jang/2024_7Dof/install/apf_interfaces/share/apf_interfaces/cmake/export_apf_interfaces__rosidl_typesupport_fastrtps_cppExport-release.cmake
[1.363s] -- Up-to-date: /home/jang/2024_7Dof/install/apf_interfaces/share/apf_interfaces/cmake/apf_interfaces__rosidl_typesupport_introspection_cExport.cmake
[1.365s] -- Up-to-date: /home/jang/2024_7Dof/install/apf_interfaces/share/apf_interfaces/cmake/apf_interfaces__rosidl_typesupport_introspection_cExport-release.cmake
[1.365s] -- Up-to-date: /home/jang/2024_7Dof/install/apf_interfaces/share/apf_interfaces/cmake/apf_interfaces__rosidl_typesupport_cExport.cmake
[1.365s] -- Up-to-date: /home/jang/2024_7Dof/install/apf_interfaces/share/apf_interfaces/cmake/apf_interfaces__rosidl_typesupport_cExport-release.cmake
[1.366s] -- Up-to-date: /home/jang/2024_7Dof/install/apf_interfaces/share/apf_interfaces/cmake/apf_interfaces__rosidl_typesupport_introspection_cppExport.cmake
[1.366s] -- Up-to-date: /home/jang/2024_7Dof/install/apf_interfaces/share/apf_interfaces/cmake/apf_interfaces__rosidl_typesupport_introspection_cppExport-release.cmake
[1.366s] -- Up-to-date: /home/jang/2024_7Dof/install/apf_interfaces/share/apf_interfaces/cmake/apf_interfaces__rosidl_typesupport_cppExport.cmake
[1.367s] -- Up-to-date: /home/jang/2024_7Dof/install/apf_interfaces/share/apf_interfaces/cmake/apf_interfaces__rosidl_typesupport_cppExport-release.cmake
[1.367s] -- Up-to-date: /home/jang/2024_7Dof/install/apf_interfaces/share/apf_interfaces/cmake/export_apf_interfaces__rosidl_generator_pyExport.cmake
[1.367s] -- Up-to-date: /home/jang/2024_7Dof/install/apf_interfaces/share/apf_interfaces/cmake/export_apf_interfaces__rosidl_generator_pyExport-release.cmake
[1.399s] Invoked command in '/home/jang/2024_7Dof/build/apf_interfaces' returned '0': CMAKE_PREFIX_PATH=${CMAKE_PREFIX_PATH}:/home/jang/2024_7Dof/install/apf_nodes:/opt/ros/humble /usr/bin/cmake --install /home/jang/2024_7Dof/build/apf_interfaces
