[0.188s] Invoking command in '/home/jang/2024_7Dof/build/external_torque_sensor_broadcaster': CMAKE_PREFIX_PATH=${CMAKE_PREFIX_PATH}:/home/jang/2024_7Dof/install/apf_nodes:/opt/ros/humble /usr/bin/cmake /home/jang/2024_7Dof/src/iiwa_ros2/iiwa_controllers/external_torque_sensor_broadcaster -DCMAKE_BUILD_TYPE=Release -DAMENT_CMAKE_SYMLINK_INSTALL=1 -DCMAKE_INSTALL_PREFIX=/home/jang/2024_7Dof/install/external_torque_sensor_broadcaster
[0.342s] -- The C compiler identification is GNU 11.4.0
[0.617s] -- The CXX compiler identification is GNU 11.4.0
[0.666s] -- Detecting C compiler ABI info
[0.874s] -- Detecting C compiler ABI info - done
[0.917s] -- Check for working C compiler: /usr/bin/cc - skipped
[0.917s] -- Detecting C compile features
[0.919s] -- Detecting C compile features - done
[0.936s] -- Detecting CXX compiler ABI info
[1.265s] -- Detecting CXX compiler ABI info - done
[1.288s] -- Check for working CXX compiler: /usr/bin/c++ - skipped
[1.288s] -- Detecting CXX compile features
[1.288s] -- Detecting CXX compile features - done
[1.290s] -- Found ament_cmake: 1.3.10 (/opt/ros/humble/share/ament_cmake/cmake)
[1.766s] -- Found Python3: /usr/bin/python3 (found version "3.10.12") found components: Interpreter 
[1.895s] -- Override CMake install command with custom implementation using symlinks instead of copying resources
[1.983s] -- Found controller_interface: 2.43.1 (/opt/ros/humble/share/controller_interface/cmake)
[2.138s] -- Found rosidl_generator_c: 3.1.5 (/opt/ros/humble/share/rosidl_generator_c/cmake)
[2.164s] -- Found rosidl_adapter: 3.1.5 (/opt/ros/humble/share/rosidl_adapter/cmake)
[2.184s] -- Found rosidl_generator_cpp: 3.1.5 (/opt/ros/humble/share/rosidl_generator_cpp/cmake)
[2.221s] -- Using all available rosidl_typesupport_c: rosidl_typesupport_fastrtps_c;rosidl_typesupport_introspection_c
[2.311s] -- Using all available rosidl_typesupport_cpp: rosidl_typesupport_fastrtps_cpp;rosidl_typesupport_introspection_cpp
[2.540s] -- Found rmw_implementation_cmake: 6.1.2 (/opt/ros/humble/share/rmw_implementation_cmake/cmake)
[2.542s] -- Found rmw_fastrtps_cpp: 6.2.7 (/opt/ros/humble/share/rmw_fastrtps_cpp/cmake)
[2.560s] -- Found TinyXML2 via Config file: TinyXML2_DIR-NOTFOUND
[2.607s] -- Found OpenSSL: /usr/lib/x86_64-linux-gnu/libcrypto.so (found version "3.0.2")  
[2.610s] -- Found TinyXML2 via Config file: TinyXML2_DIR-NOTFOUND
[2.623s] -- Found FastRTPS: /opt/ros/humble/include  
[2.626s] -- Found TinyXML2 via Config file: TinyXML2_DIR-NOTFOUND
[2.634s] -- Found TinyXML2 via Config file: TinyXML2_DIR-NOTFOUND
[2.647s] -- Using RMW implementation 'rmw_fastrtps_cpp' as default
[2.656s] -- Looking for pthread.h
[2.728s] -- Looking for pthread.h - found
[2.728s] -- Performing Test CMAKE_HAVE_LIBC_PTHREAD
[2.804s] -- Performing Test CMAKE_HAVE_LIBC_PTHREAD - Success
[2.804s] -- Found Threads: TRUE  
[2.840s] -- Found realtime_tools: 2.6.0 (/opt/ros/humble/share/realtime_tools/cmake)
[2.860s] -- Found ament_cmake_gtest: 1.3.10 (/opt/ros/humble/share/ament_cmake_gtest/cmake)
[2.861s] -- Found ament_lint_auto: 0.12.11 (/opt/ros/humble/share/ament_lint_auto/cmake)
[2.997s] -- Configuring done
[3.016s] -- Generating done
[3.026s] -- Build files have been written to: /home/jang/2024_7Dof/build/external_torque_sensor_broadcaster
[3.042s] Invoked command in '/home/jang/2024_7Dof/build/external_torque_sensor_broadcaster' returned '0': CMAKE_PREFIX_PATH=${CMAKE_PREFIX_PATH}:/home/jang/2024_7Dof/install/apf_nodes:/opt/ros/humble /usr/bin/cmake /home/jang/2024_7Dof/src/iiwa_ros2/iiwa_controllers/external_torque_sensor_broadcaster -DCMAKE_BUILD_TYPE=Release -DAMENT_CMAKE_SYMLINK_INSTALL=1 -DCMAKE_INSTALL_PREFIX=/home/jang/2024_7Dof/install/external_torque_sensor_broadcaster
[3.043s] Invoking command in '/home/jang/2024_7Dof/build/external_torque_sensor_broadcaster': CMAKE_PREFIX_PATH=${CMAKE_PREFIX_PATH}:/home/jang/2024_7Dof/install/apf_nodes:/opt/ros/humble /usr/bin/cmake --build /home/jang/2024_7Dof/build/external_torque_sensor_broadcaster -- -j16 -l16
[3.090s] [ 50%] [32mBuilding CXX object CMakeFiles/external_torque_sensor_broadcaster.dir/src/external_torque_sensor_broadcaster.cpp.o[0m
[9.859s] [100%] [32m[1mLinking CXX shared library libexternal_torque_sensor_broadcaster.so[0m
[10.102s] [100%] Built target external_torque_sensor_broadcaster
[10.116s] Invoked command in '/home/jang/2024_7Dof/build/external_torque_sensor_broadcaster' returned '0': CMAKE_PREFIX_PATH=${CMAKE_PREFIX_PATH}:/home/jang/2024_7Dof/install/apf_nodes:/opt/ros/humble /usr/bin/cmake --build /home/jang/2024_7Dof/build/external_torque_sensor_broadcaster -- -j16 -l16
[10.147s] Invoking command in '/home/jang/2024_7Dof/build/external_torque_sensor_broadcaster': CMAKE_PREFIX_PATH=${CMAKE_PREFIX_PATH}:/home/jang/2024_7Dof/install/apf_nodes:/opt/ros/humble /usr/bin/cmake --install /home/jang/2024_7Dof/build/external_torque_sensor_broadcaster
[10.156s] -- Install configuration: "Release"
[10.156s] -- Execute custom install script
[10.157s] -- Symlinking: /home/jang/2024_7Dof/install/external_torque_sensor_broadcaster/share/external_torque_sensor_broadcaster//external_torque_sensor_broadcaster.xml
[10.170s] -- Symlinking: /home/jang/2024_7Dof/install/external_torque_sensor_broadcaster/lib/libexternal_torque_sensor_broadcaster.so
[10.188s] -- Symlinking: /home/jang/2024_7Dof/install/external_torque_sensor_broadcaster/include/external_torque_sensor_broadcaster/external_torque_sensor.hpp
[10.199s] -- Symlinking: /home/jang/2024_7Dof/install/external_torque_sensor_broadcaster/include/external_torque_sensor_broadcaster/external_torque_sensor_broadcaster.hpp
[10.210s] -- Symlinking: /home/jang/2024_7Dof/install/external_torque_sensor_broadcaster/include/external_torque_sensor_broadcaster/visibility_control.h
[10.221s] -- Symlinking: /home/jang/2024_7Dof/install/external_torque_sensor_broadcaster/share/external_torque_sensor_broadcaster/environment/library_path.sh
[10.232s] -- Symlinking: /home/jang/2024_7Dof/install/external_torque_sensor_broadcaster/share/external_torque_sensor_broadcaster/environment/library_path.dsv
[10.243s] -- Symlinking: /home/jang/2024_7Dof/install/external_torque_sensor_broadcaster/share/ament_index/resource_index/package_run_dependencies/external_torque_sensor_broadcaster
[10.256s] -- Symlinking: /home/jang/2024_7Dof/install/external_torque_sensor_broadcaster/share/ament_index/resource_index/parent_prefix_path/external_torque_sensor_broadcaster
[10.276s] -- Symlinking: /home/jang/2024_7Dof/install/external_torque_sensor_broadcaster/share/external_torque_sensor_broadcaster/environment/ament_prefix_path.sh
[10.287s] -- Symlinking: /home/jang/2024_7Dof/install/external_torque_sensor_broadcaster/share/external_torque_sensor_broadcaster/environment/ament_prefix_path.dsv
[10.298s] -- Symlinking: /home/jang/2024_7Dof/install/external_torque_sensor_broadcaster/share/external_torque_sensor_broadcaster/environment/path.sh
[10.308s] -- Symlinking: /home/jang/2024_7Dof/install/external_torque_sensor_broadcaster/share/external_torque_sensor_broadcaster/environment/path.dsv
[10.319s] -- Symlinking: /home/jang/2024_7Dof/install/external_torque_sensor_broadcaster/share/external_torque_sensor_broadcaster/local_setup.bash
[10.330s] -- Symlinking: /home/jang/2024_7Dof/install/external_torque_sensor_broadcaster/share/external_torque_sensor_broadcaster/local_setup.sh
[10.341s] -- Symlinking: /home/jang/2024_7Dof/install/external_torque_sensor_broadcaster/share/external_torque_sensor_broadcaster/local_setup.zsh
[10.352s] -- Symlinking: /home/jang/2024_7Dof/install/external_torque_sensor_broadcaster/share/external_torque_sensor_broadcaster/local_setup.dsv
[10.363s] -- Symlinking: /home/jang/2024_7Dof/install/external_torque_sensor_broadcaster/share/external_torque_sensor_broadcaster/package.dsv
[10.382s] -- Symlinking: /home/jang/2024_7Dof/install/external_torque_sensor_broadcaster/share/ament_index/resource_index/packages/external_torque_sensor_broadcaster
[10.393s] -- Symlinking: /home/jang/2024_7Dof/install/external_torque_sensor_broadcaster/share/ament_index/resource_index/controller_interface__pluginlib__plugin/external_torque_sensor_broadcaster
[10.403s] -- Symlinking: /home/jang/2024_7Dof/install/external_torque_sensor_broadcaster/share/external_torque_sensor_broadcaster/cmake/ament_cmake_export_include_directories-extras.cmake
[10.414s] -- Symlinking: /home/jang/2024_7Dof/install/external_torque_sensor_broadcaster/share/external_torque_sensor_broadcaster/cmake/ament_cmake_export_libraries-extras.cmake
[10.425s] -- Symlinking: /home/jang/2024_7Dof/install/external_torque_sensor_broadcaster/share/external_torque_sensor_broadcaster/cmake/ament_cmake_export_dependencies-extras.cmake
[10.437s] -- Symlinking: /home/jang/2024_7Dof/install/external_torque_sensor_broadcaster/share/external_torque_sensor_broadcaster/cmake/external_torque_sensor_broadcasterConfig.cmake
[10.448s] -- Symlinking: /home/jang/2024_7Dof/install/external_torque_sensor_broadcaster/share/external_torque_sensor_broadcaster/cmake/external_torque_sensor_broadcasterConfig-version.cmake
[10.459s] -- Symlinking: /home/jang/2024_7Dof/install/external_torque_sensor_broadcaster/share/external_torque_sensor_broadcaster/package.xml
[10.472s] Invoked command in '/home/jang/2024_7Dof/build/external_torque_sensor_broadcaster' returned '0': CMAKE_PREFIX_PATH=${CMAKE_PREFIX_PATH}:/home/jang/2024_7Dof/install/apf_nodes:/opt/ros/humble /usr/bin/cmake --install /home/jang/2024_7Dof/build/external_torque_sensor_broadcaster
