[0.495s] Invoking command in '/home/jang/2024_7Dof/build/impedance_controller': CMAKE_PREFIX_PATH=${CMAKE_PREFIX_PATH}:/home/jang/2024_7Dof/install/apf_nodes:/opt/ros/humble /usr/bin/cmake --build /home/jang/2024_7Dof/build/impedance_controller -- -j16 -l16
[0.739s] [100%] Built target impedance_controller
[0.777s] Invoked command in '/home/jang/2024_7Dof/build/impedance_controller' returned '0': CMAKE_PREFIX_PATH=${CMAKE_PREFIX_PATH}:/home/jang/2024_7Dof/install/apf_nodes:/opt/ros/humble /usr/bin/cmake --build /home/jang/2024_7Dof/build/impedance_controller -- -j16 -l16
[0.916s] Invoking command in '/home/jang/2024_7Dof/build/impedance_controller': CMAKE_PREFIX_PATH=${CMAKE_PREFIX_PATH}:/home/jang/2024_7Dof/install/apf_nodes:/opt/ros/humble /usr/bin/cmake --install /home/jang/2024_7Dof/build/impedance_controller
[0.926s] -- Install configuration: "Release"
[0.927s] -- Execute custom install script
[0.928s] -- Up-to-date symlink: /home/jang/2024_7Dof/install/impedance_controller/share/impedance_controller//impedance_plugin.xml
[0.928s] -- Up-to-date symlink: /home/jang/2024_7Dof/install/impedance_controller/include/impedance_controller/impedance_controller.hpp
[0.928s] -- Up-to-date symlink: /home/jang/2024_7Dof/install/impedance_controller/include/impedance_controller/visibility_control.h
[0.934s] -- Up-to-date symlink: /home/jang/2024_7Dof/install/impedance_controller/lib/libimpedance_controller.so
[0.939s] -- Up-to-date symlink: /home/jang/2024_7Dof/install/impedance_controller/share/impedance_controller/environment/library_path.sh
[0.939s] -- Up-to-date symlink: /home/jang/2024_7Dof/install/impedance_controller/share/impedance_controller/environment/library_path.dsv
[0.939s] -- Up-to-date symlink: /home/jang/2024_7Dof/install/impedance_controller/share/ament_index/resource_index/package_run_dependencies/impedance_controller
[0.954s] -- Up-to-date symlink: /home/jang/2024_7Dof/install/impedance_controller/share/ament_index/resource_index/parent_prefix_path/impedance_controller
[0.960s] -- Up-to-date symlink: /home/jang/2024_7Dof/install/impedance_controller/share/impedance_controller/environment/ament_prefix_path.sh
[0.960s] -- Up-to-date symlink: /home/jang/2024_7Dof/install/impedance_controller/share/impedance_controller/environment/ament_prefix_path.dsv
[0.961s] -- Up-to-date symlink: /home/jang/2024_7Dof/install/impedance_controller/share/impedance_controller/environment/path.sh
[0.962s] -- Up-to-date symlink: /home/jang/2024_7Dof/install/impedance_controller/share/impedance_controller/environment/path.dsv
[0.963s] -- Up-to-date symlink: /home/jang/2024_7Dof/install/impedance_controller/share/impedance_controller/local_setup.bash
[0.964s] -- Up-to-date symlink: /home/jang/2024_7Dof/install/impedance_controller/share/impedance_controller/local_setup.sh
[0.965s] -- Up-to-date symlink: /home/jang/2024_7Dof/install/impedance_controller/share/impedance_controller/local_setup.zsh
[0.966s] -- Up-to-date symlink: /home/jang/2024_7Dof/install/impedance_controller/share/impedance_controller/local_setup.dsv
[0.967s] -- Symlinking: /home/jang/2024_7Dof/install/impedance_controller/share/impedance_controller/package.dsv
[0.978s] -- Up-to-date symlink: /home/jang/2024_7Dof/install/impedance_controller/share/ament_index/resource_index/packages/impedance_controller
[0.982s] -- Up-to-date symlink: /home/jang/2024_7Dof/install/impedance_controller/share/ament_index/resource_index/controller_interface__pluginlib__plugin/impedance_controller
[0.984s] -- Up-to-date symlink: /home/jang/2024_7Dof/install/impedance_controller/share/impedance_controller/cmake/ament_cmake_export_dependencies-extras.cmake
[0.986s] -- Up-to-date symlink: /home/jang/2024_7Dof/install/impedance_controller/share/impedance_controller/cmake/ament_cmake_export_include_directories-extras.cmake
[0.991s] -- Up-to-date symlink: /home/jang/2024_7Dof/install/impedance_controller/share/impedance_controller/cmake/ament_cmake_export_libraries-extras.cmake
[0.992s] -- Up-to-date symlink: /home/jang/2024_7Dof/install/impedance_controller/share/impedance_controller/cmake/impedance_controllerConfig.cmake
[0.992s] -- Up-to-date symlink: /home/jang/2024_7Dof/install/impedance_controller/share/impedance_controller/cmake/impedance_controllerConfig-version.cmake
[0.992s] -- Up-to-date symlink: /home/jang/2024_7Dof/install/impedance_controller/share/impedance_controller/package.xml
[1.003s] Invoked command in '/home/jang/2024_7Dof/build/impedance_controller' returned '0': CMAKE_PREFIX_PATH=${CMAKE_PREFIX_PATH}:/home/jang/2024_7Dof/install/apf_nodes:/opt/ros/humble /usr/bin/cmake --install /home/jang/2024_7Dof/build/impedance_controller
