[01m[K/home/jang/2024_7Dof/src/culjaco/src/cul_jaco.cpp:[m[K In member function ‘[01m[Kvoid jaco_node::joint_state_callback(const JointState&)[m[K’:
[01m[K/home/jang/2024_7Dof/src/culjaco/src/cul_jaco.cpp:122:25:[m[K [01;35m[Kwarning: [m[Kvariable ‘[01m[Kcur_O[m[K’ set but not used [[01;35m[K]8;;https://gcc.gnu.org/onlinedocs/gcc/Warning-Options.html#index-Wunused-but-set-variable-Wunused-but-set-variable]8;;[m[K]
  122 |         Eigen::Vector3d [01;35m[Kcur_O[m[K = mat_arry[i].block<3,1>(0,3);
      |                         [01;35m[K^~~~~[m[K
In file included from [01m[K/usr/include/eigen3/Eigen/Core:164[m[K,
                 from [01m[K/usr/include/eigen3/Eigen/Dense:1[m[K,
                 from [01m[K/home/jang/2024_7Dof/src/culjaco/src/cul_jaco.cpp:11[m[K:
/usr/include/eigen3/Eigen/src/Geometry/OrthoMethods.h: In instantiation of ‘[01m[Ktypename Eigen::MatrixBase<Derived>::cross_product_return_type<OtherDerived>::type Eigen::MatrixBase<Derived>::cross(const Eigen::MatrixBase<OtherDerived>&) const [with OtherDerived = Eigen::Matrix<double, 3, 1>; Derived = Eigen::Matrix<double, 3, 3>; typename Eigen::MatrixBase<Derived>::cross_product_return_type<OtherDerived>::type = Eigen::Matrix<double, 3, 3>][m[K’:
[01m[K/home/jang/2024_7Dof/src/culjaco/src/cul_jaco.cpp:126:34:[m[K   required from here
[01m[K/usr/include/eigen3/Eigen/src/Core/util/StaticAssert.h:158:51:[m[K [01;31m[Kerror: [m[Kstatic assertion failed: THIS_METHOD_IS_ONLY_FOR_VECTORS_OF_A_SPECIFIC_SIZE
  158 |   EIGEN_STATIC_ASSERT(TYPE::IsVectorAtCompileTime && TYPE::SizeAtCompileTime==SIZE, \
[01m[K/usr/include/eigen3/Eigen/src/Core/util/StaticAssert.h:33:54:[m[K [01;36m[Knote: [m[Kin definition of macro ‘[01m[KEIGEN_STATIC_ASSERT[m[K’
   33 |     #define EIGEN_STATIC_ASSERT(X,MSG) static_assert([01;36m[KX[m[K,#MSG);
      |                                                      [01;36m[K^[m[K
[01m[K/usr/include/eigen3/Eigen/src/Geometry/OrthoMethods.h:37:3:[m[K [01;36m[Knote: [m[Kin expansion of macro ‘[01m[KEIGEN_STATIC_ASSERT_VECTOR_SPECIFIC_SIZE[m[K’
   37 |   [01;36m[KEIGEN_STATIC_ASSERT_VECTOR_SPECIFIC_SIZE[m[K(Derived,3)
      |   [01;36m[K^~~~~~~~~~~~~~~~~~~~~~~~~~~~~~~~~~~~~~~~[m[K
[01m[K/usr/include/eigen3/Eigen/src/Core/util/StaticAssert.h:158:51:[m[K [01;36m[Knote: [m[K‘[01m[Kfalse[m[K’ evaluates to false
  158 |   EIGEN_STATIC_ASSERT(TYPE::IsVectorAtCompileTime && TYPE::SizeAtCompileTime==SIZE, \
[01m[K/usr/include/eigen3/Eigen/src/Core/util/StaticAssert.h:33:54:[m[K [01;36m[Knote: [m[Kin definition of macro ‘[01m[KEIGEN_STATIC_ASSERT[m[K’
   33 |     #define EIGEN_STATIC_ASSERT(X,MSG) static_assert([01;36m[KX[m[K,#MSG);
      |                                                      [01;36m[K^[m[K
[01m[K/usr/include/eigen3/Eigen/src/Geometry/OrthoMethods.h:37:3:[m[K [01;36m[Knote: [m[Kin expansion of macro ‘[01m[KEIGEN_STATIC_ASSERT_VECTOR_SPECIFIC_SIZE[m[K’
   37 |   [01;36m[KEIGEN_STATIC_ASSERT_VECTOR_SPECIFIC_SIZE[m[K(Derived,3)
      |   [01;36m[K^~~~~~~~~~~~~~~~~~~~~~~~~~~~~~~~~~~~~~~~[m[K
/usr/include/eigen3/Eigen/src/Core/AssignEvaluator.h: In instantiation of ‘[01m[Kvoid Eigen::internal::call_assignment_no_alias(Dst&, const Src&, const Func&) [with Dst = Eigen::Matrix<double, 3, 3>; Src = Eigen::Block<Eigen::Matrix<double, -1, -1>, 3, 1, false>; Func = Eigen::internal::assign_op<double, double>][m[K’:
[01m[K/usr/include/eigen3/Eigen/src/Core/AssignEvaluator.h:858:27:[m[K   required from ‘[01m[Kvoid Eigen::internal::call_assignment(Dst&, const Src&, const Func&, typename Eigen::internal::enable_if<(! Eigen::internal::evaluator_assume_aliasing<Src>::value), void*>::type) [with Dst = Eigen::Matrix<double, 3, 3>; Src = Eigen::Block<Eigen::Matrix<double, -1, -1>, 3, 1, false>; Func = Eigen::internal::assign_op<double, double>; typename Eigen::internal::enable_if<(! Eigen::internal::evaluator_assume_aliasing<Src>::value), void*>::type = void*; typename Eigen::internal::evaluator_traits<SrcXprType>::Shape = Eigen::DenseShape][m[K’
[01m[K/usr/include/eigen3/Eigen/src/Core/AssignEvaluator.h:836:18:[m[K   required from ‘[01m[Kvoid Eigen::internal::call_assignment(Dst&, const Src&) [with Dst = Eigen::Matrix<double, 3, 3>; Src = Eigen::Block<Eigen::Matrix<double, -1, -1>, 3, 1, false>][m[K’
[01m[K/usr/include/eigen3/Eigen/src/Core/PlainObjectBase.h:779:32:[m[K   required from ‘[01m[KDerived& Eigen::PlainObjectBase<Derived>::_set(const Eigen::DenseBase<OtherDerived>&) [with OtherDerived = Eigen::Block<Eigen::Matrix<double, -1, -1>, 3, 1, false>; Derived = Eigen::Matrix<double, 3, 3>][m[K’
[01m[K/usr/include/eigen3/Eigen/src/Core/Matrix.h:225:24:[m[K   required from ‘[01m[KEigen::Matrix<_Scalar, _Rows, _Cols, _Options, _MaxRows, _MaxCols>& Eigen::Matrix<_Scalar, _Rows, _Cols, _Options, _MaxRows, _MaxCols>::operator=(const Eigen::DenseBase<OtherDerived>&) [with OtherDerived = Eigen::Block<Eigen::Matrix<double, -1, -1>, 3, 1, false>; _Scalar = double; int _Rows = 3; int _Cols = 3; int _Options = 0; int _MaxRows = 3; int _MaxCols = 3][m[K’
[01m[K/home/jang/2024_7Dof/src/culjaco/src/cul_jaco.cpp:121:46:[m[K   required from here
[01m[K/usr/include/eigen3/Eigen/src/Core/util/StaticAssert.h:177:5:[m[K [01;31m[Kerror: [m[Kstatic assertion failed: YOU_MIXED_MATRICES_OF_DIFFERENT_SIZES
  175 |      [01;31m[K( \[m[K
      |      [01;31m[K~~~[m[K
  176 | [01;31m[K        (int(Eigen::internal::size_of_xpr_at_compile_time<TYPE0>::ret)==0 && int(Eigen::internal::size_of_xpr_at_compile_time<TYPE1>::ret)==0) \[m[K
      |         [01;31m[K~~~~~~~~~~~~~~~~~~~~~~~~~~~~~~~~~~~~~~~~~~~~~~~~~~~~~~~~~~~~~~~~~~~~~~~~~~~~~~~~~~~~~~~~~~~~~~~~~~~~~~~~~~~~~~~~~~~~~~~~~~~~~~~~~~~~~~~~[m[K
  177 | [01;31m[K    || (\[m[K
      |     [01;31m[K^~~~~[m[K
  178 | [01;31m[K          (int(TYPE0::RowsAtCompileTime)==Eigen::Dynamic \[m[K
      |           [01;31m[K~~~~~~~~~~~~~~~~~~~~~~~~~~~~~~~~~~~~~~~~~~~~~~~~[m[K
  179 | [01;31m[K        || int(TYPE1::RowsAtCompileTime)==Eigen::Dynamic \[m[K
      |         [01;31m[K~~~~~~~~~~~~~~~~~~~~~~~~~~~~~~~~~~~~~~~~~~~~~~~~~~[m[K
  180 | [01;31m[K        || int(TYPE0::RowsAtCompileTime)==int(TYPE1::RowsAtCompileTime)) \[m[K
      |         [01;31m[K~~~~~~~~~~~~~~~~~~~~~~~~~~~~~~~~~~~~~~~~~~~~~~~~~~~~~~~~~~~~~~~~~~[m[K
  181 | [01;31m[K      &&  (int(TYPE0::ColsAtCompileTime)==Eigen::Dynamic \[m[K
      |       [01;31m[K~~~~~~~~~~~~~~~~~~~~~~~~~~~~~~~~~~~~~~~~~~~~~~~~~~~~[m[K
  182 | [01;31m[K        || int(TYPE1::ColsAtCompileTime)==Eigen::Dynamic \[m[K
      |         [01;31m[K~~~~~~~~~~~~~~~~~~~~~~~~~~~~~~~~~~~~~~~~~~~~~~~~~~[m[K
  183 | [01;31m[K        || int(TYPE0::ColsAtCompileTime)==int(TYPE1::ColsAtCompileTime))\[m[K
      |         [01;31m[K~~~~~~~~~~~~~~~~~~~~~~~~~~~~~~~~~~~~~~~~~~~~~~~~~~~~~~~~~~~~~~~~~[m[K
  184 | [01;31m[K       ) \[m[K
      |        [01;31m[K~~~[m[K
  185 | [01;31m[K     )[m[K
      |      [01;31m[K~[m[K
[01m[K/usr/include/eigen3/Eigen/src/Core/util/StaticAssert.h:33:54:[m[K [01;36m[Knote: [m[Kin definition of macro ‘[01m[KEIGEN_STATIC_ASSERT[m[K’
   33 |     #define EIGEN_STATIC_ASSERT(X,MSG) static_assert([01;36m[KX[m[K,#MSG);
      |                                                      [01;36m[K^[m[K
[01m[K/usr/include/eigen3/Eigen/src/Core/util/StaticAssert.h:194:6:[m[K [01;36m[Knote: [m[Kin expansion of macro ‘[01m[KEIGEN_PREDICATE_SAME_MATRIX_SIZE[m[K’
  194 |      [01;36m[KEIGEN_PREDICATE_SAME_MATRIX_SIZE[m[K(TYPE0,TYPE1),\
      |      [01;36m[K^~~~~~~~~~~~~~~~~~~~~~~~~~~~~~~~[m[K
[01m[K/usr/include/eigen3/Eigen/src/Core/AssignEvaluator.h:887:3:[m[K [01;36m[Knote: [m[Kin expansion of macro ‘[01m[KEIGEN_STATIC_ASSERT_SAME_MATRIX_SIZE[m[K’
  887 |   [01;36m[KEIGEN_STATIC_ASSERT_SAME_MATRIX_SIZE[m[K(ActualDstTypeCleaned,Src)
      |   [01;36m[K^~~~~~~~~~~~~~~~~~~~~~~~~~~~~~~~~~~~[m[K
[01m[K/usr/include/eigen3/Eigen/src/Core/util/StaticAssert.h:177:5:[m[K [01;36m[Knote: [m[K‘[01m[K(((((int)Eigen::internal::size_of_xpr_at_compile_time<Eigen::Matrix<double, 3, 3> >::ret) == 0) && (((int)Eigen::internal::size_of_xpr_at_compile_time<Eigen::Block<Eigen::Matrix<double, -1, -1>, 3, 1, false> >::ret) == 0)) || ((((((int)Eigen::Matrix<double, 3, 3>::RowsAtCompileTime) == ((int)Eigen::Dynamic)) || (((int)Eigen::Block<Eigen::Matrix<double, -1, -1>, 3, 1, false>::RowsAtCompileTime) == ((int)Eigen::Dynamic))) || (((int)Eigen::Matrix<double, 3, 3>::RowsAtCompileTime) == ((int)Eigen::Block<Eigen::Matrix<double, -1, -1>, 3, 1, false>::RowsAtCompileTime))) && (((((int)Eigen::Matrix<double, 3, 3>::ColsAtCompileTime) == ((int)Eigen::Dynamic)) || (((int)Eigen::Block<Eigen::Matrix<double, -1, -1>, 3, 1, false>::ColsAtCompileTime) == ((int)Eigen::Dynamic))) || (((int)Eigen::Matrix<double, 3, 3>::ColsAtCompileTime) == ((int)Eigen::Block<Eigen::Matrix<double, -1, -1>, 3, 1, false>::ColsAtCompileTime)))))[m[K’ evaluates to false
  175 |      [01;36m[K( \[m[K
      |      [01;36m[K~~~[m[K
  176 | [01;36m[K        (int(Eigen::internal::size_of_xpr_at_compile_time<TYPE0>::ret)==0 && int(Eigen::internal::size_of_xpr_at_compile_time<TYPE1>::ret)==0) \[m[K
      |         [01;36m[K~~~~~~~~~~~~~~~~~~~~~~~~~~~~~~~~~~~~~~~~~~~~~~~~~~~~~~~~~~~~~~~~~~~~~~~~~~~~~~~~~~~~~~~~~~~~~~~~~~~~~~~~~~~~~~~~~~~~~~~~~~~~~~~~~~~~~~~~[m[K
  177 | [01;36m[K    || (\[m[K
      |     [01;36m[K^~~~~[m[K
  178 | [01;36m[K          (int(TYPE0::RowsAtCompileTime)==Eigen::Dynamic \[m[K
      |           [01;36m[K~~~~~~~~~~~~~~~~~~~~~~~~~~~~~~~~~~~~~~~~~~~~~~~~[m[K
  179 | [01;36m[K        || int(TYPE1::RowsAtCompileTime)==Eigen::Dynamic \[m[K
      |         [01;36m[K~~~~~~~~~~~~~~~~~~~~~~~~~~~~~~~~~~~~~~~~~~~~~~~~~~[m[K
  180 | [01;36m[K        || int(TYPE0::RowsAtCompileTime)==int(TYPE1::RowsAtCompileTime)) \[m[K
      |         [01;36m[K~~~~~~~~~~~~~~~~~~~~~~~~~~~~~~~~~~~~~~~~~~~~~~~~~~~~~~~~~~~~~~~~~~[m[K
  181 | [01;36m[K      &&  (int(TYPE0::ColsAtCompileTime)==Eigen::Dynamic \[m[K
      |       [01;36m[K~~~~~~~~~~~~~~~~~~~~~~~~~~~~~~~~~~~~~~~~~~~~~~~~~~~~[m[K
  182 | [01;36m[K        || int(TYPE1::ColsAtCompileTime)==Eigen::Dynamic \[m[K
      |         [01;36m[K~~~~~~~~~~~~~~~~~~~~~~~~~~~~~~~~~~~~~~~~~~~~~~~~~~[m[K
  183 | [01;36m[K        || int(TYPE0::ColsAtCompileTime)==int(TYPE1::ColsAtCompileTime))\[m[K
      |         [01;36m[K~~~~~~~~~~~~~~~~~~~~~~~~~~~~~~~~~~~~~~~~~~~~~~~~~~~~~~~~~~~~~~~~~[m[K
  184 | [01;36m[K       ) \[m[K
      |        [01;36m[K~~~[m[K
  185 | [01;36m[K     )[m[K
      |      [01;36m[K~[m[K
[01m[K/usr/include/eigen3/Eigen/src/Core/util/StaticAssert.h:33:54:[m[K [01;36m[Knote: [m[Kin definition of macro ‘[01m[KEIGEN_STATIC_ASSERT[m[K’
   33 |     #define EIGEN_STATIC_ASSERT(X,MSG) static_assert([01;36m[KX[m[K,#MSG);
      |                                                      [01;36m[K^[m[K
[01m[K/usr/include/eigen3/Eigen/src/Core/util/StaticAssert.h:194:6:[m[K [01;36m[Knote: [m[Kin expansion of macro ‘[01m[KEIGEN_PREDICATE_SAME_MATRIX_SIZE[m[K’
  194 |      [01;36m[KEIGEN_PREDICATE_SAME_MATRIX_SIZE[m[K(TYPE0,TYPE1),\
      |      [01;36m[K^~~~~~~~~~~~~~~~~~~~~~~~~~~~~~~~[m[K
[01m[K/usr/include/eigen3/Eigen/src/Core/AssignEvaluator.h:887:3:[m[K [01;36m[Knote: [m[Kin expansion of macro ‘[01m[KEIGEN_STATIC_ASSERT_SAME_MATRIX_SIZE[m[K’
  887 |   [01;36m[KEIGEN_STATIC_ASSERT_SAME_MATRIX_SIZE[m[K(ActualDstTypeCleaned,Src)
      |   [01;36m[K^~~~~~~~~~~~~~~~~~~~~~~~~~~~~~~~~~~~[m[K
gmake[2]: *** [CMakeFiles/jaco_node.dir/build.make:76: CMakeFiles/jaco_node.dir/src/cul_jaco.cpp.o] Error 1
gmake[1]: *** [CMakeFiles/Makefile2:249: CMakeFiles/jaco_node.dir/all] Error 2
gmake: *** [Makefile:146: all] Error 2
