[0.018s] Invoking command in '/home/jang/2024_7Dof/build/apf_interfaces': CMAKE_PREFIX_PATH=${CMAKE_PREFIX_PATH}:/home/jang/2024_7Dof/install/apf_nodes:/opt/ros/humble /usr/bin/cmake --build /home/jang/2024_7Dof/build/apf_interfaces -- -j16 -l16
[0.191s] [  2%] Built target apf_interfaces__cpp
[0.191s] [ 12%] Built target apf_interfaces__rosidl_generator_c
[0.191s] [ 12%] Built target ament_cmake_python_symlink_apf_interfaces
[0.191s] [ 33%] Built target apf_interfaces__rosidl_typesupport_introspection_cpp
[0.191s] [ 33%] Built target apf_interfaces__rosidl_typesupport_fastrtps_cpp
[0.192s] [ 43%] Built target apf_interfaces__rosidl_typesupport_cpp
[0.192s] [ 53%] Built target apf_interfaces__rosidl_typesupport_c
[0.192s] [ 64%] Built target apf_interfaces__rosidl_typesupport_introspection_c
[0.192s] [ 74%] Built target apf_interfaces__rosidl_typesupport_fastrtps_c
[0.192s] [ 74%] Built target apf_interfaces
[0.192s] [ 76%] Built target apf_interfaces__py
[0.192s] [ 84%] Built target apf_interfaces__rosidl_generator_py
[0.192s] [100%] Built target apf_interfaces__rosidl_typesupport_introspection_c__pyext
[0.192s] [100%] Built target apf_interfaces__rosidl_typesupport_fastrtps_c__pyext
[0.192s] [100%] Built target apf_interfaces__rosidl_typesupport_c__pyext
[0.229s] running egg_info
[0.229s] writing apf_interfaces.egg-info/PKG-INFO
[0.229s] writing dependency_links to apf_interfaces.egg-info/dependency_links.txt
[0.229s] writing top-level names to apf_interfaces.egg-info/top_level.txt
[0.231s] reading manifest file 'apf_interfaces.egg-info/SOURCES.txt'
[0.231s] writing manifest file 'apf_interfaces.egg-info/SOURCES.txt'
[0.257s] [100%] Built target ament_cmake_python_build_apf_interfaces_egg
[0.268s] Invoked command in '/home/jang/2024_7Dof/build/apf_interfaces' returned '0': CMAKE_PREFIX_PATH=${CMAKE_PREFIX_PATH}:/home/jang/2024_7Dof/install/apf_nodes:/opt/ros/humble /usr/bin/cmake --build /home/jang/2024_7Dof/build/apf_interfaces -- -j16 -l16
[0.342s] Invoking command in '/home/jang/2024_7Dof/build/apf_interfaces': CMAKE_PREFIX_PATH=${CMAKE_PREFIX_PATH}:/home/jang/2024_7Dof/install/apf_nodes:/opt/ros/humble /usr/bin/cmake --install /home/jang/2024_7Dof/build/apf_interfaces
[0.352s] -- Install configuration: "Release"
[0.352s] -- Execute custom install script
[0.352s] -- Up-to-date symlink: /home/jang/2024_7Dof/install/apf_interfaces/share/ament_index/resource_index/rosidl_interfaces/apf_interfaces
[0.353s] -- Up-to-date symlink: /home/jang/2024_7Dof/install/apf_interfaces/include/apf_interfaces/apf_interfaces/msg/detail/distance__functions.h
[0.353s] -- Up-to-date symlink: /home/jang/2024_7Dof/install/apf_interfaces/include/apf_interfaces/apf_interfaces/msg/detail/distance__struct.h
[0.353s] -- Up-to-date symlink: /home/jang/2024_7Dof/install/apf_interfaces/include/apf_interfaces/apf_interfaces/msg/detail/distance__type_support.h
[0.353s] -- Up-to-date symlink: /home/jang/2024_7Dof/install/apf_interfaces/include/apf_interfaces/apf_interfaces/msg/detail/jacobian__functions.h
[0.353s] -- Up-to-date symlink: /home/jang/2024_7Dof/install/apf_interfaces/include/apf_interfaces/apf_interfaces/msg/detail/jacobian__struct.h
[0.353s] -- Up-to-date symlink: /home/jang/2024_7Dof/install/apf_interfaces/include/apf_interfaces/apf_interfaces/msg/detail/jacobian__type_support.h
[0.354s] -- Up-to-date symlink: /home/jang/2024_7Dof/install/apf_interfaces/include/apf_interfaces/apf_interfaces/msg/distance.h
[0.354s] -- Up-to-date symlink: /home/jang/2024_7Dof/install/apf_interfaces/include/apf_interfaces/apf_interfaces/msg/jacobian.h
[0.354s] -- Up-to-date symlink: /home/jang/2024_7Dof/install/apf_interfaces/include/apf_interfaces/apf_interfaces/msg/rosidl_generator_c__visibility_control.h
[0.354s] -- Up-to-date symlink: /home/jang/2024_7Dof/install/apf_interfaces/share/apf_interfaces/environment/library_path.sh
[0.354s] -- Up-to-date symlink: /home/jang/2024_7Dof/install/apf_interfaces/share/apf_interfaces/environment/library_path.dsv
[0.355s] -- Up-to-date symlink: /home/jang/2024_7Dof/install/apf_interfaces/include/apf_interfaces/apf_interfaces/msg/detail/distance__rosidl_typesupport_fastrtps_c.h
[0.355s] -- Up-to-date symlink: /home/jang/2024_7Dof/install/apf_interfaces/include/apf_interfaces/apf_interfaces/msg/detail/jacobian__rosidl_typesupport_fastrtps_c.h
[0.355s] -- Up-to-date symlink: /home/jang/2024_7Dof/install/apf_interfaces/include/apf_interfaces/apf_interfaces/msg/rosidl_typesupport_fastrtps_c__visibility_control.h
[0.355s] -- Up-to-date symlink: /home/jang/2024_7Dof/install/apf_interfaces/include/apf_interfaces/apf_interfaces/msg/detail/distance__builder.hpp
[0.356s] -- Up-to-date symlink: /home/jang/2024_7Dof/install/apf_interfaces/include/apf_interfaces/apf_interfaces/msg/detail/distance__struct.hpp
[0.356s] -- Up-to-date symlink: /home/jang/2024_7Dof/install/apf_interfaces/include/apf_interfaces/apf_interfaces/msg/detail/distance__traits.hpp
[0.356s] -- Up-to-date symlink: /home/jang/2024_7Dof/install/apf_interfaces/include/apf_interfaces/apf_interfaces/msg/detail/jacobian__builder.hpp
[0.356s] -- Up-to-date symlink: /home/jang/2024_7Dof/install/apf_interfaces/include/apf_interfaces/apf_interfaces/msg/detail/jacobian__struct.hpp
[0.356s] -- Up-to-date symlink: /home/jang/2024_7Dof/install/apf_interfaces/include/apf_interfaces/apf_interfaces/msg/detail/jacobian__traits.hpp
[0.356s] -- Up-to-date symlink: /home/jang/2024_7Dof/install/apf_interfaces/include/apf_interfaces/apf_interfaces/msg/distance.hpp
[0.356s] -- Up-to-date symlink: /home/jang/2024_7Dof/install/apf_interfaces/include/apf_interfaces/apf_interfaces/msg/jacobian.hpp
[0.357s] -- Up-to-date symlink: /home/jang/2024_7Dof/install/apf_interfaces/include/apf_interfaces/apf_interfaces/msg/detail/distance__rosidl_typesupport_fastrtps_cpp.hpp
[0.358s] -- Up-to-date symlink: /home/jang/2024_7Dof/install/apf_interfaces/include/apf_interfaces/apf_interfaces/msg/detail/jacobian__rosidl_typesupport_fastrtps_cpp.hpp
[0.358s] -- Up-to-date symlink: /home/jang/2024_7Dof/install/apf_interfaces/include/apf_interfaces/apf_interfaces/msg/rosidl_typesupport_fastrtps_cpp__visibility_control.h
[0.358s] -- Up-to-date symlink: /home/jang/2024_7Dof/install/apf_interfaces/include/apf_interfaces/apf_interfaces/msg/detail/distance__rosidl_typesupport_introspection_c.h
[0.358s] -- Up-to-date symlink: /home/jang/2024_7Dof/install/apf_interfaces/include/apf_interfaces/apf_interfaces/msg/detail/jacobian__rosidl_typesupport_introspection_c.h
[0.358s] -- Up-to-date symlink: /home/jang/2024_7Dof/install/apf_interfaces/include/apf_interfaces/apf_interfaces/msg/rosidl_typesupport_introspection_c__visibility_control.h
[0.358s] -- Up-to-date symlink: /home/jang/2024_7Dof/install/apf_interfaces/include/apf_interfaces/apf_interfaces/msg/detail/distance__rosidl_typesupport_introspection_cpp.hpp
[0.358s] -- Up-to-date symlink: /home/jang/2024_7Dof/install/apf_interfaces/include/apf_interfaces/apf_interfaces/msg/detail/jacobian__rosidl_typesupport_introspection_cpp.hpp
[0.358s] -- Up-to-date symlink: /home/jang/2024_7Dof/install/apf_interfaces/share/apf_interfaces/environment/pythonpath.sh
[0.358s] -- Up-to-date symlink: /home/jang/2024_7Dof/install/apf_interfaces/share/apf_interfaces/environment/pythonpath.dsv
[0.358s] -- Up-to-date symlink: /home/jang/2024_7Dof/install/apf_interfaces/local/lib/python3.10/dist-packages/apf_interfaces-0.0.0-py3.10.egg-info/PKG-INFO
[0.359s] -- Up-to-date symlink: /home/jang/2024_7Dof/install/apf_interfaces/local/lib/python3.10/dist-packages/apf_interfaces-0.0.0-py3.10.egg-info/SOURCES.txt
[0.359s] -- Up-to-date symlink: /home/jang/2024_7Dof/install/apf_interfaces/local/lib/python3.10/dist-packages/apf_interfaces-0.0.0-py3.10.egg-info/dependency_links.txt
[0.359s] -- Up-to-date symlink: /home/jang/2024_7Dof/install/apf_interfaces/local/lib/python3.10/dist-packages/apf_interfaces-0.0.0-py3.10.egg-info/top_level.txt
[0.359s] -- Up-to-date symlink: /home/jang/2024_7Dof/install/apf_interfaces/local/lib/python3.10/dist-packages/apf_interfaces/__init__.py
[0.359s] -- Up-to-date symlink: /home/jang/2024_7Dof/install/apf_interfaces/local/lib/python3.10/dist-packages/apf_interfaces/_apf_interfaces_s.ep.rosidl_typesupport_c.c
[0.359s] -- Up-to-date symlink: /home/jang/2024_7Dof/install/apf_interfaces/local/lib/python3.10/dist-packages/apf_interfaces/_apf_interfaces_s.ep.rosidl_typesupport_fastrtps_c.c
[0.359s] -- Up-to-date symlink: /home/jang/2024_7Dof/install/apf_interfaces/local/lib/python3.10/dist-packages/apf_interfaces/_apf_interfaces_s.ep.rosidl_typesupport_introspection_c.c
[0.359s] -- Up-to-date symlink: /home/jang/2024_7Dof/install/apf_interfaces/local/lib/python3.10/dist-packages/apf_interfaces/apf_interfaces_s__rosidl_typesupport_c.cpython-310-x86_64-linux-gnu.so
[0.359s] -- Up-to-date symlink: /home/jang/2024_7Dof/install/apf_interfaces/local/lib/python3.10/dist-packages/apf_interfaces/apf_interfaces_s__rosidl_typesupport_fastrtps_c.cpython-310-x86_64-linux-gnu.so
[0.359s] -- Up-to-date symlink: /home/jang/2024_7Dof/install/apf_interfaces/local/lib/python3.10/dist-packages/apf_interfaces/apf_interfaces_s__rosidl_typesupport_introspection_c.cpython-310-x86_64-linux-gnu.so
[0.359s] -- Up-to-date symlink: /home/jang/2024_7Dof/install/apf_interfaces/local/lib/python3.10/dist-packages/apf_interfaces/libapf_interfaces__rosidl_generator_py.so
[0.359s] -- Up-to-date symlink: /home/jang/2024_7Dof/install/apf_interfaces/local/lib/python3.10/dist-packages/apf_interfaces/msg/__init__.py
[0.359s] -- Up-to-date symlink: /home/jang/2024_7Dof/install/apf_interfaces/local/lib/python3.10/dist-packages/apf_interfaces/msg/_distance.py
[0.359s] -- Up-to-date symlink: /home/jang/2024_7Dof/install/apf_interfaces/local/lib/python3.10/dist-packages/apf_interfaces/msg/_distance_s.c
[0.359s] -- Up-to-date symlink: /home/jang/2024_7Dof/install/apf_interfaces/local/lib/python3.10/dist-packages/apf_interfaces/msg/_jacobian.py
[0.359s] -- Up-to-date symlink: /home/jang/2024_7Dof/install/apf_interfaces/local/lib/python3.10/dist-packages/apf_interfaces/msg/_jacobian_s.c
[0.359s] -- Up-to-date symlink: /home/jang/2024_7Dof/install/apf_interfaces/local/lib/python3.10/dist-packages/apf_interfaces/apf_interfaces_s__rosidl_typesupport_fastrtps_c.cpython-310-x86_64-linux-gnu.so
[0.360s] -- Up-to-date symlink: /home/jang/2024_7Dof/install/apf_interfaces/local/lib/python3.10/dist-packages/apf_interfaces/apf_interfaces_s__rosidl_typesupport_introspection_c.cpython-310-x86_64-linux-gnu.so
[0.360s] -- Up-to-date symlink: /home/jang/2024_7Dof/install/apf_interfaces/local/lib/python3.10/dist-packages/apf_interfaces/apf_interfaces_s__rosidl_typesupport_c.cpython-310-x86_64-linux-gnu.so
[0.360s] -- Up-to-date symlink: /home/jang/2024_7Dof/install/apf_interfaces/share/apf_interfaces/msg/Jacobian.idl
[0.360s] -- Up-to-date symlink: /home/jang/2024_7Dof/install/apf_interfaces/share/apf_interfaces/msg/Distance.idl
[0.360s] -- Up-to-date symlink: /home/jang/2024_7Dof/install/apf_interfaces/share/apf_interfaces/msg/Jacobian.msg
[0.360s] -- Up-to-date symlink: /home/jang/2024_7Dof/install/apf_interfaces/share/apf_interfaces/msg/Distance.msg
[0.360s] -- Up-to-date symlink: /home/jang/2024_7Dof/install/apf_interfaces/share/ament_index/resource_index/package_run_dependencies/apf_interfaces
[0.360s] -- Up-to-date symlink: /home/jang/2024_7Dof/install/apf_interfaces/share/ament_index/resource_index/parent_prefix_path/apf_interfaces
[0.360s] -- Up-to-date symlink: /home/jang/2024_7Dof/install/apf_interfaces/share/apf_interfaces/environment/ament_prefix_path.sh
[0.360s] -- Up-to-date symlink: /home/jang/2024_7Dof/install/apf_interfaces/share/apf_interfaces/environment/ament_prefix_path.dsv
[0.360s] -- Up-to-date symlink: /home/jang/2024_7Dof/install/apf_interfaces/share/apf_interfaces/environment/path.sh
[0.360s] -- Up-to-date symlink: /home/jang/2024_7Dof/install/apf_interfaces/share/apf_interfaces/environment/path.dsv
[0.360s] -- Up-to-date symlink: /home/jang/2024_7Dof/install/apf_interfaces/share/apf_interfaces/local_setup.bash
[0.361s] -- Up-to-date symlink: /home/jang/2024_7Dof/install/apf_interfaces/share/apf_interfaces/local_setup.sh
[0.361s] -- Up-to-date symlink: /home/jang/2024_7Dof/install/apf_interfaces/share/apf_interfaces/local_setup.zsh
[0.361s] -- Up-to-date symlink: /home/jang/2024_7Dof/install/apf_interfaces/share/apf_interfaces/local_setup.dsv
[0.361s] -- Symlinking: /home/jang/2024_7Dof/install/apf_interfaces/share/apf_interfaces/package.dsv
[0.368s] -- Up-to-date symlink: /home/jang/2024_7Dof/install/apf_interfaces/share/ament_index/resource_index/packages/apf_interfaces
[0.368s] -- Up-to-date symlink: /home/jang/2024_7Dof/install/apf_interfaces/share/apf_interfaces/cmake/rosidl_cmake-extras.cmake
[0.369s] -- Up-to-date symlink: /home/jang/2024_7Dof/install/apf_interfaces/share/apf_interfaces/cmake/ament_cmake_export_dependencies-extras.cmake
[0.369s] -- Up-to-date symlink: /home/jang/2024_7Dof/install/apf_interfaces/share/apf_interfaces/cmake/ament_cmake_export_include_directories-extras.cmake
[0.369s] -- Up-to-date symlink: /home/jang/2024_7Dof/install/apf_interfaces/share/apf_interfaces/cmake/ament_cmake_export_libraries-extras.cmake
[0.369s] -- Up-to-date symlink: /home/jang/2024_7Dof/install/apf_interfaces/share/apf_interfaces/cmake/ament_cmake_export_targets-extras.cmake
[0.369s] -- Up-to-date symlink: /home/jang/2024_7Dof/install/apf_interfaces/share/apf_interfaces/cmake/rosidl_cmake_export_typesupport_targets-extras.cmake
[0.369s] -- Up-to-date symlink: /home/jang/2024_7Dof/install/apf_interfaces/share/apf_interfaces/cmake/rosidl_cmake_export_typesupport_libraries-extras.cmake
[0.369s] -- Up-to-date symlink: /home/jang/2024_7Dof/install/apf_interfaces/share/apf_interfaces/cmake/apf_interfacesConfig.cmake
[0.369s] -- Up-to-date symlink: /home/jang/2024_7Dof/install/apf_interfaces/share/apf_interfaces/cmake/apf_interfacesConfig-version.cmake
[0.369s] -- Up-to-date symlink: /home/jang/2024_7Dof/install/apf_interfaces/share/apf_interfaces/package.xml
[0.370s] -- Up-to-date: /home/jang/2024_7Dof/install/apf_interfaces/lib/libapf_interfaces__rosidl_generator_c.so
[0.370s] -- Up-to-date: /home/jang/2024_7Dof/install/apf_interfaces/lib/libapf_interfaces__rosidl_typesupport_fastrtps_c.so
[0.370s] -- Up-to-date: /home/jang/2024_7Dof/install/apf_interfaces/lib/libapf_interfaces__rosidl_typesupport_fastrtps_cpp.so
[0.370s] -- Up-to-date: /home/jang/2024_7Dof/install/apf_interfaces/lib/libapf_interfaces__rosidl_typesupport_introspection_c.so
[0.371s] -- Up-to-date: /home/jang/2024_7Dof/install/apf_interfaces/lib/libapf_interfaces__rosidl_typesupport_c.so
[0.371s] -- Up-to-date: /home/jang/2024_7Dof/install/apf_interfaces/lib/libapf_interfaces__rosidl_typesupport_introspection_cpp.so
[0.371s] -- Up-to-date: /home/jang/2024_7Dof/install/apf_interfaces/lib/libapf_interfaces__rosidl_typesupport_cpp.so
[0.394s] Listing '/home/jang/2024_7Dof/install/apf_interfaces/local/lib/python3.10/dist-packages/apf_interfaces'...
[0.394s] Listing '/home/jang/2024_7Dof/install/apf_interfaces/local/lib/python3.10/dist-packages/apf_interfaces/msg'...
[0.397s] -- Up-to-date: /home/jang/2024_7Dof/install/apf_interfaces/lib/libapf_interfaces__rosidl_generator_py.so
[0.397s] -- Up-to-date: /home/jang/2024_7Dof/install/apf_interfaces/share/apf_interfaces/cmake/export_apf_interfaces__rosidl_generator_cExport.cmake
[0.397s] -- Up-to-date: /home/jang/2024_7Dof/install/apf_interfaces/share/apf_interfaces/cmake/export_apf_interfaces__rosidl_generator_cExport-release.cmake
[0.398s] -- Up-to-date: /home/jang/2024_7Dof/install/apf_interfaces/share/apf_interfaces/cmake/export_apf_interfaces__rosidl_typesupport_fastrtps_cExport.cmake
[0.398s] -- Up-to-date: /home/jang/2024_7Dof/install/apf_interfaces/share/apf_interfaces/cmake/export_apf_interfaces__rosidl_typesupport_fastrtps_cExport-release.cmake
[0.398s] -- Up-to-date: /home/jang/2024_7Dof/install/apf_interfaces/share/apf_interfaces/cmake/export_apf_interfaces__rosidl_generator_cppExport.cmake
[0.398s] -- Up-to-date: /home/jang/2024_7Dof/install/apf_interfaces/share/apf_interfaces/cmake/export_apf_interfaces__rosidl_typesupport_fastrtps_cppExport.cmake
[0.398s] -- Up-to-date: /home/jang/2024_7Dof/install/apf_interfaces/share/apf_interfaces/cmake/export_apf_interfaces__rosidl_typesupport_fastrtps_cppExport-release.cmake
[0.398s] -- Up-to-date: /home/jang/2024_7Dof/install/apf_interfaces/share/apf_interfaces/cmake/apf_interfaces__rosidl_typesupport_introspection_cExport.cmake
[0.398s] -- Up-to-date: /home/jang/2024_7Dof/install/apf_interfaces/share/apf_interfaces/cmake/apf_interfaces__rosidl_typesupport_introspection_cExport-release.cmake
[0.399s] -- Up-to-date: /home/jang/2024_7Dof/install/apf_interfaces/share/apf_interfaces/cmake/apf_interfaces__rosidl_typesupport_cExport.cmake
[0.399s] -- Up-to-date: /home/jang/2024_7Dof/install/apf_interfaces/share/apf_interfaces/cmake/apf_interfaces__rosidl_typesupport_cExport-release.cmake
[0.399s] -- Up-to-date: /home/jang/2024_7Dof/install/apf_interfaces/share/apf_interfaces/cmake/apf_interfaces__rosidl_typesupport_introspection_cppExport.cmake
[0.399s] -- Up-to-date: /home/jang/2024_7Dof/install/apf_interfaces/share/apf_interfaces/cmake/apf_interfaces__rosidl_typesupport_introspection_cppExport-release.cmake
[0.399s] -- Up-to-date: /home/jang/2024_7Dof/install/apf_interfaces/share/apf_interfaces/cmake/apf_interfaces__rosidl_typesupport_cppExport.cmake
[0.399s] -- Up-to-date: /home/jang/2024_7Dof/install/apf_interfaces/share/apf_interfaces/cmake/apf_interfaces__rosidl_typesupport_cppExport-release.cmake
[0.399s] -- Up-to-date: /home/jang/2024_7Dof/install/apf_interfaces/share/apf_interfaces/cmake/export_apf_interfaces__rosidl_generator_pyExport.cmake
[0.399s] -- Up-to-date: /home/jang/2024_7Dof/install/apf_interfaces/share/apf_interfaces/cmake/export_apf_interfaces__rosidl_generator_pyExport-release.cmake
[0.401s] Invoked command in '/home/jang/2024_7Dof/build/apf_interfaces' returned '0': CMAKE_PREFIX_PATH=${CMAKE_PREFIX_PATH}:/home/jang/2024_7Dof/install/apf_nodes:/opt/ros/humble /usr/bin/cmake --install /home/jang/2024_7Dof/build/apf_interfaces
