-- The C compiler identification is GNU 11.4.0
-- The CXX compiler identification is GNU 11.4.0
-- Detecting C compiler ABI info
-- Detecting C compiler ABI info - done
-- Check for working C compiler: /usr/bin/cc - skipped
-- Detecting C compile features
-- Detecting C compile features - done
-- Detecting CXX compiler ABI info
-- Detecting CXX compiler ABI info - done
-- Check for working CXX compiler: /usr/bin/c++ - skipped
-- Detecting CXX compile features
-- Detecting CXX compile features - done
-- Found ament_cmake: 1.3.10 (/opt/ros/humble/share/ament_cmake/cmake)
-- Found Python3: /usr/bin/python3 (found version "3.10.12") found components: Interpreter 
-- Override CMake install command with custom implementation using symlinks instead of copying resources
-- Found rclcpp: 16.0.10 (/opt/ros/humble/share/rclcpp/cmake)
-- Found rosidl_generator_c: 3.1.5 (/opt/ros/humble/share/rosidl_generator_c/cmake)
-- Found rosidl_adapter: 3.1.5 (/opt/ros/humble/share/rosidl_adapter/cmake)
-- Found rosidl_generator_cpp: 3.1.5 (/opt/ros/humble/share/rosidl_generator_cpp/cmake)
-- Using all available rosidl_typesupport_c: rosidl_typesupport_fastrtps_c;rosidl_typesupport_introspection_c
-- Using all available rosidl_typesupport_cpp: rosidl_typesupport_fastrtps_cpp;rosidl_typesupport_introspection_cpp
-- Found rmw_implementation_cmake: 6.1.2 (/opt/ros/humble/share/rmw_implementation_cmake/cmake)
-- Found rmw_fastrtps_cpp: 6.2.7 (/opt/ros/humble/share/rmw_fastrtps_cpp/cmake)
-- Found OpenSSL: /usr/lib/x86_64-linux-gnu/libcrypto.so (found version "3.0.2")  
-- Found FastRTPS: /opt/ros/humble/include  
-- Using RMW implementation 'rmw_fastrtps_cpp' as default
-- Looking for pthread.h
-- Looking for pthread.h - found
-- Performing Test CMAKE_HAVE_LIBC_PTHREAD
-- Performing Test CMAKE_HAVE_LIBC_PTHREAD - Success
-- Found Threads: TRUE  
-- Found eigen3_cmake_module: 0.1.1 (/opt/ros/humble/share/eigen3_cmake_module/cmake)
-- Found Eigen3: TRUE (found version "3.4.0") 
-- Found ament_lint_auto: 0.12.11 (/opt/ros/humble/share/ament_lint_auto/cmake)
-- Added test 'cppcheck' to perform static code analysis on C / C++ code
-- Configured cppcheck include dirs: $<BUILD_INTERFACE:/home/jang/2024_7Dof/src/culjaco/include>
-- Configured cppcheck exclude dirs and/or files: 
-- Added test 'flake8' to check Python code syntax and style conventions
-- Added test 'lint_cmake' to check CMake code style
-- Added test 'pep257' to check Python code against some of the docstring style conventions in PEP 257
-- Added test 'uncrustify' to check C / C++ code style
-- Configured uncrustify additional arguments: 
-- Added test 'xmllint' to check XML markup files
-- Configuring done
-- Generating done
-- Build files have been written to: /home/jang/2024_7Dof/build/culjaco
[ 25%] [32mBuilding CXX object CMakeFiles/talker.dir/src/publisher_member_function.cpp.o[0m
[ 25%] [32mBuilding CXX object CMakeFiles/listener.dir/src/subscriber_member_function.cpp.o[0m
[ 37%] [32mBuilding CXX object CMakeFiles/forward.dir/src/forward.cpp.o[0m
[ 50%] [32mBuilding CXX object CMakeFiles/forward_node.dir/src/forward_node.cpp.o[0m
[ 62%] [32m[1mLinking CXX executable forward[0m
[ 62%] Built target forward
[ 75%] [32m[1mLinking CXX executable talker[0m
[ 75%] Built target talker
[ 87%] [32m[1mLinking CXX executable listener[0m
[ 87%] Built target listener
[100%] [32m[1mLinking CXX executable forward_node[0m
[100%] Built target forward_node
-- Install configuration: "Release"
-- Execute custom install script
-- Symlinking: /home/jang/2024_7Dof/install/culjaco/lib/culjaco/forward
-- Symlinking: /home/jang/2024_7Dof/install/culjaco/lib/culjaco/talker
-- Symlinking: /home/jang/2024_7Dof/install/culjaco/lib/culjaco/listener
-- Symlinking: /home/jang/2024_7Dof/install/culjaco/lib/culjaco/forward_node
-- Symlinking: /home/jang/2024_7Dof/install/culjaco/share/ament_index/resource_index/package_run_dependencies/culjaco
-- Symlinking: /home/jang/2024_7Dof/install/culjaco/share/ament_index/resource_index/parent_prefix_path/culjaco
-- Symlinking: /home/jang/2024_7Dof/install/culjaco/share/culjaco/environment/ament_prefix_path.sh
-- Symlinking: /home/jang/2024_7Dof/install/culjaco/share/culjaco/environment/ament_prefix_path.dsv
-- Symlinking: /home/jang/2024_7Dof/install/culjaco/share/culjaco/environment/path.sh
-- Symlinking: /home/jang/2024_7Dof/install/culjaco/share/culjaco/environment/path.dsv
-- Symlinking: /home/jang/2024_7Dof/install/culjaco/share/culjaco/local_setup.bash
-- Symlinking: /home/jang/2024_7Dof/install/culjaco/share/culjaco/local_setup.sh
-- Symlinking: /home/jang/2024_7Dof/install/culjaco/share/culjaco/local_setup.zsh
-- Symlinking: /home/jang/2024_7Dof/install/culjaco/share/culjaco/local_setup.dsv
-- Symlinking: /home/jang/2024_7Dof/install/culjaco/share/culjaco/package.dsv
-- Symlinking: /home/jang/2024_7Dof/install/culjaco/share/ament_index/resource_index/packages/culjaco
-- Symlinking: /home/jang/2024_7Dof/install/culjaco/share/culjaco/cmake/culjacoConfig.cmake
-- Symlinking: /home/jang/2024_7Dof/install/culjaco/share/culjaco/cmake/culjacoConfig-version.cmake
-- Symlinking: /home/jang/2024_7Dof/install/culjaco/share/culjaco/package.xml
