[0.161s] Invoking command in '/home/jang/2024_7Dof/build/culjaco': CMAKE_PREFIX_PATH=/opt/ros/humble /usr/bin/cmake /home/jang/2024_7Dof/src/culjaco -DCMAKE_BUILD_TYPE=Release -DAMENT_CMAKE_SYMLINK_INSTALL=1 -DCMAKE_INSTALL_PREFIX=/home/jang/2024_7Dof/install/culjaco
[0.216s] -- The C compiler identification is GNU 11.4.0
[0.262s] -- The CXX compiler identification is GNU 11.4.0
[0.269s] -- Detecting C compiler ABI info
[0.332s] -- Detecting C compiler ABI info - done
[0.341s] -- Check for working C compiler: /usr/bin/cc - skipped
[0.342s] -- Detecting C compile features
[0.342s] -- Detecting C compile features - done
[0.345s] -- Detecting CXX compiler ABI info
[0.417s] -- Detecting CXX compiler ABI info - done
[0.429s] -- Check for working CXX compiler: /usr/bin/c++ - skipped
[0.429s] -- Detecting CXX compile features
[0.429s] -- Detecting CXX compile features - done
[0.429s] -- Found ament_cmake: 1.3.10 (/opt/ros/humble/share/ament_cmake/cmake)
[0.558s] -- Found Python3: /usr/bin/python3 (found version "3.10.12") found components: Interpreter 
[0.633s] -- Override CMake install command with custom implementation using symlinks instead of copying resources
[0.659s] -- Found rclcpp: 16.0.10 (/opt/ros/humble/share/rclcpp/cmake)
[0.690s] -- Found rosidl_generator_c: 3.1.5 (/opt/ros/humble/share/rosidl_generator_c/cmake)
[0.693s] -- Found rosidl_adapter: 3.1.5 (/opt/ros/humble/share/rosidl_adapter/cmake)
[0.698s] -- Found rosidl_generator_cpp: 3.1.5 (/opt/ros/humble/share/rosidl_generator_cpp/cmake)
[0.706s] -- Using all available rosidl_typesupport_c: rosidl_typesupport_fastrtps_c;rosidl_typesupport_introspection_c
[0.716s] -- Using all available rosidl_typesupport_cpp: rosidl_typesupport_fastrtps_cpp;rosidl_typesupport_introspection_cpp
[0.745s] -- Found rmw_implementation_cmake: 6.1.2 (/opt/ros/humble/share/rmw_implementation_cmake/cmake)
[0.747s] -- Found rmw_fastrtps_cpp: 6.2.7 (/opt/ros/humble/share/rmw_fastrtps_cpp/cmake)
[0.814s] -- Found OpenSSL: /usr/lib/x86_64-linux-gnu/libcrypto.so (found version "3.0.2")  
[0.839s] -- Found FastRTPS: /opt/ros/humble/include  
[0.881s] -- Using RMW implementation 'rmw_fastrtps_cpp' as default
[0.889s] -- Looking for pthread.h
[0.955s] -- Looking for pthread.h - found
[0.955s] -- Performing Test CMAKE_HAVE_LIBC_PTHREAD
[1.024s] -- Performing Test CMAKE_HAVE_LIBC_PTHREAD - Success
[1.025s] -- Found Threads: TRUE  
[1.087s] -- Found eigen3_cmake_module: 0.1.1 (/opt/ros/humble/share/eigen3_cmake_module/cmake)
[1.097s] -- Found Eigen3: TRUE (found version "3.4.0") 
[1.102s] -- Found ament_lint_auto: 0.12.11 (/opt/ros/humble/share/ament_lint_auto/cmake)
[1.178s] -- Added test 'cppcheck' to perform static code analysis on C / C++ code
[1.178s] -- Configured cppcheck include dirs: $<BUILD_INTERFACE:/home/jang/2024_7Dof/src/culjaco/include>
[1.178s] -- Configured cppcheck exclude dirs and/or files: 
[1.179s] -- Added test 'flake8' to check Python code syntax and style conventions
[1.179s] -- Added test 'lint_cmake' to check CMake code style
[1.180s] -- Added test 'pep257' to check Python code against some of the docstring style conventions in PEP 257
[1.182s] -- Added test 'uncrustify' to check C / C++ code style
[1.182s] -- Configured uncrustify additional arguments: 
[1.182s] -- Added test 'xmllint' to check XML markup files
[1.184s] -- Configuring done
[1.202s] -- Generating done
[1.205s] -- Build files have been written to: /home/jang/2024_7Dof/build/culjaco
[1.215s] Invoked command in '/home/jang/2024_7Dof/build/culjaco' returned '0': CMAKE_PREFIX_PATH=/opt/ros/humble /usr/bin/cmake /home/jang/2024_7Dof/src/culjaco -DCMAKE_BUILD_TYPE=Release -DAMENT_CMAKE_SYMLINK_INSTALL=1 -DCMAKE_INSTALL_PREFIX=/home/jang/2024_7Dof/install/culjaco
[1.217s] Invoking command in '/home/jang/2024_7Dof/build/culjaco': CMAKE_PREFIX_PATH=/opt/ros/humble /usr/bin/cmake --build /home/jang/2024_7Dof/build/culjaco -- -j16 -l16
[1.264s] [ 25%] [32mBuilding CXX object CMakeFiles/talker.dir/src/publisher_member_function.cpp.o[0m
[1.264s] [ 25%] [32mBuilding CXX object CMakeFiles/listener.dir/src/subscriber_member_function.cpp.o[0m
[1.264s] [ 37%] [32mBuilding CXX object CMakeFiles/forward.dir/src/forward.cpp.o[0m
[1.266s] [ 50%] [32mBuilding CXX object CMakeFiles/forward_node.dir/src/forward_node.cpp.o[0m
[1.306s] [ 62%] [32m[1mLinking CXX executable forward[0m
[1.341s] [ 62%] Built target forward
[7.393s] [ 75%] [32m[1mLinking CXX executable talker[0m
[7.494s] [ 75%] Built target talker
[9.392s] [ 87%] [32m[1mLinking CXX executable listener[0m
[9.557s] [ 87%] Built target listener
[10.468s] [100%] [32m[1mLinking CXX executable forward_node[0m
[10.579s] [100%] Built target forward_node
[10.592s] Invoked command in '/home/jang/2024_7Dof/build/culjaco' returned '0': CMAKE_PREFIX_PATH=/opt/ros/humble /usr/bin/cmake --build /home/jang/2024_7Dof/build/culjaco -- -j16 -l16
[10.627s] Invoking command in '/home/jang/2024_7Dof/build/culjaco': CMAKE_PREFIX_PATH=/opt/ros/humble /usr/bin/cmake --install /home/jang/2024_7Dof/build/culjaco
[10.636s] -- Install configuration: "Release"
[10.636s] -- Execute custom install script
[10.636s] -- Symlinking: /home/jang/2024_7Dof/install/culjaco/lib/culjaco/forward
[10.647s] -- Symlinking: /home/jang/2024_7Dof/install/culjaco/lib/culjaco/talker
[10.655s] -- Symlinking: /home/jang/2024_7Dof/install/culjaco/lib/culjaco/listener
[10.666s] -- Symlinking: /home/jang/2024_7Dof/install/culjaco/lib/culjaco/forward_node
[10.676s] -- Symlinking: /home/jang/2024_7Dof/install/culjaco/share/ament_index/resource_index/package_run_dependencies/culjaco
[10.687s] -- Symlinking: /home/jang/2024_7Dof/install/culjaco/share/ament_index/resource_index/parent_prefix_path/culjaco
[10.697s] -- Symlinking: /home/jang/2024_7Dof/install/culjaco/share/culjaco/environment/ament_prefix_path.sh
[10.705s] -- Symlinking: /home/jang/2024_7Dof/install/culjaco/share/culjaco/environment/ament_prefix_path.dsv
[10.715s] -- Symlinking: /home/jang/2024_7Dof/install/culjaco/share/culjaco/environment/path.sh
[10.725s] -- Symlinking: /home/jang/2024_7Dof/install/culjaco/share/culjaco/environment/path.dsv
[10.735s] -- Symlinking: /home/jang/2024_7Dof/install/culjaco/share/culjaco/local_setup.bash
[10.745s] -- Symlinking: /home/jang/2024_7Dof/install/culjaco/share/culjaco/local_setup.sh
[10.753s] -- Symlinking: /home/jang/2024_7Dof/install/culjaco/share/culjaco/local_setup.zsh
[10.763s] -- Symlinking: /home/jang/2024_7Dof/install/culjaco/share/culjaco/local_setup.dsv
[10.771s] -- Symlinking: /home/jang/2024_7Dof/install/culjaco/share/culjaco/package.dsv
[10.781s] -- Symlinking: /home/jang/2024_7Dof/install/culjaco/share/ament_index/resource_index/packages/culjaco
[10.791s] -- Symlinking: /home/jang/2024_7Dof/install/culjaco/share/culjaco/cmake/culjacoConfig.cmake
[10.800s] -- Symlinking: /home/jang/2024_7Dof/install/culjaco/share/culjaco/cmake/culjacoConfig-version.cmake
[10.810s] -- Symlinking: /home/jang/2024_7Dof/install/culjaco/share/culjaco/package.xml
[10.823s] Invoked command in '/home/jang/2024_7Dof/build/culjaco' returned '0': CMAKE_PREFIX_PATH=/opt/ros/humble /usr/bin/cmake --install /home/jang/2024_7Dof/build/culjaco
