[0.166s] Invoking command in '/home/jang/2024_7Dof/build/apf_package': CMAKE_PREFIX_PATH=${CMAKE_PREFIX_PATH}:/home/jang/2024_7Dof/install/apf_nodes:/opt/ros/humble /usr/bin/cmake --build /home/jang/2024_7Dof/build/apf_package -- -j16 -l16
[0.455s] [ 50%] Built target cul_distance_node
[0.455s] [100%] Built target apf_main_node
[0.581s] Invoked command in '/home/jang/2024_7Dof/build/apf_package' returned '0': CMAKE_PREFIX_PATH=${CMAKE_PREFIX_PATH}:/home/jang/2024_7Dof/install/apf_nodes:/opt/ros/humble /usr/bin/cmake --build /home/jang/2024_7Dof/build/apf_package -- -j16 -l16
[0.720s] Invoking command in '/home/jang/2024_7Dof/build/apf_package': CMAKE_PREFIX_PATH=${CMAKE_PREFIX_PATH}:/home/jang/2024_7Dof/install/apf_nodes:/opt/ros/humble /usr/bin/cmake --install /home/jang/2024_7Dof/build/apf_package
[0.735s] -- Install configuration: "Release"
[0.736s] -- Execute custom install script
[0.736s] -- Up-to-date symlink: /home/jang/2024_7Dof/install/apf_package/lib/apf_package/apf_main_node
[0.736s] -- Up-to-date symlink: /home/jang/2024_7Dof/install/apf_package/lib/apf_package/cul_distance_node
[0.736s] -- Up-to-date symlink: /home/jang/2024_7Dof/install/apf_package/share/ament_index/resource_index/package_run_dependencies/apf_package
[0.736s] -- Up-to-date symlink: /home/jang/2024_7Dof/install/apf_package/share/ament_index/resource_index/parent_prefix_path/apf_package
[0.736s] -- Up-to-date symlink: /home/jang/2024_7Dof/install/apf_package/share/apf_package/environment/ament_prefix_path.sh
[0.737s] -- Up-to-date symlink: /home/jang/2024_7Dof/install/apf_package/share/apf_package/environment/ament_prefix_path.dsv
[0.737s] -- Up-to-date symlink: /home/jang/2024_7Dof/install/apf_package/share/apf_package/environment/path.sh
[0.737s] -- Up-to-date symlink: /home/jang/2024_7Dof/install/apf_package/share/apf_package/environment/path.dsv
[0.739s] -- Up-to-date symlink: /home/jang/2024_7Dof/install/apf_package/share/apf_package/local_setup.bash
[0.740s] -- Up-to-date symlink: /home/jang/2024_7Dof/install/apf_package/share/apf_package/local_setup.sh
[0.742s] -- Up-to-date symlink: /home/jang/2024_7Dof/install/apf_package/share/apf_package/local_setup.zsh
[0.743s] -- Up-to-date symlink: /home/jang/2024_7Dof/install/apf_package/share/apf_package/local_setup.dsv
[0.744s] -- Symlinking: /home/jang/2024_7Dof/install/apf_package/share/apf_package/package.dsv
[0.772s] -- Up-to-date symlink: /home/jang/2024_7Dof/install/apf_package/share/ament_index/resource_index/packages/apf_package
[0.773s] -- Up-to-date symlink: /home/jang/2024_7Dof/install/apf_package/share/apf_package/cmake/apf_packageConfig.cmake
[0.774s] -- Up-to-date symlink: /home/jang/2024_7Dof/install/apf_package/share/apf_package/cmake/apf_packageConfig-version.cmake
[0.779s] -- Up-to-date symlink: /home/jang/2024_7Dof/install/apf_package/share/apf_package/package.xml
[0.804s] Invoked command in '/home/jang/2024_7Dof/build/apf_package' returned '0': CMAKE_PREFIX_PATH=${CMAKE_PREFIX_PATH}:/home/jang/2024_7Dof/install/apf_nodes:/opt/ros/humble /usr/bin/cmake --install /home/jang/2024_7Dof/build/apf_package
