[0.015s] Invoking command in '/home/jang/2024_7Dof/build/iiwa_description': CMAKE_PREFIX_PATH=${CMAKE_PREFIX_PATH}:/home/jang/2024_7Dof/install/apf_nodes:/opt/ros/humble /usr/bin/cmake /home/jang/2024_7Dof/src/iiwa_ros2/iiwa_description -DCMAKE_BUILD_TYPE=Release -DAMENT_CMAKE_SYMLINK_INSTALL=1 -DCMAKE_INSTALL_PREFIX=/home/jang/2024_7Dof/install/iiwa_description
[0.198s] -- The C compiler identification is GNU 11.4.0
[0.198s] -- The CXX compiler identification is GNU 11.4.0
[0.198s] -- Detecting C compiler ABI info
[0.198s] -- Detecting C compiler ABI info - done
[0.198s] -- Check for working C compiler: /usr/bin/cc - skipped
[0.198s] -- Detecting C compile features
[0.198s] -- Detecting C compile features - done
[0.198s] -- Detecting CXX compiler ABI info
[0.423s] -- Detecting CXX compiler ABI info - done
[0.473s] -- Check for working CXX compiler: /usr/bin/c++ - skipped
[0.475s] -- Detecting CXX compile features
[0.475s] -- Detecting CXX compile features - done
[0.494s] -- Found ament_cmake: 1.3.10 (/opt/ros/humble/share/ament_cmake/cmake)
[1.209s] -- Found Python3: /usr/bin/python3 (found version "3.10.12") found components: Interpreter 
[1.368s] -- Override CMake install command with custom implementation using symlinks instead of copying resources
[1.441s] -- Found ament_cmake_gtest: 1.3.10 (/opt/ros/humble/share/ament_cmake_gtest/cmake)
[1.446s] -- Found ament_lint_auto: 0.12.11 (/opt/ros/humble/share/ament_lint_auto/cmake)
[1.772s] -- Added test 'copyright' to check source files copyright and LICENSE
[1.776s] -- Added test 'lint_cmake' to check CMake code style
[1.779s] -- Added test 'xmllint' to check XML markup files
[1.780s] -- Configuring done
[1.782s] -- Generating done
[1.783s] -- Build files have been written to: /home/jang/2024_7Dof/build/iiwa_description
[1.797s] Invoked command in '/home/jang/2024_7Dof/build/iiwa_description' returned '0': CMAKE_PREFIX_PATH=${CMAKE_PREFIX_PATH}:/home/jang/2024_7Dof/install/apf_nodes:/opt/ros/humble /usr/bin/cmake /home/jang/2024_7Dof/src/iiwa_ros2/iiwa_description -DCMAKE_BUILD_TYPE=Release -DAMENT_CMAKE_SYMLINK_INSTALL=1 -DCMAKE_INSTALL_PREFIX=/home/jang/2024_7Dof/install/iiwa_description
[1.800s] Invoking command in '/home/jang/2024_7Dof/build/iiwa_description': CMAKE_PREFIX_PATH=${CMAKE_PREFIX_PATH}:/home/jang/2024_7Dof/install/apf_nodes:/opt/ros/humble /usr/bin/cmake --build /home/jang/2024_7Dof/build/iiwa_description -- -j16 -l16
[1.875s] Invoked command in '/home/jang/2024_7Dof/build/iiwa_description' returned '0': CMAKE_PREFIX_PATH=${CMAKE_PREFIX_PATH}:/home/jang/2024_7Dof/install/apf_nodes:/opt/ros/humble /usr/bin/cmake --build /home/jang/2024_7Dof/build/iiwa_description -- -j16 -l16
[1.951s] Invoking command in '/home/jang/2024_7Dof/build/iiwa_description': CMAKE_PREFIX_PATH=${CMAKE_PREFIX_PATH}:/home/jang/2024_7Dof/install/apf_nodes:/opt/ros/humble /usr/bin/cmake --install /home/jang/2024_7Dof/build/iiwa_description
[1.982s] -- Install configuration: "Release"
[1.985s] -- Execute custom install script
[1.988s] -- Symlinking: /home/jang/2024_7Dof/install/iiwa_description/share/iiwa_description/urdf/iiwa.urdf.xacro
[2.007s] -- Symlinking: /home/jang/2024_7Dof/install/iiwa_description/share/iiwa_description/meshes/flex_fellow_h800/flex_fellow_h800.dae
[2.016s] -- Symlinking: /home/jang/2024_7Dof/install/iiwa_description/share/iiwa_description/meshes/flex_fellow_h800/flex_fellow_h800.stl
[2.047s] -- Symlinking: /home/jang/2024_7Dof/install/iiwa_description/share/iiwa_description/meshes/lbr_iiwa_14_r820/collision/base_link.stl
[2.086s] -- Symlinking: /home/jang/2024_7Dof/install/iiwa_description/share/iiwa_description/meshes/lbr_iiwa_14_r820/collision/link_1.stl
[2.128s] -- Symlinking: /home/jang/2024_7Dof/install/iiwa_description/share/iiwa_description/meshes/lbr_iiwa_14_r820/collision/link_2.stl
[2.179s] -- Symlinking: /home/jang/2024_7Dof/install/iiwa_description/share/iiwa_description/meshes/lbr_iiwa_14_r820/collision/link_3.stl
[2.194s] -- Symlinking: /home/jang/2024_7Dof/install/iiwa_description/share/iiwa_description/meshes/lbr_iiwa_14_r820/collision/link_4.stl
[2.234s] -- Symlinking: /home/jang/2024_7Dof/install/iiwa_description/share/iiwa_description/meshes/lbr_iiwa_14_r820/collision/link_5.stl
[2.289s] -- Symlinking: /home/jang/2024_7Dof/install/iiwa_description/share/iiwa_description/meshes/lbr_iiwa_14_r820/collision/link_6.stl
[2.342s] -- Symlinking: /home/jang/2024_7Dof/install/iiwa_description/share/iiwa_description/meshes/lbr_iiwa_14_r820/collision/link_7.stl
[2.372s] -- Symlinking: /home/jang/2024_7Dof/install/iiwa_description/share/iiwa_description/meshes/lbr_iiwa_14_r820/collision/link_7_2.stl
[2.394s] -- Symlinking: /home/jang/2024_7Dof/install/iiwa_description/share/iiwa_description/meshes/lbr_iiwa_14_r820/link_7_2.stl
[2.405s] -- Symlinking: /home/jang/2024_7Dof/install/iiwa_description/share/iiwa_description/meshes/lbr_iiwa_14_r820/visual/base_link.dae
[2.416s] -- Symlinking: /home/jang/2024_7Dof/install/iiwa_description/share/iiwa_description/meshes/lbr_iiwa_14_r820/visual/link_1.dae
[2.429s] -- Symlinking: /home/jang/2024_7Dof/install/iiwa_description/share/iiwa_description/meshes/lbr_iiwa_14_r820/visual/link_2.dae
[2.458s] -- Symlinking: /home/jang/2024_7Dof/install/iiwa_description/share/iiwa_description/meshes/lbr_iiwa_14_r820/visual/link_3.dae
[2.468s] -- Symlinking: /home/jang/2024_7Dof/install/iiwa_description/share/iiwa_description/meshes/lbr_iiwa_14_r820/visual/link_4.dae
[2.478s] -- Symlinking: /home/jang/2024_7Dof/install/iiwa_description/share/iiwa_description/meshes/lbr_iiwa_14_r820/visual/link_5.dae
[2.487s] -- Symlinking: /home/jang/2024_7Dof/install/iiwa_description/share/iiwa_description/meshes/lbr_iiwa_14_r820/visual/link_6.dae
[2.497s] -- Symlinking: /home/jang/2024_7Dof/install/iiwa_description/share/iiwa_description/meshes/lbr_iiwa_14_r820/visual/link_7.dae
[2.505s] -- Symlinking: /home/jang/2024_7Dof/install/iiwa_description/share/iiwa_description/meshes/lbr_iiwa_14_r820/visual/link_7_2.stl
[2.515s] -- Symlinking: /home/jang/2024_7Dof/install/iiwa_description/share/iiwa_description/gazebo/iiwa.gazebo.xacro
[2.523s] -- Symlinking: /home/jang/2024_7Dof/install/iiwa_description/share/iiwa_description/gazebo/worlds/empty.world
[2.533s] -- Symlinking: /home/jang/2024_7Dof/install/iiwa_description/share/iiwa_description/gazebo/worlds/light.world
[2.544s] -- Symlinking: /home/jang/2024_7Dof/install/iiwa_description/share/iiwa_description/rviz/iiwa.rviz
[2.553s] -- Symlinking: /home/jang/2024_7Dof/install/iiwa_description/share/iiwa_description/rviz/moveit.rviz
[2.563s] -- Symlinking: /home/jang/2024_7Dof/install/iiwa_description/share/iiwa_description/rviz/servo_rviz_config.rviz
[2.571s] -- Symlinking: /home/jang/2024_7Dof/install/iiwa_description/share/iiwa_description/ros2_control/iiwa.r2c_hardware.xacro
[2.579s] -- Symlinking: /home/jang/2024_7Dof/install/iiwa_description/share/iiwa_description/ros2_control/iiwa.r2c_hw_ds.xacro
[2.588s] -- Symlinking: /home/jang/2024_7Dof/install/iiwa_description/share/iiwa_description/config/base_frame.yaml
[2.597s] -- Symlinking: /home/jang/2024_7Dof/install/iiwa_description/share/iiwa_description/config/iiwa.config.xacro
[2.606s] -- Symlinking: /home/jang/2024_7Dof/install/iiwa_description/share/iiwa_description/config/iiwa_controllers.yaml
[2.615s] -- Symlinking: /home/jang/2024_7Dof/install/iiwa_description/share/iiwa_description/config/initial_positions.yaml
[2.625s] -- Symlinking: /home/jang/2024_7Dof/install/iiwa_description/share/iiwa_description/moveit2/iiwa_cartesian_limits.yaml
[2.634s] -- Symlinking: /home/jang/2024_7Dof/install/iiwa_description/share/iiwa_description/moveit2/iiwa_joint_limits.yaml
[2.644s] -- Symlinking: /home/jang/2024_7Dof/install/iiwa_description/share/iiwa_description/moveit2/iiwa_moveit2_pose_tracking_config.yaml
[2.652s] -- Symlinking: /home/jang/2024_7Dof/install/iiwa_description/share/iiwa_description/moveit2/iiwa_moveit2_pose_tracking_settings.yaml
[2.661s] -- Symlinking: /home/jang/2024_7Dof/install/iiwa_description/share/iiwa_description/moveit2/iiwa_moveit2_servo_config.yaml
[2.668s] -- Symlinking: /home/jang/2024_7Dof/install/iiwa_description/share/iiwa_description/moveit2/iiwa_moveit_controller_config.yaml
[2.685s] -- Symlinking: /home/jang/2024_7Dof/install/iiwa_description/share/iiwa_description/moveit2/kinematics.yaml
[2.694s] -- Symlinking: /home/jang/2024_7Dof/install/iiwa_description/share/iiwa_description/moveit2/ompl_planning.yaml
[2.702s] -- Symlinking: /home/jang/2024_7Dof/install/iiwa_description/share/iiwa_description/moveit2/planning_pipelines_config.yaml
[2.709s] -- Symlinking: /home/jang/2024_7Dof/install/iiwa_description/share/iiwa_description/srdf/iiwa.srdf.xacro
[2.718s] -- Symlinking: /home/jang/2024_7Dof/install/iiwa_description/share/iiwa_description/srdf/iiwa_macro.srdf.xacro
[2.728s] -- Symlinking: /home/jang/2024_7Dof/install/iiwa_description/share/iiwa_description/environment/iiwa_description.sh
[2.735s] -- Symlinking: /home/jang/2024_7Dof/install/iiwa_description/share/ament_index/resource_index/package_run_dependencies/iiwa_description
[2.743s] -- Symlinking: /home/jang/2024_7Dof/install/iiwa_description/share/ament_index/resource_index/parent_prefix_path/iiwa_description
[2.752s] -- Symlinking: /home/jang/2024_7Dof/install/iiwa_description/share/iiwa_description/environment/ament_prefix_path.sh
[2.761s] -- Symlinking: /home/jang/2024_7Dof/install/iiwa_description/share/iiwa_description/environment/ament_prefix_path.dsv
[2.769s] -- Symlinking: /home/jang/2024_7Dof/install/iiwa_description/share/iiwa_description/environment/path.sh
[2.785s] -- Symlinking: /home/jang/2024_7Dof/install/iiwa_description/share/iiwa_description/environment/path.dsv
[2.791s] -- Symlinking: /home/jang/2024_7Dof/install/iiwa_description/share/iiwa_description/local_setup.bash
[2.801s] -- Symlinking: /home/jang/2024_7Dof/install/iiwa_description/share/iiwa_description/local_setup.sh
[2.809s] -- Symlinking: /home/jang/2024_7Dof/install/iiwa_description/share/iiwa_description/local_setup.zsh
[2.816s] -- Symlinking: /home/jang/2024_7Dof/install/iiwa_description/share/iiwa_description/local_setup.dsv
[2.826s] -- Symlinking: /home/jang/2024_7Dof/install/iiwa_description/share/iiwa_description/package.dsv
[2.833s] -- Symlinking: /home/jang/2024_7Dof/install/iiwa_description/share/ament_index/resource_index/packages/iiwa_description
[2.843s] -- Symlinking: /home/jang/2024_7Dof/install/iiwa_description/share/iiwa_description/cmake/iiwa_descriptionConfig.cmake
[2.853s] -- Symlinking: /home/jang/2024_7Dof/install/iiwa_description/share/iiwa_description/cmake/iiwa_descriptionConfig-version.cmake
[2.862s] -- Symlinking: /home/jang/2024_7Dof/install/iiwa_description/share/iiwa_description/package.xml
[2.874s] Invoked command in '/home/jang/2024_7Dof/build/iiwa_description' returned '0': CMAKE_PREFIX_PATH=${CMAKE_PREFIX_PATH}:/home/jang/2024_7Dof/install/apf_nodes:/opt/ros/humble /usr/bin/cmake --install /home/jang/2024_7Dof/build/iiwa_description
