[0.008s] Invoking command in '/home/jang/2024_7Dof/build/culjaco': CMAKE_PREFIX_PATH=/home/jang/2024_7Dof/install/apf_interfaces:/home/jang/2024_7Dof/install/impedance_controller:/home/jang/2024_7Dof/install/iiwa_moveit2:/home/jang/2024_7Dof/install/iiwa_bringup:/home/jang/2024_7Dof/install/iiwa_description:/home/jang/2024_7Dof/install/external_torque_sensor_broadcaster:/home/jang/2024_7Dof/install/culjaco:/home/jang/2024_7Dof/install/apf_package:/home/jang/2024_7Dof/install/apf_nodes:/opt/ros/humble LD_LIBRARY_PATH=/home/jang/2024_7Dof/install/apf_interfaces/lib:/home/jang/2024_7Dof/install/impedance_controller/lib:/home/jang/2024_7Dof/install/iiwa_moveit2/lib:/home/jang/2024_7Dof/install/external_torque_sensor_broadcaster/lib:/usr/lib/x86_64-linux-gnu/gazebo-11/plugins:/opt/ros/humble/opt/rviz_ogre_vendor/lib:/opt/ros/humble/lib/x86_64-linux-gnu:/opt/ros/humble/lib:/usr/lib/x86_64-linux-gnu/gazebo-11/plugins /usr/bin/cmake --build /home/jang/2024_7Dof/build/culjaco -- -j16 -l16
[0.144s] [ 16%] Built target forward
[0.175s] [ 33%] Built target talker
[0.177s] [ 50%] Built target listener
[0.193s] [ 66%] Built target forward_node
[0.197s] [ 83%] Built target jaco_node
[0.198s] [100%] Built target save_position
[0.227s] Invoked command in '/home/jang/2024_7Dof/build/culjaco' returned '0': CMAKE_PREFIX_PATH=/home/jang/2024_7Dof/install/apf_interfaces:/home/jang/2024_7Dof/install/impedance_controller:/home/jang/2024_7Dof/install/iiwa_moveit2:/home/jang/2024_7Dof/install/iiwa_bringup:/home/jang/2024_7Dof/install/iiwa_description:/home/jang/2024_7Dof/install/external_torque_sensor_broadcaster:/home/jang/2024_7Dof/install/culjaco:/home/jang/2024_7Dof/install/apf_package:/home/jang/2024_7Dof/install/apf_nodes:/opt/ros/humble LD_LIBRARY_PATH=/home/jang/2024_7Dof/install/apf_interfaces/lib:/home/jang/2024_7Dof/install/impedance_controller/lib:/home/jang/2024_7Dof/install/iiwa_moveit2/lib:/home/jang/2024_7Dof/install/external_torque_sensor_broadcaster/lib:/usr/lib/x86_64-linux-gnu/gazebo-11/plugins:/opt/ros/humble/opt/rviz_ogre_vendor/lib:/opt/ros/humble/lib/x86_64-linux-gnu:/opt/ros/humble/lib:/usr/lib/x86_64-linux-gnu/gazebo-11/plugins /usr/bin/cmake --build /home/jang/2024_7Dof/build/culjaco -- -j16 -l16
[0.376s] Invoking command in '/home/jang/2024_7Dof/build/culjaco': CMAKE_PREFIX_PATH=/home/jang/2024_7Dof/install/apf_interfaces:/home/jang/2024_7Dof/install/impedance_controller:/home/jang/2024_7Dof/install/iiwa_moveit2:/home/jang/2024_7Dof/install/iiwa_bringup:/home/jang/2024_7Dof/install/iiwa_description:/home/jang/2024_7Dof/install/external_torque_sensor_broadcaster:/home/jang/2024_7Dof/install/culjaco:/home/jang/2024_7Dof/install/apf_package:/home/jang/2024_7Dof/install/apf_nodes:/opt/ros/humble LD_LIBRARY_PATH=/home/jang/2024_7Dof/install/apf_interfaces/lib:/home/jang/2024_7Dof/install/impedance_controller/lib:/home/jang/2024_7Dof/install/iiwa_moveit2/lib:/home/jang/2024_7Dof/install/external_torque_sensor_broadcaster/lib:/usr/lib/x86_64-linux-gnu/gazebo-11/plugins:/opt/ros/humble/opt/rviz_ogre_vendor/lib:/opt/ros/humble/lib/x86_64-linux-gnu:/opt/ros/humble/lib:/usr/lib/x86_64-linux-gnu/gazebo-11/plugins /usr/bin/cmake --install /home/jang/2024_7Dof/build/culjaco
[0.394s] -- Install configuration: "Release"
[0.396s] -- Execute custom install script
[0.398s] -- Up-to-date symlink: /home/jang/2024_7Dof/install/culjaco/lib/culjaco/forward
[0.400s] -- Up-to-date symlink: /home/jang/2024_7Dof/install/culjaco/lib/culjaco/talker
[0.402s] -- Up-to-date symlink: /home/jang/2024_7Dof/install/culjaco/lib/culjaco/listener
[0.403s] -- Up-to-date symlink: /home/jang/2024_7Dof/install/culjaco/lib/culjaco/forward_node
[0.404s] -- Up-to-date symlink: /home/jang/2024_7Dof/install/culjaco/lib/culjaco/jaco_node
[0.405s] -- Up-to-date symlink: /home/jang/2024_7Dof/install/culjaco/lib/culjaco/save_position
[0.406s] -- Up-to-date symlink: /home/jang/2024_7Dof/install/culjaco/share/ament_index/resource_index/package_run_dependencies/culjaco
[0.407s] -- Up-to-date symlink: /home/jang/2024_7Dof/install/culjaco/share/ament_index/resource_index/parent_prefix_path/culjaco
[0.408s] -- Up-to-date symlink: /home/jang/2024_7Dof/install/culjaco/share/culjaco/environment/ament_prefix_path.sh
[0.409s] -- Up-to-date symlink: /home/jang/2024_7Dof/install/culjaco/share/culjaco/environment/ament_prefix_path.dsv
[0.410s] -- Up-to-date symlink: /home/jang/2024_7Dof/install/culjaco/share/culjaco/environment/path.sh
[0.410s] -- Up-to-date symlink: /home/jang/2024_7Dof/install/culjaco/share/culjaco/environment/path.dsv
[0.411s] -- Up-to-date symlink: /home/jang/2024_7Dof/install/culjaco/share/culjaco/local_setup.bash
[0.411s] -- Up-to-date symlink: /home/jang/2024_7Dof/install/culjaco/share/culjaco/local_setup.sh
[0.411s] -- Up-to-date symlink: /home/jang/2024_7Dof/install/culjaco/share/culjaco/local_setup.zsh
[0.412s] -- Up-to-date symlink: /home/jang/2024_7Dof/install/culjaco/share/culjaco/local_setup.dsv
[0.412s] -- Symlinking: /home/jang/2024_7Dof/install/culjaco/share/culjaco/package.dsv
[0.444s] -- Up-to-date symlink: /home/jang/2024_7Dof/install/culjaco/share/ament_index/resource_index/packages/culjaco
[0.444s] -- Up-to-date symlink: /home/jang/2024_7Dof/install/culjaco/share/culjaco/cmake/culjacoConfig.cmake
[0.446s] -- Up-to-date symlink: /home/jang/2024_7Dof/install/culjaco/share/culjaco/cmake/culjacoConfig-version.cmake
[0.446s] -- Up-to-date symlink: /home/jang/2024_7Dof/install/culjaco/share/culjaco/package.xml
[0.450s] Invoked command in '/home/jang/2024_7Dof/build/culjaco' returned '0': CMAKE_PREFIX_PATH=/home/jang/2024_7Dof/install/apf_interfaces:/home/jang/2024_7Dof/install/impedance_controller:/home/jang/2024_7Dof/install/iiwa_moveit2:/home/jang/2024_7Dof/install/iiwa_bringup:/home/jang/2024_7Dof/install/iiwa_description:/home/jang/2024_7Dof/install/external_torque_sensor_broadcaster:/home/jang/2024_7Dof/install/culjaco:/home/jang/2024_7Dof/install/apf_package:/home/jang/2024_7Dof/install/apf_nodes:/opt/ros/humble LD_LIBRARY_PATH=/home/jang/2024_7Dof/install/apf_interfaces/lib:/home/jang/2024_7Dof/install/impedance_controller/lib:/home/jang/2024_7Dof/install/iiwa_moveit2/lib:/home/jang/2024_7Dof/install/external_torque_sensor_broadcaster/lib:/usr/lib/x86_64-linux-gnu/gazebo-11/plugins:/opt/ros/humble/opt/rviz_ogre_vendor/lib:/opt/ros/humble/lib/x86_64-linux-gnu:/opt/ros/humble/lib:/usr/lib/x86_64-linux-gnu/gazebo-11/plugins /usr/bin/cmake --install /home/jang/2024_7Dof/build/culjaco
