[0.158s] Invoking command in '/home/jang/2024_7Dof/src/build/culjaco': CMAKE_PREFIX_PATH=/opt/ros/humble /usr/bin/cmake /home/jang/2024_7Dof/src/culjaco -DCMAKE_BUILD_TYPE=Release -DAMENT_CMAKE_SYMLINK_INSTALL=1 -DCMAKE_INSTALL_PREFIX=/home/jang/2024_7Dof/src/install/culjaco
[0.375s] -- The C compiler identification is GNU 11.4.0
[0.679s] -- The CXX compiler identification is GNU 11.4.0
[0.727s] -- Detecting C compiler ABI info
[1.085s] -- Detecting C compiler ABI info - done
[1.113s] -- Check for working C compiler: /usr/bin/cc - skipped
[1.115s] -- Detecting C compile features
[1.118s] -- Detecting C compile features - done
[1.135s] -- Detecting CXX compiler ABI info
[1.513s] -- Detecting CXX compiler ABI info - done
[1.560s] -- Check for working CXX compiler: /usr/bin/c++ - skipped
[1.562s] -- Detecting CXX compile features
[1.563s] -- Detecting CXX compile features - done
[1.576s] -- Found ament_cmake: 1.3.10 (/opt/ros/humble/share/ament_cmake/cmake)
[2.046s] -- Found Python3: /usr/bin/python3 (found version "3.10.12") found components: Interpreter 
[2.112s] -- Override CMake install command with custom implementation using symlinks instead of copying resources
[2.138s] -- Found ament_lint_auto: 0.12.11 (/opt/ros/humble/share/ament_lint_auto/cmake)
[2.222s] -- Added test 'cppcheck' to perform static code analysis on C / C++ code
[2.222s] -- Configured cppcheck include dirs: $<BUILD_INTERFACE:/home/jang/2024_7Dof/src/culjaco/include>
[2.222s] -- Configured cppcheck exclude dirs and/or files: 
[2.223s] -- Added test 'lint_cmake' to check CMake code style
[2.223s] -- Added test 'uncrustify' to check C / C++ code style
[2.223s] -- Configured uncrustify additional arguments: 
[2.224s] -- Added test 'xmllint' to check XML markup files
[2.225s] -- Configuring done
[2.227s] -- Generating done
[2.228s] -- Build files have been written to: /home/jang/2024_7Dof/src/build/culjaco
[2.233s] Invoked command in '/home/jang/2024_7Dof/src/build/culjaco' returned '0': CMAKE_PREFIX_PATH=/opt/ros/humble /usr/bin/cmake /home/jang/2024_7Dof/src/culjaco -DCMAKE_BUILD_TYPE=Release -DAMENT_CMAKE_SYMLINK_INSTALL=1 -DCMAKE_INSTALL_PREFIX=/home/jang/2024_7Dof/src/install/culjaco
[2.235s] Invoking command in '/home/jang/2024_7Dof/src/build/culjaco': CMAKE_PREFIX_PATH=/opt/ros/humble /usr/bin/cmake --build /home/jang/2024_7Dof/src/build/culjaco -- -j16 -l16
[2.281s] [ 50%] [32mBuilding CXX object CMakeFiles/forward.dir/src/forward.cpp.o[0m
[2.320s] [100%] [32m[1mLinking CXX executable forward[0m
[2.365s] [100%] Built target forward
[2.376s] Invoked command in '/home/jang/2024_7Dof/src/build/culjaco' returned '0': CMAKE_PREFIX_PATH=/opt/ros/humble /usr/bin/cmake --build /home/jang/2024_7Dof/src/build/culjaco -- -j16 -l16
[2.419s] Invoking command in '/home/jang/2024_7Dof/src/build/culjaco': CMAKE_PREFIX_PATH=/opt/ros/humble /usr/bin/cmake --install /home/jang/2024_7Dof/src/build/culjaco
[2.425s] -- Install configuration: "Release"
[2.425s] -- Execute custom install script
[2.425s] -- Symlinking: /home/jang/2024_7Dof/src/install/culjaco/lib/culjaco/forward
[2.434s] -- Symlinking: /home/jang/2024_7Dof/src/install/culjaco/share/ament_index/resource_index/package_run_dependencies/culjaco
[2.443s] -- Symlinking: /home/jang/2024_7Dof/src/install/culjaco/share/ament_index/resource_index/parent_prefix_path/culjaco
[2.450s] -- Symlinking: /home/jang/2024_7Dof/src/install/culjaco/share/culjaco/environment/ament_prefix_path.sh
[2.459s] -- Symlinking: /home/jang/2024_7Dof/src/install/culjaco/share/culjaco/environment/ament_prefix_path.dsv
[2.467s] -- Symlinking: /home/jang/2024_7Dof/src/install/culjaco/share/culjaco/environment/path.sh
[2.478s] -- Symlinking: /home/jang/2024_7Dof/src/install/culjaco/share/culjaco/environment/path.dsv
[2.487s] -- Symlinking: /home/jang/2024_7Dof/src/install/culjaco/share/culjaco/local_setup.bash
[2.496s] -- Symlinking: /home/jang/2024_7Dof/src/install/culjaco/share/culjaco/local_setup.sh
[2.505s] -- Symlinking: /home/jang/2024_7Dof/src/install/culjaco/share/culjaco/local_setup.zsh
[2.514s] -- Symlinking: /home/jang/2024_7Dof/src/install/culjaco/share/culjaco/local_setup.dsv
[2.522s] -- Symlinking: /home/jang/2024_7Dof/src/install/culjaco/share/culjaco/package.dsv
[2.532s] -- Symlinking: /home/jang/2024_7Dof/src/install/culjaco/share/ament_index/resource_index/packages/culjaco
[2.540s] -- Symlinking: /home/jang/2024_7Dof/src/install/culjaco/share/culjaco/cmake/culjacoConfig.cmake
[2.551s] -- Symlinking: /home/jang/2024_7Dof/src/install/culjaco/share/culjaco/cmake/culjacoConfig-version.cmake
[2.561s] -- Symlinking: /home/jang/2024_7Dof/src/install/culjaco/share/culjaco/package.xml
[2.573s] Invoked command in '/home/jang/2024_7Dof/src/build/culjaco' returned '0': CMAKE_PREFIX_PATH=/opt/ros/humble /usr/bin/cmake --install /home/jang/2024_7Dof/src/build/culjaco
