[0.018s] Invoking command in '/home/jang/2024_7Dof/build/apf_interfaces': CMAKE_PREFIX_PATH=${CMAKE_PREFIX_PATH}:/home/jang/2024_7Dof/install/apf_nodes:/opt/ros/humble /usr/bin/cmake --build /home/jang/2024_7Dof/build/apf_interfaces -- -j16 -l16
[0.179s] -- Found ament_cmake: 1.3.10 (/opt/ros/humble/share/ament_cmake/cmake)
[0.179s] -- Override CMake install command with custom implementation using symlinks instead of copying resources
[0.179s] -- Found ament_lint_auto: 0.12.11 (/opt/ros/humble/share/ament_lint_auto/cmake)
[0.179s] -- Found geometry_msgs: 4.2.4 (/opt/ros/humble/share/geometry_msgs/cmake)
[0.196s] -- Found rosidl_generator_c: 3.1.5 (/opt/ros/humble/share/rosidl_generator_c/cmake)
[0.198s] -- Found rosidl_adapter: 3.1.5 (/opt/ros/humble/share/rosidl_adapter/cmake)
[0.202s] -- Found rosidl_generator_cpp: 3.1.5 (/opt/ros/humble/share/rosidl_generator_cpp/cmake)
[0.225s] -- Using all available rosidl_typesupport_c: rosidl_typesupport_fastrtps_c;rosidl_typesupport_introspection_c
[0.280s] -- Using all available rosidl_typesupport_cpp: rosidl_typesupport_fastrtps_cpp;rosidl_typesupport_introspection_cpp
[0.429s] -- Found rosidl_default_generators: 1.2.0 (/opt/ros/humble/share/rosidl_default_generators/cmake)
[0.673s] -- Found ament_cmake_ros: 0.10.0 (/opt/ros/humble/share/ament_cmake_ros/cmake)
[0.958s] -- Using all available rosidl_typesupport_c: rosidl_typesupport_fastrtps_c;rosidl_typesupport_introspection_c
[1.065s] -- Using all available rosidl_typesupport_cpp: rosidl_typesupport_fastrtps_cpp;rosidl_typesupport_introspection_cpp
[1.080s] -- Found python_cmake_module: 0.10.0 (/opt/ros/humble/share/python_cmake_module/cmake)
[1.094s] -- Using PYTHON_EXECUTABLE: /usr/bin/python3
[1.094s] -- Using PYTHON_INCLUDE_DIRS: /usr/include/python3.10
[1.094s] -- Using PYTHON_LIBRARIES: /usr/lib/x86_64-linux-gnu/libpython3.10.so
[1.117s] -- Added test 'lint_cmake' to check CMake code style
[1.117s] -- Added test 'xmllint' to check XML markup files
[1.119s] -- Configuring done
[1.137s] -- Generating done
[1.139s] -- Build files have been written to: /home/jang/2024_7Dof/build/apf_interfaces
[1.162s] [  2%] [34m[1mGenerating C code for ROS interfaces[0m
[1.172s] [  5%] [34m[1mGenerating C++ code for ROS interfaces[0m
[1.180s] [  5%] Built target ament_cmake_python_symlink_apf_interfaces
[1.353s] running egg_info
[1.358s] writing apf_interfaces.egg-info/PKG-INFO
[1.360s] writing dependency_links to apf_interfaces.egg-info/dependency_links.txt
[1.362s] writing top-level names to apf_interfaces.egg-info/top_level.txt
[1.380s] reading manifest file 'apf_interfaces.egg-info/SOURCES.txt'
[1.385s] writing manifest file 'apf_interfaces.egg-info/SOURCES.txt'
[1.405s] [35m[1mConsolidate compiler generated dependencies of target apf_interfaces__rosidl_generator_c[0m
[1.445s] [  7%] [32mBuilding C object CMakeFiles/apf_interfaces__rosidl_generator_c.dir/rosidl_generator_c/apf_interfaces/msg/detail/jacobian__functions.c.o[0m
[1.453s] [ 10%] [32mBuilding C object CMakeFiles/apf_interfaces__rosidl_generator_c.dir/rosidl_generator_c/apf_interfaces/msg/detail/distance__functions.c.o[0m
[1.454s] [ 10%] Built target ament_cmake_python_build_apf_interfaces_egg
[1.461s] [ 10%] Built target apf_interfaces__cpp
[1.481s] [ 17%] [34m[1mGenerating C++ type support dispatch for ROS interfaces[0m
[1.482s] [ 17%] [34m[1mGenerating C++ type support for eProsima Fast-RTPS[0m
[1.483s] [ 17%] [34m[1mGenerating C++ introspection for ROS interfaces[0m
[1.614s] [ 20%] [32m[1mLinking C shared library libapf_interfaces__rosidl_generator_c.so[0m
[1.712s] [ 20%] Built target apf_interfaces__rosidl_generator_c
[1.769s] [ 23%] [34m[1mGenerating C type support for eProsima Fast-RTPS[0m
[1.782s] [ 25%] [34m[1mGenerating C introspection for ROS interfaces[0m
[1.783s] [ 28%] [34m[1mGenerating C type support dispatch for ROS interfaces[0m
[2.392s] [35m[1mConsolidate compiler generated dependencies of target apf_interfaces__rosidl_typesupport_cpp[0m
[2.413s] [35m[1mConsolidate compiler generated dependencies of target apf_interfaces__rosidl_typesupport_introspection_cpp[0m
[2.462s] [ 30%] [32mBuilding CXX object CMakeFiles/apf_interfaces__rosidl_typesupport_cpp.dir/rosidl_typesupport_cpp/apf_interfaces/msg/jacobian__type_support.cpp.o[0m
[2.465s] [ 33%] [32mBuilding CXX object CMakeFiles/apf_interfaces__rosidl_typesupport_cpp.dir/rosidl_typesupport_cpp/apf_interfaces/msg/distance__type_support.cpp.o[0m
[2.487s] [ 35%] [32mBuilding CXX object CMakeFiles/apf_interfaces__rosidl_typesupport_introspection_cpp.dir/rosidl_typesupport_introspection_cpp/apf_interfaces/msg/detail/distance__type_support.cpp.o[0m
[2.497s] [ 38%] [32mBuilding CXX object CMakeFiles/apf_interfaces__rosidl_typesupport_introspection_cpp.dir/rosidl_typesupport_introspection_cpp/apf_interfaces/msg/detail/jacobian__type_support.cpp.o[0m
[2.501s] [35m[1mConsolidate compiler generated dependencies of target apf_interfaces__rosidl_typesupport_fastrtps_cpp[0m
[2.593s] [ 41%] [32mBuilding CXX object CMakeFiles/apf_interfaces__rosidl_typesupport_fastrtps_cpp.dir/rosidl_typesupport_fastrtps_cpp/apf_interfaces/msg/detail/dds_fastrtps/jacobian__type_support.cpp.o[0m
[2.599s] [ 43%] [32mBuilding CXX object CMakeFiles/apf_interfaces__rosidl_typesupport_fastrtps_cpp.dir/rosidl_typesupport_fastrtps_cpp/apf_interfaces/msg/detail/dds_fastrtps/distance__type_support.cpp.o[0m
[3.095s] [35m[1mConsolidate compiler generated dependencies of target apf_interfaces__rosidl_typesupport_fastrtps_c[0m
[3.110s] [ 46%] [32mBuilding CXX object CMakeFiles/apf_interfaces__rosidl_typesupport_fastrtps_c.dir/rosidl_typesupport_fastrtps_c/apf_interfaces/msg/detail/distance__type_support_c.cpp.o[0m
[3.114s] [ 48%] [32mBuilding CXX object CMakeFiles/apf_interfaces__rosidl_typesupport_fastrtps_c.dir/rosidl_typesupport_fastrtps_c/apf_interfaces/msg/detail/jacobian__type_support_c.cpp.o[0m
[3.153s] [35m[1mConsolidate compiler generated dependencies of target apf_interfaces__rosidl_typesupport_c[0m
[3.173s] [ 51%] [32mBuilding CXX object CMakeFiles/apf_interfaces__rosidl_typesupport_c.dir/rosidl_typesupport_c/apf_interfaces/msg/distance__type_support.cpp.o[0m
[3.182s] [ 53%] [32mBuilding CXX object CMakeFiles/apf_interfaces__rosidl_typesupport_c.dir/rosidl_typesupport_c/apf_interfaces/msg/jacobian__type_support.cpp.o[0m
[3.202s] [35m[1mConsolidate compiler generated dependencies of target apf_interfaces__rosidl_typesupport_introspection_c[0m
[3.212s] [ 56%] [32m[1mLinking CXX shared library libapf_interfaces__rosidl_typesupport_c.so[0m
[3.216s] [ 61%] [32mBuilding C object CMakeFiles/apf_interfaces__rosidl_typesupport_introspection_c.dir/rosidl_typesupport_introspection_c/apf_interfaces/msg/detail/distance__type_support.c.o[0m
[3.217s] [ 61%] [32mBuilding C object CMakeFiles/apf_interfaces__rosidl_typesupport_introspection_c.dir/rosidl_typesupport_introspection_c/apf_interfaces/msg/detail/jacobian__type_support.c.o[0m
[3.248s] [ 61%] Built target apf_interfaces__rosidl_typesupport_c
[3.284s] [ 64%] [32m[1mLinking C shared library libapf_interfaces__rosidl_typesupport_introspection_c.so[0m
[3.321s] [ 64%] Built target apf_interfaces__rosidl_typesupport_introspection_c
[3.330s] [ 66%] [32m[1mLinking CXX shared library libapf_interfaces__rosidl_typesupport_cpp.so[0m
[3.372s] [ 66%] Built target apf_interfaces__rosidl_typesupport_cpp
[3.463s] [ 69%] [32m[1mLinking CXX shared library libapf_interfaces__rosidl_typesupport_introspection_cpp.so[0m
[3.486s] [ 71%] [32m[1mLinking CXX shared library libapf_interfaces__rosidl_typesupport_fastrtps_cpp.so[0m
[3.502s] [ 74%] [32m[1mLinking CXX shared library libapf_interfaces__rosidl_typesupport_fastrtps_c.so[0m
[3.533s] [ 74%] Built target apf_interfaces__rosidl_typesupport_introspection_cpp
[3.558s] [ 74%] Built target apf_interfaces__rosidl_typesupport_fastrtps_cpp
[3.573s] [ 74%] Built target apf_interfaces__rosidl_typesupport_fastrtps_c
[3.593s] [ 74%] Built target apf_interfaces
[3.612s] [ 76%] [34m[1mGenerating Python code for ROS interfaces[0m
[3.882s] [ 76%] Built target apf_interfaces__py
[3.892s] [35m[1mConsolidate compiler generated dependencies of target apf_interfaces__rosidl_generator_py[0m
[3.904s] [ 79%] [32mBuilding C object CMakeFiles/apf_interfaces__rosidl_generator_py.dir/rosidl_generator_py/apf_interfaces/msg/_distance_s.c.o[0m
[3.905s] [ 82%] [32mBuilding C object CMakeFiles/apf_interfaces__rosidl_generator_py.dir/rosidl_generator_py/apf_interfaces/msg/_jacobian_s.c.o[0m
[4.017s] [ 84%] [32m[1mLinking C shared library rosidl_generator_py/apf_interfaces/libapf_interfaces__rosidl_generator_py.so[0m
[4.057s] [ 84%] Built target apf_interfaces__rosidl_generator_py
[4.068s] [35m[1mConsolidate compiler generated dependencies of target apf_interfaces__rosidl_typesupport_c__pyext[0m
[4.068s] [35m[1mConsolidate compiler generated dependencies of target apf_interfaces__rosidl_typesupport_fastrtps_c__pyext[0m
[4.069s] [35m[1mConsolidate compiler generated dependencies of target apf_interfaces__rosidl_typesupport_introspection_c__pyext[0m
[4.079s] [ 87%] [32mBuilding C object CMakeFiles/apf_interfaces__rosidl_typesupport_fastrtps_c__pyext.dir/rosidl_generator_py/apf_interfaces/_apf_interfaces_s.ep.rosidl_typesupport_fastrtps_c.c.o[0m
[4.081s] [ 92%] [32mBuilding C object CMakeFiles/apf_interfaces__rosidl_typesupport_introspection_c__pyext.dir/rosidl_generator_py/apf_interfaces/_apf_interfaces_s.ep.rosidl_typesupport_introspection_c.c.o[0m
[4.081s] [ 92%] [32mBuilding C object CMakeFiles/apf_interfaces__rosidl_typesupport_c__pyext.dir/rosidl_generator_py/apf_interfaces/_apf_interfaces_s.ep.rosidl_typesupport_c.c.o[0m
[4.172s] [ 94%] [32m[1mLinking C shared library rosidl_generator_py/apf_interfaces/apf_interfaces_s__rosidl_typesupport_introspection_c.cpython-310-x86_64-linux-gnu.so[0m
[4.174s] [ 97%] [32m[1mLinking C shared library rosidl_generator_py/apf_interfaces/apf_interfaces_s__rosidl_typesupport_fastrtps_c.cpython-310-x86_64-linux-gnu.so[0m
[4.188s] [100%] [32m[1mLinking C shared library rosidl_generator_py/apf_interfaces/apf_interfaces_s__rosidl_typesupport_c.cpython-310-x86_64-linux-gnu.so[0m
[4.212s] [100%] Built target apf_interfaces__rosidl_typesupport_fastrtps_c__pyext
[4.213s] [100%] Built target apf_interfaces__rosidl_typesupport_introspection_c__pyext
[4.227s] [100%] Built target apf_interfaces__rosidl_typesupport_c__pyext
[4.238s] Invoked command in '/home/jang/2024_7Dof/build/apf_interfaces' returned '0': CMAKE_PREFIX_PATH=${CMAKE_PREFIX_PATH}:/home/jang/2024_7Dof/install/apf_nodes:/opt/ros/humble /usr/bin/cmake --build /home/jang/2024_7Dof/build/apf_interfaces -- -j16 -l16
[4.310s] Invoking command in '/home/jang/2024_7Dof/build/apf_interfaces': CMAKE_PREFIX_PATH=${CMAKE_PREFIX_PATH}:/home/jang/2024_7Dof/install/apf_nodes:/opt/ros/humble /usr/bin/cmake --install /home/jang/2024_7Dof/build/apf_interfaces
[4.317s] -- Install configuration: "Release"
[4.317s] -- Execute custom install script
[4.317s] -- Up-to-date symlink: /home/jang/2024_7Dof/install/apf_interfaces/share/ament_index/resource_index/rosidl_interfaces/apf_interfaces
[4.318s] -- Up-to-date symlink: /home/jang/2024_7Dof/install/apf_interfaces/include/apf_interfaces/apf_interfaces/msg/detail/distance__functions.h
[4.318s] -- Up-to-date symlink: /home/jang/2024_7Dof/install/apf_interfaces/include/apf_interfaces/apf_interfaces/msg/detail/distance__struct.h
[4.318s] -- Up-to-date symlink: /home/jang/2024_7Dof/install/apf_interfaces/include/apf_interfaces/apf_interfaces/msg/detail/distance__type_support.h
[4.318s] -- Up-to-date symlink: /home/jang/2024_7Dof/install/apf_interfaces/include/apf_interfaces/apf_interfaces/msg/detail/jacobian__functions.h
[4.318s] -- Up-to-date symlink: /home/jang/2024_7Dof/install/apf_interfaces/include/apf_interfaces/apf_interfaces/msg/detail/jacobian__struct.h
[4.318s] -- Up-to-date symlink: /home/jang/2024_7Dof/install/apf_interfaces/include/apf_interfaces/apf_interfaces/msg/detail/jacobian__type_support.h
[4.318s] -- Up-to-date symlink: /home/jang/2024_7Dof/install/apf_interfaces/include/apf_interfaces/apf_interfaces/msg/distance.h
[4.318s] -- Up-to-date symlink: /home/jang/2024_7Dof/install/apf_interfaces/include/apf_interfaces/apf_interfaces/msg/jacobian.h
[4.318s] -- Up-to-date symlink: /home/jang/2024_7Dof/install/apf_interfaces/include/apf_interfaces/apf_interfaces/msg/rosidl_generator_c__visibility_control.h
[4.318s] -- Up-to-date symlink: /home/jang/2024_7Dof/install/apf_interfaces/share/apf_interfaces/environment/library_path.sh
[4.318s] -- Up-to-date symlink: /home/jang/2024_7Dof/install/apf_interfaces/share/apf_interfaces/environment/library_path.dsv
[4.319s] -- Up-to-date symlink: /home/jang/2024_7Dof/install/apf_interfaces/include/apf_interfaces/apf_interfaces/msg/detail/distance__rosidl_typesupport_fastrtps_c.h
[4.319s] -- Up-to-date symlink: /home/jang/2024_7Dof/install/apf_interfaces/include/apf_interfaces/apf_interfaces/msg/detail/jacobian__rosidl_typesupport_fastrtps_c.h
[4.319s] -- Up-to-date symlink: /home/jang/2024_7Dof/install/apf_interfaces/include/apf_interfaces/apf_interfaces/msg/rosidl_typesupport_fastrtps_c__visibility_control.h
[4.319s] -- Up-to-date symlink: /home/jang/2024_7Dof/install/apf_interfaces/include/apf_interfaces/apf_interfaces/msg/detail/distance__builder.hpp
[4.319s] -- Up-to-date symlink: /home/jang/2024_7Dof/install/apf_interfaces/include/apf_interfaces/apf_interfaces/msg/detail/distance__struct.hpp
[4.319s] -- Up-to-date symlink: /home/jang/2024_7Dof/install/apf_interfaces/include/apf_interfaces/apf_interfaces/msg/detail/distance__traits.hpp
[4.319s] -- Up-to-date symlink: /home/jang/2024_7Dof/install/apf_interfaces/include/apf_interfaces/apf_interfaces/msg/detail/jacobian__builder.hpp
[4.319s] -- Up-to-date symlink: /home/jang/2024_7Dof/install/apf_interfaces/include/apf_interfaces/apf_interfaces/msg/detail/jacobian__struct.hpp
[4.319s] -- Up-to-date symlink: /home/jang/2024_7Dof/install/apf_interfaces/include/apf_interfaces/apf_interfaces/msg/detail/jacobian__traits.hpp
[4.319s] -- Up-to-date symlink: /home/jang/2024_7Dof/install/apf_interfaces/include/apf_interfaces/apf_interfaces/msg/distance.hpp
[4.319s] -- Up-to-date symlink: /home/jang/2024_7Dof/install/apf_interfaces/include/apf_interfaces/apf_interfaces/msg/jacobian.hpp
[4.319s] -- Up-to-date symlink: /home/jang/2024_7Dof/install/apf_interfaces/include/apf_interfaces/apf_interfaces/msg/detail/distance__rosidl_typesupport_fastrtps_cpp.hpp
[4.319s] -- Up-to-date symlink: /home/jang/2024_7Dof/install/apf_interfaces/include/apf_interfaces/apf_interfaces/msg/detail/jacobian__rosidl_typesupport_fastrtps_cpp.hpp
[4.319s] -- Up-to-date symlink: /home/jang/2024_7Dof/install/apf_interfaces/include/apf_interfaces/apf_interfaces/msg/rosidl_typesupport_fastrtps_cpp__visibility_control.h
[4.320s] -- Up-to-date symlink: /home/jang/2024_7Dof/install/apf_interfaces/include/apf_interfaces/apf_interfaces/msg/detail/distance__rosidl_typesupport_introspection_c.h
[4.320s] -- Up-to-date symlink: /home/jang/2024_7Dof/install/apf_interfaces/include/apf_interfaces/apf_interfaces/msg/detail/jacobian__rosidl_typesupport_introspection_c.h
[4.320s] -- Up-to-date symlink: /home/jang/2024_7Dof/install/apf_interfaces/include/apf_interfaces/apf_interfaces/msg/rosidl_typesupport_introspection_c__visibility_control.h
[4.320s] -- Up-to-date symlink: /home/jang/2024_7Dof/install/apf_interfaces/include/apf_interfaces/apf_interfaces/msg/detail/distance__rosidl_typesupport_introspection_cpp.hpp
[4.320s] -- Up-to-date symlink: /home/jang/2024_7Dof/install/apf_interfaces/include/apf_interfaces/apf_interfaces/msg/detail/jacobian__rosidl_typesupport_introspection_cpp.hpp
[4.320s] -- Up-to-date symlink: /home/jang/2024_7Dof/install/apf_interfaces/share/apf_interfaces/environment/pythonpath.sh
[4.320s] -- Up-to-date symlink: /home/jang/2024_7Dof/install/apf_interfaces/share/apf_interfaces/environment/pythonpath.dsv
[4.320s] -- Up-to-date symlink: /home/jang/2024_7Dof/install/apf_interfaces/local/lib/python3.10/dist-packages/apf_interfaces-0.0.0-py3.10.egg-info/PKG-INFO
[4.320s] -- Up-to-date symlink: /home/jang/2024_7Dof/install/apf_interfaces/local/lib/python3.10/dist-packages/apf_interfaces-0.0.0-py3.10.egg-info/SOURCES.txt
[4.320s] -- Up-to-date symlink: /home/jang/2024_7Dof/install/apf_interfaces/local/lib/python3.10/dist-packages/apf_interfaces-0.0.0-py3.10.egg-info/dependency_links.txt
[4.320s] -- Up-to-date symlink: /home/jang/2024_7Dof/install/apf_interfaces/local/lib/python3.10/dist-packages/apf_interfaces-0.0.0-py3.10.egg-info/top_level.txt
[4.321s] -- Up-to-date symlink: /home/jang/2024_7Dof/install/apf_interfaces/local/lib/python3.10/dist-packages/apf_interfaces/__init__.py
[4.321s] -- Up-to-date symlink: /home/jang/2024_7Dof/install/apf_interfaces/local/lib/python3.10/dist-packages/apf_interfaces/_apf_interfaces_s.ep.rosidl_typesupport_c.c
[4.321s] -- Up-to-date symlink: /home/jang/2024_7Dof/install/apf_interfaces/local/lib/python3.10/dist-packages/apf_interfaces/_apf_interfaces_s.ep.rosidl_typesupport_fastrtps_c.c
[4.321s] -- Up-to-date symlink: /home/jang/2024_7Dof/install/apf_interfaces/local/lib/python3.10/dist-packages/apf_interfaces/_apf_interfaces_s.ep.rosidl_typesupport_introspection_c.c
[4.321s] -- Up-to-date symlink: /home/jang/2024_7Dof/install/apf_interfaces/local/lib/python3.10/dist-packages/apf_interfaces/apf_interfaces_s__rosidl_typesupport_c.cpython-310-x86_64-linux-gnu.so
[4.321s] -- Up-to-date symlink: /home/jang/2024_7Dof/install/apf_interfaces/local/lib/python3.10/dist-packages/apf_interfaces/apf_interfaces_s__rosidl_typesupport_fastrtps_c.cpython-310-x86_64-linux-gnu.so
[4.321s] -- Up-to-date symlink: /home/jang/2024_7Dof/install/apf_interfaces/local/lib/python3.10/dist-packages/apf_interfaces/apf_interfaces_s__rosidl_typesupport_introspection_c.cpython-310-x86_64-linux-gnu.so
[4.321s] -- Up-to-date symlink: /home/jang/2024_7Dof/install/apf_interfaces/local/lib/python3.10/dist-packages/apf_interfaces/libapf_interfaces__rosidl_generator_py.so
[4.321s] -- Up-to-date symlink: /home/jang/2024_7Dof/install/apf_interfaces/local/lib/python3.10/dist-packages/apf_interfaces/msg/__init__.py
[4.321s] -- Up-to-date symlink: /home/jang/2024_7Dof/install/apf_interfaces/local/lib/python3.10/dist-packages/apf_interfaces/msg/_distance.py
[4.321s] -- Up-to-date symlink: /home/jang/2024_7Dof/install/apf_interfaces/local/lib/python3.10/dist-packages/apf_interfaces/msg/_distance_s.c
[4.322s] -- Up-to-date symlink: /home/jang/2024_7Dof/install/apf_interfaces/local/lib/python3.10/dist-packages/apf_interfaces/msg/_jacobian.py
[4.322s] -- Up-to-date symlink: /home/jang/2024_7Dof/install/apf_interfaces/local/lib/python3.10/dist-packages/apf_interfaces/msg/_jacobian_s.c
[4.322s] -- Up-to-date symlink: /home/jang/2024_7Dof/install/apf_interfaces/local/lib/python3.10/dist-packages/apf_interfaces/apf_interfaces_s__rosidl_typesupport_fastrtps_c.cpython-310-x86_64-linux-gnu.so
[4.322s] -- Up-to-date symlink: /home/jang/2024_7Dof/install/apf_interfaces/local/lib/python3.10/dist-packages/apf_interfaces/apf_interfaces_s__rosidl_typesupport_introspection_c.cpython-310-x86_64-linux-gnu.so
[4.322s] -- Up-to-date symlink: /home/jang/2024_7Dof/install/apf_interfaces/local/lib/python3.10/dist-packages/apf_interfaces/apf_interfaces_s__rosidl_typesupport_c.cpython-310-x86_64-linux-gnu.so
[4.322s] -- Up-to-date symlink: /home/jang/2024_7Dof/install/apf_interfaces/share/apf_interfaces/msg/Jacobian.idl
[4.322s] -- Up-to-date symlink: /home/jang/2024_7Dof/install/apf_interfaces/share/apf_interfaces/msg/Distance.idl
[4.322s] -- Up-to-date symlink: /home/jang/2024_7Dof/install/apf_interfaces/share/apf_interfaces/msg/Jacobian.msg
[4.322s] -- Up-to-date symlink: /home/jang/2024_7Dof/install/apf_interfaces/share/apf_interfaces/msg/Distance.msg
[4.322s] -- Up-to-date symlink: /home/jang/2024_7Dof/install/apf_interfaces/share/ament_index/resource_index/package_run_dependencies/apf_interfaces
[4.322s] -- Up-to-date symlink: /home/jang/2024_7Dof/install/apf_interfaces/share/ament_index/resource_index/parent_prefix_path/apf_interfaces
[4.322s] -- Up-to-date symlink: /home/jang/2024_7Dof/install/apf_interfaces/share/apf_interfaces/environment/ament_prefix_path.sh
[4.322s] -- Up-to-date symlink: /home/jang/2024_7Dof/install/apf_interfaces/share/apf_interfaces/environment/ament_prefix_path.dsv
[4.322s] -- Up-to-date symlink: /home/jang/2024_7Dof/install/apf_interfaces/share/apf_interfaces/environment/path.sh
[4.323s] -- Up-to-date symlink: /home/jang/2024_7Dof/install/apf_interfaces/share/apf_interfaces/environment/path.dsv
[4.323s] -- Up-to-date symlink: /home/jang/2024_7Dof/install/apf_interfaces/share/apf_interfaces/local_setup.bash
[4.323s] -- Up-to-date symlink: /home/jang/2024_7Dof/install/apf_interfaces/share/apf_interfaces/local_setup.sh
[4.323s] -- Up-to-date symlink: /home/jang/2024_7Dof/install/apf_interfaces/share/apf_interfaces/local_setup.zsh
[4.323s] -- Up-to-date symlink: /home/jang/2024_7Dof/install/apf_interfaces/share/apf_interfaces/local_setup.dsv
[4.323s] -- Symlinking: /home/jang/2024_7Dof/install/apf_interfaces/share/apf_interfaces/package.dsv
[4.331s] -- Up-to-date symlink: /home/jang/2024_7Dof/install/apf_interfaces/share/ament_index/resource_index/packages/apf_interfaces
[4.331s] -- Up-to-date symlink: /home/jang/2024_7Dof/install/apf_interfaces/share/apf_interfaces/cmake/rosidl_cmake-extras.cmake
[4.331s] -- Up-to-date symlink: /home/jang/2024_7Dof/install/apf_interfaces/share/apf_interfaces/cmake/ament_cmake_export_dependencies-extras.cmake
[4.331s] -- Up-to-date symlink: /home/jang/2024_7Dof/install/apf_interfaces/share/apf_interfaces/cmake/ament_cmake_export_include_directories-extras.cmake
[4.332s] -- Up-to-date symlink: /home/jang/2024_7Dof/install/apf_interfaces/share/apf_interfaces/cmake/ament_cmake_export_libraries-extras.cmake
[4.332s] -- Up-to-date symlink: /home/jang/2024_7Dof/install/apf_interfaces/share/apf_interfaces/cmake/ament_cmake_export_targets-extras.cmake
[4.332s] -- Up-to-date symlink: /home/jang/2024_7Dof/install/apf_interfaces/share/apf_interfaces/cmake/rosidl_cmake_export_typesupport_targets-extras.cmake
[4.332s] -- Up-to-date symlink: /home/jang/2024_7Dof/install/apf_interfaces/share/apf_interfaces/cmake/rosidl_cmake_export_typesupport_libraries-extras.cmake
[4.332s] -- Up-to-date symlink: /home/jang/2024_7Dof/install/apf_interfaces/share/apf_interfaces/cmake/apf_interfacesConfig.cmake
[4.332s] -- Up-to-date symlink: /home/jang/2024_7Dof/install/apf_interfaces/share/apf_interfaces/cmake/apf_interfacesConfig-version.cmake
[4.332s] -- Up-to-date symlink: /home/jang/2024_7Dof/install/apf_interfaces/share/apf_interfaces/package.xml
[4.332s] -- Installing: /home/jang/2024_7Dof/install/apf_interfaces/lib/libapf_interfaces__rosidl_generator_c.so
[4.332s] -- Set runtime path of "/home/jang/2024_7Dof/install/apf_interfaces/lib/libapf_interfaces__rosidl_generator_c.so" to ""
[4.332s] -- Installing: /home/jang/2024_7Dof/install/apf_interfaces/lib/libapf_interfaces__rosidl_typesupport_fastrtps_c.so
[4.332s] -- Set runtime path of "/home/jang/2024_7Dof/install/apf_interfaces/lib/libapf_interfaces__rosidl_typesupport_fastrtps_c.so" to ""
[4.333s] -- Installing: /home/jang/2024_7Dof/install/apf_interfaces/lib/libapf_interfaces__rosidl_typesupport_fastrtps_cpp.so
[4.333s] -- Set runtime path of "/home/jang/2024_7Dof/install/apf_interfaces/lib/libapf_interfaces__rosidl_typesupport_fastrtps_cpp.so" to ""
[4.333s] -- Installing: /home/jang/2024_7Dof/install/apf_interfaces/lib/libapf_interfaces__rosidl_typesupport_introspection_c.so
[4.333s] -- Set runtime path of "/home/jang/2024_7Dof/install/apf_interfaces/lib/libapf_interfaces__rosidl_typesupport_introspection_c.so" to ""
[4.333s] -- Installing: /home/jang/2024_7Dof/install/apf_interfaces/lib/libapf_interfaces__rosidl_typesupport_c.so
[4.333s] -- Set runtime path of "/home/jang/2024_7Dof/install/apf_interfaces/lib/libapf_interfaces__rosidl_typesupport_c.so" to ""
[4.333s] -- Installing: /home/jang/2024_7Dof/install/apf_interfaces/lib/libapf_interfaces__rosidl_typesupport_introspection_cpp.so
[4.333s] -- Set runtime path of "/home/jang/2024_7Dof/install/apf_interfaces/lib/libapf_interfaces__rosidl_typesupport_introspection_cpp.so" to ""
[4.333s] -- Installing: /home/jang/2024_7Dof/install/apf_interfaces/lib/libapf_interfaces__rosidl_typesupport_cpp.so
[4.334s] -- Set runtime path of "/home/jang/2024_7Dof/install/apf_interfaces/lib/libapf_interfaces__rosidl_typesupport_cpp.so" to ""
[4.358s] Listing '/home/jang/2024_7Dof/install/apf_interfaces/local/lib/python3.10/dist-packages/apf_interfaces'...
[4.358s] Compiling '/home/jang/2024_7Dof/install/apf_interfaces/local/lib/python3.10/dist-packages/apf_interfaces/__init__.py'...
[4.358s] Listing '/home/jang/2024_7Dof/install/apf_interfaces/local/lib/python3.10/dist-packages/apf_interfaces/msg'...
[4.358s] Compiling '/home/jang/2024_7Dof/install/apf_interfaces/local/lib/python3.10/dist-packages/apf_interfaces/msg/__init__.py'...
[4.358s] Compiling '/home/jang/2024_7Dof/install/apf_interfaces/local/lib/python3.10/dist-packages/apf_interfaces/msg/_distance.py'...
[4.358s] Compiling '/home/jang/2024_7Dof/install/apf_interfaces/local/lib/python3.10/dist-packages/apf_interfaces/msg/_jacobian.py'...
[4.362s] -- Installing: /home/jang/2024_7Dof/install/apf_interfaces/lib/libapf_interfaces__rosidl_generator_py.so
[4.362s] -- Set runtime path of "/home/jang/2024_7Dof/install/apf_interfaces/lib/libapf_interfaces__rosidl_generator_py.so" to ""
[4.362s] -- Up-to-date: /home/jang/2024_7Dof/install/apf_interfaces/share/apf_interfaces/cmake/export_apf_interfaces__rosidl_generator_cExport.cmake
[4.362s] -- Up-to-date: /home/jang/2024_7Dof/install/apf_interfaces/share/apf_interfaces/cmake/export_apf_interfaces__rosidl_generator_cExport-release.cmake
[4.362s] -- Up-to-date: /home/jang/2024_7Dof/install/apf_interfaces/share/apf_interfaces/cmake/export_apf_interfaces__rosidl_typesupport_fastrtps_cExport.cmake
[4.363s] -- Up-to-date: /home/jang/2024_7Dof/install/apf_interfaces/share/apf_interfaces/cmake/export_apf_interfaces__rosidl_typesupport_fastrtps_cExport-release.cmake
[4.363s] -- Up-to-date: /home/jang/2024_7Dof/install/apf_interfaces/share/apf_interfaces/cmake/export_apf_interfaces__rosidl_generator_cppExport.cmake
[4.363s] -- Up-to-date: /home/jang/2024_7Dof/install/apf_interfaces/share/apf_interfaces/cmake/export_apf_interfaces__rosidl_typesupport_fastrtps_cppExport.cmake
[4.363s] -- Up-to-date: /home/jang/2024_7Dof/install/apf_interfaces/share/apf_interfaces/cmake/export_apf_interfaces__rosidl_typesupport_fastrtps_cppExport-release.cmake
[4.363s] -- Up-to-date: /home/jang/2024_7Dof/install/apf_interfaces/share/apf_interfaces/cmake/apf_interfaces__rosidl_typesupport_introspection_cExport.cmake
[4.363s] -- Up-to-date: /home/jang/2024_7Dof/install/apf_interfaces/share/apf_interfaces/cmake/apf_interfaces__rosidl_typesupport_introspection_cExport-release.cmake
[4.363s] -- Up-to-date: /home/jang/2024_7Dof/install/apf_interfaces/share/apf_interfaces/cmake/apf_interfaces__rosidl_typesupport_cExport.cmake
[4.363s] -- Up-to-date: /home/jang/2024_7Dof/install/apf_interfaces/share/apf_interfaces/cmake/apf_interfaces__rosidl_typesupport_cExport-release.cmake
[4.363s] -- Up-to-date: /home/jang/2024_7Dof/install/apf_interfaces/share/apf_interfaces/cmake/apf_interfaces__rosidl_typesupport_introspection_cppExport.cmake
[4.363s] -- Up-to-date: /home/jang/2024_7Dof/install/apf_interfaces/share/apf_interfaces/cmake/apf_interfaces__rosidl_typesupport_introspection_cppExport-release.cmake
[4.363s] -- Up-to-date: /home/jang/2024_7Dof/install/apf_interfaces/share/apf_interfaces/cmake/apf_interfaces__rosidl_typesupport_cppExport.cmake
[4.363s] -- Up-to-date: /home/jang/2024_7Dof/install/apf_interfaces/share/apf_interfaces/cmake/apf_interfaces__rosidl_typesupport_cppExport-release.cmake
[4.363s] -- Up-to-date: /home/jang/2024_7Dof/install/apf_interfaces/share/apf_interfaces/cmake/export_apf_interfaces__rosidl_generator_pyExport.cmake
[4.363s] -- Up-to-date: /home/jang/2024_7Dof/install/apf_interfaces/share/apf_interfaces/cmake/export_apf_interfaces__rosidl_generator_pyExport-release.cmake
[4.365s] Invoked command in '/home/jang/2024_7Dof/build/apf_interfaces' returned '0': CMAKE_PREFIX_PATH=${CMAKE_PREFIX_PATH}:/home/jang/2024_7Dof/install/apf_nodes:/opt/ros/humble /usr/bin/cmake --install /home/jang/2024_7Dof/build/apf_interfaces
