[0.171s] Invoking command in '/home/jang/2024_7Dof/build/culjaco': CMAKE_PREFIX_PATH=${CMAKE_PREFIX_PATH}:/home/jang/2024_7Dof/install/apf_nodes:/opt/ros/humble /usr/bin/cmake --build /home/jang/2024_7Dof/build/culjaco -- -j16 -l16
[0.424s] [35m[1mConsolidate compiler generated dependencies of target jaco_node[0m
[0.437s] [ 20%] Built target forward
[0.503s] [ 40%] Built target talker
[0.504s] [ 60%] Built target listener
[0.513s] [ 80%] Built target forward_node
[0.585s] [ 90%] [32mBuilding CXX object CMakeFiles/jaco_node.dir/src/cul_jaco.cpp.o[0m
[3.272s] In file included from [01m[K/usr/include/eigen3/Eigen/Core:164[m[K,
[3.272s]                  from [01m[K/usr/include/eigen3/Eigen/Dense:1[m[K,
[3.272s]                  from [01m[K/home/jang/2024_7Dof/src/culjaco/src/cul_jaco.cpp:11[m[K:
[3.272s] /usr/include/eigen3/Eigen/src/Geometry/OrthoMethods.h: In instantiation of ‘[01m[Ktypename Eigen::MatrixBase<Derived>::cross_product_return_type<OtherDerived>::type Eigen::MatrixBase<Derived>::cross(const Eigen::MatrixBase<OtherDerived>&) const [with OtherDerived = Eigen::CwiseBinaryOp<Eigen::internal::scalar_difference_op<double, double>, const Eigen::Matrix<double, -1, -1>, const Eigen::Matrix<double, -1, -1> >; Derived = Eigen::Matrix<double, -1, -1>; typename Eigen::MatrixBase<Derived>::cross_product_return_type<OtherDerived>::type = Eigen::Matrix<double, -1, -1>][m[K’:
[3.272s] [01m[K/home/jang/2024_7Dof/src/culjaco/src/cul_jaco.cpp:130:34:[m[K   required from here
[3.272s] [01m[K/usr/include/eigen3/Eigen/src/Core/util/StaticAssert.h:158:51:[m[K [01;31m[Kerror: [m[Kstatic assertion failed: THIS_METHOD_IS_ONLY_FOR_VECTORS_OF_A_SPECIFIC_SIZE
[3.272s]   158 |   EIGEN_STATIC_ASSERT(TYPE::IsVectorAtCompileTime && TYPE::SizeAtCompileTime==SIZE, \
[3.272s] [01m[K/usr/include/eigen3/Eigen/src/Core/util/StaticAssert.h:33:54:[m[K [01;36m[Knote: [m[Kin definition of macro ‘[01m[KEIGEN_STATIC_ASSERT[m[K’
[3.272s]    33 |     #define EIGEN_STATIC_ASSERT(X,MSG) static_assert([01;36m[KX[m[K,#MSG);
[3.272s]       |                                                      [01;36m[K^[m[K
[3.272s] [01m[K/usr/include/eigen3/Eigen/src/Geometry/OrthoMethods.h:37:3:[m[K [01;36m[Knote: [m[Kin expansion of macro ‘[01m[KEIGEN_STATIC_ASSERT_VECTOR_SPECIFIC_SIZE[m[K’
[3.272s]    37 |   [01;36m[KEIGEN_STATIC_ASSERT_VECTOR_SPECIFIC_SIZE[m[K(Derived,3)
[3.272s]       |   [01;36m[K^~~~~~~~~~~~~~~~~~~~~~~~~~~~~~~~~~~~~~~~[m[K
[3.272s] [01m[K/usr/include/eigen3/Eigen/src/Core/util/StaticAssert.h:158:51:[m[K [01;36m[Knote: [m[K‘[01m[Kfalse[m[K’ evaluates to false
[3.272s]   158 |   EIGEN_STATIC_ASSERT(TYPE::IsVectorAtCompileTime && TYPE::SizeAtCompileTime==SIZE, \
[3.272s] [01m[K/usr/include/eigen3/Eigen/src/Core/util/StaticAssert.h:33:54:[m[K [01;36m[Knote: [m[Kin definition of macro ‘[01m[KEIGEN_STATIC_ASSERT[m[K’
[3.272s]    33 |     #define EIGEN_STATIC_ASSERT(X,MSG) static_assert([01;36m[KX[m[K,#MSG);
[3.273s]       |                                                      [01;36m[K^[m[K
[3.273s] [01m[K/usr/include/eigen3/Eigen/src/Geometry/OrthoMethods.h:37:3:[m[K [01;36m[Knote: [m[Kin expansion of macro ‘[01m[KEIGEN_STATIC_ASSERT_VECTOR_SPECIFIC_SIZE[m[K’
[3.273s]    37 |   [01;36m[KEIGEN_STATIC_ASSERT_VECTOR_SPECIFIC_SIZE[m[K(Derived,3)
[3.273s]       |   [01;36m[K^~~~~~~~~~~~~~~~~~~~~~~~~~~~~~~~~~~~~~~~[m[K
[3.273s] [01m[K/usr/include/eigen3/Eigen/src/Core/util/StaticAssert.h:158:51:[m[K [01;31m[Kerror: [m[Kstatic assertion failed: THIS_METHOD_IS_ONLY_FOR_VECTORS_OF_A_SPECIFIC_SIZE
[3.273s]   158 |   EIGEN_STATIC_ASSERT(TYPE::IsVectorAtCompileTime && TYPE::SizeAtCompileTime==SIZE, \
[3.273s] [01m[K/usr/include/eigen3/Eigen/src/Core/util/StaticAssert.h:33:54:[m[K [01;36m[Knote: [m[Kin definition of macro ‘[01m[KEIGEN_STATIC_ASSERT[m[K’
[3.273s]    33 |     #define EIGEN_STATIC_ASSERT(X,MSG) static_assert([01;36m[KX[m[K,#MSG);
[3.273s]       |                                                      [01;36m[K^[m[K
[3.273s] [01m[K/usr/include/eigen3/Eigen/src/Geometry/OrthoMethods.h:38:3:[m[K [01;36m[Knote: [m[Kin expansion of macro ‘[01m[KEIGEN_STATIC_ASSERT_VECTOR_SPECIFIC_SIZE[m[K’
[3.273s]    38 |   [01;36m[KEIGEN_STATIC_ASSERT_VECTOR_SPECIFIC_SIZE[m[K(OtherDerived,3)
[3.273s]       |   [01;36m[K^~~~~~~~~~~~~~~~~~~~~~~~~~~~~~~~~~~~~~~~[m[K
[3.273s] [01m[K/usr/include/eigen3/Eigen/src/Core/util/StaticAssert.h:158:51:[m[K [01;36m[Knote: [m[K‘[01m[Kfalse[m[K’ evaluates to false
[3.273s]   158 |   EIGEN_STATIC_ASSERT(TYPE::IsVectorAtCompileTime && TYPE::SizeAtCompileTime==SIZE, \
[3.273s] [01m[K/usr/include/eigen3/Eigen/src/Core/util/StaticAssert.h:33:54:[m[K [01;36m[Knote: [m[Kin definition of macro ‘[01m[KEIGEN_STATIC_ASSERT[m[K’
[3.273s]    33 |     #define EIGEN_STATIC_ASSERT(X,MSG) static_assert([01;36m[KX[m[K,#MSG);
[3.273s]       |                                                      [01;36m[K^[m[K
[3.273s] [01m[K/usr/include/eigen3/Eigen/src/Geometry/OrthoMethods.h:38:3:[m[K [01;36m[Knote: [m[Kin expansion of macro ‘[01m[KEIGEN_STATIC_ASSERT_VECTOR_SPECIFIC_SIZE[m[K’
[3.273s]    38 |   [01;36m[KEIGEN_STATIC_ASSERT_VECTOR_SPECIFIC_SIZE[m[K(OtherDerived,3)
[3.273s]       |   [01;36m[K^~~~~~~~~~~~~~~~~~~~~~~~~~~~~~~~~~~~~~~~[m[K
[5.208s] gmake[2]: *** [CMakeFiles/jaco_node.dir/build.make:76: CMakeFiles/jaco_node.dir/src/cul_jaco.cpp.o] Error 1
[5.208s] gmake[1]: *** [CMakeFiles/Makefile2:249: CMakeFiles/jaco_node.dir/all] Error 2
[5.209s] gmake: *** [Makefile:146: all] Error 2
[5.212s] Invoked command in '/home/jang/2024_7Dof/build/culjaco' returned '2': CMAKE_PREFIX_PATH=${CMAKE_PREFIX_PATH}:/home/jang/2024_7Dof/install/apf_nodes:/opt/ros/humble /usr/bin/cmake --build /home/jang/2024_7Dof/build/culjaco -- -j16 -l16
