[0.014s] Invoking command in '/home/jang/2024_7Dof/build/culjaco': CMAKE_PREFIX_PATH=/home/jang/2024_7Dof/install/apf_interfaces:/home/jang/2024_7Dof/install/impedance_controller:/home/jang/2024_7Dof/install/iiwa_moveit2:/home/jang/2024_7Dof/install/iiwa_bringup:/home/jang/2024_7Dof/install/iiwa_description:/home/jang/2024_7Dof/install/external_torque_sensor_broadcaster:/home/jang/2024_7Dof/install/culjaco:/home/jang/2024_7Dof/install/apf_package:/home/jang/2024_7Dof/install/apf_nodes:/opt/ros/humble LD_LIBRARY_PATH=/home/jang/2024_7Dof/install/apf_interfaces/lib:/home/jang/2024_7Dof/install/impedance_controller/lib:/home/jang/2024_7Dof/install/iiwa_moveit2/lib:/home/jang/2024_7Dof/install/external_torque_sensor_broadcaster/lib:/usr/lib/x86_64-linux-gnu/gazebo-11/plugins:/opt/ros/humble/opt/rviz_ogre_vendor/lib:/opt/ros/humble/lib/x86_64-linux-gnu:/opt/ros/humble/lib:/usr/lib/x86_64-linux-gnu/gazebo-11/plugins:/usr/lib/x86_64-linux-gnu/gazebo-11/plugins:/usr/lib/x86_64-linux-gnu/gazebo-11/plugins:/usr/lib/x86_64-linux-gnu/gazebo-11/plugins:/usr/lib/x86_64-linux-gnu/gazebo-11/plugins:/usr/lib/x86_64-linux-gnu/gazebo-11/plugins:/usr/lib/x86_64-linux-gnu/gazebo-11/plugins:/usr/lib/x86_64-linux-gnu/gazebo-11/plugins:/usr/lib/x86_64-linux-gnu/gazebo-11/plugins:/usr/lib/x86_64-linux-gnu/gazebo-11/plugins:/usr/lib/x86_64-linux-gnu/gazebo-11/plugins:/usr/lib/x86_64-linux-gnu/gazebo-11/plugins:/usr/lib/x86_64-linux-gnu/gazebo-11/plugins:/usr/lib/x86_64-linux-gnu/gazebo-11/plugins:/usr/lib/x86_64-linux-gnu/gazebo-11/plugins:/usr/lib/x86_64-linux-gnu/gazebo-11/plugins:/usr/lib/x86_64-linux-gnu/gazebo-11/plugins:/usr/lib/x86_64-linux-gnu/gazebo-11/plugins:/usr/lib/x86_64-linux-gnu/gazebo-11/plugins:/usr/lib/x86_64-linux-gnu/gazebo-11/plugins:/usr/lib/x86_64-linux-gnu/gazebo-11/plugins /usr/bin/cmake /home/jang/2024_7Dof/src/culjaco -DCMAKE_BUILD_TYPE=Release -DAMENT_CMAKE_SYMLINK_INSTALL=1 -DCMAKE_INSTALL_PREFIX=/home/jang/2024_7Dof/install/culjaco
[0.075s] -- The C compiler identification is GNU 11.4.0
[0.131s] -- The CXX compiler identification is GNU 11.4.0
[0.140s] -- Detecting C compiler ABI info
[0.210s] -- Detecting C compiler ABI info - done
[0.220s] -- Check for working C compiler: /usr/bin/cc - skipped
[0.220s] -- Detecting C compile features
[0.220s] -- Detecting C compile features - done
[0.224s] -- Detecting CXX compiler ABI info
[0.312s] -- Detecting CXX compiler ABI info - done
[0.323s] -- Check for working CXX compiler: /usr/bin/c++ - skipped
[0.323s] -- Detecting CXX compile features
[0.323s] -- Detecting CXX compile features - done
[0.327s] -- Found ament_cmake: 1.3.10 (/opt/ros/humble/share/ament_cmake/cmake)
[0.503s] -- Found Python3: /usr/bin/python3 (found version "3.10.12") found components: Interpreter 
[0.577s] -- Override CMake install command with custom implementation using symlinks instead of copying resources
[0.606s] -- Found rclcpp: 16.0.10 (/opt/ros/humble/share/rclcpp/cmake)
[0.668s] -- Found rosidl_generator_c: 3.1.5 (/opt/ros/humble/share/rosidl_generator_c/cmake)
[0.676s] -- Found rosidl_adapter: 3.1.5 (/opt/ros/humble/share/rosidl_adapter/cmake)
[0.689s] -- Found rosidl_generator_cpp: 3.1.5 (/opt/ros/humble/share/rosidl_generator_cpp/cmake)
[0.707s] -- Using all available rosidl_typesupport_c: rosidl_typesupport_fastrtps_c;rosidl_typesupport_introspection_c
[0.733s] -- Using all available rosidl_typesupport_cpp: rosidl_typesupport_fastrtps_cpp;rosidl_typesupport_introspection_cpp
[0.802s] -- Found rmw_implementation_cmake: 6.1.2 (/opt/ros/humble/share/rmw_implementation_cmake/cmake)
[0.806s] -- Found rmw_fastrtps_cpp: 6.2.7 (/opt/ros/humble/share/rmw_fastrtps_cpp/cmake)
[0.899s] -- Found OpenSSL: /usr/lib/x86_64-linux-gnu/libcrypto.so (found version "3.0.2")  
[0.929s] -- Found FastRTPS: /opt/ros/humble/include  
[0.987s] -- Using RMW implementation 'rmw_fastrtps_cpp' as default
[0.995s] -- Looking for pthread.h
[1.065s] -- Looking for pthread.h - found
[1.066s] -- Performing Test CMAKE_HAVE_LIBC_PTHREAD
[1.141s] -- Performing Test CMAKE_HAVE_LIBC_PTHREAD - Success
[1.143s] -- Found Threads: TRUE  
[1.223s] -- Found eigen3_cmake_module: 0.1.1 (/opt/ros/humble/share/eigen3_cmake_module/cmake)
[1.234s] -- Found Eigen3: TRUE (found version "3.4.0") 
[1.237s] -- Found sensor_msgs: 4.2.4 (/opt/ros/humble/share/sensor_msgs/cmake)
[1.287s] -- Found apf_interfaces: 0.0.0 (/home/jang/2024_7Dof/install/apf_interfaces/share/apf_interfaces/cmake)
[1.307s] -- Found nav_msgs: 4.2.4 (/opt/ros/humble/share/nav_msgs/cmake)
[1.348s] -- Found ament_lint_auto: 0.12.11 (/opt/ros/humble/share/ament_lint_auto/cmake)
[1.485s] -- Added test 'cppcheck' to perform static code analysis on C / C++ code
[1.486s] -- Configured cppcheck include dirs: $<BUILD_INTERFACE:/home/jang/2024_7Dof/src/culjaco/include>
[1.486s] -- Configured cppcheck exclude dirs and/or files: 
[1.487s] -- Added test 'flake8' to check Python code syntax and style conventions
[1.489s] -- Added test 'lint_cmake' to check CMake code style
[1.490s] -- Added test 'pep257' to check Python code against some of the docstring style conventions in PEP 257
[1.492s] -- Added test 'uncrustify' to check C / C++ code style
[1.493s] -- Configured uncrustify additional arguments: 
[1.494s] -- Added test 'xmllint' to check XML markup files
[1.496s] -- Configuring done
[1.534s] -- Generating done
[1.537s] -- Build files have been written to: /home/jang/2024_7Dof/build/culjaco
[1.552s] Invoked command in '/home/jang/2024_7Dof/build/culjaco' returned '0': CMAKE_PREFIX_PATH=/home/jang/2024_7Dof/install/apf_interfaces:/home/jang/2024_7Dof/install/impedance_controller:/home/jang/2024_7Dof/install/iiwa_moveit2:/home/jang/2024_7Dof/install/iiwa_bringup:/home/jang/2024_7Dof/install/iiwa_description:/home/jang/2024_7Dof/install/external_torque_sensor_broadcaster:/home/jang/2024_7Dof/install/culjaco:/home/jang/2024_7Dof/install/apf_package:/home/jang/2024_7Dof/install/apf_nodes:/opt/ros/humble LD_LIBRARY_PATH=/home/jang/2024_7Dof/install/apf_interfaces/lib:/home/jang/2024_7Dof/install/impedance_controller/lib:/home/jang/2024_7Dof/install/iiwa_moveit2/lib:/home/jang/2024_7Dof/install/external_torque_sensor_broadcaster/lib:/usr/lib/x86_64-linux-gnu/gazebo-11/plugins:/opt/ros/humble/opt/rviz_ogre_vendor/lib:/opt/ros/humble/lib/x86_64-linux-gnu:/opt/ros/humble/lib:/usr/lib/x86_64-linux-gnu/gazebo-11/plugins:/usr/lib/x86_64-linux-gnu/gazebo-11/plugins:/usr/lib/x86_64-linux-gnu/gazebo-11/plugins:/usr/lib/x86_64-linux-gnu/gazebo-11/plugins:/usr/lib/x86_64-linux-gnu/gazebo-11/plugins:/usr/lib/x86_64-linux-gnu/gazebo-11/plugins:/usr/lib/x86_64-linux-gnu/gazebo-11/plugins:/usr/lib/x86_64-linux-gnu/gazebo-11/plugins:/usr/lib/x86_64-linux-gnu/gazebo-11/plugins:/usr/lib/x86_64-linux-gnu/gazebo-11/plugins:/usr/lib/x86_64-linux-gnu/gazebo-11/plugins:/usr/lib/x86_64-linux-gnu/gazebo-11/plugins:/usr/lib/x86_64-linux-gnu/gazebo-11/plugins:/usr/lib/x86_64-linux-gnu/gazebo-11/plugins:/usr/lib/x86_64-linux-gnu/gazebo-11/plugins:/usr/lib/x86_64-linux-gnu/gazebo-11/plugins:/usr/lib/x86_64-linux-gnu/gazebo-11/plugins:/usr/lib/x86_64-linux-gnu/gazebo-11/plugins:/usr/lib/x86_64-linux-gnu/gazebo-11/plugins:/usr/lib/x86_64-linux-gnu/gazebo-11/plugins:/usr/lib/x86_64-linux-gnu/gazebo-11/plugins /usr/bin/cmake /home/jang/2024_7Dof/src/culjaco -DCMAKE_BUILD_TYPE=Release -DAMENT_CMAKE_SYMLINK_INSTALL=1 -DCMAKE_INSTALL_PREFIX=/home/jang/2024_7Dof/install/culjaco
[1.555s] Invoking command in '/home/jang/2024_7Dof/build/culjaco': CMAKE_PREFIX_PATH=/home/jang/2024_7Dof/install/apf_interfaces:/home/jang/2024_7Dof/install/impedance_controller:/home/jang/2024_7Dof/install/iiwa_moveit2:/home/jang/2024_7Dof/install/iiwa_bringup:/home/jang/2024_7Dof/install/iiwa_description:/home/jang/2024_7Dof/install/external_torque_sensor_broadcaster:/home/jang/2024_7Dof/install/culjaco:/home/jang/2024_7Dof/install/apf_package:/home/jang/2024_7Dof/install/apf_nodes:/opt/ros/humble LD_LIBRARY_PATH=/home/jang/2024_7Dof/install/apf_interfaces/lib:/home/jang/2024_7Dof/install/impedance_controller/lib:/home/jang/2024_7Dof/install/iiwa_moveit2/lib:/home/jang/2024_7Dof/install/external_torque_sensor_broadcaster/lib:/usr/lib/x86_64-linux-gnu/gazebo-11/plugins:/opt/ros/humble/opt/rviz_ogre_vendor/lib:/opt/ros/humble/lib/x86_64-linux-gnu:/opt/ros/humble/lib:/usr/lib/x86_64-linux-gnu/gazebo-11/plugins:/usr/lib/x86_64-linux-gnu/gazebo-11/plugins:/usr/lib/x86_64-linux-gnu/gazebo-11/plugins:/usr/lib/x86_64-linux-gnu/gazebo-11/plugins:/usr/lib/x86_64-linux-gnu/gazebo-11/plugins:/usr/lib/x86_64-linux-gnu/gazebo-11/plugins:/usr/lib/x86_64-linux-gnu/gazebo-11/plugins:/usr/lib/x86_64-linux-gnu/gazebo-11/plugins:/usr/lib/x86_64-linux-gnu/gazebo-11/plugins:/usr/lib/x86_64-linux-gnu/gazebo-11/plugins:/usr/lib/x86_64-linux-gnu/gazebo-11/plugins:/usr/lib/x86_64-linux-gnu/gazebo-11/plugins:/usr/lib/x86_64-linux-gnu/gazebo-11/plugins:/usr/lib/x86_64-linux-gnu/gazebo-11/plugins:/usr/lib/x86_64-linux-gnu/gazebo-11/plugins:/usr/lib/x86_64-linux-gnu/gazebo-11/plugins:/usr/lib/x86_64-linux-gnu/gazebo-11/plugins:/usr/lib/x86_64-linux-gnu/gazebo-11/plugins:/usr/lib/x86_64-linux-gnu/gazebo-11/plugins:/usr/lib/x86_64-linux-gnu/gazebo-11/plugins:/usr/lib/x86_64-linux-gnu/gazebo-11/plugins /usr/bin/cmake --build /home/jang/2024_7Dof/build/culjaco -- -j16 -l16
[1.610s] [  8%] [32mBuilding CXX object CMakeFiles/forward.dir/src/forward.cpp.o[0m
[1.610s] [ 41%] [32mBuilding CXX object CMakeFiles/talker.dir/src/publisher_member_function.cpp.o[0m
[1.610s] [ 41%] [32mBuilding CXX object CMakeFiles/forward_node.dir/src/forward_node.cpp.o[0m
[1.610s] [ 41%] [32mBuilding CXX object CMakeFiles/jaco_node.dir/src/cul_jaco.cpp.o[0m
[1.610s] [ 41%] [32mBuilding CXX object CMakeFiles/save_position.dir/src/save_position.cpp.o[0m
[1.613s] [ 50%] [32mBuilding CXX object CMakeFiles/listener.dir/src/subscriber_member_function.cpp.o[0m
[1.658s] [ 58%] [32m[1mLinking CXX executable forward[0m
[1.723s] [ 58%] Built target forward
[13.619s] [ 66%] [32m[1mLinking CXX executable talker[0m
[13.765s] [ 66%] Built target talker
[15.010s] [ 75%] [32m[1mLinking CXX executable forward_node[0m
[15.177s] [ 75%] Built target forward_node
[19.996s] [ 83%] [32m[1mLinking CXX executable listener[0m
[20.175s] [ 83%] Built target listener
[23.046s] [ 91%] [32m[1mLinking CXX executable jaco_node[0m
[23.356s] [ 91%] Built target jaco_node
[30.161s] [100%] [32m[1mLinking CXX executable save_position[0m
[30.357s] [100%] Built target save_position
[30.370s] Invoked command in '/home/jang/2024_7Dof/build/culjaco' returned '0': CMAKE_PREFIX_PATH=/home/jang/2024_7Dof/install/apf_interfaces:/home/jang/2024_7Dof/install/impedance_controller:/home/jang/2024_7Dof/install/iiwa_moveit2:/home/jang/2024_7Dof/install/iiwa_bringup:/home/jang/2024_7Dof/install/iiwa_description:/home/jang/2024_7Dof/install/external_torque_sensor_broadcaster:/home/jang/2024_7Dof/install/culjaco:/home/jang/2024_7Dof/install/apf_package:/home/jang/2024_7Dof/install/apf_nodes:/opt/ros/humble LD_LIBRARY_PATH=/home/jang/2024_7Dof/install/apf_interfaces/lib:/home/jang/2024_7Dof/install/impedance_controller/lib:/home/jang/2024_7Dof/install/iiwa_moveit2/lib:/home/jang/2024_7Dof/install/external_torque_sensor_broadcaster/lib:/usr/lib/x86_64-linux-gnu/gazebo-11/plugins:/opt/ros/humble/opt/rviz_ogre_vendor/lib:/opt/ros/humble/lib/x86_64-linux-gnu:/opt/ros/humble/lib:/usr/lib/x86_64-linux-gnu/gazebo-11/plugins:/usr/lib/x86_64-linux-gnu/gazebo-11/plugins:/usr/lib/x86_64-linux-gnu/gazebo-11/plugins:/usr/lib/x86_64-linux-gnu/gazebo-11/plugins:/usr/lib/x86_64-linux-gnu/gazebo-11/plugins:/usr/lib/x86_64-linux-gnu/gazebo-11/plugins:/usr/lib/x86_64-linux-gnu/gazebo-11/plugins:/usr/lib/x86_64-linux-gnu/gazebo-11/plugins:/usr/lib/x86_64-linux-gnu/gazebo-11/plugins:/usr/lib/x86_64-linux-gnu/gazebo-11/plugins:/usr/lib/x86_64-linux-gnu/gazebo-11/plugins:/usr/lib/x86_64-linux-gnu/gazebo-11/plugins:/usr/lib/x86_64-linux-gnu/gazebo-11/plugins:/usr/lib/x86_64-linux-gnu/gazebo-11/plugins:/usr/lib/x86_64-linux-gnu/gazebo-11/plugins:/usr/lib/x86_64-linux-gnu/gazebo-11/plugins:/usr/lib/x86_64-linux-gnu/gazebo-11/plugins:/usr/lib/x86_64-linux-gnu/gazebo-11/plugins:/usr/lib/x86_64-linux-gnu/gazebo-11/plugins:/usr/lib/x86_64-linux-gnu/gazebo-11/plugins:/usr/lib/x86_64-linux-gnu/gazebo-11/plugins /usr/bin/cmake --build /home/jang/2024_7Dof/build/culjaco -- -j16 -l16
[30.419s] Invoking command in '/home/jang/2024_7Dof/build/culjaco': CMAKE_PREFIX_PATH=/home/jang/2024_7Dof/install/apf_interfaces:/home/jang/2024_7Dof/install/impedance_controller:/home/jang/2024_7Dof/install/iiwa_moveit2:/home/jang/2024_7Dof/install/iiwa_bringup:/home/jang/2024_7Dof/install/iiwa_description:/home/jang/2024_7Dof/install/external_torque_sensor_broadcaster:/home/jang/2024_7Dof/install/culjaco:/home/jang/2024_7Dof/install/apf_package:/home/jang/2024_7Dof/install/apf_nodes:/opt/ros/humble LD_LIBRARY_PATH=/home/jang/2024_7Dof/install/apf_interfaces/lib:/home/jang/2024_7Dof/install/impedance_controller/lib:/home/jang/2024_7Dof/install/iiwa_moveit2/lib:/home/jang/2024_7Dof/install/external_torque_sensor_broadcaster/lib:/usr/lib/x86_64-linux-gnu/gazebo-11/plugins:/opt/ros/humble/opt/rviz_ogre_vendor/lib:/opt/ros/humble/lib/x86_64-linux-gnu:/opt/ros/humble/lib:/usr/lib/x86_64-linux-gnu/gazebo-11/plugins:/usr/lib/x86_64-linux-gnu/gazebo-11/plugins:/usr/lib/x86_64-linux-gnu/gazebo-11/plugins:/usr/lib/x86_64-linux-gnu/gazebo-11/plugins:/usr/lib/x86_64-linux-gnu/gazebo-11/plugins:/usr/lib/x86_64-linux-gnu/gazebo-11/plugins:/usr/lib/x86_64-linux-gnu/gazebo-11/plugins:/usr/lib/x86_64-linux-gnu/gazebo-11/plugins:/usr/lib/x86_64-linux-gnu/gazebo-11/plugins:/usr/lib/x86_64-linux-gnu/gazebo-11/plugins:/usr/lib/x86_64-linux-gnu/gazebo-11/plugins:/usr/lib/x86_64-linux-gnu/gazebo-11/plugins:/usr/lib/x86_64-linux-gnu/gazebo-11/plugins:/usr/lib/x86_64-linux-gnu/gazebo-11/plugins:/usr/lib/x86_64-linux-gnu/gazebo-11/plugins:/usr/lib/x86_64-linux-gnu/gazebo-11/plugins:/usr/lib/x86_64-linux-gnu/gazebo-11/plugins:/usr/lib/x86_64-linux-gnu/gazebo-11/plugins:/usr/lib/x86_64-linux-gnu/gazebo-11/plugins:/usr/lib/x86_64-linux-gnu/gazebo-11/plugins:/usr/lib/x86_64-linux-gnu/gazebo-11/plugins /usr/bin/cmake --install /home/jang/2024_7Dof/build/culjaco
[30.428s] -- Install configuration: "Release"
[30.428s] -- Execute custom install script
[30.429s] -- Symlinking: /home/jang/2024_7Dof/install/culjaco/lib/culjaco/forward
[30.440s] -- Symlinking: /home/jang/2024_7Dof/install/culjaco/lib/culjaco/talker
[30.448s] -- Symlinking: /home/jang/2024_7Dof/install/culjaco/lib/culjaco/listener
[30.461s] -- Symlinking: /home/jang/2024_7Dof/install/culjaco/lib/culjaco/forward_node
[30.471s] -- Symlinking: /home/jang/2024_7Dof/install/culjaco/lib/culjaco/jaco_node
[30.479s] -- Symlinking: /home/jang/2024_7Dof/install/culjaco/lib/culjaco/save_position
[30.491s] -- Symlinking: /home/jang/2024_7Dof/install/culjaco/share/ament_index/resource_index/package_run_dependencies/culjaco
[30.501s] -- Symlinking: /home/jang/2024_7Dof/install/culjaco/share/ament_index/resource_index/parent_prefix_path/culjaco
[30.512s] -- Symlinking: /home/jang/2024_7Dof/install/culjaco/share/culjaco/environment/ament_prefix_path.sh
[30.521s] -- Symlinking: /home/jang/2024_7Dof/install/culjaco/share/culjaco/environment/ament_prefix_path.dsv
[30.532s] -- Symlinking: /home/jang/2024_7Dof/install/culjaco/share/culjaco/environment/path.sh
[30.543s] -- Symlinking: /home/jang/2024_7Dof/install/culjaco/share/culjaco/environment/path.dsv
[30.556s] -- Symlinking: /home/jang/2024_7Dof/install/culjaco/share/culjaco/local_setup.bash
[30.565s] -- Symlinking: /home/jang/2024_7Dof/install/culjaco/share/culjaco/local_setup.sh
[30.573s] -- Symlinking: /home/jang/2024_7Dof/install/culjaco/share/culjaco/local_setup.zsh
[30.583s] -- Symlinking: /home/jang/2024_7Dof/install/culjaco/share/culjaco/local_setup.dsv
[30.594s] -- Symlinking: /home/jang/2024_7Dof/install/culjaco/share/culjaco/package.dsv
[30.602s] -- Symlinking: /home/jang/2024_7Dof/install/culjaco/share/ament_index/resource_index/packages/culjaco
[30.610s] -- Symlinking: /home/jang/2024_7Dof/install/culjaco/share/culjaco/cmake/culjacoConfig.cmake
[30.622s] -- Symlinking: /home/jang/2024_7Dof/install/culjaco/share/culjaco/cmake/culjacoConfig-version.cmake
[30.632s] -- Symlinking: /home/jang/2024_7Dof/install/culjaco/share/culjaco/package.xml
[30.645s] Invoked command in '/home/jang/2024_7Dof/build/culjaco' returned '0': CMAKE_PREFIX_PATH=/home/jang/2024_7Dof/install/apf_interfaces:/home/jang/2024_7Dof/install/impedance_controller:/home/jang/2024_7Dof/install/iiwa_moveit2:/home/jang/2024_7Dof/install/iiwa_bringup:/home/jang/2024_7Dof/install/iiwa_description:/home/jang/2024_7Dof/install/external_torque_sensor_broadcaster:/home/jang/2024_7Dof/install/culjaco:/home/jang/2024_7Dof/install/apf_package:/home/jang/2024_7Dof/install/apf_nodes:/opt/ros/humble LD_LIBRARY_PATH=/home/jang/2024_7Dof/install/apf_interfaces/lib:/home/jang/2024_7Dof/install/impedance_controller/lib:/home/jang/2024_7Dof/install/iiwa_moveit2/lib:/home/jang/2024_7Dof/install/external_torque_sensor_broadcaster/lib:/usr/lib/x86_64-linux-gnu/gazebo-11/plugins:/opt/ros/humble/opt/rviz_ogre_vendor/lib:/opt/ros/humble/lib/x86_64-linux-gnu:/opt/ros/humble/lib:/usr/lib/x86_64-linux-gnu/gazebo-11/plugins:/usr/lib/x86_64-linux-gnu/gazebo-11/plugins:/usr/lib/x86_64-linux-gnu/gazebo-11/plugins:/usr/lib/x86_64-linux-gnu/gazebo-11/plugins:/usr/lib/x86_64-linux-gnu/gazebo-11/plugins:/usr/lib/x86_64-linux-gnu/gazebo-11/plugins:/usr/lib/x86_64-linux-gnu/gazebo-11/plugins:/usr/lib/x86_64-linux-gnu/gazebo-11/plugins:/usr/lib/x86_64-linux-gnu/gazebo-11/plugins:/usr/lib/x86_64-linux-gnu/gazebo-11/plugins:/usr/lib/x86_64-linux-gnu/gazebo-11/plugins:/usr/lib/x86_64-linux-gnu/gazebo-11/plugins:/usr/lib/x86_64-linux-gnu/gazebo-11/plugins:/usr/lib/x86_64-linux-gnu/gazebo-11/plugins:/usr/lib/x86_64-linux-gnu/gazebo-11/plugins:/usr/lib/x86_64-linux-gnu/gazebo-11/plugins:/usr/lib/x86_64-linux-gnu/gazebo-11/plugins:/usr/lib/x86_64-linux-gnu/gazebo-11/plugins:/usr/lib/x86_64-linux-gnu/gazebo-11/plugins:/usr/lib/x86_64-linux-gnu/gazebo-11/plugins:/usr/lib/x86_64-linux-gnu/gazebo-11/plugins /usr/bin/cmake --install /home/jang/2024_7Dof/build/culjaco
